<?xml version="1.0" encoding="UTF-8"?>
<testsuites name="cardTokenization" time="82.381" tests="2" failures="0" errors="0">
   <testsuite name="cardTokenization" tests="2" failures="0" errors="0" time="82.381" skipped="0" timestamp="19-07-2024T15:25:36" hostname="manilacel - localhost" id="Test Suites/PMT_Libraries/cardTokenization">
      <properties>
         <property name="deviceName" value=""/>
         <property name="devicePlatform"/>
         <property name="logFolder" value="/Users/manilacel/Library/CloudStorage/OneDrive-RoyalCaribbeanGroup/PMT/Git/RestructuredScript/TestingFolder/Reports/20240719_152533/PMT_Libraries/cardTokenization/20240719_152533"/>
         <property name="logFiles" value="/Users/manilacel/Library/CloudStorage/OneDrive-RoyalCaribbeanGroup/PMT/Git/RestructuredScript/TestingFolder/Reports/20240719_152533/PMT_Libraries/cardTokenization/20240719_152533/execution0.log"/>
         <property name="attachments" value=""/>
         <property name="hostName" value="manilacel - localhost"/>
         <property name="os" value="Mac OS X 64bit"/>
         <property name="katalonVersion" value="9.5.0.217"/>
         <property name="browser" value="Chrome 126.0.0.0"/>
         <property name="hostAddress" value="127.0.0.1"/>
         <property name="sessionId" value="d1630dca7cdcc4e1eeb1197467ac05e2"/>
         <property name="seleniumVersion" value="3.141.59"/>
         <property name="proxyInformation" value="ProxyInformation { proxyOption=NO_PROXY, proxyServerType=HTTP, username=, password=********, proxyServerAddress=, proxyServerPort=0, executionList=&quot;&quot;, isApplyToDesiredCapabilities=true }"/>
         <property name="platform" value="Mac OS X"/>
      </properties>
      <testcase name="Test Cases/Web_Utilities/cardTokenization/TC2_CardTokenization_GenerateToken" time="48.841" classname="Test Cases/Web_Utilities/cardTokenization/TC2_CardTokenization_GenerateToken" status="PASSED">
         <system-out><![CDATA[19-07-2024T15:25:37 - [TEST_CASE][PASSED] - Test Cases/Web_Utilities/cardTokenization/TC2_CardTokenization_GenerateToken: Test Cases/Web_Utilities/cardTokenization/TC2_CardTokenization_GenerateToken

19-07-2024T15:25:37 - [TEST_STEP][PASSED] - try: null

19-07-2024T15:25:37 - [TEST_STEP][PASSED] - utils.openBrowserAndNavigateToPMT(): Navigate to 'https://dev1.payment.rccl.com/payment/utilities' successfully

19-07-2024T15:25:37 - [MESSAGE][INFO] - Starting 'Chrome' driver

19-07-2024T15:25:37 - [MESSAGE][INFO] - Action delay is set to 0 milliseconds

19-07-2024T15:25:50 - [MESSAGE][PASSED] - Browser is opened with url: ''

19-07-2024T15:25:50 - [MESSAGE][PASSED] - Current window maximized

19-07-2024T15:25:56 - [MESSAGE][PASSED] - Navigate to 'https://dev1.payment.rccl.com/payment/utilities' successfully

19-07-2024T15:25:56 - [TEST_STEP][PASSED] - EXCEL_PATH = "./Data Files/TestData.xlsx": null

19-07-2024T15:25:56 - [TEST_STEP][PASSED] - TAB = "cardTokenization_Generate": null

19-07-2024T15:25:56 - [TEST_STEP][PASSED] - driver = getWebDriver(): null

19-07-2024T15:25:56 - [TEST_STEP][PASSED] - utils.goToCardTokenization(): null

19-07-2024T15:26:00 - [TEST_STEP][PASSED] - clickGenerateToken = xpath("//a[normalize-space()='Generate Token']")).click(): null

19-07-2024T15:26:01 - [TEST_STEP][PASSED] - utils.selectEnvironment(ENV): null

19-07-2024T15:26:03 - [TEST_STEP][PASSED] - sendRequestTextBox = driver.findElement(By.xpath("//textarea[@name='req']")): null

19-07-2024T15:26:03 - [TEST_STEP][PASSED] - testdata = getdata.fromExcel(EXCEL_PATH, TAB): null

19-07-2024T15:26:04 - [TEST_STEP][PASSED] - for ([i = 0, i < testdata.size(), (i++)]): null

19-07-2024T15:26:04 - [TEST_STEP][PASSED] - sendRequestTextBox.clear(): null

19-07-2024T15:26:04 - [TEST_STEP][PASSED] - encryptedCard = testdata["encryptedCard"][i]: null

19-07-2024T15:26:04 - [TEST_STEP][PASSED] - CNumber = encryptedCard.replaceAll("\.0$", ""): null

19-07-2024T15:26:04 - [TEST_STEP][PASSED] - expirationMonth = testdata["expirationMonth"][i]: null

19-07-2024T15:26:04 - [TEST_STEP][PASSED] - xMonth = expirationMonth.replaceAll("\.0$", ""): null

19-07-2024T15:26:04 - [TEST_STEP][PASSED] - expirationYear = testdata["expirationYear"][i]: null

19-07-2024T15:26:04 - [TEST_STEP][PASSED] - xYear = expirationYear.replaceAll("\.0$", ""): null

19-07-2024T15:26:04 - [TEST_STEP][PASSED] - request = {
			"cardNumber": "$encryptedCard",
			"expirationMonth": "$expirationMonth",
			"expirationYear": "$expirationYear"
			}: null

19-07-2024T15:26:04 - [TEST_STEP][PASSED] - restRequest = JsonSlurper().parseText(request): null

19-07-2024T15:26:04 - [TEST_STEP][PASSED] - prettyJson = JsonBuilder(restRequest).toPrettyString(): null

19-07-2024T15:26:04 - [TEST_STEP][PASSED] - println(prettyJson): null

19-07-2024T15:26:04 - [TEST_STEP][PASSED] - sendRequestTextBox.sendKeys(prettyJson): null

19-07-2024T15:26:05 - [TEST_STEP][PASSED] - utils.clickSendButton(): null

19-07-2024T15:26:06 - [TEST_STEP][PASSED] - delay(3): Delayed 3 second(s)

19-07-2024T15:26:09 - [MESSAGE][PASSED] - Delayed 3 second(s)

19-07-2024T15:26:09 - [TEST_STEP][PASSED] - response = utils.getResponse(): null

19-07-2024T15:26:11 - [TEST_STEP][PASSED] - println(response): null

19-07-2024T15:26:11 - [TEST_STEP][PASSED] - validation1 = testdata["ContainsValidation"][i]: null

19-07-2024T15:26:11 - [TEST_STEP][PASSED] - println(validation1): null

19-07-2024T15:26:11 - [TEST_STEP][PASSED] - validation2 = testdata["NotContainsValidation"][i]: null

19-07-2024T15:26:11 - [TEST_STEP][PASSED] - println(validation2): null

19-07-2024T15:26:11 - [TEST_STEP][PASSED] - println(testdata["TCNumber"][i]): null

19-07-2024T15:26:11 - [TEST_STEP][PASSED] - assert response.contains(validation1): null

19-07-2024T15:26:11 - [TEST_STEP][PASSED] - assert response.contains(validation2) == false: null

19-07-2024T15:26:11 - [TEST_STEP][PASSED] - sendRequestTextBox.clear(): null

19-07-2024T15:26:11 - [TEST_STEP][PASSED] - encryptedCard = testdata["encryptedCard"][i]: null

19-07-2024T15:26:11 - [TEST_STEP][PASSED] - CNumber = encryptedCard.replaceAll("\.0$", ""): null

19-07-2024T15:26:11 - [TEST_STEP][PASSED] - expirationMonth = testdata["expirationMonth"][i]: null

19-07-2024T15:26:11 - [TEST_STEP][PASSED] - xMonth = expirationMonth.replaceAll("\.0$", ""): null

19-07-2024T15:26:11 - [TEST_STEP][PASSED] - expirationYear = testdata["expirationYear"][i]: null

19-07-2024T15:26:11 - [TEST_STEP][PASSED] - xYear = expirationYear.replaceAll("\.0$", ""): null

19-07-2024T15:26:11 - [TEST_STEP][PASSED] - request = {
			"cardNumber": "$encryptedCard",
			"expirationMonth": "$expirationMonth",
			"expirationYear": "$expirationYear"
			}: null

19-07-2024T15:26:11 - [TEST_STEP][PASSED] - restRequest = JsonSlurper().parseText(request): null

19-07-2024T15:26:11 - [TEST_STEP][PASSED] - prettyJson = JsonBuilder(restRequest).toPrettyString(): null

19-07-2024T15:26:11 - [TEST_STEP][PASSED] - println(prettyJson): null

19-07-2024T15:26:11 - [TEST_STEP][PASSED] - sendRequestTextBox.sendKeys(prettyJson): null

19-07-2024T15:26:12 - [TEST_STEP][PASSED] - utils.clickSendButton(): null

19-07-2024T15:26:12 - [TEST_STEP][PASSED] - delay(3): Delayed 3 second(s)

19-07-2024T15:26:15 - [MESSAGE][PASSED] - Delayed 3 second(s)

19-07-2024T15:26:15 - [TEST_STEP][PASSED] - response = utils.getResponse(): null

19-07-2024T15:26:15 - [TEST_STEP][PASSED] - println(response): null

19-07-2024T15:26:15 - [TEST_STEP][PASSED] - validation1 = testdata["ContainsValidation"][i]: null

19-07-2024T15:26:15 - [TEST_STEP][PASSED] - println(validation1): null

19-07-2024T15:26:15 - [TEST_STEP][PASSED] - validation2 = testdata["NotContainsValidation"][i]: null

19-07-2024T15:26:15 - [TEST_STEP][PASSED] - println(validation2): null

19-07-2024T15:26:15 - [TEST_STEP][PASSED] - println(testdata["TCNumber"][i]): null

19-07-2024T15:26:15 - [TEST_STEP][PASSED] - assert response.contains(validation1): null

19-07-2024T15:26:15 - [TEST_STEP][PASSED] - assert response.contains(validation2) == false: null

19-07-2024T15:26:15 - [TEST_STEP][PASSED] - sendRequestTextBox.clear(): null

19-07-2024T15:26:15 - [TEST_STEP][PASSED] - encryptedCard = testdata["encryptedCard"][i]: null

19-07-2024T15:26:15 - [TEST_STEP][PASSED] - CNumber = encryptedCard.replaceAll("\.0$", ""): null

19-07-2024T15:26:15 - [TEST_STEP][PASSED] - expirationMonth = testdata["expirationMonth"][i]: null

19-07-2024T15:26:15 - [TEST_STEP][PASSED] - xMonth = expirationMonth.replaceAll("\.0$", ""): null

19-07-2024T15:26:15 - [TEST_STEP][PASSED] - expirationYear = testdata["expirationYear"][i]: null

19-07-2024T15:26:15 - [TEST_STEP][PASSED] - xYear = expirationYear.replaceAll("\.0$", ""): null

19-07-2024T15:26:15 - [TEST_STEP][PASSED] - request = {
			"cardNumber": "$encryptedCard",
			"expirationMonth": "$expirationMonth",
			"expirationYear": "$expirationYear"
			}: null

19-07-2024T15:26:15 - [TEST_STEP][PASSED] - restRequest = JsonSlurper().parseText(request): null

19-07-2024T15:26:15 - [TEST_STEP][PASSED] - prettyJson = JsonBuilder(restRequest).toPrettyString(): null

19-07-2024T15:26:15 - [TEST_STEP][PASSED] - println(prettyJson): null

19-07-2024T15:26:15 - [TEST_STEP][PASSED] - sendRequestTextBox.sendKeys(prettyJson): null

19-07-2024T15:26:16 - [TEST_STEP][PASSED] - utils.clickSendButton(): null

19-07-2024T15:26:16 - [TEST_STEP][PASSED] - delay(3): Delayed 3 second(s)

19-07-2024T15:26:19 - [MESSAGE][PASSED] - Delayed 3 second(s)

19-07-2024T15:26:19 - [TEST_STEP][PASSED] - response = utils.getResponse(): null

19-07-2024T15:26:19 - [TEST_STEP][PASSED] - println(response): null

19-07-2024T15:26:19 - [TEST_STEP][PASSED] - validation1 = testdata["ContainsValidation"][i]: null

19-07-2024T15:26:19 - [TEST_STEP][PASSED] - println(validation1): null

19-07-2024T15:26:19 - [TEST_STEP][PASSED] - validation2 = testdata["NotContainsValidation"][i]: null

19-07-2024T15:26:19 - [TEST_STEP][PASSED] - println(validation2): null

19-07-2024T15:26:19 - [TEST_STEP][PASSED] - println(testdata["TCNumber"][i]): null

19-07-2024T15:26:19 - [TEST_STEP][PASSED] - assert response.contains(validation1): null

19-07-2024T15:26:19 - [TEST_STEP][PASSED] - assert response.contains(validation2) == false: null

19-07-2024T15:26:19 - [TEST_STEP][PASSED] - sendRequestTextBox.clear(): null

19-07-2024T15:26:19 - [TEST_STEP][PASSED] - encryptedCard = testdata["encryptedCard"][i]: null

19-07-2024T15:26:19 - [TEST_STEP][PASSED] - CNumber = encryptedCard.replaceAll("\.0$", ""): null

19-07-2024T15:26:19 - [TEST_STEP][PASSED] - expirationMonth = testdata["expirationMonth"][i]: null

19-07-2024T15:26:19 - [TEST_STEP][PASSED] - xMonth = expirationMonth.replaceAll("\.0$", ""): null

19-07-2024T15:26:19 - [TEST_STEP][PASSED] - expirationYear = testdata["expirationYear"][i]: null

19-07-2024T15:26:19 - [TEST_STEP][PASSED] - xYear = expirationYear.replaceAll("\.0$", ""): null

19-07-2024T15:26:19 - [TEST_STEP][PASSED] - request = {
			"cardNumber": "$encryptedCard",
			"expirationMonth": "$expirationMonth",
			"expirationYear": "$expirationYear"
			}: null

19-07-2024T15:26:19 - [TEST_STEP][PASSED] - restRequest = JsonSlurper().parseText(request): null

19-07-2024T15:26:19 - [TEST_STEP][PASSED] - prettyJson = JsonBuilder(restRequest).toPrettyString(): null

19-07-2024T15:26:19 - [TEST_STEP][PASSED] - println(prettyJson): null

19-07-2024T15:26:19 - [TEST_STEP][PASSED] - sendRequestTextBox.sendKeys(prettyJson): null

19-07-2024T15:26:20 - [TEST_STEP][PASSED] - utils.clickSendButton(): null

19-07-2024T15:26:20 - [TEST_STEP][PASSED] - delay(3): Delayed 3 second(s)

19-07-2024T15:26:23 - [MESSAGE][PASSED] - Delayed 3 second(s)

19-07-2024T15:26:23 - [TEST_STEP][PASSED] - response = utils.getResponse(): null

19-07-2024T15:26:23 - [TEST_STEP][PASSED] - println(response): null

19-07-2024T15:26:23 - [TEST_STEP][PASSED] - validation1 = testdata["ContainsValidation"][i]: null

19-07-2024T15:26:23 - [TEST_STEP][PASSED] - println(validation1): null

19-07-2024T15:26:23 - [TEST_STEP][PASSED] - validation2 = testdata["NotContainsValidation"][i]: null

19-07-2024T15:26:23 - [TEST_STEP][PASSED] - println(validation2): null

19-07-2024T15:26:23 - [TEST_STEP][PASSED] - println(testdata["TCNumber"][i]): null

19-07-2024T15:26:23 - [TEST_STEP][PASSED] - assert response.contains(validation1): null

19-07-2024T15:26:23 - [TEST_STEP][PASSED] - assert response.contains(validation2) == false: null

19-07-2024T15:26:23 - [TEST_STEP][PASSED] - Finally: Browser is closed

19-07-2024T15:26:23 - [TEST_STEP][PASSED] - utils.closeBrowser(): Browser is closed

19-07-2024T15:26:25 - [MESSAGE][PASSED] - Delayed 2 second(s)

19-07-2024T15:26:25 - [MESSAGE][PASSED] - Browser is closed]]></system-out>
         <system-err><![CDATA[]]></system-err>
      </testcase>
      <testcase name="Test Cases/Web_Utilities/cardTokenization/TC1_CardTokenization_EncryptedCard" time="33.385" classname="Test Cases/Web_Utilities/cardTokenization/TC1_CardTokenization_EncryptedCard" status="PASSED">
         <system-out><![CDATA[19-07-2024T15:26:25 - [TEST_CASE][PASSED] - Test Cases/Web_Utilities/cardTokenization/TC1_CardTokenization_EncryptedCard: Test Cases/Web_Utilities/cardTokenization/TC1_CardTokenization_EncryptedCard

19-07-2024T15:26:26 - [TEST_STEP][PASSED] - try: null

19-07-2024T15:26:26 - [TEST_STEP][PASSED] - utils.openBrowserAndNavigateToPMT(): Navigate to 'https://dev1.payment.rccl.com/payment/utilities' successfully

19-07-2024T15:26:26 - [MESSAGE][INFO] - Starting 'Chrome' driver

19-07-2024T15:26:26 - [MESSAGE][INFO] - Action delay is set to 0 milliseconds

19-07-2024T15:26:27 - [MESSAGE][PASSED] - Browser is opened with url: ''

19-07-2024T15:26:27 - [MESSAGE][PASSED] - Current window maximized

19-07-2024T15:26:32 - [MESSAGE][PASSED] - Navigate to 'https://dev1.payment.rccl.com/payment/utilities' successfully

19-07-2024T15:26:32 - [TEST_STEP][PASSED] - EXCEL_PATH = "./Data Files/TestData.xlsx": null

19-07-2024T15:26:32 - [TEST_STEP][PASSED] - TAB = "cardTokenization_Encrypt": null

19-07-2024T15:26:32 - [TEST_STEP][PASSED] - driver = getWebDriver(): null

19-07-2024T15:26:32 - [TEST_STEP][PASSED] - utils.goToCardTokenization(): null

19-07-2024T15:26:36 - [TEST_STEP][PASSED] - utils.selectEnvironment(ENV): null

19-07-2024T15:26:38 - [TEST_STEP][PASSED] - sendRequestTextBox = driver.findElement(By.xpath("//textarea[@name='req']")): null

19-07-2024T15:26:38 - [TEST_STEP][PASSED] - testdata = getdata.fromExcel(EXCEL_PATH, TAB): null

19-07-2024T15:26:39 - [TEST_STEP][PASSED] - for ([i = 0, i < testdata.size(), (i++)]): null

19-07-2024T15:26:39 - [TEST_STEP][PASSED] - delay(5): Delayed 5 second(s)

19-07-2024T15:26:44 - [MESSAGE][PASSED] - Delayed 5 second(s)

19-07-2024T15:26:44 - [TEST_STEP][PASSED] - sendRequestTextBox.clear(): null

19-07-2024T15:26:44 - [TEST_STEP][PASSED] - encryptedCard = testdata["encryptedCard"][i]: null

19-07-2024T15:26:44 - [TEST_STEP][PASSED] - CNumber = encryptedCard.replaceAll("\.0$", ""): null

19-07-2024T15:26:44 - [TEST_STEP][PASSED] - request = $encryptedCard: null

19-07-2024T15:26:44 - [TEST_STEP][PASSED] - println(request): null

19-07-2024T15:26:44 - [TEST_STEP][PASSED] - sendRequestTextBox.sendKeys(request): null

19-07-2024T15:26:44 - [TEST_STEP][PASSED] - utils.clickSendButton(): null

19-07-2024T15:26:44 - [TEST_STEP][PASSED] - delay(3): Delayed 3 second(s)

19-07-2024T15:26:47 - [MESSAGE][PASSED] - Delayed 3 second(s)

19-07-2024T15:26:47 - [TEST_STEP][PASSED] - response = utils.getResponse(): null

19-07-2024T15:26:48 - [TEST_STEP][PASSED] - println(response): null

19-07-2024T15:26:48 - [TEST_STEP][PASSED] - validation1 = testdata["ContainsValidation"][i]: null

19-07-2024T15:26:48 - [TEST_STEP][PASSED] - println(validation1): null

19-07-2024T15:26:48 - [TEST_STEP][PASSED] - validation2 = testdata["NotContainsValidation"][i]: null

19-07-2024T15:26:48 - [TEST_STEP][PASSED] - println(validation2): null

19-07-2024T15:26:48 - [TEST_STEP][PASSED] - println(testdata["TCNumber"][i]): null

19-07-2024T15:26:48 - [TEST_STEP][PASSED] - assert response.contains(validation1): null

19-07-2024T15:26:48 - [TEST_STEP][PASSED] - assert response.contains(validation2) == false: null

19-07-2024T15:26:48 - [TEST_STEP][PASSED] - delay(5): Delayed 5 second(s)

19-07-2024T15:26:53 - [MESSAGE][PASSED] - Delayed 5 second(s)

19-07-2024T15:26:53 - [TEST_STEP][PASSED] - sendRequestTextBox.clear(): null

19-07-2024T15:26:53 - [TEST_STEP][PASSED] - encryptedCard = testdata["encryptedCard"][i]: null

19-07-2024T15:26:53 - [TEST_STEP][PASSED] - CNumber = encryptedCard.replaceAll("\.0$", ""): null

19-07-2024T15:26:53 - [TEST_STEP][PASSED] - request = $encryptedCard: null

19-07-2024T15:26:53 - [TEST_STEP][PASSED] - println(request): null

19-07-2024T15:26:53 - [TEST_STEP][PASSED] - sendRequestTextBox.sendKeys(request): null

19-07-2024T15:26:53 - [TEST_STEP][PASSED] - utils.clickSendButton(): null

19-07-2024T15:26:53 - [TEST_STEP][PASSED] - delay(3): Delayed 3 second(s)

19-07-2024T15:26:56 - [MESSAGE][PASSED] - Delayed 3 second(s)

19-07-2024T15:26:56 - [TEST_STEP][PASSED] - response = utils.getResponse(): null

19-07-2024T15:26:57 - [TEST_STEP][PASSED] - println(response): null

19-07-2024T15:26:57 - [TEST_STEP][PASSED] - validation1 = testdata["ContainsValidation"][i]: null

19-07-2024T15:26:57 - [TEST_STEP][PASSED] - println(validation1): null

19-07-2024T15:26:57 - [TEST_STEP][PASSED] - validation2 = testdata["NotContainsValidation"][i]: null

19-07-2024T15:26:57 - [TEST_STEP][PASSED] - println(validation2): null

19-07-2024T15:26:57 - [TEST_STEP][PASSED] - println(testdata["TCNumber"][i]): null

19-07-2024T15:26:57 - [TEST_STEP][PASSED] - assert response.contains(validation1): null

19-07-2024T15:26:57 - [TEST_STEP][PASSED] - assert response.contains(validation2) == false: null

19-07-2024T15:26:57 - [TEST_STEP][PASSED] - Finally: Browser is closed

19-07-2024T15:26:57 - [TEST_STEP][PASSED] - utils.closeBrowser(): Browser is closed

19-07-2024T15:26:59 - [MESSAGE][PASSED] - Delayed 2 second(s)

19-07-2024T15:26:59 - [MESSAGE][PASSED] - Browser is closed]]></system-out>
         <system-err><![CDATA[]]></system-err>
      </testcase>
      <system-out><![CDATA[19-07-2024T15:25:36 - [TEST_SUITE][PASSED] - cardTokenization: Test Cases/Web_Utilities/cardTokenization/TC1_CardTokenization_EncryptedCard]]></system-out>
      <system-err><![CDATA[]]></system-err>
   </testsuite>
</testsuites>
