<?xml version="1.0" encoding="UTF-8"?>
<testsuites name="Validations" time="63.11" tests="2" failures="0" errors="0">
   <testsuite name="Validations" tests="2" failures="0" errors="0" time="63.11" skipped="0" timestamp="26-09-2024T07:25:59" hostname="manilacel - localhost" id="Test Suites/PMT_Libraries/Validations">
      <properties>
         <property name="deviceName" value=""/>
         <property name="devicePlatform"/>
         <property name="logFolder" value="/Users/manilacel/Library/CloudStorage/OneDrive-RoyalCaribbeanGroup/PMT/Git/RestructuredScript/TestingFolder/Reports/20240926_072556/PMT_Libraries/Validations/20240926_072556"/>
         <property name="logFiles" value="/Users/manilacel/Library/CloudStorage/OneDrive-RoyalCaribbeanGroup/PMT/Git/RestructuredScript/TestingFolder/Reports/20240926_072556/PMT_Libraries/Validations/20240926_072556/execution0.log"/>
         <property name="attachments" value=""/>
         <property name="hostName" value="manilacel - localhost"/>
         <property name="os" value="Mac OS X 64bit"/>
         <property name="katalonVersion" value="9.5.0.217"/>
         <property name="browser" value="Chrome 129.0.0.0"/>
         <property name="hostAddress" value="127.0.0.1"/>
         <property name="sessionId" value="54cd5d9c6e7f437ff83ab139f5e4ada2"/>
         <property name="seleniumVersion" value="3.141.59"/>
         <property name="proxyInformation" value="ProxyInformation { proxyOption=NO_PROXY, proxyServerType=HTTP, username=, password=********, proxyServerAddress=, proxyServerPort=0, executionList=&quot;&quot;, isApplyToDesiredCapabilities=true }"/>
         <property name="platform" value="Mac OS X"/>
      </properties>
      <testcase name="Test Cases/Web_Utilities_TestCases/Validations/TC1_PrevalidationsAndConf" time="29.752" classname="Test Cases/Web_Utilities_TestCases/Validations/TC1_PrevalidationsAndConf" status="PASSED">
         <system-out><![CDATA[26-09-2024T07:25:59 - [TEST_CASE][PASSED] - Test Cases/Web_Utilities_TestCases/Validations/TC1_PrevalidationsAndConf: Test Cases/Web_Utilities_TestCases/Validations/TC1_PrevalidationsAndConf

26-09-2024T07:26:00 - [TEST_STEP][PASSED] - try: Send request successfully

26-09-2024T07:26:00 - [TEST_STEP][PASSED] - utils.openBrowserAndNavigateToPMT(): Navigate to 'https://dev1.payment.rccl.com/payment/utilities' successfully

26-09-2024T07:26:01 - [MESSAGE][INFO] - Starting 'Chrome' driver

26-09-2024T07:26:01 - [MESSAGE][INFO] - Action delay is set to 0 milliseconds

26-09-2024T07:26:04 - [MESSAGE][PASSED] - Browser is opened with url: ''

26-09-2024T07:26:04 - [MESSAGE][PASSED] - Current window maximized

26-09-2024T07:26:06 - [MESSAGE][PASSED] - Navigate to 'https://dev1.payment.rccl.com/payment/utilities' successfully

26-09-2024T07:26:06 - [TEST_STEP][PASSED] - driver = getWebDriver(): null

26-09-2024T07:26:06 - [TEST_STEP][PASSED] - EXCEL_PATH = "./Data Files/TestData.xlsx": null

26-09-2024T07:26:06 - [TEST_STEP][PASSED] - TAB = "Validations_Prevalidations&Conf": null

26-09-2024T07:26:06 - [TEST_STEP][PASSED] - utils.goToValidations(): null

26-09-2024T07:26:09 - [TEST_STEP][PASSED] - utils.selectEnvironment(ENV): null

26-09-2024T07:26:09 - [TEST_STEP][PASSED] - testdataFromExcel = getdata.fromExcel(EXCEL_PATH, TAB): null

26-09-2024T07:26:10 - [TEST_STEP][PASSED] - clickAuthorizePayment = xpath("//a[normalize-space()='Prevalidations and Conf']")).click(): null

26-09-2024T07:26:10 - [TEST_STEP][PASSED] - for ([TestScenarioNumber = 0, TestScenarioNumber < testdataFromExcel.size(), (TestScenarioNumber++)]): Send request successfully

26-09-2024T07:26:10 - [TEST_STEP][PASSED] - TestScenarioRequiresCreateBooking = testdataFromExcel["ExecuteBookingCreationFlag"][TestScenarioNumber]: null

26-09-2024T07:26:10 - [TEST_STEP][PASSED] - if (TestScenarioRequiresCreateBooking == "Yes"): Send request successfully

26-09-2024T07:26:10 - [TEST_STEP][PASSED] - sendRequestTextBox = driver.findElement(By.xpath("//input[@id='1']")): null

26-09-2024T07:26:11 - [TEST_STEP][PASSED] - responseTextBox = driver.findElement(By.xpath("/html[1]/body[1]/div[1]/main[1]/div[1]/section[1]/div[2]/div[1]/div[1]/div[2]/div[1]/div[1]/div[1]/form[1]/div[1]/div[1]/textarea[1]")): null

26-09-2024T07:26:11 - [TEST_STEP][PASSED] - sendRequestTextBox.clear(): null

26-09-2024T07:26:11 - [TEST_STEP][PASSED] - delay(5): Delayed 5 second(s)

26-09-2024T07:26:16 - [MESSAGE][PASSED] - Delayed 5 second(s)

26-09-2024T07:26:16 - [TEST_STEP][PASSED] - getBookingData = CreateAndRetrieveBooking.Data(EXCEL_PATH, TAB, TestScenarioNumber): Send request successfully

26-09-2024T07:26:24 - [MESSAGE][INFO] - HAR: /Users/manilacel/Library/CloudStorage/OneDrive-RoyalCaribbeanGroup/PMT/Git/RestructuredScript/TestingFolder/Reports/20240926_072556/PMT_Libraries/Validations/20240926_072556/requests/main/0.har

26-09-2024T07:26:24 - [MESSAGE][PASSED] - Send request successfully

26-09-2024T07:26:24 - [TEST_STEP][PASSED] - catch (Exception e): null

26-09-2024T07:26:24 - [TEST_STEP][PASSED] - println(An unexpected error occurred: $e.message): null

26-09-2024T07:26:24 - [TEST_STEP][PASSED] - e.printStackTrace(): null

26-09-2024T07:26:24 - [TEST_STEP][PASSED] - Finally: Browser is closed

26-09-2024T07:26:24 - [TEST_STEP][PASSED] - utils.closeBrowser(): Browser is closed

26-09-2024T07:26:26 - [MESSAGE][PASSED] - Delayed 2 second(s)

26-09-2024T07:26:27 - [MESSAGE][PASSED] - Browser is closed

26-09-2024T07:26:29 - [TEST_STEP][PASSED] - Video: Video recording for test case 'Test Cases/Web_Utilities_TestCases/Validations/TC1_PrevalidationsAndConf' .

26-09-2024T07:26:29 - [MESSAGE][INFO] - Video recording for test case 'Test Cases/Web_Utilities_TestCases/Validations/TC1_PrevalidationsAndConf' .]]></system-out>
         <system-err><![CDATA[]]></system-err>
      </testcase>
      <testcase name="Test Cases/Web_Utilities_TestCases/Validations/TC2_PrevalidationsByCtryOrCurr" time="33.236" classname="Test Cases/Web_Utilities_TestCases/Validations/TC2_PrevalidationsByCtryOrCurr" status="PASSED">
         <system-out><![CDATA[26-09-2024T07:26:29 - [TEST_CASE][PASSED] - Test Cases/Web_Utilities_TestCases/Validations/TC2_PrevalidationsByCtryOrCurr: Test Cases/Web_Utilities_TestCases/Validations/TC2_PrevalidationsByCtryOrCurr

26-09-2024T07:26:29 - [TEST_STEP][PASSED] - try: null

26-09-2024T07:26:29 - [TEST_STEP][PASSED] - utils.openBrowserAndNavigateToPMT(): Navigate to 'https://dev1.payment.rccl.com/payment/utilities' successfully

26-09-2024T07:26:29 - [MESSAGE][INFO] - Starting 'Chrome' driver

26-09-2024T07:26:29 - [MESSAGE][INFO] - Action delay is set to 0 milliseconds

26-09-2024T07:26:30 - [MESSAGE][PASSED] - Browser is opened with url: ''

26-09-2024T07:26:31 - [MESSAGE][PASSED] - Current window maximized

26-09-2024T07:26:33 - [MESSAGE][PASSED] - Navigate to 'https://dev1.payment.rccl.com/payment/utilities' successfully

26-09-2024T07:26:33 - [TEST_STEP][PASSED] - driver = getWebDriver(): null

26-09-2024T07:26:33 - [TEST_STEP][PASSED] - EXCEL_PATH = "./Data Files/TestData.xlsx": null

26-09-2024T07:26:33 - [TEST_STEP][PASSED] - TAB = "Validations_ByCtryOrCurr": null

26-09-2024T07:26:33 - [TEST_STEP][PASSED] - testdataFromExcel = getdata.fromExcel(EXCEL_PATH, TAB): null

26-09-2024T07:26:33 - [TEST_STEP][PASSED] - utils.goToValidations(): null

26-09-2024T07:26:34 - [TEST_STEP][PASSED] - utils.selectEnvironment(ENV): null

26-09-2024T07:26:35 - [TEST_STEP][PASSED] - clickAuthorizePayment = xpath("//a[normalize-space()='Prevalidations by Ctry/Curr']")).click(): null

26-09-2024T07:26:35 - [TEST_STEP][PASSED] - countryInput = driver.findElement(By.xpath("//input[@id='country']")): null

26-09-2024T07:26:36 - [TEST_STEP][PASSED] - currencyInput = driver.findElement(By.xpath("//input[@id='currency']")): null

26-09-2024T07:26:36 - [TEST_STEP][PASSED] - responseTextBox = driver.findElement(By.xpath("/html[1]/body[1]/div[1]/main[1]/div[1]/section[1]/div[2]/div[1]/div[1]/div[2]/div[1]/div[1]/div[1]/form[1]/div[1]/div[1]/textarea[1]")): null

26-09-2024T07:26:36 - [TEST_STEP][PASSED] - for ([TestScenarioNumber = 0, TestScenarioNumber < testdataFromExcel.size() - 1, (TestScenarioNumber++)]): null

26-09-2024T07:26:36 - [TEST_STEP][PASSED] - delay(5): Delayed 5 second(s)

26-09-2024T07:26:41 - [MESSAGE][PASSED] - Delayed 5 second(s)

26-09-2024T07:26:41 - [TEST_STEP][PASSED] - countryInput.clear(): null

26-09-2024T07:26:41 - [TEST_STEP][PASSED] - currencyInput.clear(): null

26-09-2024T07:26:41 - [TEST_STEP][PASSED] - countryData = testdataFromExcel["Country"][TestScenarioNumber]: null

26-09-2024T07:26:41 - [TEST_STEP][PASSED] - currencyData = testdataFromExcel["Currency"][TestScenarioNumber]: null

26-09-2024T07:26:41 - [TEST_STEP][PASSED] - println(countryData): null

26-09-2024T07:26:41 - [TEST_STEP][PASSED] - println(currencyData): null

26-09-2024T07:26:41 - [TEST_STEP][PASSED] - countryInput.sendKeys(countryData): null

26-09-2024T07:26:42 - [TEST_STEP][PASSED] - currencyInput.sendKeys(currencyData): null

26-09-2024T07:26:42 - [TEST_STEP][PASSED] - utils.clickSendButton(): null

26-09-2024T07:26:42 - [TEST_STEP][PASSED] - delay(5): Delayed 5 second(s)

26-09-2024T07:26:47 - [MESSAGE][PASSED] - Delayed 5 second(s)

26-09-2024T07:26:47 - [TEST_STEP][PASSED] - response = responseTextBox.getText(): null

26-09-2024T07:26:47 - [TEST_STEP][PASSED] - println(response): null

26-09-2024T07:26:47 - [TEST_STEP][PASSED] - validationString = testdataFromExcel["Validation"][TestScenarioNumber]: null

26-09-2024T07:26:47 - [TEST_STEP][PASSED] - assert response.contains(validationString): null

26-09-2024T07:26:47 - [TEST_STEP][PASSED] - println("Test Scenario Number: " + TestScenarioNumber + 1): null

26-09-2024T07:26:47 - [TEST_STEP][PASSED] - delay(5): Delayed 5 second(s)

26-09-2024T07:26:52 - [MESSAGE][PASSED] - Delayed 5 second(s)

26-09-2024T07:26:52 - [TEST_STEP][PASSED] - countryInput.clear(): null

26-09-2024T07:26:52 - [TEST_STEP][PASSED] - currencyInput.clear(): null

26-09-2024T07:26:52 - [TEST_STEP][PASSED] - countryData = testdataFromExcel["Country"][TestScenarioNumber]: null

26-09-2024T07:26:52 - [TEST_STEP][PASSED] - currencyData = testdataFromExcel["Currency"][TestScenarioNumber]: null

26-09-2024T07:26:52 - [TEST_STEP][PASSED] - println(countryData): null

26-09-2024T07:26:52 - [TEST_STEP][PASSED] - println(currencyData): null

26-09-2024T07:26:52 - [TEST_STEP][PASSED] - countryInput.sendKeys(countryData): null

26-09-2024T07:26:52 - [TEST_STEP][PASSED] - currencyInput.sendKeys(currencyData): null

26-09-2024T07:26:52 - [TEST_STEP][PASSED] - utils.clickSendButton(): null

26-09-2024T07:26:53 - [TEST_STEP][PASSED] - delay(5): Delayed 5 second(s)

26-09-2024T07:26:58 - [MESSAGE][PASSED] - Delayed 5 second(s)

26-09-2024T07:26:58 - [TEST_STEP][PASSED] - response = responseTextBox.getText(): null

26-09-2024T07:26:58 - [TEST_STEP][PASSED] - println(response): null

26-09-2024T07:26:58 - [TEST_STEP][PASSED] - validationString = testdataFromExcel["Validation"][TestScenarioNumber]: null

26-09-2024T07:26:58 - [TEST_STEP][PASSED] - assert response.contains(validationString): null

26-09-2024T07:26:58 - [TEST_STEP][PASSED] - println("Test Scenario Number: " + TestScenarioNumber + 1): null

26-09-2024T07:26:58 - [TEST_STEP][PASSED] - Finally: Browser is closed

26-09-2024T07:26:58 - [TEST_STEP][PASSED] - utils.closeBrowser(): Browser is closed

26-09-2024T07:27:00 - [MESSAGE][PASSED] - Delayed 2 second(s)

26-09-2024T07:27:00 - [MESSAGE][PASSED] - Browser is closed

26-09-2024T07:27:02 - [TEST_STEP][PASSED] - Video: Video recording for test case 'Test Cases/Web_Utilities_TestCases/Validations/TC2_PrevalidationsByCtryOrCurr' .

26-09-2024T07:27:02 - [MESSAGE][INFO] - Video recording for test case 'Test Cases/Web_Utilities_TestCases/Validations/TC2_PrevalidationsByCtryOrCurr' .]]></system-out>
         <system-err><![CDATA[]]></system-err>
      </testcase>
      <system-out><![CDATA[26-09-2024T07:25:59 - [TEST_SUITE][PASSED] - Validations: Test Cases/Web_Utilities_TestCases/Validations/TC2_PrevalidationsByCtryOrCurr]]></system-out>
      <system-err><![CDATA[]]></system-err>
   </testsuite>
</testsuites>
