<?xml version="1.0" encoding="UTF-8"?>
<testsuites name="Wallets" time="144.99" tests="5" failures="0" errors="0">
   <testsuite name="Wallets" tests="5" failures="0" errors="0" time="144.99" skipped="0" timestamp="30-01-2025T14:23:34" hostname="manilacel - manilas-macbook-pro.local" id="Test Suites/PMT_Libraries/Wallets">
      <properties>
         <property name="deviceName" value=""/>
         <property name="devicePlatform"/>
         <property name="logFolder" value="/Users/manilacel/Library/CloudStorage/OneDrive-RoyalCaribbeanGroup/PMT/Git/payment.web-utility-automation/payment.web-utility-automation/Reports/20250130_142331/PMT_Libraries/Wallets/20250130_142331"/>
         <property name="logFiles" value="/Users/manilacel/Library/CloudStorage/OneDrive-RoyalCaribbeanGroup/PMT/Git/payment.web-utility-automation/payment.web-utility-automation/Reports/20250130_142331/PMT_Libraries/Wallets/20250130_142331/execution0.log"/>
         <property name="attachments" value="./screenshots/Failed_Wallet_Update.png, ./screenshots/Failed_Wallet_Delete.png"/>
         <property name="hostName" value="manilacel - manilas-macbook-pro.local"/>
         <property name="os" value="Mac OS X 64bit"/>
         <property name="katalonVersion" value="9.5.0.217"/>
         <property name="browser" value="Chrome 132.0.0.0"/>
         <property name="hostAddress" value="169.254.196.144"/>
         <property name="sessionId" value="8c8247cd3a48f305fb83181eaf5130f6"/>
         <property name="seleniumVersion" value="3.141.59"/>
         <property name="proxyInformation" value="ProxyInformation { proxyOption=NO_PROXY, proxyServerType=HTTP, username=, password=********, proxyServerAddress=, proxyServerPort=0, executionList=&quot;&quot;, isApplyToDesiredCapabilities=true }"/>
         <property name="platform" value="Mac OS X"/>
      </properties>
      <testcase name="Test Cases/Web_Utilities_TestCases/Wallets/TC3_Wallet_Update" time="28.853" classname="Test Cases/Web_Utilities_TestCases/Wallets/TC3_Wallet_Update" status="PASSED">
         <system-out><![CDATA[30-01-2025T14:23:34 - [TEST_CASE][PASSED] - Test Cases/Web_Utilities_TestCases/Wallets/TC3_Wallet_Update: Test Cases/Web_Utilities_TestCases/Wallets/TC3_Wallet_Update

30-01-2025T14:23:39 - [TEST_STEP][PASSED] - try: null

30-01-2025T14:23:39 - [TEST_STEP][PASSED] - utils.openBrowserAndNavigateToPMT(): Navigate to 'https://dev1.payment.rccl.com/payment/utilities' successfully

30-01-2025T14:23:39 - [MESSAGE][INFO] - Starting 'Chrome' driver

30-01-2025T14:23:39 - [MESSAGE][INFO] - Action delay is set to 0 milliseconds

30-01-2025T14:23:42 - [MESSAGE][PASSED] - Browser is opened with url: ''

30-01-2025T14:23:42 - [MESSAGE][PASSED] - Current window maximized

30-01-2025T14:23:45 - [MESSAGE][PASSED] - Navigate to 'https://dev1.payment.rccl.com/payment/utilities' successfully

30-01-2025T14:23:45 - [TEST_STEP][PASSED] - EXCEL_PATH = "./Data Files/TestData.xlsx": null

30-01-2025T14:23:45 - [TEST_STEP][PASSED] - TAB = "Wallet_Update": null

30-01-2025T14:23:45 - [TEST_STEP][PASSED] - driver = getWebDriver(): null

30-01-2025T14:23:45 - [TEST_STEP][PASSED] - utils.goToWallets(): null

30-01-2025T14:23:47 - [TEST_STEP][PASSED] - clickAuthorizePayment = xpath("//a[normalize-space()='Update']")).click(): null

30-01-2025T14:23:48 - [TEST_STEP][PASSED] - utils.selectEnvironment(ENV): null

30-01-2025T14:23:48 - [TEST_STEP][PASSED] - sendRequestTextBox = driver.findElement(By.xpath("//textarea[@name='req']")): null

30-01-2025T14:23:49 - [TEST_STEP][PASSED] - fetchGuestAccount = sendRequest(findTestObject("GuestAccount")): Send request successfully

30-01-2025T14:23:51 - [MESSAGE][INFO] - HAR: /Users/manilacel/Library/CloudStorage/OneDrive-RoyalCaribbeanGroup/PMT/Git/payment.web-utility-automation/payment.web-utility-automation/Reports/20250130_142331/PMT_Libraries/Wallets/20250130_142331/requests/main/0.har

30-01-2025T14:23:51 - [MESSAGE][PASSED] - Send request successfully

30-01-2025T14:23:51 - [TEST_STEP][PASSED] - accountId = getElementPropertyValue(fetchGuestAccount, "payload.accountId"): null

30-01-2025T14:23:51 - [TEST_STEP][PASSED] - accessToken = getElementPropertyValue(fetchGuestAccount, "payload.accessToken"): null

30-01-2025T14:23:51 - [TEST_STEP][PASSED] - accountId = accountId: null

30-01-2025T14:23:51 - [TEST_STEP][PASSED] - accessToken = accessToken: null

30-01-2025T14:23:51 - [TEST_STEP][PASSED] - testdata = getdata.fromExcel(EXCEL_PATH, TAB): null

30-01-2025T14:23:52 - [TEST_STEP][PASSED] - for ([i = 0, i < testdata.size(), (i++)]): null

30-01-2025T14:23:52 - [TEST_STEP][PASSED] - sendRequestTextBox.clear(): null

30-01-2025T14:23:52 - [TEST_STEP][PASSED] - paymentMethod = testdata["paymentMethod"][i]: null

30-01-2025T14:23:52 - [TEST_STEP][PASSED] - cardNumber = testdata["cardNumber"][i]: null

30-01-2025T14:23:52 - [TEST_STEP][PASSED] - CNumber = cardNumber.replaceAll("\.0$", ""): null

30-01-2025T14:23:52 - [TEST_STEP][PASSED] - expirationMonth = testdata["expirationMonth"][i]: null

30-01-2025T14:23:52 - [TEST_STEP][PASSED] - xMonth = expirationMonth.replaceAll("\.0$", ""): null

30-01-2025T14:23:52 - [TEST_STEP][PASSED] - expirationYear = testdata["expirationYear"][i]: null

30-01-2025T14:23:52 - [TEST_STEP][PASSED] - xYear = expirationYear.replaceAll("\.0$", ""): null

30-01-2025T14:23:52 - [TEST_STEP][PASSED] - cardholderName = testdata["cardholderName"][i]: null

30-01-2025T14:23:52 - [TEST_STEP][PASSED] - nickName = testdata["nickName"][i]: null

30-01-2025T14:23:52 - [TEST_STEP][PASSED] - defaultPaymentMethod = testdata["defaultPaymentMethod"][i]: null

30-01-2025T14:23:52 - [TEST_STEP][PASSED] - request = {
    "paymentMethod": {
        "type": "$paymentMethod",
        "cardNumber": "$cardNumber",
        "cardholder": "$cardholderName",
        "nickname": "$nickName",
        "expirationMonth": "$expirationMonth",
        "expirationYear": "$expirationYear",
        "defaultPaymentMethod": "$defaultPaymentMethod"
    },
    "accountId": "$accountId",
    "accessToken": "$accessToken"
}: null

30-01-2025T14:23:52 - [TEST_STEP][PASSED] - restRequest = JsonSlurper().parseText(request): null

30-01-2025T14:23:52 - [TEST_STEP][PASSED] - prettyJson = JsonBuilder(restRequest).toPrettyString(): null

30-01-2025T14:23:52 - [TEST_STEP][PASSED] - println(prettyJson): null

30-01-2025T14:23:52 - [TEST_STEP][PASSED] - sendRequestTextBox.sendKeys(prettyJson): null

30-01-2025T14:23:54 - [TEST_STEP][PASSED] - utils.clickSendButton(): null

30-01-2025T14:23:55 - [TEST_STEP][PASSED] - delay(3): Delayed 3 second(s)

30-01-2025T14:23:58 - [MESSAGE][PASSED] - Delayed 3 second(s)

30-01-2025T14:23:58 - [TEST_STEP][PASSED] - response = utils.getResponse(): null

30-01-2025T14:23:58 - [TEST_STEP][PASSED] - println(response): null

30-01-2025T14:23:58 - [TEST_STEP][PASSED] - validation1 = testdata["ContainsValidation"][i]: null

30-01-2025T14:23:58 - [TEST_STEP][PASSED] - println(validation1): null

30-01-2025T14:23:58 - [TEST_STEP][PASSED] - validation2 = testdata["NotContainsValidation"][i]: null

30-01-2025T14:23:58 - [TEST_STEP][PASSED] - println(validation2): null

30-01-2025T14:23:58 - [TEST_STEP][PASSED] - println(testdata["TCNumber"][i]): null

30-01-2025T14:23:58 - [TEST_STEP][PASSED] - assert response.contains(validation1): null

30-01-2025T14:23:58 - [TEST_STEP][PASSED] - catch (AssertionError e): null

30-01-2025T14:23:58 - [TEST_STEP][PASSED] - takeScreenshot("./screenshots/Failed_Wallet_Update.png"): Taking screenshot successfully

30-01-2025T14:23:59 - [MESSAGE][PASSED] - Taking screenshot successfully
[[ATTACHMENT|./screenshots/Failed_Wallet_Update.png]]

30-01-2025T14:23:59 - [TEST_STEP][PASSED] - println(Assertion failed: $e.message): null

30-01-2025T14:23:59 - [TEST_STEP][PASSED] - e.printStackTrace(): null

30-01-2025T14:23:59 - [TEST_STEP][PASSED] - Finally: Browser is closed

30-01-2025T14:23:59 - [TEST_STEP][PASSED] - utils.closeBrowser(): Browser is closed

30-01-2025T14:24:01 - [MESSAGE][PASSED] - Delayed 2 second(s)

30-01-2025T14:24:01 - [MESSAGE][PASSED] - Browser is closed

30-01-2025T14:24:03 - [TEST_STEP][PASSED] - Video: Video recording for test case 'Test Cases/Web_Utilities_TestCases/Wallets/TC3_Wallet_Update' .

30-01-2025T14:24:03 - [MESSAGE][INFO] - Video recording for test case 'Test Cases/Web_Utilities_TestCases/Wallets/TC3_Wallet_Update' .]]></system-out>
         <system-err><![CDATA[]]></system-err>
      </testcase>
      <testcase name="Test Cases/Web_Utilities_TestCases/Wallets/Wallet_Get" time="10.799" classname="Test Cases/Web_Utilities_TestCases/Wallets/Wallet_Get" status="PASSED">
         <system-out><![CDATA[30-01-2025T14:24:03 - [TEST_CASE][PASSED] - Test Cases/Web_Utilities_TestCases/Wallets/Wallet_Get: Test Cases/Web_Utilities_TestCases/Wallets/Wallet_Get

30-01-2025T14:24:03 - [TEST_STEP][PASSED] - try: null

30-01-2025T14:24:03 - [TEST_STEP][PASSED] - utils.openBrowserAndNavigateToPMT(): Navigate to 'https://dev1.payment.rccl.com/payment/utilities' successfully

30-01-2025T14:24:03 - [MESSAGE][INFO] - Starting 'Chrome' driver

30-01-2025T14:24:03 - [MESSAGE][INFO] - Action delay is set to 0 milliseconds

30-01-2025T14:24:05 - [MESSAGE][PASSED] - Browser is opened with url: ''

30-01-2025T14:24:05 - [MESSAGE][PASSED] - Current window maximized

30-01-2025T14:24:07 - [MESSAGE][PASSED] - Navigate to 'https://dev1.payment.rccl.com/payment/utilities' successfully

30-01-2025T14:24:07 - [TEST_STEP][PASSED] - driver = getWebDriver(): null

30-01-2025T14:24:07 - [TEST_STEP][PASSED] - utils.goToWallets(): null

30-01-2025T14:24:09 - [TEST_STEP][PASSED] - clickAuthorizePayment = xpath("//a[normalize-space()='Get']")).click(): null

30-01-2025T14:24:09 - [TEST_STEP][PASSED] - utils.selectEnvironment(ENV): null

30-01-2025T14:24:10 - [TEST_STEP][PASSED] - Finally: Browser is closed

30-01-2025T14:24:10 - [TEST_STEP][PASSED] - utils.closeBrowser(): Browser is closed

30-01-2025T14:24:12 - [MESSAGE][PASSED] - Delayed 2 second(s)

30-01-2025T14:24:12 - [MESSAGE][PASSED] - Browser is closed

30-01-2025T14:24:14 - [TEST_STEP][PASSED] - Video: Video recording for test case 'Test Cases/Web_Utilities_TestCases/Wallets/Wallet_Get' .

30-01-2025T14:24:14 - [MESSAGE][INFO] - Video recording for test case 'Test Cases/Web_Utilities_TestCases/Wallets/Wallet_Get' .]]></system-out>
         <system-err><![CDATA[]]></system-err>
      </testcase>
      <testcase name="Test Cases/Web_Utilities_TestCases/Wallets/TC2__Replace" time="21.873" classname="Test Cases/Web_Utilities_TestCases/Wallets/TC2__Replace" status="PASSED">
         <system-out><![CDATA[30-01-2025T14:24:14 - [TEST_CASE][PASSED] - Test Cases/Web_Utilities_TestCases/Wallets/TC2__Replace: Test Cases/Web_Utilities_TestCases/Wallets/TC2__Replace

30-01-2025T14:24:14 - [TEST_STEP][PASSED] - try: null

30-01-2025T14:24:14 - [TEST_STEP][PASSED] - utils.openBrowserAndNavigateToPMT(): Navigate to 'https://dev1.payment.rccl.com/payment/utilities' successfully

30-01-2025T14:24:14 - [MESSAGE][INFO] - Starting 'Chrome' driver

30-01-2025T14:24:14 - [MESSAGE][INFO] - Action delay is set to 0 milliseconds

30-01-2025T14:24:16 - [MESSAGE][PASSED] - Browser is opened with url: ''

30-01-2025T14:24:16 - [MESSAGE][PASSED] - Current window maximized

30-01-2025T14:24:19 - [MESSAGE][PASSED] - Navigate to 'https://dev1.payment.rccl.com/payment/utilities' successfully

30-01-2025T14:24:19 - [TEST_STEP][PASSED] - EXCEL_PATH = "./Data Files/TestData.xlsx": null

30-01-2025T14:24:19 - [TEST_STEP][PASSED] - TAB = "Wallet_Replace": null

30-01-2025T14:24:19 - [TEST_STEP][PASSED] - driver = getWebDriver(): null

30-01-2025T14:24:19 - [TEST_STEP][PASSED] - utils.goToWallets(): null

30-01-2025T14:24:21 - [TEST_STEP][PASSED] - clickAuthorizePayment = xpath("//a[normalize-space()='Replace']")).click(): null

30-01-2025T14:24:22 - [TEST_STEP][PASSED] - utils.selectEnvironment(ENV): null

30-01-2025T14:24:23 - [TEST_STEP][PASSED] - sendRequestTextBox = driver.findElement(By.xpath("//textarea[@name='req']")): null

30-01-2025T14:24:23 - [TEST_STEP][PASSED] - fetchGuestAccount = sendRequest(findTestObject("GuestAccount")): Send request successfully

30-01-2025T14:24:24 - [MESSAGE][INFO] - HAR: /Users/manilacel/Library/CloudStorage/OneDrive-RoyalCaribbeanGroup/PMT/Git/payment.web-utility-automation/payment.web-utility-automation/Reports/20250130_142331/PMT_Libraries/Wallets/20250130_142331/requests/main/1.har

30-01-2025T14:24:24 - [MESSAGE][PASSED] - Send request successfully

30-01-2025T14:24:24 - [TEST_STEP][PASSED] - accountId = getElementPropertyValue(fetchGuestAccount, "payload.accountId"): null

30-01-2025T14:24:24 - [TEST_STEP][PASSED] - accessToken = getElementPropertyValue(fetchGuestAccount, "payload.accessToken"): null

30-01-2025T14:24:24 - [TEST_STEP][PASSED] - accountId = accountId: null

30-01-2025T14:24:24 - [TEST_STEP][PASSED] - accessToken = accessToken: null

30-01-2025T14:24:24 - [TEST_STEP][PASSED] - testdata = getdata.fromExcel(EXCEL_PATH, TAB): null

30-01-2025T14:24:24 - [TEST_STEP][PASSED] - for ([i = 0, i < testdata.size(), (i++)]): null

30-01-2025T14:24:24 - [TEST_STEP][PASSED] - sendRequestTextBox.clear(): null

30-01-2025T14:24:24 - [TEST_STEP][PASSED] - idToBeReplaced = testdata["idToBeReplaced"][i]: null

30-01-2025T14:24:24 - [TEST_STEP][PASSED] - paymentMethod = testdata["paymentMethod"][i]: null

30-01-2025T14:24:24 - [TEST_STEP][PASSED] - cardNumber = testdata["cardNumber"][i]: null

30-01-2025T14:24:24 - [TEST_STEP][PASSED] - CNumber = cardNumber.replaceAll("\.0$", ""): null

30-01-2025T14:24:24 - [TEST_STEP][PASSED] - expirationMonth = testdata["expirationMonth"][i]: null

30-01-2025T14:24:24 - [TEST_STEP][PASSED] - xMonth = expirationMonth.replaceAll("\.0$", ""): null

30-01-2025T14:24:24 - [TEST_STEP][PASSED] - expirationYear = testdata["expirationYear"][i]: null

30-01-2025T14:24:24 - [TEST_STEP][PASSED] - xYear = expirationYear.replaceAll("\.0$", ""): null

30-01-2025T14:24:24 - [TEST_STEP][PASSED] - cardholderName = testdata["cardholderName"][i]: null

30-01-2025T14:24:24 - [TEST_STEP][PASSED] - nickName = testdata["nickName"][i]: null

30-01-2025T14:24:24 - [TEST_STEP][PASSED] - defaultPaymentMethod = testdata["defaultPaymentMethod"][i]: null

30-01-2025T14:24:24 - [TEST_STEP][PASSED] - request = {
    "idToBeReplaced": "$idToBeReplaced",
    "paymentMethod": {
        "type": "$paymentMethod",
        "cardNumber": "$cardNumber",
        "expirationMonth": "$expirationMonth",
        "expirationYear": "$expirationYear",
        "cardholder": "$cardholderName",
        "nickname": "$nickName"
    },
    "accountId": "$accountId",
    "accessToken": "$accessToken"
}: null

30-01-2025T14:24:24 - [TEST_STEP][PASSED] - restRequest = JsonSlurper().parseText(request): null

30-01-2025T14:24:24 - [TEST_STEP][PASSED] - prettyJson = JsonBuilder(restRequest).toPrettyString(): null

30-01-2025T14:24:24 - [TEST_STEP][PASSED] - println(prettyJson): null

30-01-2025T14:24:24 - [TEST_STEP][PASSED] - sendRequestTextBox.sendKeys(prettyJson): null

30-01-2025T14:24:25 - [TEST_STEP][PASSED] - utils.clickSendButton(): null

30-01-2025T14:24:26 - [TEST_STEP][PASSED] - delay(3): Delayed 3 second(s)

30-01-2025T14:24:29 - [MESSAGE][PASSED] - Delayed 3 second(s)

30-01-2025T14:24:29 - [TEST_STEP][PASSED] - response = utils.getResponse(): null

30-01-2025T14:24:31 - [TEST_STEP][PASSED] - println(response): null

30-01-2025T14:24:31 - [TEST_STEP][PASSED] - validation1 = testdata["ContainsValidation"][i]: null

30-01-2025T14:24:31 - [TEST_STEP][PASSED] - println(validation1): null

30-01-2025T14:24:31 - [TEST_STEP][PASSED] - validation2 = testdata["NotContainsValidation"][i]: null

30-01-2025T14:24:31 - [TEST_STEP][PASSED] - println(validation2): null

30-01-2025T14:24:31 - [TEST_STEP][PASSED] - println(testdata["TCNumber"][i]): null

30-01-2025T14:24:31 - [TEST_STEP][PASSED] - assert response.contains(validation1): null

30-01-2025T14:24:31 - [TEST_STEP][PASSED] - assert response.contains(validation2) == false: null

30-01-2025T14:24:31 - [TEST_STEP][PASSED] - sendRequestTextBox.clear(): null

30-01-2025T14:24:32 - [TEST_STEP][PASSED] - idToBeReplaced = testdata["idToBeReplaced"][i]: null

30-01-2025T14:24:32 - [TEST_STEP][PASSED] - paymentMethod = testdata["paymentMethod"][i]: null

30-01-2025T14:24:32 - [TEST_STEP][PASSED] - cardNumber = testdata["cardNumber"][i]: null

30-01-2025T14:24:32 - [TEST_STEP][PASSED] - CNumber = cardNumber.replaceAll("\.0$", ""): null

30-01-2025T14:24:32 - [TEST_STEP][PASSED] - expirationMonth = testdata["expirationMonth"][i]: null

30-01-2025T14:24:32 - [TEST_STEP][PASSED] - xMonth = expirationMonth.replaceAll("\.0$", ""): null

30-01-2025T14:24:32 - [TEST_STEP][PASSED] - catch (Exception e): null

30-01-2025T14:24:32 - [TEST_STEP][PASSED] - println(An unexpected error occurred: $e.message): null

30-01-2025T14:24:32 - [TEST_STEP][PASSED] - e.printStackTrace(): null

30-01-2025T14:24:32 - [TEST_STEP][PASSED] - Finally: Browser is closed

30-01-2025T14:24:32 - [TEST_STEP][PASSED] - utils.closeBrowser(): Browser is closed

30-01-2025T14:24:34 - [MESSAGE][PASSED] - Delayed 2 second(s)

30-01-2025T14:24:34 - [MESSAGE][PASSED] - Browser is closed

30-01-2025T14:24:36 - [TEST_STEP][PASSED] - Video: Video recording for test case 'Test Cases/Web_Utilities_TestCases/Wallets/TC2__Replace' .

30-01-2025T14:24:36 - [MESSAGE][INFO] - Video recording for test case 'Test Cases/Web_Utilities_TestCases/Wallets/TC2__Replace' .]]></system-out>
         <system-err><![CDATA[]]></system-err>
      </testcase>
      <testcase name="Test Cases/Web_Utilities_TestCases/Wallets/TC1_Wallet_Add" time="60.278" classname="Test Cases/Web_Utilities_TestCases/Wallets/TC1_Wallet_Add" status="PASSED">
         <system-out><![CDATA[30-01-2025T14:24:36 - [TEST_CASE][PASSED] - Test Cases/Web_Utilities_TestCases/Wallets/TC1_Wallet_Add: Test Cases/Web_Utilities_TestCases/Wallets/TC1_Wallet_Add

30-01-2025T14:24:36 - [TEST_STEP][PASSED] - try: null

30-01-2025T14:24:36 - [TEST_STEP][PASSED] - utils.openBrowserAndNavigateToPMT(): Navigate to 'https://dev1.payment.rccl.com/payment/utilities' successfully

30-01-2025T14:24:36 - [MESSAGE][INFO] - Starting 'Chrome' driver

30-01-2025T14:24:36 - [MESSAGE][INFO] - Action delay is set to 0 milliseconds

30-01-2025T14:24:38 - [MESSAGE][PASSED] - Browser is opened with url: ''

30-01-2025T14:24:38 - [MESSAGE][PASSED] - Current window maximized

30-01-2025T14:24:41 - [MESSAGE][PASSED] - Navigate to 'https://dev1.payment.rccl.com/payment/utilities' successfully

30-01-2025T14:24:41 - [TEST_STEP][PASSED] - EXCEL_PATH = "./Data Files/TestData.xlsx": null

30-01-2025T14:24:41 - [TEST_STEP][PASSED] - TAB = "Wallet_Add": null

30-01-2025T14:24:41 - [TEST_STEP][PASSED] - utils.goToWallets(): null

30-01-2025T14:24:43 - [TEST_STEP][PASSED] - fetchGuestAccount = sendRequest(findTestObject("GuestAccount")): Send request successfully

30-01-2025T14:24:44 - [MESSAGE][INFO] - HAR: /Users/manilacel/Library/CloudStorage/OneDrive-RoyalCaribbeanGroup/PMT/Git/payment.web-utility-automation/payment.web-utility-automation/Reports/20250130_142331/PMT_Libraries/Wallets/20250130_142331/requests/main/2.har

30-01-2025T14:24:44 - [MESSAGE][PASSED] - Send request successfully

30-01-2025T14:24:44 - [TEST_STEP][PASSED] - accountId = getElementPropertyValue(fetchGuestAccount, "payload.accountId"): null

30-01-2025T14:24:44 - [TEST_STEP][PASSED] - accessToken = getElementPropertyValue(fetchGuestAccount, "payload.accessToken"): null

30-01-2025T14:24:44 - [TEST_STEP][PASSED] - accountId = accountId: null

30-01-2025T14:24:44 - [TEST_STEP][PASSED] - accessToken = accessToken: null

30-01-2025T14:24:44 - [TEST_STEP][PASSED] - testdata = getdata.fromExcel(EXCEL_PATH, TAB): null

30-01-2025T14:24:44 - [TEST_STEP][PASSED] - for ([i = 0, i < testdata.size(), (i++)]): null

30-01-2025T14:24:44 - [TEST_STEP][PASSED] - driver = getWebDriver(): null

30-01-2025T14:24:44 - [TEST_STEP][PASSED] - xpath("//a[normalize-space()='Add']")).click(): null

30-01-2025T14:24:44 - [TEST_STEP][PASSED] - utils.selectEnvironment(ENV): null

30-01-2025T14:24:45 - [TEST_STEP][PASSED] - sendRequestTextBox = driver.findElement(By.xpath("//textarea[@name='req']")): null

30-01-2025T14:24:45 - [TEST_STEP][PASSED] - sendRequestTextBox.clear(): null

30-01-2025T14:24:45 - [TEST_STEP][PASSED] - paymentMethod = testdata["paymentMethod"][i]: null

30-01-2025T14:24:45 - [TEST_STEP][PASSED] - cardNumber = testdata["cardNumber"][i]: null

30-01-2025T14:24:45 - [TEST_STEP][PASSED] - expirationMonth = testdata["expirationMonth"][i]: null

30-01-2025T14:24:45 - [TEST_STEP][PASSED] - expirationYear = testdata["expirationYear"][i]: null

30-01-2025T14:24:45 - [TEST_STEP][PASSED] - cardholderName = testdata["cardholderName"][i]: null

30-01-2025T14:24:45 - [TEST_STEP][PASSED] - nickName = testdata["nickName"][i]: null

30-01-2025T14:24:45 - [TEST_STEP][PASSED] - defaultPaymentMethod = testdata["defaultPaymentMethod"][i]: null

30-01-2025T14:24:45 - [TEST_STEP][PASSED] - request = {
                "paymentMethod": {
                    "type": "$paymentMethod",
                    "cardNumber": "$cardNumber",
                    "expirationMonth": "$expirationMonth",
                    "expirationYear": "$expirationYear",
                    "cardholder": "$cardholderName",
                    "nickname": "$nickName",
                    "defaultPaymentMethod": "$defaultPaymentMethod"
                },
                "accountId": "$accountId",
                "accessToken": "$accessToken"
            }: null

30-01-2025T14:24:45 - [TEST_STEP][PASSED] - restRequest = JsonSlurper().parseText(request): null

30-01-2025T14:24:45 - [TEST_STEP][PASSED] - prettyJson = JsonBuilder(restRequest).toPrettyString(): null

30-01-2025T14:24:45 - [TEST_STEP][PASSED] - println(prettyJson): null

30-01-2025T14:24:45 - [TEST_STEP][PASSED] - Wallet_cardNumber = cardNumber: null

30-01-2025T14:24:45 - [TEST_STEP][PASSED] - Wallet_expirationMonth = expirationMonth: null

30-01-2025T14:24:45 - [TEST_STEP][PASSED] - Wallet_expirationYear = expirationYear: null

30-01-2025T14:24:45 - [TEST_STEP][PASSED] - sendRequestTextBox.sendKeys(prettyJson): null

30-01-2025T14:24:47 - [TEST_STEP][PASSED] - utils.clickSendButton(): null

30-01-2025T14:24:47 - [TEST_STEP][PASSED] - delay(3): Delayed 3 second(s)

30-01-2025T14:24:50 - [MESSAGE][PASSED] - Delayed 3 second(s)

30-01-2025T14:24:50 - [TEST_STEP][PASSED] - response = utils.getResponse(): null

30-01-2025T14:24:52 - [TEST_STEP][PASSED] - println(response): null

30-01-2025T14:24:52 - [TEST_STEP][PASSED] - if (response.contains("PY-0402") == false): null

30-01-2025T14:24:52 - [TEST_STEP][PASSED] - else: null

30-01-2025T14:24:52 - [TEST_STEP][PASSED] - println("Existing card detected. Deleting..."): null

30-01-2025T14:24:52 - [TEST_STEP][PASSED] - callTestCase(findTestCase("Re-Usable Script/Wallet_Delete"), [:], STOP_ON_FAILURE): Call Test Case 'Test Cases/Re-Usable Script/Wallet_Delete' successfully

30-01-2025T14:24:52 - [TEST_CASE][PASSED] - Test Cases/Re-Usable Script/Wallet_Delete: Test Cases/Re-Usable Script/Wallet_Delete

30-01-2025T14:24:52 - [TEST_STEP][PASSED] - driver = getWebDriver(): null

30-01-2025T14:24:52 - [TEST_STEP][PASSED] - clickAuthorizePayment = xpath("//a[normalize-space()='Delete']")).click(): null

30-01-2025T14:24:53 - [TEST_STEP][PASSED] - utils.selectEnvironment(ENV): null

30-01-2025T14:24:53 - [TEST_STEP][PASSED] - sendRequestTextBox = driver.findElement(By.xpath("//textarea[@name='req']")): null

30-01-2025T14:24:54 - [TEST_STEP][PASSED] - fetchGuestAccount = sendRequest(findTestObject("GuestAccount")): Send request successfully

30-01-2025T14:24:54 - [MESSAGE][INFO] - HAR: /Users/manilacel/Library/CloudStorage/OneDrive-RoyalCaribbeanGroup/PMT/Git/payment.web-utility-automation/payment.web-utility-automation/Reports/20250130_142331/PMT_Libraries/Wallets/20250130_142331/requests/main/3.har

30-01-2025T14:24:54 - [MESSAGE][PASSED] - Send request successfully

30-01-2025T14:24:54 - [TEST_STEP][PASSED] - accountId = getElementPropertyValue(fetchGuestAccount, "payload.accountId"): null

30-01-2025T14:24:54 - [TEST_STEP][PASSED] - accessToken = getElementPropertyValue(fetchGuestAccount, "payload.accessToken"): null

30-01-2025T14:24:54 - [TEST_STEP][PASSED] - accountId = accountId: null

30-01-2025T14:24:54 - [TEST_STEP][PASSED] - accessToken = accessToken: null

30-01-2025T14:24:54 - [TEST_STEP][PASSED] - sendRequestTextBox.clear(): null

30-01-2025T14:24:54 - [TEST_STEP][PASSED] - request = {
		"cardNumber": "$GlobalVariable.Wallet_cardNumber",
		"expirationMonth": "$GlobalVariable.Wallet_expirationMonth",
		"expirationYear": "$GlobalVariable.Wallet_expirationYear",
		"accessToken": "$accessToken}",
		"accountId": "$accountId"
		}: null

30-01-2025T14:24:54 - [TEST_STEP][PASSED] - restRequest = JsonSlurper().parseText(request): null

30-01-2025T14:24:54 - [TEST_STEP][PASSED] - prettyJson = JsonBuilder(restRequest).toPrettyString(): null

30-01-2025T14:24:54 - [TEST_STEP][PASSED] - println(prettyJson): null

30-01-2025T14:24:54 - [TEST_STEP][PASSED] - sendRequestTextBox.sendKeys(prettyJson): null

30-01-2025T14:24:56 - [TEST_STEP][PASSED] - utils.clickSendButton(): null

30-01-2025T14:24:56 - [TEST_STEP][PASSED] - delay(3): Delayed 3 second(s)

30-01-2025T14:24:59 - [MESSAGE][PASSED] - Delayed 3 second(s)

30-01-2025T14:24:59 - [MESSAGE][PASSED] - Call Test Case 'Test Cases/Re-Usable Script/Wallet_Delete' successfully

30-01-2025T14:24:59 - [TEST_STEP][PASSED] - refresh(): Refresh successfully

30-01-2025T14:25:01 - [MESSAGE][PASSED] - Refresh successfully

30-01-2025T14:25:01 - [TEST_STEP][PASSED] - delay(2): Delayed 2 second(s)

30-01-2025T14:25:03 - [MESSAGE][PASSED] - Delayed 2 second(s)

30-01-2025T14:25:03 - [TEST_STEP][PASSED] - if (i == testdata.size() - 1): null

30-01-2025T14:25:03 - [TEST_STEP][PASSED] - (i--): null

30-01-2025T14:25:03 - [TEST_STEP][PASSED] - driver = getWebDriver(): null

30-01-2025T14:25:03 - [TEST_STEP][PASSED] - xpath("//a[normalize-space()='Add']")).click(): null

30-01-2025T14:25:03 - [TEST_STEP][PASSED] - utils.selectEnvironment(ENV): null

30-01-2025T14:25:04 - [TEST_STEP][PASSED] - sendRequestTextBox = driver.findElement(By.xpath("//textarea[@name='req']")): null

30-01-2025T14:25:04 - [TEST_STEP][PASSED] - sendRequestTextBox.clear(): null

30-01-2025T14:25:04 - [TEST_STEP][PASSED] - paymentMethod = testdata["paymentMethod"][i]: null

30-01-2025T14:25:04 - [TEST_STEP][PASSED] - cardNumber = testdata["cardNumber"][i]: null

30-01-2025T14:25:04 - [TEST_STEP][PASSED] - expirationMonth = testdata["expirationMonth"][i]: null

30-01-2025T14:25:04 - [TEST_STEP][PASSED] - expirationYear = testdata["expirationYear"][i]: null

30-01-2025T14:25:04 - [TEST_STEP][PASSED] - cardholderName = testdata["cardholderName"][i]: null

30-01-2025T14:25:04 - [TEST_STEP][PASSED] - nickName = testdata["nickName"][i]: null

30-01-2025T14:25:04 - [TEST_STEP][PASSED] - defaultPaymentMethod = testdata["defaultPaymentMethod"][i]: null

30-01-2025T14:25:04 - [TEST_STEP][PASSED] - request = {
                "paymentMethod": {
                    "type": "$paymentMethod",
                    "cardNumber": "$cardNumber",
                    "expirationMonth": "$expirationMonth",
                    "expirationYear": "$expirationYear",
                    "cardholder": "$cardholderName",
                    "nickname": "$nickName",
                    "defaultPaymentMethod": "$defaultPaymentMethod"
                },
                "accountId": "$accountId",
                "accessToken": "$accessToken"
            }: null

30-01-2025T14:25:04 - [TEST_STEP][PASSED] - restRequest = JsonSlurper().parseText(request): null

30-01-2025T14:25:04 - [TEST_STEP][PASSED] - prettyJson = JsonBuilder(restRequest).toPrettyString(): null

30-01-2025T14:25:04 - [TEST_STEP][PASSED] - println(prettyJson): null

30-01-2025T14:25:04 - [TEST_STEP][PASSED] - Wallet_cardNumber = cardNumber: null

30-01-2025T14:25:04 - [TEST_STEP][PASSED] - Wallet_expirationMonth = expirationMonth: null

30-01-2025T14:25:04 - [TEST_STEP][PASSED] - Wallet_expirationYear = expirationYear: null

30-01-2025T14:25:04 - [TEST_STEP][PASSED] - sendRequestTextBox.sendKeys(prettyJson): null

30-01-2025T14:25:05 - [TEST_STEP][PASSED] - utils.clickSendButton(): null

30-01-2025T14:25:06 - [TEST_STEP][PASSED] - delay(3): Delayed 3 second(s)

30-01-2025T14:25:09 - [MESSAGE][PASSED] - Delayed 3 second(s)

30-01-2025T14:25:09 - [TEST_STEP][PASSED] - response = utils.getResponse(): null

30-01-2025T14:25:09 - [TEST_STEP][PASSED] - println(response): null

30-01-2025T14:25:09 - [TEST_STEP][PASSED] - if (response.contains("PY-0402") == false): null

30-01-2025T14:25:09 - [TEST_STEP][PASSED] - validation1 = testdata["ContainsValidation"][i]: null

30-01-2025T14:25:09 - [TEST_STEP][PASSED] - println(validation1): null

30-01-2025T14:25:09 - [TEST_STEP][PASSED] - validation2 = testdata["NotContainsValidation"][i]: null

30-01-2025T14:25:09 - [TEST_STEP][PASSED] - println(validation2): null

30-01-2025T14:25:09 - [TEST_STEP][PASSED] - println(testdata["TCNumber"][i]): null

30-01-2025T14:25:09 - [TEST_STEP][PASSED] - assert response.contains(validation1) == true: null

30-01-2025T14:25:09 - [TEST_STEP][PASSED] - assert response.contains(validation2) == false: null

30-01-2025T14:25:09 - [TEST_STEP][PASSED] - if (response.contains(validation1) == false || response.contains(validation2) == true): null

30-01-2025T14:25:09 - [TEST_STEP][PASSED] - driver = getWebDriver(): null

30-01-2025T14:25:09 - [TEST_STEP][PASSED] - xpath("//a[normalize-space()='Add']")).click(): null

30-01-2025T14:25:09 - [TEST_STEP][PASSED] - utils.selectEnvironment(ENV): null

30-01-2025T14:25:10 - [TEST_STEP][PASSED] - sendRequestTextBox = driver.findElement(By.xpath("//textarea[@name='req']")): null

30-01-2025T14:25:10 - [TEST_STEP][PASSED] - sendRequestTextBox.clear(): null

30-01-2025T14:25:10 - [TEST_STEP][PASSED] - paymentMethod = testdata["paymentMethod"][i]: null

30-01-2025T14:25:10 - [TEST_STEP][PASSED] - cardNumber = testdata["cardNumber"][i]: null

30-01-2025T14:25:10 - [TEST_STEP][PASSED] - expirationMonth = testdata["expirationMonth"][i]: null

30-01-2025T14:25:10 - [TEST_STEP][PASSED] - expirationYear = testdata["expirationYear"][i]: null

30-01-2025T14:25:10 - [TEST_STEP][PASSED] - cardholderName = testdata["cardholderName"][i]: null

30-01-2025T14:25:10 - [TEST_STEP][PASSED] - nickName = testdata["nickName"][i]: null

30-01-2025T14:25:10 - [TEST_STEP][PASSED] - defaultPaymentMethod = testdata["defaultPaymentMethod"][i]: null

30-01-2025T14:25:10 - [TEST_STEP][PASSED] - request = {
                "paymentMethod": {
                    "type": "$paymentMethod",
                    "cardNumber": "$cardNumber",
                    "expirationMonth": "$expirationMonth",
                    "expirationYear": "$expirationYear",
                    "cardholder": "$cardholderName",
                    "nickname": "$nickName",
                    "defaultPaymentMethod": "$defaultPaymentMethod"
                },
                "accountId": "$accountId",
                "accessToken": "$accessToken"
            }: null

30-01-2025T14:25:10 - [TEST_STEP][PASSED] - restRequest = JsonSlurper().parseText(request): null

30-01-2025T14:25:10 - [TEST_STEP][PASSED] - prettyJson = JsonBuilder(restRequest).toPrettyString(): null

30-01-2025T14:25:10 - [TEST_STEP][PASSED] - println(prettyJson): null

30-01-2025T14:25:10 - [TEST_STEP][PASSED] - Wallet_cardNumber = cardNumber: null

30-01-2025T14:25:10 - [TEST_STEP][PASSED] - Wallet_expirationMonth = expirationMonth: null

30-01-2025T14:25:10 - [TEST_STEP][PASSED] - Wallet_expirationYear = expirationYear: null

30-01-2025T14:25:10 - [TEST_STEP][PASSED] - sendRequestTextBox.sendKeys(prettyJson): null

30-01-2025T14:25:12 - [TEST_STEP][PASSED] - utils.clickSendButton(): null

30-01-2025T14:25:13 - [TEST_STEP][PASSED] - delay(3): Delayed 3 second(s)

30-01-2025T14:25:16 - [MESSAGE][PASSED] - Delayed 3 second(s)

30-01-2025T14:25:16 - [TEST_STEP][PASSED] - response = utils.getResponse(): null

30-01-2025T14:25:16 - [TEST_STEP][PASSED] - println(response): null

30-01-2025T14:25:16 - [TEST_STEP][PASSED] - if (response.contains("PY-0402") == false): null

30-01-2025T14:25:16 - [TEST_STEP][PASSED] - validation1 = testdata["ContainsValidation"][i]: null

30-01-2025T14:25:16 - [TEST_STEP][PASSED] - println(validation1): null

30-01-2025T14:25:16 - [TEST_STEP][PASSED] - validation2 = testdata["NotContainsValidation"][i]: null

30-01-2025T14:25:16 - [TEST_STEP][PASSED] - println(validation2): null

30-01-2025T14:25:16 - [TEST_STEP][PASSED] - println(testdata["TCNumber"][i]): null

30-01-2025T14:25:16 - [TEST_STEP][PASSED] - assert response.contains(validation1) == true: null

30-01-2025T14:25:16 - [TEST_STEP][PASSED] - assert response.contains(validation2) == false: null

30-01-2025T14:25:16 - [TEST_STEP][PASSED] - if (response.contains(validation1) == false || response.contains(validation2) == true): null

30-01-2025T14:25:16 - [TEST_STEP][PASSED] - driver = getWebDriver(): null

30-01-2025T14:25:16 - [TEST_STEP][PASSED] - xpath("//a[normalize-space()='Add']")).click(): null

30-01-2025T14:25:16 - [TEST_STEP][PASSED] - utils.selectEnvironment(ENV): null

30-01-2025T14:25:17 - [TEST_STEP][PASSED] - sendRequestTextBox = driver.findElement(By.xpath("//textarea[@name='req']")): null

30-01-2025T14:25:17 - [TEST_STEP][PASSED] - sendRequestTextBox.clear(): null

30-01-2025T14:25:17 - [TEST_STEP][PASSED] - paymentMethod = testdata["paymentMethod"][i]: null

30-01-2025T14:25:17 - [TEST_STEP][PASSED] - cardNumber = testdata["cardNumber"][i]: null

30-01-2025T14:25:17 - [TEST_STEP][PASSED] - expirationMonth = testdata["expirationMonth"][i]: null

30-01-2025T14:25:17 - [TEST_STEP][PASSED] - expirationYear = testdata["expirationYear"][i]: null

30-01-2025T14:25:17 - [TEST_STEP][PASSED] - cardholderName = testdata["cardholderName"][i]: null

30-01-2025T14:25:17 - [TEST_STEP][PASSED] - nickName = testdata["nickName"][i]: null

30-01-2025T14:25:17 - [TEST_STEP][PASSED] - defaultPaymentMethod = testdata["defaultPaymentMethod"][i]: null

30-01-2025T14:25:17 - [TEST_STEP][PASSED] - request = {
                "paymentMethod": {
                    "type": "$paymentMethod",
                    "cardNumber": "$cardNumber",
                    "expirationMonth": "$expirationMonth",
                    "expirationYear": "$expirationYear",
                    "cardholder": "$cardholderName",
                    "nickname": "$nickName",
                    "defaultPaymentMethod": "$defaultPaymentMethod"
                },
                "accountId": "$accountId",
                "accessToken": "$accessToken"
            }: null

30-01-2025T14:25:17 - [TEST_STEP][PASSED] - restRequest = JsonSlurper().parseText(request): null

30-01-2025T14:25:17 - [TEST_STEP][PASSED] - prettyJson = JsonBuilder(restRequest).toPrettyString(): null

30-01-2025T14:25:17 - [TEST_STEP][PASSED] - println(prettyJson): null

30-01-2025T14:25:17 - [TEST_STEP][PASSED] - Wallet_cardNumber = cardNumber: null

30-01-2025T14:25:17 - [TEST_STEP][PASSED] - Wallet_expirationMonth = expirationMonth: null

30-01-2025T14:25:17 - [TEST_STEP][PASSED] - Wallet_expirationYear = expirationYear: null

30-01-2025T14:25:17 - [TEST_STEP][PASSED] - sendRequestTextBox.sendKeys(prettyJson): null

30-01-2025T14:25:19 - [TEST_STEP][PASSED] - utils.clickSendButton(): null

30-01-2025T14:25:19 - [TEST_STEP][PASSED] - delay(3): Delayed 3 second(s)

30-01-2025T14:25:22 - [MESSAGE][PASSED] - Delayed 3 second(s)

30-01-2025T14:25:22 - [TEST_STEP][PASSED] - response = utils.getResponse(): null

30-01-2025T14:25:22 - [TEST_STEP][PASSED] - println(response): null

30-01-2025T14:25:22 - [TEST_STEP][PASSED] - if (response.contains("PY-0402") == false): null

30-01-2025T14:25:22 - [TEST_STEP][PASSED] - else: null

30-01-2025T14:25:22 - [TEST_STEP][PASSED] - println("Existing card detected. Deleting..."): null

30-01-2025T14:25:22 - [TEST_STEP][PASSED] - callTestCase(findTestCase("Re-Usable Script/Wallet_Delete"), [:], STOP_ON_FAILURE): Call Test Case 'Test Cases/Re-Usable Script/Wallet_Delete' successfully

30-01-2025T14:25:22 - [TEST_CASE][PASSED] - Test Cases/Re-Usable Script/Wallet_Delete: Test Cases/Re-Usable Script/Wallet_Delete

30-01-2025T14:25:22 - [TEST_STEP][PASSED] - driver = getWebDriver(): null

30-01-2025T14:25:22 - [TEST_STEP][PASSED] - clickAuthorizePayment = xpath("//a[normalize-space()='Delete']")).click(): null

30-01-2025T14:25:23 - [TEST_STEP][PASSED] - utils.selectEnvironment(ENV): null

30-01-2025T14:25:24 - [TEST_STEP][PASSED] - sendRequestTextBox = driver.findElement(By.xpath("//textarea[@name='req']")): null

30-01-2025T14:25:24 - [TEST_STEP][PASSED] - fetchGuestAccount = sendRequest(findTestObject("GuestAccount")): Send request successfully

30-01-2025T14:25:24 - [MESSAGE][INFO] - HAR: /Users/manilacel/Library/CloudStorage/OneDrive-RoyalCaribbeanGroup/PMT/Git/payment.web-utility-automation/payment.web-utility-automation/Reports/20250130_142331/PMT_Libraries/Wallets/20250130_142331/requests/main/4.har

30-01-2025T14:25:24 - [MESSAGE][PASSED] - Send request successfully

30-01-2025T14:25:24 - [TEST_STEP][PASSED] - accountId = getElementPropertyValue(fetchGuestAccount, "payload.accountId"): null

30-01-2025T14:25:24 - [TEST_STEP][PASSED] - accessToken = getElementPropertyValue(fetchGuestAccount, "payload.accessToken"): null

30-01-2025T14:25:24 - [TEST_STEP][PASSED] - accountId = accountId: null

30-01-2025T14:25:24 - [TEST_STEP][PASSED] - accessToken = accessToken: null

30-01-2025T14:25:24 - [TEST_STEP][PASSED] - sendRequestTextBox.clear(): null

30-01-2025T14:25:24 - [TEST_STEP][PASSED] - request = {
		"cardNumber": "$GlobalVariable.Wallet_cardNumber",
		"expirationMonth": "$GlobalVariable.Wallet_expirationMonth",
		"expirationYear": "$GlobalVariable.Wallet_expirationYear",
		"accessToken": "$accessToken}",
		"accountId": "$accountId"
		}: null

30-01-2025T14:25:24 - [TEST_STEP][PASSED] - restRequest = JsonSlurper().parseText(request): null

30-01-2025T14:25:24 - [TEST_STEP][PASSED] - prettyJson = JsonBuilder(restRequest).toPrettyString(): null

30-01-2025T14:25:24 - [TEST_STEP][PASSED] - println(prettyJson): null

30-01-2025T14:25:24 - [TEST_STEP][PASSED] - sendRequestTextBox.sendKeys(prettyJson): null

30-01-2025T14:25:25 - [TEST_STEP][PASSED] - utils.clickSendButton(): null

30-01-2025T14:25:26 - [TEST_STEP][PASSED] - delay(3): Delayed 3 second(s)

30-01-2025T14:25:29 - [MESSAGE][PASSED] - Delayed 3 second(s)

30-01-2025T14:25:29 - [MESSAGE][PASSED] - Call Test Case 'Test Cases/Re-Usable Script/Wallet_Delete' successfully

30-01-2025T14:25:29 - [TEST_STEP][PASSED] - refresh(): Refresh successfully

30-01-2025T14:25:30 - [MESSAGE][PASSED] - Refresh successfully

30-01-2025T14:25:30 - [TEST_STEP][PASSED] - delay(2): Delayed 2 second(s)

30-01-2025T14:25:32 - [MESSAGE][PASSED] - Delayed 2 second(s)

30-01-2025T14:25:32 - [TEST_STEP][PASSED] - if (i == testdata.size() - 1): null

30-01-2025T14:25:32 - [TEST_STEP][PASSED] - break: null

30-01-2025T14:25:32 - [TEST_STEP][PASSED] - Finally: Browser is closed

30-01-2025T14:25:32 - [TEST_STEP][PASSED] - utils.closeBrowser(): Browser is closed

30-01-2025T14:25:34 - [MESSAGE][PASSED] - Delayed 2 second(s)

30-01-2025T14:25:34 - [MESSAGE][PASSED] - Browser is closed

30-01-2025T14:25:36 - [TEST_STEP][PASSED] - Video: Video recording for test case 'Test Cases/Web_Utilities_TestCases/Wallets/TC1_Wallet_Add' .

30-01-2025T14:25:36 - [MESSAGE][INFO] - Video recording for test case 'Test Cases/Web_Utilities_TestCases/Wallets/TC1_Wallet_Add' .]]></system-out>
         <system-err><![CDATA[]]></system-err>
      </testcase>
      <testcase name="Test Cases/Web_Utilities_TestCases/Wallets/TC4_Wallet_Delete" time="23.047" classname="Test Cases/Web_Utilities_TestCases/Wallets/TC4_Wallet_Delete" status="PASSED">
         <system-out><![CDATA[30-01-2025T14:25:36 - [TEST_CASE][PASSED] - Test Cases/Web_Utilities_TestCases/Wallets/TC4_Wallet_Delete: Test Cases/Web_Utilities_TestCases/Wallets/TC4_Wallet_Delete

30-01-2025T14:25:36 - [TEST_STEP][PASSED] - try: null

30-01-2025T14:25:36 - [TEST_STEP][PASSED] - utils.openBrowserAndNavigateToPMT(): Navigate to 'https://dev1.payment.rccl.com/payment/utilities' successfully

30-01-2025T14:25:36 - [MESSAGE][INFO] - Starting 'Chrome' driver

30-01-2025T14:25:36 - [MESSAGE][INFO] - Action delay is set to 0 milliseconds

30-01-2025T14:25:38 - [MESSAGE][PASSED] - Browser is opened with url: ''

30-01-2025T14:25:38 - [MESSAGE][PASSED] - Current window maximized

30-01-2025T14:25:41 - [MESSAGE][PASSED] - Navigate to 'https://dev1.payment.rccl.com/payment/utilities' successfully

30-01-2025T14:25:41 - [TEST_STEP][PASSED] - EXCEL_PATH = "./Data Files/TestData.xlsx": null

30-01-2025T14:25:41 - [TEST_STEP][PASSED] - TAB = "Wallet_Delete": null

30-01-2025T14:25:41 - [TEST_STEP][PASSED] - driver = getWebDriver(): null

30-01-2025T14:25:41 - [TEST_STEP][PASSED] - utils.goToWallets(): null

30-01-2025T14:25:44 - [TEST_STEP][PASSED] - clickAuthorizePayment = xpath("//a[normalize-space()='Delete']")).click(): null

30-01-2025T14:25:44 - [TEST_STEP][PASSED] - utils.selectEnvironment(ENV): null

30-01-2025T14:25:45 - [TEST_STEP][PASSED] - sendRequestTextBox = driver.findElement(By.xpath("//textarea[@name='req']")): null

30-01-2025T14:25:45 - [TEST_STEP][PASSED] - fetchGuestAccount = sendRequest(findTestObject("GuestAccount")): Send request successfully

30-01-2025T14:25:46 - [MESSAGE][INFO] - HAR: /Users/manilacel/Library/CloudStorage/OneDrive-RoyalCaribbeanGroup/PMT/Git/payment.web-utility-automation/payment.web-utility-automation/Reports/20250130_142331/PMT_Libraries/Wallets/20250130_142331/requests/main/5.har

30-01-2025T14:25:46 - [MESSAGE][PASSED] - Send request successfully

30-01-2025T14:25:46 - [TEST_STEP][PASSED] - accountId = getElementPropertyValue(fetchGuestAccount, "payload.accountId"): null

30-01-2025T14:25:46 - [TEST_STEP][PASSED] - accessToken = getElementPropertyValue(fetchGuestAccount, "payload.accessToken"): null

30-01-2025T14:25:46 - [TEST_STEP][PASSED] - accountId = accountId: null

30-01-2025T14:25:46 - [TEST_STEP][PASSED] - accessToken = accessToken: null

30-01-2025T14:25:46 - [TEST_STEP][PASSED] - testdata = getdata.fromExcel(EXCEL_PATH, TAB): null

30-01-2025T14:25:46 - [TEST_STEP][PASSED] - for ([i = 0, i < testdata.size(), (i++)]): null

30-01-2025T14:25:46 - [TEST_STEP][PASSED] - sendRequestTextBox.clear(): null

30-01-2025T14:25:46 - [TEST_STEP][PASSED] - cardNumber = testdata["cardNumber"][i]: null

30-01-2025T14:25:46 - [TEST_STEP][PASSED] - CNumber = cardNumber.replaceAll("\.0$", ""): null

30-01-2025T14:25:46 - [TEST_STEP][PASSED] - expirationMonth = testdata["expirationMonth"][i]: null

30-01-2025T14:25:46 - [TEST_STEP][PASSED] - xMonth = expirationMonth.replaceAll("\.0$", ""): null

30-01-2025T14:25:46 - [TEST_STEP][PASSED] - expirationYear = testdata["expirationYear"][i]: null

30-01-2025T14:25:46 - [TEST_STEP][PASSED] - xYear = expirationYear.replaceAll("\.0$", ""): null

30-01-2025T14:25:46 - [TEST_STEP][PASSED] - request = {
		"cardNumber": "$cardNumber",
		"expirationMonth": "$expirationMonth",
		"expirationYear": "$expirationYear",
		"accessToken": "$accessToken",
		"accountId": "$accountId"
		}: null

30-01-2025T14:25:46 - [TEST_STEP][PASSED] - restRequest = JsonSlurper().parseText(request): null

30-01-2025T14:25:46 - [TEST_STEP][PASSED] - prettyJson = JsonBuilder(restRequest).toPrettyString(): null

30-01-2025T14:25:46 - [TEST_STEP][PASSED] - println(prettyJson): null

30-01-2025T14:25:46 - [TEST_STEP][PASSED] - sendRequestTextBox.sendKeys(prettyJson): null

30-01-2025T14:25:48 - [TEST_STEP][PASSED] - utils.clickSendButton(): null

30-01-2025T14:25:48 - [TEST_STEP][PASSED] - delay(3): Delayed 3 second(s)

30-01-2025T14:25:51 - [MESSAGE][PASSED] - Delayed 3 second(s)

30-01-2025T14:25:51 - [TEST_STEP][PASSED] - response = utils.getResponse(): null

30-01-2025T14:25:54 - [TEST_STEP][PASSED] - println(response): null

30-01-2025T14:25:54 - [TEST_STEP][PASSED] - validation1 = testdata["ContainsValidation"][i]: null

30-01-2025T14:25:54 - [TEST_STEP][PASSED] - println(validation1): null

30-01-2025T14:25:54 - [TEST_STEP][PASSED] - validation2 = testdata["NotContainsValidation"][i]: null

30-01-2025T14:25:54 - [TEST_STEP][PASSED] - println(validation2): null

30-01-2025T14:25:54 - [TEST_STEP][PASSED] - println(testdata["TCNumber"][i]): null

30-01-2025T14:25:54 - [TEST_STEP][PASSED] - assert response.contains(validation1): null

30-01-2025T14:25:54 - [TEST_STEP][PASSED] - catch (AssertionError e): null

30-01-2025T14:25:54 - [TEST_STEP][PASSED] - takeScreenshot("./screenshots/Failed_Wallet_Delete.png"): Taking screenshot successfully

30-01-2025T14:25:55 - [MESSAGE][PASSED] - Taking screenshot successfully
[[ATTACHMENT|./screenshots/Failed_Wallet_Delete.png]]

30-01-2025T14:25:55 - [TEST_STEP][PASSED] - println(Assertion failed: $e.message): null

30-01-2025T14:25:55 - [TEST_STEP][PASSED] - e.printStackTrace(): null

30-01-2025T14:25:55 - [TEST_STEP][PASSED] - Finally: Browser is closed

30-01-2025T14:25:55 - [TEST_STEP][PASSED] - utils.closeBrowser(): Browser is closed

30-01-2025T14:25:57 - [MESSAGE][PASSED] - Delayed 2 second(s)

30-01-2025T14:25:57 - [MESSAGE][PASSED] - Browser is closed

30-01-2025T14:25:59 - [TEST_STEP][PASSED] - Video: Video recording for test case 'Test Cases/Web_Utilities_TestCases/Wallets/TC4_Wallet_Delete' .

30-01-2025T14:25:59 - [MESSAGE][INFO] - Video recording for test case 'Test Cases/Web_Utilities_TestCases/Wallets/TC4_Wallet_Delete' .]]></system-out>
         <system-err><![CDATA[]]></system-err>
      </testcase>
      <system-out><![CDATA[30-01-2025T14:23:34 - [TEST_SUITE][PASSED] - Wallets: Test Cases/Web_Utilities_TestCases/Wallets/TC4_Wallet_Delete]]></system-out>
      <system-err><![CDATA[]]></system-err>
   </testsuite>
</testsuites>
