<?xml version="1.0" encoding="UTF-8"?>
<testsuites name="Validations" time="110.4" tests="2" failures="0" errors="0">
   <testsuite name="Validations" tests="2" failures="0" errors="0" time="110.4" skipped="0" timestamp="16-01-2025T12:29:55" hostname="manilacel - localhost" id="Test Suites/PMT_Libraries/Validations">
      <properties>
         <property name="deviceName" value=""/>
         <property name="devicePlatform"/>
         <property name="logFolder" value="/Users/manilacel/Library/CloudStorage/OneDrive-RoyalCaribbeanGroup/PMT/Git/payment.web-utility-automation/payment.web-utility-automation/Reports/20250116_122950/PMT_Libraries/Validations/20250116_122951"/>
         <property name="logFiles" value="/Users/manilacel/Library/CloudStorage/OneDrive-RoyalCaribbeanGroup/PMT/Git/payment.web-utility-automation/payment.web-utility-automation/Reports/20250116_122950/PMT_Libraries/Validations/20250116_122951/execution0.log"/>
         <property name="attachments" value=""/>
         <property name="hostName" value="manilacel - localhost"/>
         <property name="os" value="Mac OS X 64bit"/>
         <property name="katalonVersion" value="9.5.0.217"/>
         <property name="browser" value="Chrome 131.0.0.0"/>
         <property name="hostAddress" value="127.0.0.1"/>
         <property name="sessionId" value="0aaa3299ad6c4e2687329397557e8460"/>
         <property name="seleniumVersion" value="3.141.59"/>
         <property name="proxyInformation" value="ProxyInformation { proxyOption=NO_PROXY, proxyServerType=HTTP, username=, password=********, proxyServerAddress=, proxyServerPort=0, executionList=&quot;&quot;, isApplyToDesiredCapabilities=true }"/>
         <property name="platform" value="Mac OS X"/>
      </properties>
      <testcase name="Test Cases/Web_Utilities_TestCases/Validations/TC1_PrevalidationsAndConf" time="75.284" classname="Test Cases/Web_Utilities_TestCases/Validations/TC1_PrevalidationsAndConf" status="PASSED">
         <system-out><![CDATA[16-01-2025T12:29:55 - [TEST_CASE][PASSED] - Test Cases/Web_Utilities_TestCases/Validations/TC1_PrevalidationsAndConf: Test Cases/Web_Utilities_TestCases/Validations/TC1_PrevalidationsAndConf

16-01-2025T12:30:01 - [TEST_STEP][PASSED] - try: Send request successfully

16-01-2025T12:30:01 - [TEST_STEP][PASSED] - utils.openBrowserAndNavigateToPMT(): Navigate to 'https://dev1.payment.rccl.com/payment/utilities' successfully

16-01-2025T12:30:01 - [MESSAGE][INFO] - Starting 'Chrome' driver

16-01-2025T12:30:01 - [MESSAGE][INFO] - Action delay is set to 0 milliseconds

16-01-2025T12:30:13 - [MESSAGE][PASSED] - Browser is opened with url: ''

16-01-2025T12:30:13 - [MESSAGE][PASSED] - Current window maximized

16-01-2025T12:30:18 - [MESSAGE][PASSED] - Navigate to 'https://dev1.payment.rccl.com/payment/utilities' successfully

16-01-2025T12:30:18 - [TEST_STEP][PASSED] - driver = getWebDriver(): null

16-01-2025T12:30:18 - [TEST_STEP][PASSED] - EXCEL_PATH = "./Data Files/TestData.xlsx": null

16-01-2025T12:30:18 - [TEST_STEP][PASSED] - TAB = "Validations_Prevalidations&Conf": null

16-01-2025T12:30:18 - [TEST_STEP][PASSED] - utils.goToValidations(): null

16-01-2025T12:30:20 - [TEST_STEP][PASSED] - utils.selectEnvironment(ENV): null

16-01-2025T12:30:21 - [TEST_STEP][PASSED] - testdataFromExcel = getdata.fromExcel(EXCEL_PATH, TAB): null

16-01-2025T12:30:21 - [TEST_STEP][PASSED] - clickAuthorizePayment = xpath("//a[normalize-space()='Prevalidations and Conf']")).click(): null

16-01-2025T12:30:22 - [TEST_STEP][PASSED] - for ([TestScenarioNumber = 0, TestScenarioNumber < testdataFromExcel.size(), (TestScenarioNumber++)]): Send request successfully

16-01-2025T12:30:22 - [TEST_STEP][PASSED] - TestScenarioRequiresCreateBooking = testdataFromExcel["ExecuteBookingCreationFlag"][TestScenarioNumber]: null

16-01-2025T12:30:22 - [TEST_STEP][PASSED] - if (TestScenarioRequiresCreateBooking == "Yes"): Send request successfully

16-01-2025T12:30:22 - [TEST_STEP][PASSED] - sendRequestTextBox = driver.findElement(By.xpath("//input[@id='1']")): null

16-01-2025T12:30:22 - [TEST_STEP][PASSED] - responseTextBox = driver.findElement(By.xpath("/html[1]/body[1]/div[1]/main[1]/div[1]/section[1]/div[2]/div[1]/div[1]/div[2]/div[1]/div[1]/div[1]/form[1]/div[1]/div[1]/textarea[1]")): null

16-01-2025T12:30:23 - [TEST_STEP][PASSED] - sendRequestTextBox.clear(): null

16-01-2025T12:30:23 - [TEST_STEP][PASSED] - delay(5): Delayed 5 second(s)

16-01-2025T12:30:28 - [MESSAGE][PASSED] - Delayed 5 second(s)

16-01-2025T12:30:28 - [TEST_STEP][PASSED] - getBookingData = CreateAndRetrieveBooking.Data(EXCEL_PATH, TAB, TestScenarioNumber): Send request successfully

16-01-2025T12:31:06 - [MESSAGE][INFO] - HAR: /Users/manilacel/Library/CloudStorage/OneDrive-RoyalCaribbeanGroup/PMT/Git/payment.web-utility-automation/payment.web-utility-automation/Reports/20250116_122950/PMT_Libraries/Validations/20250116_122951/requests/main/0.har

16-01-2025T12:31:06 - [MESSAGE][PASSED] - Send request successfully

16-01-2025T12:31:06 - [TEST_STEP][PASSED] - catch (Exception e): null

16-01-2025T12:31:06 - [TEST_STEP][PASSED] - println(An unexpected error occurred: $e.message): null

16-01-2025T12:31:06 - [TEST_STEP][PASSED] - e.printStackTrace(): null

16-01-2025T12:31:06 - [TEST_STEP][PASSED] - Finally: Browser is closed

16-01-2025T12:31:06 - [TEST_STEP][PASSED] - utils.closeBrowser(): Browser is closed

16-01-2025T12:31:08 - [MESSAGE][PASSED] - Delayed 2 second(s)

16-01-2025T12:31:08 - [MESSAGE][PASSED] - Browser is closed

16-01-2025T12:31:10 - [TEST_STEP][PASSED] - Video: Video recording for test case 'Test Cases/Web_Utilities_TestCases/Validations/TC1_PrevalidationsAndConf' .

16-01-2025T12:31:10 - [MESSAGE][INFO] - Video recording for test case 'Test Cases/Web_Utilities_TestCases/Validations/TC1_PrevalidationsAndConf' .]]></system-out>
         <system-err><![CDATA[]]></system-err>
      </testcase>
      <testcase name="Test Cases/Web_Utilities_TestCases/Validations/TC2_PrevalidationsByCtryOrCurr" time="34.971" classname="Test Cases/Web_Utilities_TestCases/Validations/TC2_PrevalidationsByCtryOrCurr" status="PASSED">
         <system-out><![CDATA[16-01-2025T12:31:10 - [TEST_CASE][PASSED] - Test Cases/Web_Utilities_TestCases/Validations/TC2_PrevalidationsByCtryOrCurr: Test Cases/Web_Utilities_TestCases/Validations/TC2_PrevalidationsByCtryOrCurr

16-01-2025T12:31:11 - [TEST_STEP][PASSED] - try: null

16-01-2025T12:31:11 - [TEST_STEP][PASSED] - utils.openBrowserAndNavigateToPMT(): Navigate to 'https://dev1.payment.rccl.com/payment/utilities' successfully

16-01-2025T12:31:11 - [MESSAGE][INFO] - Starting 'Chrome' driver

16-01-2025T12:31:11 - [MESSAGE][INFO] - Action delay is set to 0 milliseconds

16-01-2025T12:31:12 - [MESSAGE][PASSED] - Browser is opened with url: ''

16-01-2025T12:31:12 - [MESSAGE][PASSED] - Current window maximized

16-01-2025T12:31:15 - [MESSAGE][PASSED] - Navigate to 'https://dev1.payment.rccl.com/payment/utilities' successfully

16-01-2025T12:31:15 - [TEST_STEP][PASSED] - driver = getWebDriver(): null

16-01-2025T12:31:15 - [TEST_STEP][PASSED] - EXCEL_PATH = "./Data Files/TestData.xlsx": null

16-01-2025T12:31:15 - [TEST_STEP][PASSED] - TAB = "Validations_ByCtryOrCurr": null

16-01-2025T12:31:15 - [TEST_STEP][PASSED] - testdataFromExcel = getdata.fromExcel(EXCEL_PATH, TAB): null

16-01-2025T12:31:15 - [TEST_STEP][PASSED] - utils.goToValidations(): null

16-01-2025T12:31:18 - [TEST_STEP][PASSED] - utils.selectEnvironment(ENV): null

16-01-2025T12:31:18 - [TEST_STEP][PASSED] - clickAuthorizePayment = xpath("//a[normalize-space()='Prevalidations by Ctry/Curr']")).click(): null

16-01-2025T12:31:19 - [TEST_STEP][PASSED] - countryInput = driver.findElement(By.xpath("//input[@id='country']")): null

16-01-2025T12:31:19 - [TEST_STEP][PASSED] - currencyInput = driver.findElement(By.xpath("//input[@id='currency']")): null

16-01-2025T12:31:20 - [TEST_STEP][PASSED] - responseTextBox = driver.findElement(By.xpath("/html[1]/body[1]/div[1]/main[1]/div[1]/section[1]/div[2]/div[1]/div[1]/div[2]/div[1]/div[1]/div[1]/form[1]/div[1]/div[1]/textarea[1]")): null

16-01-2025T12:31:20 - [TEST_STEP][PASSED] - for ([TestScenarioNumber = 0, TestScenarioNumber < testdataFromExcel.size() - 1, (TestScenarioNumber++)]): null

16-01-2025T12:31:20 - [TEST_STEP][PASSED] - delay(5): Delayed 5 second(s)

16-01-2025T12:31:25 - [MESSAGE][PASSED] - Delayed 5 second(s)

16-01-2025T12:31:25 - [TEST_STEP][PASSED] - countryInput.clear(): null

16-01-2025T12:31:25 - [TEST_STEP][PASSED] - currencyInput.clear(): null

16-01-2025T12:31:25 - [TEST_STEP][PASSED] - countryData = testdataFromExcel["Country"][TestScenarioNumber]: null

16-01-2025T12:31:25 - [TEST_STEP][PASSED] - currencyData = testdataFromExcel["Currency"][TestScenarioNumber]: null

16-01-2025T12:31:25 - [TEST_STEP][PASSED] - println(countryData): null

16-01-2025T12:31:25 - [TEST_STEP][PASSED] - println(currencyData): null

16-01-2025T12:31:25 - [TEST_STEP][PASSED] - countryInput.sendKeys(countryData): null

16-01-2025T12:31:25 - [TEST_STEP][PASSED] - currencyInput.sendKeys(currencyData): null

16-01-2025T12:31:25 - [TEST_STEP][PASSED] - utils.clickSendButton(): null

16-01-2025T12:31:25 - [TEST_STEP][PASSED] - delay(5): Delayed 5 second(s)

16-01-2025T12:31:30 - [MESSAGE][PASSED] - Delayed 5 second(s)

16-01-2025T12:31:30 - [TEST_STEP][PASSED] - response = responseTextBox.getText(): null

16-01-2025T12:31:30 - [TEST_STEP][PASSED] - println(response): null

16-01-2025T12:31:30 - [TEST_STEP][PASSED] - validationString = testdataFromExcel["Validation"][TestScenarioNumber]: null

16-01-2025T12:31:30 - [TEST_STEP][PASSED] - assert response.contains(validationString): null

16-01-2025T12:31:30 - [TEST_STEP][PASSED] - println("Test Scenario Number: " + TestScenarioNumber + 1): null

16-01-2025T12:31:30 - [TEST_STEP][PASSED] - delay(5): Delayed 5 second(s)

16-01-2025T12:31:35 - [MESSAGE][PASSED] - Delayed 5 second(s)

16-01-2025T12:31:35 - [TEST_STEP][PASSED] - countryInput.clear(): null

16-01-2025T12:31:36 - [TEST_STEP][PASSED] - currencyInput.clear(): null

16-01-2025T12:31:36 - [TEST_STEP][PASSED] - countryData = testdataFromExcel["Country"][TestScenarioNumber]: null

16-01-2025T12:31:36 - [TEST_STEP][PASSED] - currencyData = testdataFromExcel["Currency"][TestScenarioNumber]: null

16-01-2025T12:31:36 - [TEST_STEP][PASSED] - println(countryData): null

16-01-2025T12:31:36 - [TEST_STEP][PASSED] - println(currencyData): null

16-01-2025T12:31:36 - [TEST_STEP][PASSED] - countryInput.sendKeys(countryData): null

16-01-2025T12:31:36 - [TEST_STEP][PASSED] - currencyInput.sendKeys(currencyData): null

16-01-2025T12:31:36 - [TEST_STEP][PASSED] - utils.clickSendButton(): null

16-01-2025T12:31:36 - [TEST_STEP][PASSED] - delay(5): Delayed 5 second(s)

16-01-2025T12:31:41 - [MESSAGE][PASSED] - Delayed 5 second(s)

16-01-2025T12:31:41 - [TEST_STEP][PASSED] - response = responseTextBox.getText(): null

16-01-2025T12:31:41 - [TEST_STEP][PASSED] - println(response): null

16-01-2025T12:31:41 - [TEST_STEP][PASSED] - validationString = testdataFromExcel["Validation"][TestScenarioNumber]: null

16-01-2025T12:31:41 - [TEST_STEP][PASSED] - assert response.contains(validationString): null

16-01-2025T12:31:41 - [TEST_STEP][PASSED] - println("Test Scenario Number: " + TestScenarioNumber + 1): null

16-01-2025T12:31:41 - [TEST_STEP][PASSED] - Finally: Browser is closed

16-01-2025T12:31:41 - [TEST_STEP][PASSED] - utils.closeBrowser(): Browser is closed

16-01-2025T12:31:43 - [MESSAGE][PASSED] - Delayed 2 second(s)

16-01-2025T12:31:43 - [MESSAGE][PASSED] - Browser is closed

16-01-2025T12:31:45 - [TEST_STEP][PASSED] - Video: Video recording for test case 'Test Cases/Web_Utilities_TestCases/Validations/TC2_PrevalidationsByCtryOrCurr' .

16-01-2025T12:31:45 - [MESSAGE][INFO] - Video recording for test case 'Test Cases/Web_Utilities_TestCases/Validations/TC2_PrevalidationsByCtryOrCurr' .]]></system-out>
         <system-err><![CDATA[]]></system-err>
      </testcase>
      <system-out><![CDATA[16-01-2025T12:29:55 - [TEST_SUITE][PASSED] - Validations: Test Cases/Web_Utilities_TestCases/Validations/TC2_PrevalidationsByCtryOrCurr]]></system-out>
      <system-err><![CDATA[]]></system-err>
   </testsuite>
</testsuites>
