<?xml version="1.0" encoding="UTF-8"?>
<testsuites name="Wallets" time="76.328" tests="5" failures="0" errors="0">
   <testsuite name="Wallets" tests="5" failures="0" errors="0" time="76.328" skipped="0" timestamp="19-09-2024T09:53:59" hostname="manilacel - localhost" id="Test Suites/PMT_Libraries/Wallets">
      <properties>
         <property name="deviceName" value=""/>
         <property name="devicePlatform"/>
         <property name="logFolder" value="/Users/manilacel/Library/CloudStorage/OneDrive-RoyalCaribbeanGroup/PMT/Git/RestructuredScript/TestingFolder/Reports/20240919_095355/PMT_Libraries/Wallets/20240919_095356"/>
         <property name="logFiles" value="/Users/manilacel/Library/CloudStorage/OneDrive-RoyalCaribbeanGroup/PMT/Git/RestructuredScript/TestingFolder/Reports/20240919_095355/PMT_Libraries/Wallets/20240919_095356/execution0.log"/>
         <property name="attachments" value=""/>
         <property name="hostName" value="manilacel - localhost"/>
         <property name="os" value="Mac OS X 64bit"/>
         <property name="katalonVersion" value="9.5.0.217"/>
         <property name="browser" value="Chrome 128.0.0.0"/>
         <property name="hostAddress" value="127.0.0.1"/>
         <property name="sessionId" value="b6226c8030718a5e2a47b80b406ce416"/>
         <property name="seleniumVersion" value="3.141.59"/>
         <property name="proxyInformation" value="ProxyInformation { proxyOption=NO_PROXY, proxyServerType=HTTP, username=, password=********, proxyServerAddress=, proxyServerPort=0, executionList=&quot;&quot;, isApplyToDesiredCapabilities=true }"/>
         <property name="platform" value="Mac OS X"/>
      </properties>
      <testcase name="Test Cases/Web_Utilities_TestCases/Wallets/TC3_Wallet_Update" time="19.995" classname="Test Cases/Web_Utilities_TestCases/Wallets/TC3_Wallet_Update" status="PASSED">
         <system-out><![CDATA[19-09-2024T09:54:00 - [TEST_CASE][PASSED] - Test Cases/Web_Utilities_TestCases/Wallets/TC3_Wallet_Update: Test Cases/Web_Utilities_TestCases/Wallets/TC3_Wallet_Update

19-09-2024T09:54:00 - [TEST_STEP][PASSED] - try: null

19-09-2024T09:54:00 - [TEST_STEP][PASSED] - utils.openBrowserAndNavigateToPMT(): Navigate to 'https://dev1.payment.rccl.com/payment/utilities' successfully

19-09-2024T09:54:01 - [MESSAGE][INFO] - Starting 'Chrome' driver

19-09-2024T09:54:01 - [MESSAGE][INFO] - Action delay is set to 0 milliseconds

19-09-2024T09:54:03 - [MESSAGE][PASSED] - Browser is opened with url: ''

19-09-2024T09:54:04 - [MESSAGE][PASSED] - Current window maximized

19-09-2024T09:54:06 - [MESSAGE][PASSED] - Navigate to 'https://dev1.payment.rccl.com/payment/utilities' successfully

19-09-2024T09:54:06 - [TEST_STEP][PASSED] - EXCEL_PATH = "./Data Files/TestData.xlsx": null

19-09-2024T09:54:06 - [TEST_STEP][PASSED] - TAB = "Wallet_Update": null

19-09-2024T09:54:06 - [TEST_STEP][PASSED] - driver = getWebDriver(): null

19-09-2024T09:54:06 - [TEST_STEP][PASSED] - utils.goToWallets(): null

19-09-2024T09:54:08 - [TEST_STEP][PASSED] - clickAuthorizePayment = xpath("//a[normalize-space()='Update']")).click(): null

19-09-2024T09:54:08 - [TEST_STEP][PASSED] - utils.selectEnvironment(ENV): null

19-09-2024T09:54:09 - [TEST_STEP][PASSED] - sendRequestTextBox = driver.findElement(By.xpath("//textarea[@name='req']")): null

19-09-2024T09:54:09 - [TEST_STEP][PASSED] - fetchGuestAccount = sendRequest(findTestObject("GuestAccount")): Send request successfully

19-09-2024T09:54:11 - [MESSAGE][INFO] - HAR: /Users/manilacel/Library/CloudStorage/OneDrive-RoyalCaribbeanGroup/PMT/Git/RestructuredScript/TestingFolder/Reports/20240919_095355/PMT_Libraries/Wallets/20240919_095356/requests/main/0.har

19-09-2024T09:54:11 - [MESSAGE][PASSED] - Send request successfully

19-09-2024T09:54:11 - [TEST_STEP][PASSED] - accountId = getElementPropertyValue(fetchGuestAccount, "payload.accountId"): null

19-09-2024T09:54:11 - [TEST_STEP][PASSED] - accessToken = getElementPropertyValue(fetchGuestAccount, "payload.accessToken"): null

19-09-2024T09:54:11 - [TEST_STEP][PASSED] - accountId = accountId: null

19-09-2024T09:54:11 - [TEST_STEP][PASSED] - accessToken = accessToken: null

19-09-2024T09:54:11 - [TEST_STEP][PASSED] - testdata = getdata.fromExcel(EXCEL_PATH, TAB): null

19-09-2024T09:54:12 - [TEST_STEP][PASSED] - for ([i = 0, i < testdata.size(), (i++)]): null

19-09-2024T09:54:12 - [TEST_STEP][PASSED] - sendRequestTextBox.clear(): null

19-09-2024T09:54:12 - [TEST_STEP][PASSED] - paymentMethod = testdata["paymentMethod"][i]: null

19-09-2024T09:54:12 - [TEST_STEP][PASSED] - cardNumber = testdata["cardNumber"][i]: null

19-09-2024T09:54:12 - [TEST_STEP][PASSED] - CNumber = cardNumber.replaceAll("\.0$", ""): null

19-09-2024T09:54:12 - [TEST_STEP][PASSED] - expirationMonth = testdata["expirationMonth"][i]: null

19-09-2024T09:54:12 - [TEST_STEP][PASSED] - xMonth = expirationMonth.replaceAll("\.0$", ""): null

19-09-2024T09:54:12 - [TEST_STEP][PASSED] - expirationYear = testdata["expirationYear"][i]: null

19-09-2024T09:54:12 - [TEST_STEP][PASSED] - xYear = expirationYear.replaceAll("\.0$", ""): null

19-09-2024T09:54:12 - [TEST_STEP][PASSED] - cardholderName = testdata["cardholderName"][i]: null

19-09-2024T09:54:12 - [TEST_STEP][PASSED] - nickName = testdata["nickName"][i]: null

19-09-2024T09:54:12 - [TEST_STEP][PASSED] - defaultPaymentMethod = testdata["defaultPaymentMethod"][i]: null

19-09-2024T09:54:12 - [TEST_STEP][PASSED] - request = {
    "paymentMethod": {
        "type": "$paymentMethod",
        "cardNumber": "$cardNumber",
        "cardholder": "$cardholderName",
        "nickname": "$nickName",
        "expirationMonth": "$expirationMonth",
        "expirationYear": "$expirationYear",
        "defaultPaymentMethod": "$defaultPaymentMethod"
    },
    "accountId": "$accountId",
    "accessToken": "$accessToken"
}: null

19-09-2024T09:54:12 - [TEST_STEP][PASSED] - restRequest = JsonSlurper().parseText(request): null

19-09-2024T09:54:12 - [TEST_STEP][PASSED] - prettyJson = JsonBuilder(restRequest).toPrettyString(): null

19-09-2024T09:54:12 - [TEST_STEP][PASSED] - println(prettyJson): null

19-09-2024T09:54:12 - [TEST_STEP][PASSED] - sendRequestTextBox.sendKeys(prettyJson): null

19-09-2024T09:54:14 - [TEST_STEP][PASSED] - utils.clickSendButton(): null

19-09-2024T09:54:14 - [TEST_STEP][PASSED] - delay(3): Delayed 3 second(s)

19-09-2024T09:54:17 - [MESSAGE][PASSED] - Delayed 3 second(s)

19-09-2024T09:54:17 - [TEST_STEP][PASSED] - response = utils.getResponse(): null

19-09-2024T09:54:17 - [TEST_STEP][PASSED] - println(response): null

19-09-2024T09:54:17 - [TEST_STEP][PASSED] - validation1 = testdata["ContainsValidation"][i]: null

19-09-2024T09:54:17 - [TEST_STEP][PASSED] - println(validation1): null

19-09-2024T09:54:17 - [TEST_STEP][PASSED] - validation2 = testdata["NotContainsValidation"][i]: null

19-09-2024T09:54:17 - [TEST_STEP][PASSED] - println(validation2): null

19-09-2024T09:54:17 - [TEST_STEP][PASSED] - println(testdata["TCNumber"][i]): null

19-09-2024T09:54:17 - [TEST_STEP][PASSED] - assert response.contains(validation1): null

19-09-2024T09:54:17 - [TEST_STEP][PASSED] - catch (AssertionError e): null

19-09-2024T09:54:17 - [TEST_STEP][PASSED] - println(Assertion failed: $e.message): null

19-09-2024T09:54:17 - [TEST_STEP][PASSED] - e.printStackTrace(): null

19-09-2024T09:54:17 - [TEST_STEP][PASSED] - Finally: Browser is closed

19-09-2024T09:54:17 - [TEST_STEP][PASSED] - utils.closeBrowser(): Browser is closed

19-09-2024T09:54:19 - [MESSAGE][PASSED] - Delayed 2 second(s)

19-09-2024T09:54:20 - [MESSAGE][PASSED] - Browser is closed]]></system-out>
         <system-err><![CDATA[]]></system-err>
      </testcase>
      <testcase name="Test Cases/Web_Utilities_TestCases/Wallets/Wallet_Get" time="8.536" classname="Test Cases/Web_Utilities_TestCases/Wallets/Wallet_Get" status="PASSED">
         <system-out><![CDATA[19-09-2024T09:54:20 - [TEST_CASE][PASSED] - Test Cases/Web_Utilities_TestCases/Wallets/Wallet_Get: Test Cases/Web_Utilities_TestCases/Wallets/Wallet_Get

19-09-2024T09:54:20 - [TEST_STEP][PASSED] - try: null

19-09-2024T09:54:20 - [TEST_STEP][PASSED] - utils.openBrowserAndNavigateToPMT(): Navigate to 'https://dev1.payment.rccl.com/payment/utilities' successfully

19-09-2024T09:54:20 - [MESSAGE][INFO] - Starting 'Chrome' driver

19-09-2024T09:54:20 - [MESSAGE][INFO] - Action delay is set to 0 milliseconds

19-09-2024T09:54:21 - [MESSAGE][PASSED] - Browser is opened with url: ''

19-09-2024T09:54:21 - [MESSAGE][PASSED] - Current window maximized

19-09-2024T09:54:24 - [MESSAGE][PASSED] - Navigate to 'https://dev1.payment.rccl.com/payment/utilities' successfully

19-09-2024T09:54:24 - [TEST_STEP][PASSED] - driver = getWebDriver(): null

19-09-2024T09:54:24 - [TEST_STEP][PASSED] - utils.goToWallets(): null

19-09-2024T09:54:25 - [TEST_STEP][PASSED] - clickAuthorizePayment = xpath("//a[normalize-space()='Get']")).click(): null

19-09-2024T09:54:25 - [TEST_STEP][PASSED] - utils.selectEnvironment(ENV): null

19-09-2024T09:54:26 - [TEST_STEP][PASSED] - Finally: Browser is closed

19-09-2024T09:54:26 - [TEST_STEP][PASSED] - utils.closeBrowser(): Browser is closed

19-09-2024T09:54:28 - [MESSAGE][PASSED] - Delayed 2 second(s)

19-09-2024T09:54:28 - [MESSAGE][PASSED] - Browser is closed]]></system-out>
         <system-err><![CDATA[]]></system-err>
      </testcase>
      <testcase name="Test Cases/Web_Utilities_TestCases/Wallets/TC2__Replace" time="16.353" classname="Test Cases/Web_Utilities_TestCases/Wallets/TC2__Replace" status="PASSED">
         <system-out><![CDATA[19-09-2024T09:54:28 - [TEST_CASE][PASSED] - Test Cases/Web_Utilities_TestCases/Wallets/TC2__Replace: Test Cases/Web_Utilities_TestCases/Wallets/TC2__Replace

19-09-2024T09:54:28 - [TEST_STEP][PASSED] - try: null

19-09-2024T09:54:28 - [TEST_STEP][PASSED] - utils.openBrowserAndNavigateToPMT(): Navigate to 'https://dev1.payment.rccl.com/payment/utilities' successfully

19-09-2024T09:54:28 - [MESSAGE][INFO] - Starting 'Chrome' driver

19-09-2024T09:54:28 - [MESSAGE][INFO] - Action delay is set to 0 milliseconds

19-09-2024T09:54:30 - [MESSAGE][PASSED] - Browser is opened with url: ''

19-09-2024T09:54:30 - [MESSAGE][PASSED] - Current window maximized

19-09-2024T09:54:32 - [MESSAGE][PASSED] - Navigate to 'https://dev1.payment.rccl.com/payment/utilities' successfully

19-09-2024T09:54:32 - [TEST_STEP][PASSED] - EXCEL_PATH = "./Data Files/TestData.xlsx": null

19-09-2024T09:54:32 - [TEST_STEP][PASSED] - TAB = "Wallet_Replace": null

19-09-2024T09:54:32 - [TEST_STEP][PASSED] - driver = getWebDriver(): null

19-09-2024T09:54:32 - [TEST_STEP][PASSED] - utils.goToWallets(): null

19-09-2024T09:54:34 - [TEST_STEP][PASSED] - clickAuthorizePayment = xpath("//a[normalize-space()='Replace']")).click(): null

19-09-2024T09:54:34 - [TEST_STEP][PASSED] - utils.selectEnvironment(ENV): null

19-09-2024T09:54:34 - [TEST_STEP][PASSED] - sendRequestTextBox = driver.findElement(By.xpath("//textarea[@name='req']")): null

19-09-2024T09:54:35 - [TEST_STEP][PASSED] - fetchGuestAccount = sendRequest(findTestObject("GuestAccount")): Send request successfully

19-09-2024T09:54:35 - [MESSAGE][INFO] - HAR: /Users/manilacel/Library/CloudStorage/OneDrive-RoyalCaribbeanGroup/PMT/Git/RestructuredScript/TestingFolder/Reports/20240919_095355/PMT_Libraries/Wallets/20240919_095356/requests/main/1.har

19-09-2024T09:54:35 - [MESSAGE][PASSED] - Send request successfully

19-09-2024T09:54:35 - [TEST_STEP][PASSED] - accountId = getElementPropertyValue(fetchGuestAccount, "payload.accountId"): null

19-09-2024T09:54:35 - [TEST_STEP][PASSED] - accessToken = getElementPropertyValue(fetchGuestAccount, "payload.accessToken"): null

19-09-2024T09:54:35 - [TEST_STEP][PASSED] - accountId = accountId: null

19-09-2024T09:54:35 - [TEST_STEP][PASSED] - accessToken = accessToken: null

19-09-2024T09:54:35 - [TEST_STEP][PASSED] - testdata = getdata.fromExcel(EXCEL_PATH, TAB): null

19-09-2024T09:54:35 - [TEST_STEP][PASSED] - for ([i = 0, i < testdata.size(), (i++)]): null

19-09-2024T09:54:35 - [TEST_STEP][PASSED] - sendRequestTextBox.clear(): null

19-09-2024T09:54:35 - [TEST_STEP][PASSED] - idToBeReplaced = testdata["idToBeReplaced"][i]: null

19-09-2024T09:54:35 - [TEST_STEP][PASSED] - paymentMethod = testdata["paymentMethod"][i]: null

19-09-2024T09:54:35 - [TEST_STEP][PASSED] - cardNumber = testdata["cardNumber"][i]: null

19-09-2024T09:54:35 - [TEST_STEP][PASSED] - CNumber = cardNumber.replaceAll("\.0$", ""): null

19-09-2024T09:54:35 - [TEST_STEP][PASSED] - expirationMonth = testdata["expirationMonth"][i]: null

19-09-2024T09:54:35 - [TEST_STEP][PASSED] - xMonth = expirationMonth.replaceAll("\.0$", ""): null

19-09-2024T09:54:35 - [TEST_STEP][PASSED] - expirationYear = testdata["expirationYear"][i]: null

19-09-2024T09:54:35 - [TEST_STEP][PASSED] - xYear = expirationYear.replaceAll("\.0$", ""): null

19-09-2024T09:54:35 - [TEST_STEP][PASSED] - cardholderName = testdata["cardholderName"][i]: null

19-09-2024T09:54:35 - [TEST_STEP][PASSED] - nickName = testdata["nickName"][i]: null

19-09-2024T09:54:35 - [TEST_STEP][PASSED] - defaultPaymentMethod = testdata["defaultPaymentMethod"][i]: null

19-09-2024T09:54:35 - [TEST_STEP][PASSED] - request = {
    "idToBeReplaced": "$idToBeReplaced",
    "paymentMethod": {
        "type": "$paymentMethod",
        "cardNumber": "$cardNumber",
        "expirationMonth": "$expirationMonth",
        "expirationYear": "$expirationYear",
        "cardholder": "$cardholderName",
        "nickname": "$nickName"
    },
    "accountId": "$accountId",
    "accessToken": "$accessToken"
}: null

19-09-2024T09:54:35 - [TEST_STEP][PASSED] - restRequest = JsonSlurper().parseText(request): null

19-09-2024T09:54:35 - [TEST_STEP][PASSED] - prettyJson = JsonBuilder(restRequest).toPrettyString(): null

19-09-2024T09:54:35 - [TEST_STEP][PASSED] - println(prettyJson): null

19-09-2024T09:54:35 - [TEST_STEP][PASSED] - sendRequestTextBox.sendKeys(prettyJson): null

19-09-2024T09:54:37 - [TEST_STEP][PASSED] - utils.clickSendButton(): null

19-09-2024T09:54:37 - [TEST_STEP][PASSED] - delay(3): Delayed 3 second(s)

19-09-2024T09:54:40 - [MESSAGE][PASSED] - Delayed 3 second(s)

19-09-2024T09:54:40 - [TEST_STEP][PASSED] - response = utils.getResponse(): null

19-09-2024T09:54:42 - [TEST_STEP][PASSED] - println(response): null

19-09-2024T09:54:42 - [TEST_STEP][PASSED] - validation1 = testdata["ContainsValidation"][i]: null

19-09-2024T09:54:42 - [TEST_STEP][PASSED] - println(validation1): null

19-09-2024T09:54:42 - [TEST_STEP][PASSED] - validation2 = testdata["NotContainsValidation"][i]: null

19-09-2024T09:54:42 - [TEST_STEP][PASSED] - println(validation2): null

19-09-2024T09:54:42 - [TEST_STEP][PASSED] - println(testdata["TCNumber"][i]): null

19-09-2024T09:54:42 - [TEST_STEP][PASSED] - assert response.contains(validation1): null

19-09-2024T09:54:42 - [TEST_STEP][PASSED] - assert response.contains(validation2) == false: null

19-09-2024T09:54:42 - [TEST_STEP][PASSED] - sendRequestTextBox.clear(): null

19-09-2024T09:54:42 - [TEST_STEP][PASSED] - idToBeReplaced = testdata["idToBeReplaced"][i]: null

19-09-2024T09:54:42 - [TEST_STEP][PASSED] - paymentMethod = testdata["paymentMethod"][i]: null

19-09-2024T09:54:42 - [TEST_STEP][PASSED] - cardNumber = testdata["cardNumber"][i]: null

19-09-2024T09:54:42 - [TEST_STEP][PASSED] - CNumber = cardNumber.replaceAll("\.0$", ""): null

19-09-2024T09:54:42 - [TEST_STEP][PASSED] - expirationMonth = testdata["expirationMonth"][i]: null

19-09-2024T09:54:42 - [TEST_STEP][PASSED] - xMonth = expirationMonth.replaceAll("\.0$", ""): null

19-09-2024T09:54:42 - [TEST_STEP][PASSED] - catch (Exception e): null

19-09-2024T09:54:42 - [TEST_STEP][PASSED] - println(An unexpected error occurred: $e.message): null

19-09-2024T09:54:42 - [TEST_STEP][PASSED] - e.printStackTrace(): null

19-09-2024T09:54:42 - [TEST_STEP][PASSED] - Finally: Browser is closed

19-09-2024T09:54:42 - [TEST_STEP][PASSED] - utils.closeBrowser(): Browser is closed

19-09-2024T09:54:44 - [MESSAGE][PASSED] - Delayed 2 second(s)

19-09-2024T09:54:44 - [MESSAGE][PASSED] - Browser is closed]]></system-out>
         <system-err><![CDATA[]]></system-err>
      </testcase>
      <testcase name="Test Cases/Web_Utilities_TestCases/Wallets/TC1_Wallet_Add" time="16.005" classname="Test Cases/Web_Utilities_TestCases/Wallets/TC1_Wallet_Add" status="PASSED">
         <system-out><![CDATA[19-09-2024T09:54:44 - [TEST_CASE][PASSED] - Test Cases/Web_Utilities_TestCases/Wallets/TC1_Wallet_Add: Test Cases/Web_Utilities_TestCases/Wallets/TC1_Wallet_Add

19-09-2024T09:54:45 - [TEST_STEP][PASSED] - try: null

19-09-2024T09:54:45 - [TEST_STEP][PASSED] - utils.openBrowserAndNavigateToPMT(): Navigate to 'https://dev1.payment.rccl.com/payment/utilities' successfully

19-09-2024T09:54:45 - [MESSAGE][INFO] - Starting 'Chrome' driver

19-09-2024T09:54:45 - [MESSAGE][INFO] - Action delay is set to 0 milliseconds

19-09-2024T09:54:46 - [MESSAGE][PASSED] - Browser is opened with url: ''

19-09-2024T09:54:46 - [MESSAGE][PASSED] - Current window maximized

19-09-2024T09:54:49 - [MESSAGE][PASSED] - Navigate to 'https://dev1.payment.rccl.com/payment/utilities' successfully

19-09-2024T09:54:49 - [TEST_STEP][PASSED] - EXCEL_PATH = "./Data Files/TestData.xlsx": null

19-09-2024T09:54:49 - [TEST_STEP][PASSED] - TAB = "Wallet_Add": null

19-09-2024T09:54:49 - [TEST_STEP][PASSED] - driver = getWebDriver(): null

19-09-2024T09:54:49 - [TEST_STEP][PASSED] - utils.goToWallets(): null

19-09-2024T09:54:50 - [TEST_STEP][PASSED] - clickAdd = xpath("//a[normalize-space()='Add']")).click(): null

19-09-2024T09:54:51 - [TEST_STEP][PASSED] - utils.selectEnvironment(ENV): null

19-09-2024T09:54:51 - [TEST_STEP][PASSED] - sendRequestTextBox = driver.findElement(By.xpath("//textarea[@name='req']")): null

19-09-2024T09:54:51 - [TEST_STEP][PASSED] - fetchGuestAccount = sendRequest(findTestObject("GuestAccount")): Send request successfully

19-09-2024T09:54:52 - [MESSAGE][INFO] - HAR: /Users/manilacel/Library/CloudStorage/OneDrive-RoyalCaribbeanGroup/PMT/Git/RestructuredScript/TestingFolder/Reports/20240919_095355/PMT_Libraries/Wallets/20240919_095356/requests/main/2.har

19-09-2024T09:54:52 - [MESSAGE][PASSED] - Send request successfully

19-09-2024T09:54:52 - [TEST_STEP][PASSED] - accountId = getElementPropertyValue(fetchGuestAccount, "payload.accountId"): null

19-09-2024T09:54:52 - [TEST_STEP][PASSED] - accessToken = getElementPropertyValue(fetchGuestAccount, "payload.accessToken"): null

19-09-2024T09:54:52 - [TEST_STEP][PASSED] - accountId = accountId: null

19-09-2024T09:54:52 - [TEST_STEP][PASSED] - accessToken = accessToken: null

19-09-2024T09:54:52 - [TEST_STEP][PASSED] - testdata = getdata.fromExcel(EXCEL_PATH, TAB): null

19-09-2024T09:54:52 - [TEST_STEP][PASSED] - for ([i = 0, i < testdata.size(), (i++)]): null

19-09-2024T09:54:52 - [TEST_STEP][PASSED] - sendRequestTextBox.clear(): null

19-09-2024T09:54:52 - [TEST_STEP][PASSED] - paymentMethod = testdata["paymentMethod"][i]: null

19-09-2024T09:54:52 - [TEST_STEP][PASSED] - cardNumber = testdata["cardNumber"][i]: null

19-09-2024T09:54:52 - [TEST_STEP][PASSED] - CNumber = cardNumber.replaceAll("\.0$", ""): null

19-09-2024T09:54:52 - [TEST_STEP][PASSED] - expirationMonth = testdata["expirationMonth"][i]: null

19-09-2024T09:54:52 - [TEST_STEP][PASSED] - xMonth = expirationMonth.replaceAll("\.0$", ""): null

19-09-2024T09:54:52 - [TEST_STEP][PASSED] - expirationYear = testdata["expirationYear"][i]: null

19-09-2024T09:54:52 - [TEST_STEP][PASSED] - xYear = expirationYear.replaceAll("\.0$", ""): null

19-09-2024T09:54:52 - [TEST_STEP][PASSED] - cardholderName = testdata["cardholderName"][i]: null

19-09-2024T09:54:52 - [TEST_STEP][PASSED] - nickName = testdata["nickName"][i]: null

19-09-2024T09:54:52 - [TEST_STEP][PASSED] - defaultPaymentMethod = testdata["defaultPaymentMethod"][i]: null

19-09-2024T09:54:52 - [TEST_STEP][PASSED] - request = {
    "paymentMethod": {
        "type": "$paymentMethod",
        "cardNumber": "$cardNumber",
        "expirationMonth": "$expirationMonth",
        "expirationYear": "$expirationYear",
        "cardholder": "$cardholderName",
        "nickname": "$nickName",
        "defaultPaymentMethod": "$defaultPaymentMethod"
    },
    "accountId": "$accountId",
    "accessToken": "$accessToken"
}: null

19-09-2024T09:54:52 - [TEST_STEP][PASSED] - restRequest = JsonSlurper().parseText(request): null

19-09-2024T09:54:52 - [TEST_STEP][PASSED] - prettyJson = JsonBuilder(restRequest).toPrettyString(): null

19-09-2024T09:54:52 - [TEST_STEP][PASSED] - println(prettyJson): null

19-09-2024T09:54:52 - [TEST_STEP][PASSED] - sendRequestTextBox.sendKeys(prettyJson): null

19-09-2024T09:54:53 - [TEST_STEP][PASSED] - utils.clickSendButton(): null

19-09-2024T09:54:54 - [TEST_STEP][PASSED] - delay(3): Delayed 3 second(s)

19-09-2024T09:54:57 - [MESSAGE][PASSED] - Delayed 3 second(s)

19-09-2024T09:54:57 - [TEST_STEP][PASSED] - response = utils.getResponse(): null

19-09-2024T09:54:58 - [TEST_STEP][PASSED] - println(response): null

19-09-2024T09:54:58 - [TEST_STEP][PASSED] - validation1 = testdata["ContainsValidation"][i]: null

19-09-2024T09:54:58 - [TEST_STEP][PASSED] - println(validation1): null

19-09-2024T09:54:58 - [TEST_STEP][PASSED] - validation2 = testdata["NotContainsValidation"][i]: null

19-09-2024T09:54:58 - [TEST_STEP][PASSED] - println(validation2): null

19-09-2024T09:54:58 - [TEST_STEP][PASSED] - println(testdata["TCNumber"][i]): null

19-09-2024T09:54:58 - [TEST_STEP][PASSED] - assert response.contains(validation1): null

19-09-2024T09:54:58 - [TEST_STEP][PASSED] - catch (AssertionError e): null

19-09-2024T09:54:58 - [TEST_STEP][PASSED] - println(Assertion failed: $e.message): null

19-09-2024T09:54:58 - [TEST_STEP][PASSED] - e.printStackTrace(): null

19-09-2024T09:54:58 - [TEST_STEP][PASSED] - Finally: Browser is closed

19-09-2024T09:54:58 - [TEST_STEP][PASSED] - utils.closeBrowser(): Browser is closed

19-09-2024T09:55:00 - [MESSAGE][PASSED] - Delayed 2 second(s)

19-09-2024T09:55:00 - [MESSAGE][PASSED] - Browser is closed]]></system-out>
         <system-err><![CDATA[]]></system-err>
      </testcase>
      <testcase name="Test Cases/Web_Utilities_TestCases/Wallets/TC4_Wallet_Delete" time="15.27" classname="Test Cases/Web_Utilities_TestCases/Wallets/TC4_Wallet_Delete" status="PASSED">
         <system-out><![CDATA[19-09-2024T09:55:00 - [TEST_CASE][PASSED] - Test Cases/Web_Utilities_TestCases/Wallets/TC4_Wallet_Delete: Test Cases/Web_Utilities_TestCases/Wallets/TC4_Wallet_Delete

19-09-2024T09:55:01 - [TEST_STEP][PASSED] - try: null

19-09-2024T09:55:01 - [TEST_STEP][PASSED] - utils.openBrowserAndNavigateToPMT(): Navigate to 'https://dev1.payment.rccl.com/payment/utilities' successfully

19-09-2024T09:55:01 - [MESSAGE][INFO] - Starting 'Chrome' driver

19-09-2024T09:55:01 - [MESSAGE][INFO] - Action delay is set to 0 milliseconds

19-09-2024T09:55:02 - [MESSAGE][PASSED] - Browser is opened with url: ''

19-09-2024T09:55:03 - [MESSAGE][PASSED] - Current window maximized

19-09-2024T09:55:05 - [MESSAGE][PASSED] - Navigate to 'https://dev1.payment.rccl.com/payment/utilities' successfully

19-09-2024T09:55:05 - [TEST_STEP][PASSED] - EXCEL_PATH = "./Data Files/TestData.xlsx": null

19-09-2024T09:55:05 - [TEST_STEP][PASSED] - TAB = "Wallet_Delete": null

19-09-2024T09:55:05 - [TEST_STEP][PASSED] - driver = getWebDriver(): null

19-09-2024T09:55:05 - [TEST_STEP][PASSED] - utils.goToWallets(): null

19-09-2024T09:55:06 - [TEST_STEP][PASSED] - clickAuthorizePayment = xpath("//a[normalize-space()='Delete']")).click(): null

19-09-2024T09:55:07 - [TEST_STEP][PASSED] - utils.selectEnvironment(ENV): null

19-09-2024T09:55:07 - [TEST_STEP][PASSED] - sendRequestTextBox = driver.findElement(By.xpath("//textarea[@name='req']")): null

19-09-2024T09:55:07 - [TEST_STEP][PASSED] - fetchGuestAccount = sendRequest(findTestObject("GuestAccount")): Send request successfully

19-09-2024T09:55:08 - [MESSAGE][INFO] - HAR: /Users/manilacel/Library/CloudStorage/OneDrive-RoyalCaribbeanGroup/PMT/Git/RestructuredScript/TestingFolder/Reports/20240919_095355/PMT_Libraries/Wallets/20240919_095356/requests/main/3.har

19-09-2024T09:55:08 - [MESSAGE][PASSED] - Send request successfully

19-09-2024T09:55:08 - [TEST_STEP][PASSED] - accountId = getElementPropertyValue(fetchGuestAccount, "payload.accountId"): null

19-09-2024T09:55:08 - [TEST_STEP][PASSED] - accessToken = getElementPropertyValue(fetchGuestAccount, "payload.accessToken"): null

19-09-2024T09:55:08 - [TEST_STEP][PASSED] - accountId = accountId: null

19-09-2024T09:55:08 - [TEST_STEP][PASSED] - accessToken = accessToken: null

19-09-2024T09:55:08 - [TEST_STEP][PASSED] - testdata = getdata.fromExcel(EXCEL_PATH, TAB): null

19-09-2024T09:55:08 - [TEST_STEP][PASSED] - for ([i = 0, i < testdata.size(), (i++)]): null

19-09-2024T09:55:08 - [TEST_STEP][PASSED] - sendRequestTextBox.clear(): null

19-09-2024T09:55:08 - [TEST_STEP][PASSED] - cardNumber = testdata["cardNumber"][i]: null

19-09-2024T09:55:08 - [TEST_STEP][PASSED] - CNumber = cardNumber.replaceAll("\.0$", ""): null

19-09-2024T09:55:08 - [TEST_STEP][PASSED] - expirationMonth = testdata["expirationMonth"][i]: null

19-09-2024T09:55:08 - [TEST_STEP][PASSED] - xMonth = expirationMonth.replaceAll("\.0$", ""): null

19-09-2024T09:55:08 - [TEST_STEP][PASSED] - expirationYear = testdata["expirationYear"][i]: null

19-09-2024T09:55:08 - [TEST_STEP][PASSED] - xYear = expirationYear.replaceAll("\.0$", ""): null

19-09-2024T09:55:08 - [TEST_STEP][PASSED] - request = {
		"cardNumber": "$cardNumber",
		"expirationMonth": "$expirationMonth",
		"expirationYear": "$expirationYear",
		"accessToken": "$accountId",
		"accountId": "$accessToken"
		}: null

19-09-2024T09:55:08 - [TEST_STEP][PASSED] - restRequest = JsonSlurper().parseText(request): null

19-09-2024T09:55:08 - [TEST_STEP][PASSED] - prettyJson = JsonBuilder(restRequest).toPrettyString(): null

19-09-2024T09:55:08 - [TEST_STEP][PASSED] - println(prettyJson): null

19-09-2024T09:55:08 - [TEST_STEP][PASSED] - sendRequestTextBox.sendKeys(prettyJson): null

19-09-2024T09:55:09 - [TEST_STEP][PASSED] - utils.clickSendButton(): null

19-09-2024T09:55:10 - [TEST_STEP][PASSED] - delay(3): Delayed 3 second(s)

19-09-2024T09:55:13 - [MESSAGE][PASSED] - Delayed 3 second(s)

19-09-2024T09:55:13 - [TEST_STEP][PASSED] - response = utils.getResponse(): null

19-09-2024T09:55:14 - [TEST_STEP][PASSED] - println(response): null

19-09-2024T09:55:14 - [TEST_STEP][PASSED] - validation1 = testdata["ContainsValidation"][i]: null

19-09-2024T09:55:14 - [TEST_STEP][PASSED] - println(validation1): null

19-09-2024T09:55:14 - [TEST_STEP][PASSED] - validation2 = testdata["NotContainsValidation"][i]: null

19-09-2024T09:55:14 - [TEST_STEP][PASSED] - println(validation2): null

19-09-2024T09:55:14 - [TEST_STEP][PASSED] - println(testdata["TCNumber"][i]): null

19-09-2024T09:55:14 - [TEST_STEP][PASSED] - assert response.contains(validation1): null

19-09-2024T09:55:14 - [TEST_STEP][PASSED] - catch (AssertionError e): null

19-09-2024T09:55:14 - [TEST_STEP][PASSED] - println(Assertion failed: $e.message): null

19-09-2024T09:55:14 - [TEST_STEP][PASSED] - e.printStackTrace(): null

19-09-2024T09:55:14 - [TEST_STEP][PASSED] - Finally: Browser is closed

19-09-2024T09:55:14 - [TEST_STEP][PASSED] - utils.closeBrowser(): Browser is closed

19-09-2024T09:55:16 - [MESSAGE][PASSED] - Delayed 2 second(s)

19-09-2024T09:55:16 - [MESSAGE][PASSED] - Browser is closed]]></system-out>
         <system-err><![CDATA[]]></system-err>
      </testcase>
      <system-out><![CDATA[19-09-2024T09:53:59 - [TEST_SUITE][PASSED] - Wallets: Test Cases/Web_Utilities_TestCases/Wallets/TC4_Wallet_Delete]]></system-out>
      <system-err><![CDATA[]]></system-err>
   </testsuite>
</testsuites>
