<?xml version="1.0" encoding="UTF-8"?>
<testsuites name="Validations" time="68.75" tests="2" failures="0" errors="0">
   <testsuite name="Validations" tests="2" failures="0" errors="0" time="68.75" skipped="0" timestamp="25-09-2024T15:31:43" hostname="manilacel - localhost" id="Test Suites/PMT_Libraries/Validations">
      <properties>
         <property name="deviceName" value=""/>
         <property name="devicePlatform"/>
         <property name="logFolder" value="/Users/manilacel/Library/CloudStorage/OneDrive-RoyalCaribbeanGroup/PMT/Git/RestructuredScript/TestingFolder/Reports/20240925_153138/PMT_Libraries/Validations/20240925_153139"/>
         <property name="logFiles" value="/Users/manilacel/Library/CloudStorage/OneDrive-RoyalCaribbeanGroup/PMT/Git/RestructuredScript/TestingFolder/Reports/20240925_153138/PMT_Libraries/Validations/20240925_153139/execution0.log"/>
         <property name="attachments" value=""/>
         <property name="hostName" value="manilacel - localhost"/>
         <property name="os" value="Mac OS X 64bit"/>
         <property name="katalonVersion" value="9.5.0.217"/>
         <property name="browser" value="Chrome 129.0.0.0"/>
         <property name="hostAddress" value="127.0.0.1"/>
         <property name="sessionId" value="4976e2c438142e0e3225c6fb72e067c9"/>
         <property name="seleniumVersion" value="3.141.59"/>
         <property name="proxyInformation" value="ProxyInformation { proxyOption=NO_PROXY, proxyServerType=HTTP, username=, password=********, proxyServerAddress=, proxyServerPort=0, executionList=&quot;&quot;, isApplyToDesiredCapabilities=true }"/>
         <property name="platform" value="Mac OS X"/>
      </properties>
      <testcase name="Test Cases/Web_Utilities_TestCases/Validations/TC1_PrevalidationsAndConf" time="32.336" classname="Test Cases/Web_Utilities_TestCases/Validations/TC1_PrevalidationsAndConf" status="PASSED">
         <system-out><![CDATA[25-09-2024T15:31:43 - [TEST_CASE][PASSED] - Test Cases/Web_Utilities_TestCases/Validations/TC1_PrevalidationsAndConf: Test Cases/Web_Utilities_TestCases/Validations/TC1_PrevalidationsAndConf

25-09-2024T15:31:44 - [TEST_STEP][PASSED] - try: Send request successfully

25-09-2024T15:31:44 - [TEST_STEP][PASSED] - utils.openBrowserAndNavigateToPMT(): Navigate to 'https://dev1.payment.rccl.com/payment/utilities' successfully

25-09-2024T15:31:44 - [MESSAGE][INFO] - Starting 'Chrome' driver

25-09-2024T15:31:44 - [MESSAGE][INFO] - Action delay is set to 0 milliseconds

25-09-2024T15:31:47 - [MESSAGE][PASSED] - Browser is opened with url: ''

25-09-2024T15:31:48 - [MESSAGE][PASSED] - Current window maximized

25-09-2024T15:31:52 - [MESSAGE][PASSED] - Navigate to 'https://dev1.payment.rccl.com/payment/utilities' successfully

25-09-2024T15:31:52 - [TEST_STEP][PASSED] - driver = getWebDriver(): null

25-09-2024T15:31:52 - [TEST_STEP][PASSED] - EXCEL_PATH = "./Data Files/TestData.xlsx": null

25-09-2024T15:31:52 - [TEST_STEP][PASSED] - TAB = "Validations_Prevalidations&Conf": null

25-09-2024T15:31:52 - [TEST_STEP][PASSED] - utils.goToValidations(): null

25-09-2024T15:31:55 - [TEST_STEP][PASSED] - utils.selectEnvironment(ENV): null

25-09-2024T15:31:56 - [TEST_STEP][PASSED] - testdataFromExcel = getdata.fromExcel(EXCEL_PATH, TAB): null

25-09-2024T15:31:56 - [TEST_STEP][PASSED] - clickAuthorizePayment = xpath("//a[normalize-space()='Prevalidations and Conf']")).click(): null

25-09-2024T15:31:57 - [TEST_STEP][PASSED] - for ([TestScenarioNumber = 0, TestScenarioNumber < testdataFromExcel.size(), (TestScenarioNumber++)]): Send request successfully

25-09-2024T15:31:57 - [TEST_STEP][PASSED] - TestScenarioRequiresCreateBooking = testdataFromExcel["ExecuteBookingCreationFlag"][TestScenarioNumber]: null

25-09-2024T15:31:57 - [TEST_STEP][PASSED] - if (TestScenarioRequiresCreateBooking == "Yes"): Send request successfully

25-09-2024T15:31:57 - [TEST_STEP][PASSED] - sendRequestTextBox = driver.findElement(By.xpath("//input[@id='1']")): null

25-09-2024T15:31:57 - [TEST_STEP][PASSED] - responseTextBox = driver.findElement(By.xpath("/html[1]/body[1]/div[1]/main[1]/div[1]/section[1]/div[2]/div[1]/div[1]/div[2]/div[1]/div[1]/div[1]/form[1]/div[1]/div[1]/textarea[1]")): null

25-09-2024T15:31:57 - [TEST_STEP][PASSED] - sendRequestTextBox.clear(): null

25-09-2024T15:31:58 - [TEST_STEP][PASSED] - delay(5): Delayed 5 second(s)

25-09-2024T15:32:03 - [MESSAGE][PASSED] - Delayed 5 second(s)

25-09-2024T15:32:03 - [TEST_STEP][PASSED] - getBookingData = CreateAndRetrieveBooking.Data(EXCEL_PATH, TAB, TestScenarioNumber): Send request successfully

25-09-2024T15:32:13 - [MESSAGE][INFO] - HAR: /Users/manilacel/Library/CloudStorage/OneDrive-RoyalCaribbeanGroup/PMT/Git/RestructuredScript/TestingFolder/Reports/20240925_153138/PMT_Libraries/Validations/20240925_153139/requests/main/0.har

25-09-2024T15:32:13 - [MESSAGE][PASSED] - Send request successfully

25-09-2024T15:32:13 - [TEST_STEP][PASSED] - catch (Exception e): null

25-09-2024T15:32:13 - [TEST_STEP][PASSED] - println(An unexpected error occurred: $e.message): null

25-09-2024T15:32:13 - [TEST_STEP][PASSED] - e.printStackTrace(): null

25-09-2024T15:32:13 - [TEST_STEP][PASSED] - Finally: Browser is closed

25-09-2024T15:32:13 - [TEST_STEP][PASSED] - utils.closeBrowser(): Browser is closed

25-09-2024T15:32:15 - [MESSAGE][PASSED] - Delayed 2 second(s)

25-09-2024T15:32:15 - [MESSAGE][PASSED] - Browser is closed]]></system-out>
         <system-err><![CDATA[]]></system-err>
      </testcase>
      <testcase name="Test Cases/Web_Utilities_TestCases/Validations/TC2_PrevalidationsByCtryOrCurr" time="36.251" classname="Test Cases/Web_Utilities_TestCases/Validations/TC2_PrevalidationsByCtryOrCurr" status="PASSED">
         <system-out><![CDATA[25-09-2024T15:32:15 - [TEST_CASE][PASSED] - Test Cases/Web_Utilities_TestCases/Validations/TC2_PrevalidationsByCtryOrCurr: Test Cases/Web_Utilities_TestCases/Validations/TC2_PrevalidationsByCtryOrCurr

25-09-2024T15:32:15 - [TEST_STEP][PASSED] - try: null

25-09-2024T15:32:15 - [TEST_STEP][PASSED] - utils.openBrowserAndNavigateToPMT(): Navigate to 'https://dev1.payment.rccl.com/payment/utilities' successfully

25-09-2024T15:32:15 - [MESSAGE][INFO] - Starting 'Chrome' driver

25-09-2024T15:32:15 - [MESSAGE][INFO] - Action delay is set to 0 milliseconds

25-09-2024T15:32:17 - [MESSAGE][PASSED] - Browser is opened with url: ''

25-09-2024T15:32:17 - [MESSAGE][PASSED] - Current window maximized

25-09-2024T15:32:22 - [MESSAGE][PASSED] - Navigate to 'https://dev1.payment.rccl.com/payment/utilities' successfully

25-09-2024T15:32:22 - [TEST_STEP][PASSED] - driver = getWebDriver(): null

25-09-2024T15:32:22 - [TEST_STEP][PASSED] - EXCEL_PATH = "./Data Files/TestData.xlsx": null

25-09-2024T15:32:22 - [TEST_STEP][PASSED] - TAB = "Validations_ByCtryOrCurr": null

25-09-2024T15:32:22 - [TEST_STEP][PASSED] - testdataFromExcel = getdata.fromExcel(EXCEL_PATH, TAB): null

25-09-2024T15:32:22 - [TEST_STEP][PASSED] - utils.goToValidations(): null

25-09-2024T15:32:25 - [TEST_STEP][PASSED] - utils.selectEnvironment(ENV): null

25-09-2024T15:32:26 - [TEST_STEP][PASSED] - clickAuthorizePayment = xpath("//a[normalize-space()='Prevalidations by Ctry/Curr']")).click(): null

25-09-2024T15:32:27 - [TEST_STEP][PASSED] - countryInput = driver.findElement(By.xpath("//input[@id='country']")): null

25-09-2024T15:32:27 - [TEST_STEP][PASSED] - currencyInput = driver.findElement(By.xpath("//input[@id='currency']")): null

25-09-2024T15:32:27 - [TEST_STEP][PASSED] - responseTextBox = driver.findElement(By.xpath("/html[1]/body[1]/div[1]/main[1]/div[1]/section[1]/div[2]/div[1]/div[1]/div[2]/div[1]/div[1]/div[1]/form[1]/div[1]/div[1]/textarea[1]")): null

25-09-2024T15:32:28 - [TEST_STEP][PASSED] - for ([TestScenarioNumber = 0, TestScenarioNumber < testdataFromExcel.size() - 1, (TestScenarioNumber++)]): null

25-09-2024T15:32:28 - [TEST_STEP][PASSED] - delay(5): Delayed 5 second(s)

25-09-2024T15:32:33 - [MESSAGE][PASSED] - Delayed 5 second(s)

25-09-2024T15:32:33 - [TEST_STEP][PASSED] - countryInput.clear(): null

25-09-2024T15:32:33 - [TEST_STEP][PASSED] - currencyInput.clear(): null

25-09-2024T15:32:33 - [TEST_STEP][PASSED] - countryData = testdataFromExcel["Country"][TestScenarioNumber]: null

25-09-2024T15:32:33 - [TEST_STEP][PASSED] - currencyData = testdataFromExcel["Currency"][TestScenarioNumber]: null

25-09-2024T15:32:33 - [TEST_STEP][PASSED] - println(countryData): null

25-09-2024T15:32:33 - [TEST_STEP][PASSED] - println(currencyData): null

25-09-2024T15:32:33 - [TEST_STEP][PASSED] - countryInput.sendKeys(countryData): null

25-09-2024T15:32:33 - [TEST_STEP][PASSED] - currencyInput.sendKeys(currencyData): null

25-09-2024T15:32:33 - [TEST_STEP][PASSED] - utils.clickSendButton(): null

25-09-2024T15:32:34 - [TEST_STEP][PASSED] - delay(5): Delayed 5 second(s)

25-09-2024T15:32:39 - [MESSAGE][PASSED] - Delayed 5 second(s)

25-09-2024T15:32:39 - [TEST_STEP][PASSED] - response = responseTextBox.getText(): null

25-09-2024T15:32:39 - [TEST_STEP][PASSED] - println(response): null

25-09-2024T15:32:39 - [TEST_STEP][PASSED] - validationString = testdataFromExcel["Validation"][TestScenarioNumber]: null

25-09-2024T15:32:39 - [TEST_STEP][PASSED] - assert response.contains(validationString): null

25-09-2024T15:32:39 - [TEST_STEP][PASSED] - println("Test Scenario Number: " + TestScenarioNumber + 1): null

25-09-2024T15:32:39 - [TEST_STEP][PASSED] - delay(5): Delayed 5 second(s)

25-09-2024T15:32:44 - [MESSAGE][PASSED] - Delayed 5 second(s)

25-09-2024T15:32:44 - [TEST_STEP][PASSED] - countryInput.clear(): null

25-09-2024T15:32:44 - [TEST_STEP][PASSED] - currencyInput.clear(): null

25-09-2024T15:32:44 - [TEST_STEP][PASSED] - countryData = testdataFromExcel["Country"][TestScenarioNumber]: null

25-09-2024T15:32:44 - [TEST_STEP][PASSED] - currencyData = testdataFromExcel["Currency"][TestScenarioNumber]: null

25-09-2024T15:32:44 - [TEST_STEP][PASSED] - println(countryData): null

25-09-2024T15:32:44 - [TEST_STEP][PASSED] - println(currencyData): null

25-09-2024T15:32:44 - [TEST_STEP][PASSED] - countryInput.sendKeys(countryData): null

25-09-2024T15:32:44 - [TEST_STEP][PASSED] - currencyInput.sendKeys(currencyData): null

25-09-2024T15:32:44 - [TEST_STEP][PASSED] - utils.clickSendButton(): null

25-09-2024T15:32:44 - [TEST_STEP][PASSED] - delay(5): Delayed 5 second(s)

25-09-2024T15:32:49 - [MESSAGE][PASSED] - Delayed 5 second(s)

25-09-2024T15:32:49 - [TEST_STEP][PASSED] - response = responseTextBox.getText(): null

25-09-2024T15:32:49 - [TEST_STEP][PASSED] - println(response): null

25-09-2024T15:32:49 - [TEST_STEP][PASSED] - validationString = testdataFromExcel["Validation"][TestScenarioNumber]: null

25-09-2024T15:32:49 - [TEST_STEP][PASSED] - assert response.contains(validationString): null

25-09-2024T15:32:49 - [TEST_STEP][PASSED] - println("Test Scenario Number: " + TestScenarioNumber + 1): null

25-09-2024T15:32:49 - [TEST_STEP][PASSED] - Finally: Browser is closed

25-09-2024T15:32:49 - [TEST_STEP][PASSED] - utils.closeBrowser(): Browser is closed

25-09-2024T15:32:51 - [MESSAGE][PASSED] - Delayed 2 second(s)

25-09-2024T15:32:51 - [MESSAGE][PASSED] - Browser is closed]]></system-out>
         <system-err><![CDATA[]]></system-err>
      </testcase>
      <system-out><![CDATA[25-09-2024T15:31:43 - [TEST_SUITE][PASSED] - Validations: Test Cases/Web_Utilities_TestCases/Validations/TC2_PrevalidationsByCtryOrCurr]]></system-out>
      <system-err><![CDATA[]]></system-err>
   </testsuite>
</testsuites>
