<?xml version="1.0" encoding="UTF-8"?>
<testsuites name="GiftCard" time="46.284" tests="1" failures="0" errors="0">
   <testsuite name="GiftCard" tests="1" failures="0" errors="0" time="46.284" skipped="0" timestamp="19-09-2024T11:17:47" hostname="manilacel - localhost" id="Test Suites/PMT_Libraries/GiftCard">
      <properties>
         <property name="deviceName" value=""/>
         <property name="devicePlatform"/>
         <property name="logFolder" value="/Users/manilacel/Library/CloudStorage/OneDrive-RoyalCaribbeanGroup/PMT/Git/RestructuredScript/TestingFolder/Reports/20240919_111733/PMT_Libraries/GiftCard/20240919_111736"/>
         <property name="logFiles" value="/Users/manilacel/Library/CloudStorage/OneDrive-RoyalCaribbeanGroup/PMT/Git/RestructuredScript/TestingFolder/Reports/20240919_111733/PMT_Libraries/GiftCard/20240919_111736/execution0.log"/>
         <property name="attachments" value=""/>
         <property name="hostName" value="manilacel - localhost"/>
         <property name="os" value="Mac OS X 64bit"/>
         <property name="katalonVersion" value="9.5.0.217"/>
         <property name="browser" value="Chrome 128.0.0.0"/>
         <property name="hostAddress" value="127.0.0.1"/>
         <property name="sessionId" value="20bdf8c4f1df1d80232af48893f6c840"/>
         <property name="seleniumVersion" value="3.141.59"/>
         <property name="proxyInformation" value="ProxyInformation { proxyOption=NO_PROXY, proxyServerType=HTTP, username=, password=********, proxyServerAddress=, proxyServerPort=0, executionList=&quot;&quot;, isApplyToDesiredCapabilities=true }"/>
         <property name="platform" value="Mac OS X"/>
      </properties>
      <testcase name="Test Cases/Web_Utilities_TestCases/GiftCard/TC1_GiftCard_GetBalance" time="46.072" classname="Test Cases/Web_Utilities_TestCases/GiftCard/TC1_GiftCard_GetBalance" status="PASSED">
         <system-out><![CDATA[19-09-2024T11:17:47 - [TEST_CASE][PASSED] - Test Cases/Web_Utilities_TestCases/GiftCard/TC1_GiftCard_GetBalance: Test Cases/Web_Utilities_TestCases/GiftCard/TC1_GiftCard_GetBalance

19-09-2024T11:17:49 - [TEST_STEP][PASSED] - try: null

19-09-2024T11:17:49 - [TEST_STEP][PASSED] - utils.openBrowserAndNavigateToPMT(): Navigate to 'https://dev1.payment.rccl.com/payment/utilities' successfully

19-09-2024T11:17:49 - [MESSAGE][INFO] - Starting 'Chrome' driver

19-09-2024T11:17:49 - [MESSAGE][INFO] - Action delay is set to 0 milliseconds

19-09-2024T11:17:54 - [MESSAGE][PASSED] - Browser is opened with url: ''

19-09-2024T11:17:55 - [MESSAGE][PASSED] - Current window maximized

19-09-2024T11:17:59 - [MESSAGE][PASSED] - Navigate to 'https://dev1.payment.rccl.com/payment/utilities' successfully

19-09-2024T11:17:59 - [TEST_STEP][PASSED] - EXCEL_PATH = "./Data Files/TestData.xlsx": null

19-09-2024T11:17:59 - [TEST_STEP][PASSED] - TAB = "GiftCards": null

19-09-2024T11:17:59 - [TEST_STEP][PASSED] - driver = getWebDriver(): null

19-09-2024T11:17:59 - [TEST_STEP][PASSED] - utils.goToGiftCards(): null

19-09-2024T11:18:01 - [TEST_STEP][PASSED] - utils.selectEnvironment(ENV): null

19-09-2024T11:18:02 - [TEST_STEP][PASSED] - sendRequestTextBox = driver.findElement(By.xpath("//textarea[@name='req']")): null

19-09-2024T11:18:02 - [TEST_STEP][PASSED] - testdata = getdata.fromExcel(EXCEL_PATH, "GiftCards"): null

19-09-2024T11:18:04 - [TEST_STEP][PASSED] - for ([i = 0, i < testdata.size(), (i++)]): null

19-09-2024T11:18:04 - [TEST_STEP][PASSED] - delay(5): Delayed 5 second(s)

19-09-2024T11:18:09 - [MESSAGE][PASSED] - Delayed 5 second(s)

19-09-2024T11:18:09 - [TEST_STEP][PASSED] - sendRequestTextBox.clear(): null

19-09-2024T11:18:09 - [TEST_STEP][PASSED] - cardNumber = testdata["cardNumber"][i]: null

19-09-2024T11:18:09 - [TEST_STEP][PASSED] - CNumber = cardNumber.replaceAll("\.0$", ""): null

19-09-2024T11:18:09 - [TEST_STEP][PASSED] - expirationMonth = testdata["expirationMonth"][i]: null

19-09-2024T11:18:09 - [TEST_STEP][PASSED] - xMonth = expirationMonth.replaceAll("\.0$", ""): null

19-09-2024T11:18:09 - [TEST_STEP][PASSED] - expirationYear = testdata["expirationYear"][i]: null

19-09-2024T11:18:09 - [TEST_STEP][PASSED] - xYear = expirationYear.replaceAll("\.0$", ""): null

19-09-2024T11:18:09 - [TEST_STEP][PASSED] - securityCode = testdata["securityCode"][i]: null

19-09-2024T11:18:09 - [TEST_STEP][PASSED] - SC = securityCode.replaceAll("\.0$", ""): null

19-09-2024T11:18:09 - [TEST_STEP][PASSED] - request = {
			"cardNumber": "$cardNumber",
			"expirationMonth": "$expirationMonth",
			"expirationYear": "$expirationYear",
			"securityCode": "$securityCode"
			}: null

19-09-2024T11:18:09 - [TEST_STEP][PASSED] - restRequest = JsonSlurper().parseText(request): null

19-09-2024T11:18:09 - [TEST_STEP][PASSED] - prettyJson = JsonBuilder(restRequest).toPrettyString(): null

19-09-2024T11:18:09 - [TEST_STEP][PASSED] - println(prettyJson): null

19-09-2024T11:18:09 - [TEST_STEP][PASSED] - sendRequestTextBox.sendKeys(prettyJson): null

19-09-2024T11:18:09 - [TEST_STEP][PASSED] - utils.clickSendButton(): null

19-09-2024T11:18:10 - [TEST_STEP][PASSED] - delay(3): Delayed 3 second(s)

19-09-2024T11:18:13 - [MESSAGE][PASSED] - Delayed 3 second(s)

19-09-2024T11:18:13 - [TEST_STEP][PASSED] - response = utils.getResponse(): null

19-09-2024T11:18:30 - [TEST_STEP][PASSED] - println(response): null

19-09-2024T11:18:30 - [TEST_STEP][PASSED] - validation1 = testdata["ContainsValidation"][i]: null

19-09-2024T11:18:30 - [TEST_STEP][PASSED] - println(validation1): null

19-09-2024T11:18:30 - [TEST_STEP][PASSED] - validation2 = testdata["NotContainsValidation"][i]: null

19-09-2024T11:18:30 - [TEST_STEP][PASSED] - println(validation2): null

19-09-2024T11:18:30 - [TEST_STEP][PASSED] - println(testdata["TCNumber"][i]): null

19-09-2024T11:18:30 - [TEST_STEP][PASSED] - assert response.contains(validation1): null

19-09-2024T11:18:31 - [TEST_STEP][PASSED] - catch (AssertionError e): null

19-09-2024T11:18:31 - [TEST_STEP][PASSED] - println(Assertion failed: $e.message): null

19-09-2024T11:18:31 - [TEST_STEP][PASSED] - e.printStackTrace(): null

19-09-2024T11:18:31 - [TEST_STEP][PASSED] - Finally: Browser is closed

19-09-2024T11:18:31 - [TEST_STEP][PASSED] - utils.closeBrowser(): Browser is closed

19-09-2024T11:18:33 - [MESSAGE][PASSED] - Delayed 2 second(s)

19-09-2024T11:18:33 - [MESSAGE][PASSED] - Browser is closed]]></system-out>
         <system-err><![CDATA[]]></system-err>
      </testcase>
      <system-out><![CDATA[19-09-2024T11:17:47 - [TEST_SUITE][PASSED] - GiftCard: Test Cases/Web_Utilities_TestCases/GiftCard/TC1_GiftCard_GetBalance]]></system-out>
      <system-err><![CDATA[]]></system-err>
   </testsuite>
</testsuites>
