<?xml version="1.0" encoding="UTF-8"?>
<testsuites name="GiftCard" time="119.235" tests="1" failures="0" errors="0">
   <testsuite name="GiftCard" tests="1" failures="0" errors="0" time="119.235" skipped="0" timestamp="16-10-2024T15:08:25" hostname="manilacel - localhost" id="Test Suites/PMT_Libraries/GiftCard">
      <properties>
         <property name="deviceName" value=""/>
         <property name="devicePlatform"/>
         <property name="logFolder" value="/Users/manilacel/Library/CloudStorage/OneDrive-RoyalCaribbeanGroup/PMT/Git/payment.web-utility-automation/payment.web-utility-automation/Reports/20241016_150804/PMT_Libraries/GiftCard/20241016_150811"/>
         <property name="logFiles" value="/Users/manilacel/Library/CloudStorage/OneDrive-RoyalCaribbeanGroup/PMT/Git/payment.web-utility-automation/payment.web-utility-automation/Reports/20241016_150804/PMT_Libraries/GiftCard/20241016_150811/execution0.log"/>
         <property name="attachments" value="keyes/keyes-Sample Visual Screenshot.png, keyes/keyes-Sample Visual Screenshot.png, keyes/keyes-Sample Visual Screenshot.png, keyes/keyes-Sample Visual Screenshot.png, keyes/keyes-Sample Visual Screenshot.png"/>
         <property name="hostName" value="manilacel - localhost"/>
         <property name="os" value="Mac OS X 64bit"/>
         <property name="katalonVersion" value="9.5.0.217"/>
         <property name="browser" value="Chrome 129.0.0.0"/>
         <property name="hostAddress" value="127.0.0.1"/>
         <property name="sessionId" value="a747ceec168cb275684685f525058384"/>
         <property name="seleniumVersion" value="3.141.59"/>
         <property name="proxyInformation" value="ProxyInformation { proxyOption=NO_PROXY, proxyServerType=HTTP, username=, password=********, proxyServerAddress=, proxyServerPort=0, executionList=&quot;&quot;, isApplyToDesiredCapabilities=true }"/>
         <property name="platform" value="Mac OS X"/>
      </properties>
      <testcase name="Test Cases/Web_Utilities_TestCases/GiftCard/TC1_GiftCard_GetBalance" time="118.92" classname="Test Cases/Web_Utilities_TestCases/GiftCard/TC1_GiftCard_GetBalance" status="PASSED">
         <system-out><![CDATA[16-10-2024T15:08:25 - [TEST_CASE][PASSED] - Test Cases/Web_Utilities_TestCases/GiftCard/TC1_GiftCard_GetBalance: Test Cases/Web_Utilities_TestCases/GiftCard/TC1_GiftCard_GetBalance

16-10-2024T15:08:27 - [TEST_STEP][PASSED] - try: null

16-10-2024T15:08:27 - [TEST_STEP][PASSED] - utils.openBrowserAndNavigateToPMT(): Navigate to 'https://dev1.payment.rccl.com/payment/utilities' successfully

16-10-2024T15:08:28 - [MESSAGE][INFO] - Starting 'Chrome' driver

16-10-2024T15:08:28 - [MESSAGE][INFO] - Action delay is set to 0 milliseconds

16-10-2024T15:08:36 - [MESSAGE][PASSED] - Browser is opened with url: ''

16-10-2024T15:08:37 - [MESSAGE][PASSED] - Current window maximized

16-10-2024T15:08:47 - [MESSAGE][PASSED] - Navigate to 'https://dev1.payment.rccl.com/payment/utilities' successfully

16-10-2024T15:08:47 - [TEST_STEP][PASSED] - EXCEL_PATH = "./Data Files/TestData.xlsx": null

16-10-2024T15:08:47 - [TEST_STEP][PASSED] - TAB = "GiftCards": null

16-10-2024T15:08:47 - [TEST_STEP][PASSED] - driver = getWebDriver(): null

16-10-2024T15:08:47 - [TEST_STEP][PASSED] - utils.goToGiftCards(): null

16-10-2024T15:08:52 - [TEST_STEP][PASSED] - utils.selectEnvironment(ENV): null

16-10-2024T15:08:54 - [TEST_STEP][PASSED] - sendRequestTextBox = driver.findElement(By.xpath("//textarea[@name='req']")): null

16-10-2024T15:08:54 - [TEST_STEP][PASSED] - testdata = getdata.fromExcel(EXCEL_PATH, "GiftCards"): null

16-10-2024T15:08:56 - [TEST_STEP][PASSED] - for ([i = 0, i < testdata.size(), (i++)]): null

16-10-2024T15:08:56 - [TEST_STEP][PASSED] - delay(5): Delayed 5 second(s)

16-10-2024T15:09:01 - [MESSAGE][PASSED] - Delayed 5 second(s)

16-10-2024T15:09:01 - [TEST_STEP][PASSED] - sendRequestTextBox.clear(): null

16-10-2024T15:09:01 - [TEST_STEP][PASSED] - cardNumber = testdata["cardNumber"][i]: null

16-10-2024T15:09:01 - [TEST_STEP][PASSED] - CNumber = cardNumber.replaceAll("\.0$", ""): null

16-10-2024T15:09:01 - [TEST_STEP][PASSED] - expirationMonth = testdata["expirationMonth"][i]: null

16-10-2024T15:09:01 - [TEST_STEP][PASSED] - xMonth = expirationMonth.replaceAll("\.0$", ""): null

16-10-2024T15:09:01 - [TEST_STEP][PASSED] - expirationYear = testdata["expirationYear"][i]: null

16-10-2024T15:09:01 - [TEST_STEP][PASSED] - xYear = expirationYear.replaceAll("\.0$", ""): null

16-10-2024T15:09:01 - [TEST_STEP][PASSED] - securityCode = testdata["securityCode"][i]: null

16-10-2024T15:09:01 - [TEST_STEP][PASSED] - SC = securityCode.replaceAll("\.0$", ""): null

16-10-2024T15:09:01 - [TEST_STEP][PASSED] - request = {
			"cardNumber": "$cardNumber",
			"expirationMonth": "$expirationMonth",
			"expirationYear": "$expirationYear",
			"securityCode": "$securityCode"
			}: null

16-10-2024T15:09:01 - [TEST_STEP][PASSED] - restRequest = JsonSlurper().parseText(request): null

16-10-2024T15:09:01 - [TEST_STEP][PASSED] - prettyJson = JsonBuilder(restRequest).toPrettyString(): null

16-10-2024T15:09:01 - [TEST_STEP][PASSED] - println(prettyJson): null

16-10-2024T15:09:01 - [TEST_STEP][PASSED] - sendRequestTextBox.sendKeys(prettyJson): null

16-10-2024T15:09:02 - [TEST_STEP][PASSED] - utils.clickSendButton(): null

16-10-2024T15:09:02 - [TEST_STEP][PASSED] - takeFullPageScreenshotAsCheckpoint("Sample Visual Screenshot"): Taking screenshot successfully

16-10-2024T15:09:07 - [MESSAGE][INFO] - 0 hidden object(s)

16-10-2024T15:09:09 - [MESSAGE][PASSED] - Taking screenshot successfully
[[ATTACHMENT|keyes/keyes-Sample Visual Screenshot.png]]

16-10-2024T15:09:09 - [TEST_STEP][PASSED] - delay(3): Delayed 3 second(s)

16-10-2024T15:09:12 - [MESSAGE][PASSED] - Delayed 3 second(s)

16-10-2024T15:09:12 - [TEST_STEP][PASSED] - response = utils.getResponse(): null

16-10-2024T15:09:12 - [TEST_STEP][PASSED] - println(response): null

16-10-2024T15:09:12 - [TEST_STEP][PASSED] - validation1 = testdata["ContainsValidation"][i]: null

16-10-2024T15:09:12 - [TEST_STEP][PASSED] - println(validation1): null

16-10-2024T15:09:12 - [TEST_STEP][PASSED] - validation2 = testdata["NotContainsValidation"][i]: null

16-10-2024T15:09:12 - [TEST_STEP][PASSED] - println(validation2): null

16-10-2024T15:09:12 - [TEST_STEP][PASSED] - println(testdata["TCNumber"][i]): null

16-10-2024T15:09:12 - [TEST_STEP][PASSED] - assert response.contains(validation1): null

16-10-2024T15:09:12 - [TEST_STEP][PASSED] - assert response.contains(validation2) == false: null

16-10-2024T15:09:12 - [TEST_STEP][PASSED] - delay(5): Delayed 5 second(s)

16-10-2024T15:09:17 - [MESSAGE][PASSED] - Delayed 5 second(s)

16-10-2024T15:09:17 - [TEST_STEP][PASSED] - sendRequestTextBox.clear(): null

16-10-2024T15:09:17 - [TEST_STEP][PASSED] - cardNumber = testdata["cardNumber"][i]: null

16-10-2024T15:09:17 - [TEST_STEP][PASSED] - CNumber = cardNumber.replaceAll("\.0$", ""): null

16-10-2024T15:09:17 - [TEST_STEP][PASSED] - expirationMonth = testdata["expirationMonth"][i]: null

16-10-2024T15:09:17 - [TEST_STEP][PASSED] - xMonth = expirationMonth.replaceAll("\.0$", ""): null

16-10-2024T15:09:18 - [TEST_STEP][PASSED] - expirationYear = testdata["expirationYear"][i]: null

16-10-2024T15:09:18 - [TEST_STEP][PASSED] - xYear = expirationYear.replaceAll("\.0$", ""): null

16-10-2024T15:09:18 - [TEST_STEP][PASSED] - securityCode = testdata["securityCode"][i]: null

16-10-2024T15:09:18 - [TEST_STEP][PASSED] - SC = securityCode.replaceAll("\.0$", ""): null

16-10-2024T15:09:18 - [TEST_STEP][PASSED] - request = {
			"cardNumber": "$cardNumber",
			"expirationMonth": "$expirationMonth",
			"expirationYear": "$expirationYear",
			"securityCode": "$securityCode"
			}: null

16-10-2024T15:09:18 - [TEST_STEP][PASSED] - restRequest = JsonSlurper().parseText(request): null

16-10-2024T15:09:18 - [TEST_STEP][PASSED] - prettyJson = JsonBuilder(restRequest).toPrettyString(): null

16-10-2024T15:09:18 - [TEST_STEP][PASSED] - println(prettyJson): null

16-10-2024T15:09:18 - [TEST_STEP][PASSED] - sendRequestTextBox.sendKeys(prettyJson): null

16-10-2024T15:09:18 - [TEST_STEP][PASSED] - utils.clickSendButton(): null

16-10-2024T15:09:19 - [TEST_STEP][PASSED] - takeFullPageScreenshotAsCheckpoint("Sample Visual Screenshot"): Taking screenshot successfully

16-10-2024T15:09:23 - [MESSAGE][INFO] - 0 hidden object(s)

16-10-2024T15:09:28 - [MESSAGE][PASSED] - Taking screenshot successfully
[[ATTACHMENT|keyes/keyes-Sample Visual Screenshot.png]]

16-10-2024T15:09:28 - [TEST_STEP][PASSED] - delay(3): Delayed 3 second(s)

16-10-2024T15:09:31 - [MESSAGE][PASSED] - Delayed 3 second(s)

16-10-2024T15:09:31 - [TEST_STEP][PASSED] - response = utils.getResponse(): null

16-10-2024T15:09:31 - [TEST_STEP][PASSED] - println(response): null

16-10-2024T15:09:31 - [TEST_STEP][PASSED] - validation1 = testdata["ContainsValidation"][i]: null

16-10-2024T15:09:31 - [TEST_STEP][PASSED] - println(validation1): null

16-10-2024T15:09:31 - [TEST_STEP][PASSED] - validation2 = testdata["NotContainsValidation"][i]: null

16-10-2024T15:09:31 - [TEST_STEP][PASSED] - println(validation2): null

16-10-2024T15:09:31 - [TEST_STEP][PASSED] - println(testdata["TCNumber"][i]): null

16-10-2024T15:09:32 - [TEST_STEP][PASSED] - assert response.contains(validation1): null

16-10-2024T15:09:32 - [TEST_STEP][PASSED] - assert response.contains(validation2) == false: null

16-10-2024T15:09:32 - [TEST_STEP][PASSED] - delay(5): Delayed 5 second(s)

16-10-2024T15:09:37 - [MESSAGE][PASSED] - Delayed 5 second(s)

16-10-2024T15:09:37 - [TEST_STEP][PASSED] - sendRequestTextBox.clear(): null

16-10-2024T15:09:37 - [TEST_STEP][PASSED] - cardNumber = testdata["cardNumber"][i]: null

16-10-2024T15:09:37 - [TEST_STEP][PASSED] - CNumber = cardNumber.replaceAll("\.0$", ""): null

16-10-2024T15:09:37 - [TEST_STEP][PASSED] - expirationMonth = testdata["expirationMonth"][i]: null

16-10-2024T15:09:37 - [TEST_STEP][PASSED] - xMonth = expirationMonth.replaceAll("\.0$", ""): null

16-10-2024T15:09:37 - [TEST_STEP][PASSED] - expirationYear = testdata["expirationYear"][i]: null

16-10-2024T15:09:37 - [TEST_STEP][PASSED] - xYear = expirationYear.replaceAll("\.0$", ""): null

16-10-2024T15:09:37 - [TEST_STEP][PASSED] - securityCode = testdata["securityCode"][i]: null

16-10-2024T15:09:37 - [TEST_STEP][PASSED] - SC = securityCode.replaceAll("\.0$", ""): null

16-10-2024T15:09:37 - [TEST_STEP][PASSED] - request = {
			"cardNumber": "$cardNumber",
			"expirationMonth": "$expirationMonth",
			"expirationYear": "$expirationYear",
			"securityCode": "$securityCode"
			}: null

16-10-2024T15:09:37 - [TEST_STEP][PASSED] - restRequest = JsonSlurper().parseText(request): null

16-10-2024T15:09:37 - [TEST_STEP][PASSED] - prettyJson = JsonBuilder(restRequest).toPrettyString(): null

16-10-2024T15:09:37 - [TEST_STEP][PASSED] - println(prettyJson): null

16-10-2024T15:09:37 - [TEST_STEP][PASSED] - sendRequestTextBox.sendKeys(prettyJson): null

16-10-2024T15:09:38 - [TEST_STEP][PASSED] - utils.clickSendButton(): null

16-10-2024T15:09:38 - [TEST_STEP][PASSED] - takeFullPageScreenshotAsCheckpoint("Sample Visual Screenshot"): Taking screenshot successfully

16-10-2024T15:09:46 - [MESSAGE][INFO] - 0 hidden object(s)

16-10-2024T15:09:47 - [MESSAGE][PASSED] - Taking screenshot successfully
[[ATTACHMENT|keyes/keyes-Sample Visual Screenshot.png]]

16-10-2024T15:09:47 - [TEST_STEP][PASSED] - delay(3): Delayed 3 second(s)

16-10-2024T15:09:50 - [MESSAGE][PASSED] - Delayed 3 second(s)

16-10-2024T15:09:50 - [TEST_STEP][PASSED] - response = utils.getResponse(): null

16-10-2024T15:09:50 - [TEST_STEP][PASSED] - println(response): null

16-10-2024T15:09:50 - [TEST_STEP][PASSED] - validation1 = testdata["ContainsValidation"][i]: null

16-10-2024T15:09:50 - [TEST_STEP][PASSED] - println(validation1): null

16-10-2024T15:09:50 - [TEST_STEP][PASSED] - validation2 = testdata["NotContainsValidation"][i]: null

16-10-2024T15:09:50 - [TEST_STEP][PASSED] - println(validation2): null

16-10-2024T15:09:50 - [TEST_STEP][PASSED] - println(testdata["TCNumber"][i]): null

16-10-2024T15:09:50 - [TEST_STEP][PASSED] - assert response.contains(validation1): null

16-10-2024T15:09:50 - [TEST_STEP][PASSED] - assert response.contains(validation2) == false: null

16-10-2024T15:09:50 - [TEST_STEP][PASSED] - delay(5): Delayed 5 second(s)

16-10-2024T15:09:55 - [MESSAGE][PASSED] - Delayed 5 second(s)

16-10-2024T15:09:55 - [TEST_STEP][PASSED] - sendRequestTextBox.clear(): null

16-10-2024T15:09:56 - [TEST_STEP][PASSED] - cardNumber = testdata["cardNumber"][i]: null

16-10-2024T15:09:56 - [TEST_STEP][PASSED] - CNumber = cardNumber.replaceAll("\.0$", ""): null

16-10-2024T15:09:56 - [TEST_STEP][PASSED] - expirationMonth = testdata["expirationMonth"][i]: null

16-10-2024T15:09:56 - [TEST_STEP][PASSED] - xMonth = expirationMonth.replaceAll("\.0$", ""): null

16-10-2024T15:09:56 - [TEST_STEP][PASSED] - expirationYear = testdata["expirationYear"][i]: null

16-10-2024T15:09:56 - [TEST_STEP][PASSED] - xYear = expirationYear.replaceAll("\.0$", ""): null

16-10-2024T15:09:56 - [TEST_STEP][PASSED] - securityCode = testdata["securityCode"][i]: null

16-10-2024T15:09:56 - [TEST_STEP][PASSED] - SC = securityCode.replaceAll("\.0$", ""): null

16-10-2024T15:09:56 - [TEST_STEP][PASSED] - request = {
			"cardNumber": "$cardNumber",
			"expirationMonth": "$expirationMonth",
			"expirationYear": "$expirationYear",
			"securityCode": "$securityCode"
			}: null

16-10-2024T15:09:56 - [TEST_STEP][PASSED] - restRequest = JsonSlurper().parseText(request): null

16-10-2024T15:09:56 - [TEST_STEP][PASSED] - prettyJson = JsonBuilder(restRequest).toPrettyString(): null

16-10-2024T15:09:56 - [TEST_STEP][PASSED] - println(prettyJson): null

16-10-2024T15:09:56 - [TEST_STEP][PASSED] - sendRequestTextBox.sendKeys(prettyJson): null

16-10-2024T15:09:56 - [TEST_STEP][PASSED] - utils.clickSendButton(): null

16-10-2024T15:09:57 - [TEST_STEP][PASSED] - takeFullPageScreenshotAsCheckpoint("Sample Visual Screenshot"): Taking screenshot successfully

16-10-2024T15:10:02 - [MESSAGE][INFO] - 0 hidden object(s)

16-10-2024T15:10:04 - [MESSAGE][PASSED] - Taking screenshot successfully
[[ATTACHMENT|keyes/keyes-Sample Visual Screenshot.png]]

16-10-2024T15:10:04 - [TEST_STEP][PASSED] - delay(3): Delayed 3 second(s)

16-10-2024T15:10:07 - [MESSAGE][PASSED] - Delayed 3 second(s)

16-10-2024T15:10:07 - [TEST_STEP][PASSED] - response = utils.getResponse(): null

16-10-2024T15:10:07 - [TEST_STEP][PASSED] - println(response): null

16-10-2024T15:10:07 - [TEST_STEP][PASSED] - validation1 = testdata["ContainsValidation"][i]: null

16-10-2024T15:10:07 - [TEST_STEP][PASSED] - println(validation1): null

16-10-2024T15:10:07 - [TEST_STEP][PASSED] - validation2 = testdata["NotContainsValidation"][i]: null

16-10-2024T15:10:07 - [TEST_STEP][PASSED] - println(validation2): null

16-10-2024T15:10:07 - [TEST_STEP][PASSED] - println(testdata["TCNumber"][i]): null

16-10-2024T15:10:07 - [TEST_STEP][PASSED] - assert response.contains(validation1): null

16-10-2024T15:10:07 - [TEST_STEP][PASSED] - assert response.contains(validation2) == false: null

16-10-2024T15:10:07 - [TEST_STEP][PASSED] - delay(5): Delayed 5 second(s)

16-10-2024T15:10:12 - [MESSAGE][PASSED] - Delayed 5 second(s)

16-10-2024T15:10:12 - [TEST_STEP][PASSED] - sendRequestTextBox.clear(): null

16-10-2024T15:10:12 - [TEST_STEP][PASSED] - cardNumber = testdata["cardNumber"][i]: null

16-10-2024T15:10:12 - [TEST_STEP][PASSED] - CNumber = cardNumber.replaceAll("\.0$", ""): null

16-10-2024T15:10:12 - [TEST_STEP][PASSED] - expirationMonth = testdata["expirationMonth"][i]: null

16-10-2024T15:10:12 - [TEST_STEP][PASSED] - xMonth = expirationMonth.replaceAll("\.0$", ""): null

16-10-2024T15:10:12 - [TEST_STEP][PASSED] - expirationYear = testdata["expirationYear"][i]: null

16-10-2024T15:10:12 - [TEST_STEP][PASSED] - xYear = expirationYear.replaceAll("\.0$", ""): null

16-10-2024T15:10:12 - [TEST_STEP][PASSED] - securityCode = testdata["securityCode"][i]: null

16-10-2024T15:10:12 - [TEST_STEP][PASSED] - SC = securityCode.replaceAll("\.0$", ""): null

16-10-2024T15:10:12 - [TEST_STEP][PASSED] - request = {
			"cardNumber": "$cardNumber",
			"expirationMonth": "$expirationMonth",
			"expirationYear": "$expirationYear",
			"securityCode": "$securityCode"
			}: null

16-10-2024T15:10:12 - [TEST_STEP][PASSED] - restRequest = JsonSlurper().parseText(request): null

16-10-2024T15:10:12 - [TEST_STEP][PASSED] - prettyJson = JsonBuilder(restRequest).toPrettyString(): null

16-10-2024T15:10:12 - [TEST_STEP][PASSED] - println(prettyJson): null

16-10-2024T15:10:12 - [TEST_STEP][PASSED] - sendRequestTextBox.sendKeys(prettyJson): null

16-10-2024T15:10:12 - [TEST_STEP][PASSED] - utils.clickSendButton(): null

16-10-2024T15:10:13 - [TEST_STEP][PASSED] - takeFullPageScreenshotAsCheckpoint("Sample Visual Screenshot"): Taking screenshot successfully

16-10-2024T15:10:15 - [MESSAGE][INFO] - 0 hidden object(s)

16-10-2024T15:10:16 - [MESSAGE][PASSED] - Taking screenshot successfully
[[ATTACHMENT|keyes/keyes-Sample Visual Screenshot.png]]

16-10-2024T15:10:16 - [TEST_STEP][PASSED] - delay(3): Delayed 3 second(s)

16-10-2024T15:10:19 - [MESSAGE][PASSED] - Delayed 3 second(s)

16-10-2024T15:10:19 - [TEST_STEP][PASSED] - response = utils.getResponse(): null

16-10-2024T15:10:20 - [TEST_STEP][PASSED] - println(response): null

16-10-2024T15:10:20 - [TEST_STEP][PASSED] - validation1 = testdata["ContainsValidation"][i]: null

16-10-2024T15:10:20 - [TEST_STEP][PASSED] - println(validation1): null

16-10-2024T15:10:20 - [TEST_STEP][PASSED] - validation2 = testdata["NotContainsValidation"][i]: null

16-10-2024T15:10:20 - [TEST_STEP][PASSED] - println(validation2): null

16-10-2024T15:10:20 - [TEST_STEP][PASSED] - println(testdata["TCNumber"][i]): null

16-10-2024T15:10:20 - [TEST_STEP][PASSED] - assert response.contains(validation1): null

16-10-2024T15:10:20 - [TEST_STEP][PASSED] - assert response.contains(validation2) == false: null

16-10-2024T15:10:20 - [TEST_STEP][PASSED] - Finally: Browser is closed

16-10-2024T15:10:20 - [TEST_STEP][PASSED] - utils.closeBrowser(): Browser is closed

16-10-2024T15:10:22 - [MESSAGE][PASSED] - Delayed 2 second(s)

16-10-2024T15:10:22 - [MESSAGE][PASSED] - Browser is closed

16-10-2024T15:10:24 - [TEST_STEP][PASSED] - Video: Video recording for test case 'Test Cases/Web_Utilities_TestCases/GiftCard/TC1_GiftCard_GetBalance' .

16-10-2024T15:10:24 - [MESSAGE][INFO] - Video recording for test case 'Test Cases/Web_Utilities_TestCases/GiftCard/TC1_GiftCard_GetBalance' .]]></system-out>
         <system-err><![CDATA[]]></system-err>
      </testcase>
      <system-out><![CDATA[16-10-2024T15:08:25 - [TEST_SUITE][PASSED] - GiftCard: Test Cases/Web_Utilities_TestCases/GiftCard/TC1_GiftCard_GetBalance]]></system-out>
      <system-err><![CDATA[]]></system-err>
   </testsuite>
</testsuites>
