<?xml version="1.0" encoding="UTF-8"?>
<testsuites name="Validations" time="173.427" tests="2" failures="0" errors="0">
   <testsuite name="Validations" tests="2" failures="0" errors="0" time="173.427" skipped="0" timestamp="24-09-2024T13:24:54" hostname="manilacel - 192.168.100.193" id="Test Suites/PMT_Libraries/Validations">
      <properties>
         <property name="deviceName" value=""/>
         <property name="devicePlatform"/>
         <property name="logFolder" value="/Users/manilacel/Library/CloudStorage/OneDrive-RoyalCaribbeanGroup/PMT/Git/RestructuredScript/TestingFolder/Reports/20240924_132440/PMT_Libraries/Validations/20240924_132441"/>
         <property name="logFiles" value="/Users/manilacel/Library/CloudStorage/OneDrive-RoyalCaribbeanGroup/PMT/Git/RestructuredScript/TestingFolder/Reports/20240924_132440/PMT_Libraries/Validations/20240924_132441/execution0.log"/>
         <property name="attachments" value=""/>
         <property name="hostName" value="manilacel - 192.168.100.193"/>
         <property name="os" value="Mac OS X 64bit"/>
         <property name="katalonVersion" value="9.5.0.217"/>
         <property name="browser" value="Chrome 128.0.0.0"/>
         <property name="hostAddress" value="192.168.100.193"/>
         <property name="sessionId" value="159d618b4af6af81e2a8fe4e81f9c934"/>
         <property name="seleniumVersion" value="3.141.59"/>
         <property name="proxyInformation" value="ProxyInformation { proxyOption=NO_PROXY, proxyServerType=HTTP, username=, password=********, proxyServerAddress=, proxyServerPort=0, executionList=&quot;&quot;, isApplyToDesiredCapabilities=true }"/>
         <property name="platform" value="Mac OS X"/>
      </properties>
      <testcase name="Test Cases/Web_Utilities_TestCases/Validations/TC1_PrevalidationsAndConf" time="133.954" classname="Test Cases/Web_Utilities_TestCases/Validations/TC1_PrevalidationsAndConf" status="PASSED">
         <system-out><![CDATA[24-09-2024T13:24:54 - [TEST_CASE][PASSED] - Test Cases/Web_Utilities_TestCases/Validations/TC1_PrevalidationsAndConf: Test Cases/Web_Utilities_TestCases/Validations/TC1_PrevalidationsAndConf

24-09-2024T13:24:56 - [TEST_STEP][PASSED] - try: null

24-09-2024T13:24:56 - [TEST_STEP][PASSED] - utils.openBrowserAndNavigateToPMT(): Navigate to 'https://dev1.payment.rccl.com/payment/utilities' successfully

24-09-2024T13:24:56 - [MESSAGE][INFO] - Starting 'Chrome' driver

24-09-2024T13:24:56 - [MESSAGE][INFO] - Action delay is set to 0 milliseconds

24-09-2024T13:25:02 - [MESSAGE][PASSED] - Browser is opened with url: ''

24-09-2024T13:25:03 - [MESSAGE][PASSED] - Current window maximized

24-09-2024T13:25:08 - [MESSAGE][PASSED] - Navigate to 'https://dev1.payment.rccl.com/payment/utilities' successfully

24-09-2024T13:25:08 - [TEST_STEP][PASSED] - driver = getWebDriver(): null

24-09-2024T13:25:08 - [TEST_STEP][PASSED] - EXCEL_PATH = "./Data Files/TestData.xlsx": null

24-09-2024T13:25:08 - [TEST_STEP][PASSED] - TAB = "Validations_Prevalidations&Conf": null

24-09-2024T13:25:08 - [TEST_STEP][PASSED] - utils.goToValidations(): null

24-09-2024T13:25:16 - [TEST_STEP][PASSED] - utils.selectEnvironment(ENV): null

24-09-2024T13:25:17 - [TEST_STEP][PASSED] - testdataFromExcel = getdata.fromExcel(EXCEL_PATH, TAB): null

24-09-2024T13:25:19 - [TEST_STEP][PASSED] - clickAuthorizePayment = xpath("//a[normalize-space()='Prevalidations and Conf']")).click(): null

24-09-2024T13:25:19 - [TEST_STEP][PASSED] - for ([TestScenarioNumber = 0, TestScenarioNumber < testdataFromExcel.size(), (TestScenarioNumber++)]): null

24-09-2024T13:25:19 - [TEST_STEP][PASSED] - TestScenarioRequiresCreateBooking = testdataFromExcel["ExecuteBookingCreationFlag"][TestScenarioNumber]: null

24-09-2024T13:25:19 - [TEST_STEP][PASSED] - if (TestScenarioRequiresCreateBooking == "Yes"): null

24-09-2024T13:25:19 - [TEST_STEP][PASSED] - sendRequestTextBox = driver.findElement(By.xpath("//input[@id='1']")): null

24-09-2024T13:25:20 - [TEST_STEP][PASSED] - responseTextBox = driver.findElement(By.xpath("/html[1]/body[1]/div[1]/main[1]/div[1]/section[1]/div[2]/div[1]/div[1]/div[2]/div[1]/div[1]/div[1]/form[1]/div[1]/div[1]/textarea[1]")): null

24-09-2024T13:25:20 - [TEST_STEP][PASSED] - sendRequestTextBox.clear(): null

24-09-2024T13:25:20 - [TEST_STEP][PASSED] - delay(5): Delayed 5 second(s)

24-09-2024T13:25:25 - [MESSAGE][PASSED] - Delayed 5 second(s)

24-09-2024T13:25:25 - [TEST_STEP][PASSED] - getBookingData = CreateAndRetrieveBooking.Data(EXCEL_PATH, TAB, TestScenarioNumber): Delayed 5 second(s)

24-09-2024T13:25:42 - [MESSAGE][INFO] - HAR: /Users/manilacel/Library/CloudStorage/OneDrive-RoyalCaribbeanGroup/PMT/Git/RestructuredScript/TestingFolder/Reports/20240924_132440/PMT_Libraries/Validations/20240924_132441/requests/main/0.har

24-09-2024T13:25:42 - [MESSAGE][PASSED] - Send request successfully

24-09-2024T13:25:52 - [MESSAGE][PASSED] - Delayed 10 second(s)

24-09-2024T13:25:54 - [MESSAGE][INFO] - HAR: /Users/manilacel/Library/CloudStorage/OneDrive-RoyalCaribbeanGroup/PMT/Git/RestructuredScript/TestingFolder/Reports/20240924_132440/PMT_Libraries/Validations/20240924_132441/requests/main/1.har

24-09-2024T13:25:54 - [MESSAGE][PASSED] - Send request successfully

24-09-2024T13:25:59 - [MESSAGE][PASSED] - Delayed 5 second(s)

24-09-2024T13:25:59 - [TEST_STEP][PASSED] - println(getBookingData["BookingId"]): null

24-09-2024T13:25:59 - [TEST_STEP][PASSED] - println(getBookingData["BookingAccessToken"]): null

24-09-2024T13:25:59 - [TEST_STEP][PASSED] - BookingId = getBookingData["BookingId"]: null

24-09-2024T13:25:59 - [TEST_STEP][PASSED] - BookingIdToBePassedRaw = testdataFromExcel["BookingId"][TestScenarioNumber]: null

24-09-2024T13:25:59 - [TEST_STEP][PASSED] - BookingIdToBePassed = BookingIdToBePassedRaw.replace("BookingId", BookingId): null

24-09-2024T13:25:59 - [TEST_STEP][PASSED] - sendRequestTextBox.sendKeys(BookingIdToBePassed): null

24-09-2024T13:25:59 - [TEST_STEP][PASSED] - println(BookingIdToBePassed): null

24-09-2024T13:25:59 - [TEST_STEP][PASSED] - utils.clickSendButton(): null

24-09-2024T13:26:00 - [TEST_STEP][PASSED] - delay(5): Delayed 5 second(s)

24-09-2024T13:26:05 - [MESSAGE][PASSED] - Delayed 5 second(s)

24-09-2024T13:26:05 - [TEST_STEP][PASSED] - cancelBookingRequest = findTestObject("CancelBooking"): null

24-09-2024T13:26:05 - [TEST_STEP][PASSED] - cancelBookingResponse = sendRequest(cancelBookingRequest): Send request successfully

24-09-2024T13:26:06 - [MESSAGE][INFO] - HAR: /Users/manilacel/Library/CloudStorage/OneDrive-RoyalCaribbeanGroup/PMT/Git/RestructuredScript/TestingFolder/Reports/20240924_132440/PMT_Libraries/Validations/20240924_132441/requests/main/2.har

24-09-2024T13:26:06 - [MESSAGE][PASSED] - Send request successfully

24-09-2024T13:26:06 - [TEST_STEP][PASSED] - cancelBookingJsonResponse = JsonSlurper().parseText(cancelBookingResponse.getResponseText()): null

24-09-2024T13:26:06 - [TEST_STEP][PASSED] - println(cancelBookingJsonResponse): null

24-09-2024T13:26:06 - [TEST_STEP][PASSED] - response = responseTextBox.getText(): null

24-09-2024T13:26:06 - [TEST_STEP][PASSED] - validationString = testdataFromExcel["Validation"][TestScenarioNumber]: null

24-09-2024T13:26:06 - [TEST_STEP][PASSED] - assert response.contains(validationString): null

24-09-2024T13:26:06 - [TEST_STEP][PASSED] - println("Test Scenario Number: " + TestScenarioNumber + 1): null

24-09-2024T13:26:06 - [TEST_STEP][PASSED] - TestScenarioRequiresCreateBooking = testdataFromExcel["ExecuteBookingCreationFlag"][TestScenarioNumber]: null

24-09-2024T13:26:06 - [TEST_STEP][PASSED] - if (TestScenarioRequiresCreateBooking == "Yes"): null

24-09-2024T13:26:06 - [TEST_STEP][PASSED] - sendRequestTextBox = driver.findElement(By.xpath("//input[@id='1']")): null

24-09-2024T13:26:07 - [TEST_STEP][PASSED] - responseTextBox = driver.findElement(By.xpath("/html[1]/body[1]/div[1]/main[1]/div[1]/section[1]/div[2]/div[1]/div[1]/div[2]/div[1]/div[1]/div[1]/form[1]/div[1]/div[1]/textarea[1]")): null

24-09-2024T13:26:07 - [TEST_STEP][PASSED] - sendRequestTextBox.clear(): null

24-09-2024T13:26:07 - [TEST_STEP][PASSED] - delay(5): Delayed 5 second(s)

24-09-2024T13:26:12 - [MESSAGE][PASSED] - Delayed 5 second(s)

24-09-2024T13:26:12 - [TEST_STEP][PASSED] - getBookingData = CreateAndRetrieveBooking.Data(EXCEL_PATH, TAB, TestScenarioNumber): Delayed 5 second(s)

24-09-2024T13:26:19 - [MESSAGE][INFO] - HAR: /Users/manilacel/Library/CloudStorage/OneDrive-RoyalCaribbeanGroup/PMT/Git/RestructuredScript/TestingFolder/Reports/20240924_132440/PMT_Libraries/Validations/20240924_132441/requests/main/3.har

24-09-2024T13:26:19 - [MESSAGE][PASSED] - Send request successfully

24-09-2024T13:26:29 - [MESSAGE][PASSED] - Delayed 10 second(s)

24-09-2024T13:26:30 - [MESSAGE][INFO] - HAR: /Users/manilacel/Library/CloudStorage/OneDrive-RoyalCaribbeanGroup/PMT/Git/RestructuredScript/TestingFolder/Reports/20240924_132440/PMT_Libraries/Validations/20240924_132441/requests/main/4.har

24-09-2024T13:26:30 - [MESSAGE][PASSED] - Send request successfully

24-09-2024T13:26:35 - [MESSAGE][PASSED] - Delayed 5 second(s)

24-09-2024T13:26:35 - [TEST_STEP][PASSED] - println(getBookingData["BookingId"]): null

24-09-2024T13:26:35 - [TEST_STEP][PASSED] - println(getBookingData["BookingAccessToken"]): null

24-09-2024T13:26:35 - [TEST_STEP][PASSED] - BookingId = getBookingData["BookingId"]: null

24-09-2024T13:26:35 - [TEST_STEP][PASSED] - BookingIdToBePassedRaw = testdataFromExcel["BookingId"][TestScenarioNumber]: null

24-09-2024T13:26:35 - [TEST_STEP][PASSED] - BookingIdToBePassed = BookingIdToBePassedRaw.replace("BookingId", BookingId): null

24-09-2024T13:26:35 - [TEST_STEP][PASSED] - sendRequestTextBox.sendKeys(BookingIdToBePassed): null

24-09-2024T13:26:35 - [TEST_STEP][PASSED] - println(BookingIdToBePassed): null

24-09-2024T13:26:35 - [TEST_STEP][PASSED] - utils.clickSendButton(): null

24-09-2024T13:26:36 - [TEST_STEP][PASSED] - delay(5): Delayed 5 second(s)

24-09-2024T13:26:41 - [MESSAGE][PASSED] - Delayed 5 second(s)

24-09-2024T13:26:41 - [TEST_STEP][PASSED] - cancelBookingRequest = findTestObject("CancelBooking"): null

24-09-2024T13:26:41 - [TEST_STEP][PASSED] - cancelBookingResponse = sendRequest(cancelBookingRequest): Send request successfully

24-09-2024T13:26:42 - [MESSAGE][INFO] - HAR: /Users/manilacel/Library/CloudStorage/OneDrive-RoyalCaribbeanGroup/PMT/Git/RestructuredScript/TestingFolder/Reports/20240924_132440/PMT_Libraries/Validations/20240924_132441/requests/main/5.har

24-09-2024T13:26:42 - [MESSAGE][PASSED] - Send request successfully

24-09-2024T13:26:42 - [TEST_STEP][PASSED] - cancelBookingJsonResponse = JsonSlurper().parseText(cancelBookingResponse.getResponseText()): null

24-09-2024T13:26:42 - [TEST_STEP][PASSED] - println(cancelBookingJsonResponse): null

24-09-2024T13:26:42 - [TEST_STEP][PASSED] - response = responseTextBox.getText(): null

24-09-2024T13:26:42 - [TEST_STEP][PASSED] - validationString = testdataFromExcel["Validation"][TestScenarioNumber]: null

24-09-2024T13:26:42 - [TEST_STEP][PASSED] - assert response.contains(validationString): null

24-09-2024T13:26:42 - [TEST_STEP][PASSED] - println("Test Scenario Number: " + TestScenarioNumber + 1): null

24-09-2024T13:26:42 - [TEST_STEP][PASSED] - TestScenarioRequiresCreateBooking = testdataFromExcel["ExecuteBookingCreationFlag"][TestScenarioNumber]: null

24-09-2024T13:26:42 - [TEST_STEP][PASSED] - if (TestScenarioRequiresCreateBooking == "Yes"): null

24-09-2024T13:26:42 - [TEST_STEP][PASSED] - else: null

24-09-2024T13:26:42 - [TEST_STEP][PASSED] - sendRequestTextBox = driver.findElement(By.xpath("//input[@id='1']")): null

24-09-2024T13:26:42 - [TEST_STEP][PASSED] - responseTextBox = driver.findElement(By.xpath("/html[1]/body[1]/div[1]/main[1]/div[1]/section[1]/div[2]/div[1]/div[1]/div[2]/div[1]/div[1]/div[1]/form[1]/div[1]/div[1]/textarea[1]")): null

24-09-2024T13:26:42 - [TEST_STEP][PASSED] - sendRequestTextBox.clear(): null

24-09-2024T13:26:43 - [TEST_STEP][PASSED] - BookingIdToBePassed = testdataFromExcel["BookingId"][TestScenarioNumber]: null

24-09-2024T13:26:43 - [TEST_STEP][PASSED] - sendRequestTextBox.sendKeys(BookingIdToBePassed): null

24-09-2024T13:26:43 - [TEST_STEP][PASSED] - println(BookingIdToBePassed): null

24-09-2024T13:26:43 - [TEST_STEP][PASSED] - utils.clickSendButton(): null

24-09-2024T13:26:43 - [TEST_STEP][PASSED] - delay(2): Delayed 2 second(s)

24-09-2024T13:26:45 - [MESSAGE][PASSED] - Delayed 2 second(s)

24-09-2024T13:26:45 - [TEST_STEP][PASSED] - response = responseTextBox.getText(): null

24-09-2024T13:26:45 - [TEST_STEP][PASSED] - validationString = testdataFromExcel["Validation"][TestScenarioNumber]: null

24-09-2024T13:26:45 - [TEST_STEP][PASSED] - assert response.contains(validationString): null

24-09-2024T13:26:45 - [TEST_STEP][PASSED] - println("Test Scenario Number: " + TestScenarioNumber + 1): null

24-09-2024T13:26:45 - [TEST_STEP][PASSED] - TestScenarioRequiresCreateBooking = testdataFromExcel["ExecuteBookingCreationFlag"][TestScenarioNumber]: null

24-09-2024T13:26:45 - [TEST_STEP][PASSED] - if (TestScenarioRequiresCreateBooking == "Yes"): null

24-09-2024T13:26:45 - [TEST_STEP][PASSED] - else: null

24-09-2024T13:26:45 - [TEST_STEP][PASSED] - sendRequestTextBox = driver.findElement(By.xpath("//input[@id='1']")): null

24-09-2024T13:26:46 - [TEST_STEP][PASSED] - responseTextBox = driver.findElement(By.xpath("/html[1]/body[1]/div[1]/main[1]/div[1]/section[1]/div[2]/div[1]/div[1]/div[2]/div[1]/div[1]/div[1]/form[1]/div[1]/div[1]/textarea[1]")): null

24-09-2024T13:26:46 - [TEST_STEP][PASSED] - sendRequestTextBox.clear(): null

24-09-2024T13:26:46 - [TEST_STEP][PASSED] - BookingIdToBePassed = testdataFromExcel["BookingId"][TestScenarioNumber]: null

24-09-2024T13:26:46 - [TEST_STEP][PASSED] - sendRequestTextBox.sendKeys(BookingIdToBePassed): null

24-09-2024T13:26:46 - [TEST_STEP][PASSED] - println(BookingIdToBePassed): null

24-09-2024T13:26:46 - [TEST_STEP][PASSED] - utils.clickSendButton(): null

24-09-2024T13:26:47 - [TEST_STEP][PASSED] - delay(2): Delayed 2 second(s)

24-09-2024T13:26:49 - [MESSAGE][PASSED] - Delayed 2 second(s)

24-09-2024T13:26:49 - [TEST_STEP][PASSED] - response = responseTextBox.getText(): null

24-09-2024T13:26:49 - [TEST_STEP][PASSED] - validationString = testdataFromExcel["Validation"][TestScenarioNumber]: null

24-09-2024T13:26:49 - [TEST_STEP][PASSED] - assert response.contains(validationString): null

24-09-2024T13:26:49 - [TEST_STEP][PASSED] - println("Test Scenario Number: " + TestScenarioNumber + 1): null

24-09-2024T13:26:49 - [TEST_STEP][PASSED] - TestScenarioRequiresCreateBooking = testdataFromExcel["ExecuteBookingCreationFlag"][TestScenarioNumber]: null

24-09-2024T13:26:49 - [TEST_STEP][PASSED] - if (TestScenarioRequiresCreateBooking == "Yes"): null

24-09-2024T13:26:49 - [TEST_STEP][PASSED] - else: null

24-09-2024T13:26:49 - [TEST_STEP][PASSED] - sendRequestTextBox = driver.findElement(By.xpath("//input[@id='1']")): null

24-09-2024T13:26:49 - [TEST_STEP][PASSED] - responseTextBox = driver.findElement(By.xpath("/html[1]/body[1]/div[1]/main[1]/div[1]/section[1]/div[2]/div[1]/div[1]/div[2]/div[1]/div[1]/div[1]/form[1]/div[1]/div[1]/textarea[1]")): null

24-09-2024T13:26:49 - [TEST_STEP][PASSED] - sendRequestTextBox.clear(): null

24-09-2024T13:26:49 - [TEST_STEP][PASSED] - BookingIdToBePassed = testdataFromExcel["BookingId"][TestScenarioNumber]: null

24-09-2024T13:26:49 - [TEST_STEP][PASSED] - sendRequestTextBox.sendKeys(BookingIdToBePassed): null

24-09-2024T13:26:50 - [TEST_STEP][PASSED] - println(BookingIdToBePassed): null

24-09-2024T13:26:50 - [TEST_STEP][PASSED] - utils.clickSendButton(): null

24-09-2024T13:26:50 - [TEST_STEP][PASSED] - delay(2): Delayed 2 second(s)

24-09-2024T13:26:52 - [MESSAGE][PASSED] - Delayed 2 second(s)

24-09-2024T13:26:52 - [TEST_STEP][PASSED] - response = responseTextBox.getText(): null

24-09-2024T13:26:52 - [TEST_STEP][PASSED] - validationString = testdataFromExcel["Validation"][TestScenarioNumber]: null

24-09-2024T13:26:52 - [TEST_STEP][PASSED] - assert response.contains(validationString): null

24-09-2024T13:26:52 - [TEST_STEP][PASSED] - println("Test Scenario Number: " + TestScenarioNumber + 1): null

24-09-2024T13:26:52 - [TEST_STEP][PASSED] - TestScenarioRequiresCreateBooking = testdataFromExcel["ExecuteBookingCreationFlag"][TestScenarioNumber]: null

24-09-2024T13:26:52 - [TEST_STEP][PASSED] - if (TestScenarioRequiresCreateBooking == "Yes"): null

24-09-2024T13:26:52 - [TEST_STEP][PASSED] - else: null

24-09-2024T13:26:52 - [TEST_STEP][PASSED] - sendRequestTextBox = driver.findElement(By.xpath("//input[@id='1']")): null

24-09-2024T13:26:52 - [TEST_STEP][PASSED] - responseTextBox = driver.findElement(By.xpath("/html[1]/body[1]/div[1]/main[1]/div[1]/section[1]/div[2]/div[1]/div[1]/div[2]/div[1]/div[1]/div[1]/form[1]/div[1]/div[1]/textarea[1]")): null

24-09-2024T13:26:53 - [TEST_STEP][PASSED] - sendRequestTextBox.clear(): null

24-09-2024T13:26:53 - [TEST_STEP][PASSED] - BookingIdToBePassed = testdataFromExcel["BookingId"][TestScenarioNumber]: null

24-09-2024T13:26:53 - [TEST_STEP][PASSED] - sendRequestTextBox.sendKeys(BookingIdToBePassed): null

24-09-2024T13:26:53 - [TEST_STEP][PASSED] - println(BookingIdToBePassed): null

24-09-2024T13:26:53 - [TEST_STEP][PASSED] - utils.clickSendButton(): null

24-09-2024T13:26:53 - [TEST_STEP][PASSED] - delay(2): Delayed 2 second(s)

24-09-2024T13:26:55 - [MESSAGE][PASSED] - Delayed 2 second(s)

24-09-2024T13:26:55 - [TEST_STEP][PASSED] - response = responseTextBox.getText(): null

24-09-2024T13:26:55 - [TEST_STEP][PASSED] - validationString = testdataFromExcel["Validation"][TestScenarioNumber]: null

24-09-2024T13:26:55 - [TEST_STEP][PASSED] - assert response.contains(validationString): null

24-09-2024T13:26:55 - [TEST_STEP][PASSED] - println("Test Scenario Number: " + TestScenarioNumber + 1): null

24-09-2024T13:26:55 - [TEST_STEP][PASSED] - TestScenarioRequiresCreateBooking = testdataFromExcel["ExecuteBookingCreationFlag"][TestScenarioNumber]: null

24-09-2024T13:26:55 - [TEST_STEP][PASSED] - if (TestScenarioRequiresCreateBooking == "Yes"): null

24-09-2024T13:26:55 - [TEST_STEP][PASSED] - else: null

24-09-2024T13:26:55 - [TEST_STEP][PASSED] - sendRequestTextBox = driver.findElement(By.xpath("//input[@id='1']")): null

24-09-2024T13:26:56 - [TEST_STEP][PASSED] - responseTextBox = driver.findElement(By.xpath("/html[1]/body[1]/div[1]/main[1]/div[1]/section[1]/div[2]/div[1]/div[1]/div[2]/div[1]/div[1]/div[1]/form[1]/div[1]/div[1]/textarea[1]")): null

24-09-2024T13:26:56 - [TEST_STEP][PASSED] - sendRequestTextBox.clear(): null

24-09-2024T13:26:56 - [TEST_STEP][PASSED] - BookingIdToBePassed = testdataFromExcel["BookingId"][TestScenarioNumber]: null

24-09-2024T13:26:56 - [TEST_STEP][PASSED] - sendRequestTextBox.sendKeys(BookingIdToBePassed): null

24-09-2024T13:26:56 - [TEST_STEP][PASSED] - println(BookingIdToBePassed): null

24-09-2024T13:26:56 - [TEST_STEP][PASSED] - utils.clickSendButton(): null

24-09-2024T13:26:57 - [TEST_STEP][PASSED] - delay(2): Delayed 2 second(s)

24-09-2024T13:26:59 - [MESSAGE][PASSED] - Delayed 2 second(s)

24-09-2024T13:26:59 - [TEST_STEP][PASSED] - response = responseTextBox.getText(): null

24-09-2024T13:26:59 - [TEST_STEP][PASSED] - validationString = testdataFromExcel["Validation"][TestScenarioNumber]: null

24-09-2024T13:26:59 - [TEST_STEP][PASSED] - assert response.contains(validationString): null

24-09-2024T13:26:59 - [TEST_STEP][PASSED] - println("Test Scenario Number: " + TestScenarioNumber + 1): null

24-09-2024T13:26:59 - [TEST_STEP][PASSED] - TestScenarioRequiresCreateBooking = testdataFromExcel["ExecuteBookingCreationFlag"][TestScenarioNumber]: null

24-09-2024T13:26:59 - [TEST_STEP][PASSED] - if (TestScenarioRequiresCreateBooking == "Yes"): null

24-09-2024T13:26:59 - [TEST_STEP][PASSED] - else: null

24-09-2024T13:26:59 - [TEST_STEP][PASSED] - sendRequestTextBox = driver.findElement(By.xpath("//input[@id='1']")): null

24-09-2024T13:26:59 - [TEST_STEP][PASSED] - responseTextBox = driver.findElement(By.xpath("/html[1]/body[1]/div[1]/main[1]/div[1]/section[1]/div[2]/div[1]/div[1]/div[2]/div[1]/div[1]/div[1]/form[1]/div[1]/div[1]/textarea[1]")): null

24-09-2024T13:26:59 - [TEST_STEP][PASSED] - sendRequestTextBox.clear(): null

24-09-2024T13:27:00 - [TEST_STEP][PASSED] - BookingIdToBePassed = testdataFromExcel["BookingId"][TestScenarioNumber]: null

24-09-2024T13:27:00 - [TEST_STEP][PASSED] - sendRequestTextBox.sendKeys(BookingIdToBePassed): null

24-09-2024T13:27:00 - [TEST_STEP][PASSED] - println(BookingIdToBePassed): null

24-09-2024T13:27:00 - [TEST_STEP][PASSED] - utils.clickSendButton(): null

24-09-2024T13:27:00 - [TEST_STEP][PASSED] - delay(2): Delayed 2 second(s)

24-09-2024T13:27:02 - [MESSAGE][PASSED] - Delayed 2 second(s)

24-09-2024T13:27:02 - [TEST_STEP][PASSED] - response = responseTextBox.getText(): null

24-09-2024T13:27:02 - [TEST_STEP][PASSED] - validationString = testdataFromExcel["Validation"][TestScenarioNumber]: null

24-09-2024T13:27:02 - [TEST_STEP][PASSED] - assert response.contains(validationString): null

24-09-2024T13:27:02 - [TEST_STEP][PASSED] - println("Test Scenario Number: " + TestScenarioNumber + 1): null

24-09-2024T13:27:02 - [TEST_STEP][PASSED] - TestScenarioRequiresCreateBooking = testdataFromExcel["ExecuteBookingCreationFlag"][TestScenarioNumber]: null

24-09-2024T13:27:02 - [TEST_STEP][PASSED] - if (TestScenarioRequiresCreateBooking == "Yes"): null

24-09-2024T13:27:02 - [TEST_STEP][PASSED] - else: null

24-09-2024T13:27:02 - [TEST_STEP][PASSED] - sendRequestTextBox = driver.findElement(By.xpath("//input[@id='1']")): null

24-09-2024T13:27:02 - [TEST_STEP][PASSED] - responseTextBox = driver.findElement(By.xpath("/html[1]/body[1]/div[1]/main[1]/div[1]/section[1]/div[2]/div[1]/div[1]/div[2]/div[1]/div[1]/div[1]/form[1]/div[1]/div[1]/textarea[1]")): null

24-09-2024T13:27:03 - [TEST_STEP][PASSED] - sendRequestTextBox.clear(): null

24-09-2024T13:27:03 - [TEST_STEP][PASSED] - BookingIdToBePassed = testdataFromExcel["BookingId"][TestScenarioNumber]: null

24-09-2024T13:27:03 - [TEST_STEP][PASSED] - sendRequestTextBox.sendKeys(BookingIdToBePassed): null

24-09-2024T13:27:03 - [TEST_STEP][PASSED] - println(BookingIdToBePassed): null

24-09-2024T13:27:03 - [TEST_STEP][PASSED] - utils.clickSendButton(): null

24-09-2024T13:27:03 - [TEST_STEP][PASSED] - delay(2): Delayed 2 second(s)

24-09-2024T13:27:05 - [MESSAGE][PASSED] - Delayed 2 second(s)

24-09-2024T13:27:05 - [TEST_STEP][PASSED] - response = responseTextBox.getText(): null

24-09-2024T13:27:05 - [TEST_STEP][PASSED] - validationString = testdataFromExcel["Validation"][TestScenarioNumber]: null

24-09-2024T13:27:05 - [TEST_STEP][PASSED] - assert response.contains(validationString): null

24-09-2024T13:27:05 - [TEST_STEP][PASSED] - println("Test Scenario Number: " + TestScenarioNumber + 1): null

24-09-2024T13:27:06 - [TEST_STEP][PASSED] - Finally: Browser is closed

24-09-2024T13:27:06 - [TEST_STEP][PASSED] - utils.closeBrowser(): Browser is closed

24-09-2024T13:27:08 - [MESSAGE][PASSED] - Delayed 2 second(s)

24-09-2024T13:27:08 - [MESSAGE][PASSED] - Browser is closed]]></system-out>
         <system-err><![CDATA[]]></system-err>
      </testcase>
      <testcase name="Test Cases/Web_Utilities_TestCases/Validations/TC2_PrevalidationsByCtryOrCurr" time="39.223" classname="Test Cases/Web_Utilities_TestCases/Validations/TC2_PrevalidationsByCtryOrCurr" status="PASSED">
         <system-out><![CDATA[24-09-2024T13:27:08 - [TEST_CASE][PASSED] - Test Cases/Web_Utilities_TestCases/Validations/TC2_PrevalidationsByCtryOrCurr: Test Cases/Web_Utilities_TestCases/Validations/TC2_PrevalidationsByCtryOrCurr

24-09-2024T13:27:08 - [TEST_STEP][PASSED] - try: null

24-09-2024T13:27:08 - [TEST_STEP][PASSED] - utils.openBrowserAndNavigateToPMT(): Navigate to 'https://dev1.payment.rccl.com/payment/utilities' successfully

24-09-2024T13:27:08 - [MESSAGE][INFO] - Starting 'Chrome' driver

24-09-2024T13:27:08 - [MESSAGE][INFO] - Action delay is set to 0 milliseconds

24-09-2024T13:27:12 - [MESSAGE][PASSED] - Browser is opened with url: ''

24-09-2024T13:27:12 - [MESSAGE][PASSED] - Current window maximized

24-09-2024T13:27:17 - [MESSAGE][PASSED] - Navigate to 'https://dev1.payment.rccl.com/payment/utilities' successfully

24-09-2024T13:27:17 - [TEST_STEP][PASSED] - driver = getWebDriver(): null

24-09-2024T13:27:17 - [TEST_STEP][PASSED] - EXCEL_PATH = "./Data Files/TestData.xlsx": null

24-09-2024T13:27:17 - [TEST_STEP][PASSED] - TAB = "Validations_ByCtryOrCurr": null

24-09-2024T13:27:17 - [TEST_STEP][PASSED] - testdataFromExcel = getdata.fromExcel(EXCEL_PATH, TAB): null

24-09-2024T13:27:17 - [TEST_STEP][PASSED] - utils.goToValidations(): null

24-09-2024T13:27:21 - [TEST_STEP][PASSED] - utils.selectEnvironment(ENV): null

24-09-2024T13:27:22 - [TEST_STEP][PASSED] - clickAuthorizePayment = xpath("//a[normalize-space()='Prevalidations by Ctry/Curr']")).click(): null

24-09-2024T13:27:22 - [TEST_STEP][PASSED] - countryInput = driver.findElement(By.xpath("//input[@id='country']")): null

24-09-2024T13:27:23 - [TEST_STEP][PASSED] - currencyInput = driver.findElement(By.xpath("//input[@id='currency']")): null

24-09-2024T13:27:23 - [TEST_STEP][PASSED] - responseTextBox = driver.findElement(By.xpath("/html[1]/body[1]/div[1]/main[1]/div[1]/section[1]/div[2]/div[1]/div[1]/div[2]/div[1]/div[1]/div[1]/form[1]/div[1]/div[1]/textarea[1]")): null

24-09-2024T13:27:24 - [TEST_STEP][PASSED] - for ([TestScenarioNumber = 0, TestScenarioNumber < testdataFromExcel.size() - 1, (TestScenarioNumber++)]): null

24-09-2024T13:27:24 - [TEST_STEP][PASSED] - delay(5): Delayed 5 second(s)

24-09-2024T13:27:29 - [MESSAGE][PASSED] - Delayed 5 second(s)

24-09-2024T13:27:29 - [TEST_STEP][PASSED] - countryInput.clear(): null

24-09-2024T13:27:29 - [TEST_STEP][PASSED] - currencyInput.clear(): null

24-09-2024T13:27:29 - [TEST_STEP][PASSED] - countryData = testdataFromExcel["Country"][TestScenarioNumber]: null

24-09-2024T13:27:29 - [TEST_STEP][PASSED] - currencyData = testdataFromExcel["Currency"][TestScenarioNumber]: null

24-09-2024T13:27:29 - [TEST_STEP][PASSED] - println(countryData): null

24-09-2024T13:27:29 - [TEST_STEP][PASSED] - println(currencyData): null

24-09-2024T13:27:29 - [TEST_STEP][PASSED] - countryInput.sendKeys(countryData): null

24-09-2024T13:27:29 - [TEST_STEP][PASSED] - currencyInput.sendKeys(currencyData): null

24-09-2024T13:27:29 - [TEST_STEP][PASSED] - utils.clickSendButton(): null

24-09-2024T13:27:29 - [TEST_STEP][PASSED] - delay(5): Delayed 5 second(s)

24-09-2024T13:27:34 - [MESSAGE][PASSED] - Delayed 5 second(s)

24-09-2024T13:27:34 - [TEST_STEP][PASSED] - response = responseTextBox.getText(): null

24-09-2024T13:27:34 - [TEST_STEP][PASSED] - println(response): null

24-09-2024T13:27:34 - [TEST_STEP][PASSED] - validationString = testdataFromExcel["Validation"][TestScenarioNumber]: null

24-09-2024T13:27:34 - [TEST_STEP][PASSED] - assert response.contains(validationString): null

24-09-2024T13:27:34 - [TEST_STEP][PASSED] - println("Test Scenario Number: " + TestScenarioNumber + 1): null

24-09-2024T13:27:34 - [TEST_STEP][PASSED] - delay(5): Delayed 5 second(s)

24-09-2024T13:27:39 - [MESSAGE][PASSED] - Delayed 5 second(s)

24-09-2024T13:27:39 - [TEST_STEP][PASSED] - countryInput.clear(): null

24-09-2024T13:27:39 - [TEST_STEP][PASSED] - currencyInput.clear(): null

24-09-2024T13:27:40 - [TEST_STEP][PASSED] - countryData = testdataFromExcel["Country"][TestScenarioNumber]: null

24-09-2024T13:27:40 - [TEST_STEP][PASSED] - currencyData = testdataFromExcel["Currency"][TestScenarioNumber]: null

24-09-2024T13:27:40 - [TEST_STEP][PASSED] - println(countryData): null

24-09-2024T13:27:40 - [TEST_STEP][PASSED] - println(currencyData): null

24-09-2024T13:27:40 - [TEST_STEP][PASSED] - countryInput.sendKeys(countryData): null

24-09-2024T13:27:40 - [TEST_STEP][PASSED] - currencyInput.sendKeys(currencyData): null

24-09-2024T13:27:40 - [TEST_STEP][PASSED] - utils.clickSendButton(): null

24-09-2024T13:27:40 - [TEST_STEP][PASSED] - delay(5): Delayed 5 second(s)

24-09-2024T13:27:45 - [MESSAGE][PASSED] - Delayed 5 second(s)

24-09-2024T13:27:45 - [TEST_STEP][PASSED] - response = responseTextBox.getText(): null

24-09-2024T13:27:45 - [TEST_STEP][PASSED] - println(response): null

24-09-2024T13:27:45 - [TEST_STEP][PASSED] - validationString = testdataFromExcel["Validation"][TestScenarioNumber]: null

24-09-2024T13:27:45 - [TEST_STEP][PASSED] - assert response.contains(validationString): null

24-09-2024T13:27:45 - [TEST_STEP][PASSED] - println("Test Scenario Number: " + TestScenarioNumber + 1): null

24-09-2024T13:27:45 - [TEST_STEP][PASSED] - Finally: Browser is closed

24-09-2024T13:27:45 - [TEST_STEP][PASSED] - utils.closeBrowser(): Browser is closed

24-09-2024T13:27:47 - [MESSAGE][PASSED] - Delayed 2 second(s)

24-09-2024T13:27:47 - [MESSAGE][PASSED] - Browser is closed]]></system-out>
         <system-err><![CDATA[]]></system-err>
      </testcase>
      <system-out><![CDATA[24-09-2024T13:24:54 - [TEST_SUITE][PASSED] - Validations: Test Cases/Web_Utilities_TestCases/Validations/TC2_PrevalidationsByCtryOrCurr]]></system-out>
      <system-err><![CDATA[]]></system-err>
   </testsuite>
</testsuites>
