<?xml version="1.0" encoding="UTF-8"?>
<testsuites name="cardTokenization" time="102.373" tests="2" failures="0" errors="0">
   <testsuite name="cardTokenization" tests="2" failures="0" errors="0" time="102.373" skipped="0" timestamp="16-10-2024T15:08:26" hostname="manilacel - localhost" id="Test Suites/PMT_Libraries/cardTokenization">
      <properties>
         <property name="deviceName" value=""/>
         <property name="devicePlatform"/>
         <property name="logFolder" value="/Users/manilacel/Library/CloudStorage/OneDrive-RoyalCaribbeanGroup/PMT/Git/payment.web-utility-automation/payment.web-utility-automation/Reports/20241016_150804/PMT_Libraries/cardTokenization/20241016_150815"/>
         <property name="logFiles" value="/Users/manilacel/Library/CloudStorage/OneDrive-RoyalCaribbeanGroup/PMT/Git/payment.web-utility-automation/payment.web-utility-automation/Reports/20241016_150804/PMT_Libraries/cardTokenization/20241016_150815/execution0.log"/>
         <property name="attachments" value=""/>
         <property name="hostName" value="manilacel - localhost"/>
         <property name="os" value="Mac OS X 64bit"/>
         <property name="katalonVersion" value="9.5.0.217"/>
         <property name="browser" value="Chrome 129.0.0.0"/>
         <property name="hostAddress" value="127.0.0.1"/>
         <property name="sessionId" value="ae1ac08278b373d1688dc37e3056f048"/>
         <property name="seleniumVersion" value="3.141.59"/>
         <property name="proxyInformation" value="ProxyInformation { proxyOption=NO_PROXY, proxyServerType=HTTP, username=, password=********, proxyServerAddress=, proxyServerPort=0, executionList=&quot;&quot;, isApplyToDesiredCapabilities=true }"/>
         <property name="platform" value="Mac OS X"/>
      </properties>
      <testcase name="Test Cases/Web_Utilities_TestCases/cardTokenization/TC2_CardTokenization_GenerateToken" time="55.029" classname="Test Cases/Web_Utilities_TestCases/cardTokenization/TC2_CardTokenization_GenerateToken" status="PASSED">
         <system-out><![CDATA[16-10-2024T15:08:26 - [TEST_CASE][PASSED] - Test Cases/Web_Utilities_TestCases/cardTokenization/TC2_CardTokenization_GenerateToken: Test Cases/Web_Utilities_TestCases/cardTokenization/TC2_CardTokenization_GenerateToken

16-10-2024T15:08:28 - [TEST_STEP][PASSED] - try: null

16-10-2024T15:08:28 - [TEST_STEP][PASSED] - utils.openBrowserAndNavigateToPMT(): Navigate to 'https://dev1.payment.rccl.com/payment/utilities' successfully

16-10-2024T15:08:29 - [MESSAGE][INFO] - Starting 'Chrome' driver

16-10-2024T15:08:29 - [MESSAGE][INFO] - Action delay is set to 0 milliseconds

16-10-2024T15:08:37 - [MESSAGE][PASSED] - Browser is opened with url: ''

16-10-2024T15:08:37 - [MESSAGE][PASSED] - Current window maximized

16-10-2024T15:08:48 - [MESSAGE][PASSED] - Navigate to 'https://dev1.payment.rccl.com/payment/utilities' successfully

16-10-2024T15:08:48 - [TEST_STEP][PASSED] - EXCEL_PATH = "./Data Files/TestData.xlsx": null

16-10-2024T15:08:48 - [TEST_STEP][PASSED] - TAB = "cardTokenization_Generate": null

16-10-2024T15:08:48 - [TEST_STEP][PASSED] - driver = getWebDriver(): null

16-10-2024T15:08:48 - [TEST_STEP][PASSED] - utils.goToCardTokenization(): null

16-10-2024T15:08:53 - [TEST_STEP][PASSED] - clickGenerateToken = xpath("//a[normalize-space()='Generate Token']")).click(): null

16-10-2024T15:08:54 - [TEST_STEP][PASSED] - utils.selectEnvironment(ENV): null

16-10-2024T15:08:55 - [TEST_STEP][PASSED] - sendRequestTextBox = driver.findElement(By.xpath("//textarea[@name='req']")): null

16-10-2024T15:08:55 - [TEST_STEP][PASSED] - testdata = getdata.fromExcel(EXCEL_PATH, TAB): null

16-10-2024T15:08:57 - [TEST_STEP][PASSED] - for ([i = 0, i < testdata.size(), (i++)]): null

16-10-2024T15:08:57 - [TEST_STEP][PASSED] - sendRequestTextBox.clear(): null

16-10-2024T15:08:57 - [TEST_STEP][PASSED] - encryptedCard = testdata["encryptedCard"][i]: null

16-10-2024T15:08:57 - [TEST_STEP][PASSED] - CNumber = encryptedCard.replaceAll("\.0$", ""): null

16-10-2024T15:08:57 - [TEST_STEP][PASSED] - expirationMonth = testdata["expirationMonth"][i]: null

16-10-2024T15:08:57 - [TEST_STEP][PASSED] - xMonth = expirationMonth.replaceAll("\.0$", ""): null

16-10-2024T15:08:57 - [TEST_STEP][PASSED] - expirationYear = testdata["expirationYear"][i]: null

16-10-2024T15:08:57 - [TEST_STEP][PASSED] - xYear = expirationYear.replaceAll("\.0$", ""): null

16-10-2024T15:08:57 - [TEST_STEP][PASSED] - request = {
			"cardNumber": "$encryptedCard",
			"expirationMonth": "$expirationMonth",
			"expirationYear": "$expirationYear"
			}: null

16-10-2024T15:08:57 - [TEST_STEP][PASSED] - restRequest = JsonSlurper().parseText(request): null

16-10-2024T15:08:57 - [TEST_STEP][PASSED] - prettyJson = JsonBuilder(restRequest).toPrettyString(): null

16-10-2024T15:08:57 - [TEST_STEP][PASSED] - println(prettyJson): null

16-10-2024T15:08:57 - [TEST_STEP][PASSED] - sendRequestTextBox.sendKeys(prettyJson): null

16-10-2024T15:08:58 - [TEST_STEP][PASSED] - utils.clickSendButton(): null

16-10-2024T15:08:58 - [TEST_STEP][PASSED] - delay(3): Delayed 3 second(s)

16-10-2024T15:09:01 - [MESSAGE][PASSED] - Delayed 3 second(s)

16-10-2024T15:09:01 - [TEST_STEP][PASSED] - response = utils.getResponse(): null

16-10-2024T15:09:04 - [TEST_STEP][PASSED] - println(response): null

16-10-2024T15:09:04 - [TEST_STEP][PASSED] - validation1 = testdata["ContainsValidation"][i]: null

16-10-2024T15:09:04 - [TEST_STEP][PASSED] - println(validation1): null

16-10-2024T15:09:04 - [TEST_STEP][PASSED] - validation2 = testdata["NotContainsValidation"][i]: null

16-10-2024T15:09:04 - [TEST_STEP][PASSED] - println(validation2): null

16-10-2024T15:09:04 - [TEST_STEP][PASSED] - println(testdata["TCNumber"][i]): null

16-10-2024T15:09:04 - [TEST_STEP][PASSED] - assert response.contains(validation1): null

16-10-2024T15:09:04 - [TEST_STEP][PASSED] - assert response.contains(validation2) == false: null

16-10-2024T15:09:04 - [TEST_STEP][PASSED] - sendRequestTextBox.clear(): null

16-10-2024T15:09:04 - [TEST_STEP][PASSED] - encryptedCard = testdata["encryptedCard"][i]: null

16-10-2024T15:09:04 - [TEST_STEP][PASSED] - CNumber = encryptedCard.replaceAll("\.0$", ""): null

16-10-2024T15:09:04 - [TEST_STEP][PASSED] - expirationMonth = testdata["expirationMonth"][i]: null

16-10-2024T15:09:04 - [TEST_STEP][PASSED] - xMonth = expirationMonth.replaceAll("\.0$", ""): null

16-10-2024T15:09:04 - [TEST_STEP][PASSED] - expirationYear = testdata["expirationYear"][i]: null

16-10-2024T15:09:04 - [TEST_STEP][PASSED] - xYear = expirationYear.replaceAll("\.0$", ""): null

16-10-2024T15:09:04 - [TEST_STEP][PASSED] - request = {
			"cardNumber": "$encryptedCard",
			"expirationMonth": "$expirationMonth",
			"expirationYear": "$expirationYear"
			}: null

16-10-2024T15:09:04 - [TEST_STEP][PASSED] - restRequest = JsonSlurper().parseText(request): null

16-10-2024T15:09:04 - [TEST_STEP][PASSED] - prettyJson = JsonBuilder(restRequest).toPrettyString(): null

16-10-2024T15:09:04 - [TEST_STEP][PASSED] - println(prettyJson): null

16-10-2024T15:09:04 - [TEST_STEP][PASSED] - sendRequestTextBox.sendKeys(prettyJson): null

16-10-2024T15:09:04 - [TEST_STEP][PASSED] - utils.clickSendButton(): null

16-10-2024T15:09:05 - [TEST_STEP][PASSED] - delay(3): Delayed 3 second(s)

16-10-2024T15:09:08 - [MESSAGE][PASSED] - Delayed 3 second(s)

16-10-2024T15:09:08 - [TEST_STEP][PASSED] - response = utils.getResponse(): null

16-10-2024T15:09:08 - [TEST_STEP][PASSED] - println(response): null

16-10-2024T15:09:08 - [TEST_STEP][PASSED] - validation1 = testdata["ContainsValidation"][i]: null

16-10-2024T15:09:08 - [TEST_STEP][PASSED] - println(validation1): null

16-10-2024T15:09:08 - [TEST_STEP][PASSED] - validation2 = testdata["NotContainsValidation"][i]: null

16-10-2024T15:09:08 - [TEST_STEP][PASSED] - println(validation2): null

16-10-2024T15:09:08 - [TEST_STEP][PASSED] - println(testdata["TCNumber"][i]): null

16-10-2024T15:09:08 - [TEST_STEP][PASSED] - assert response.contains(validation1): null

16-10-2024T15:09:08 - [TEST_STEP][PASSED] - assert response.contains(validation2) == false: null

16-10-2024T15:09:08 - [TEST_STEP][PASSED] - sendRequestTextBox.clear(): null

16-10-2024T15:09:08 - [TEST_STEP][PASSED] - encryptedCard = testdata["encryptedCard"][i]: null

16-10-2024T15:09:08 - [TEST_STEP][PASSED] - CNumber = encryptedCard.replaceAll("\.0$", ""): null

16-10-2024T15:09:08 - [TEST_STEP][PASSED] - expirationMonth = testdata["expirationMonth"][i]: null

16-10-2024T15:09:08 - [TEST_STEP][PASSED] - xMonth = expirationMonth.replaceAll("\.0$", ""): null

16-10-2024T15:09:08 - [TEST_STEP][PASSED] - expirationYear = testdata["expirationYear"][i]: null

16-10-2024T15:09:08 - [TEST_STEP][PASSED] - xYear = expirationYear.replaceAll("\.0$", ""): null

16-10-2024T15:09:08 - [TEST_STEP][PASSED] - request = {
			"cardNumber": "$encryptedCard",
			"expirationMonth": "$expirationMonth",
			"expirationYear": "$expirationYear"
			}: null

16-10-2024T15:09:08 - [TEST_STEP][PASSED] - restRequest = JsonSlurper().parseText(request): null

16-10-2024T15:09:08 - [TEST_STEP][PASSED] - prettyJson = JsonBuilder(restRequest).toPrettyString(): null

16-10-2024T15:09:08 - [TEST_STEP][PASSED] - println(prettyJson): null

16-10-2024T15:09:08 - [TEST_STEP][PASSED] - sendRequestTextBox.sendKeys(prettyJson): null

16-10-2024T15:09:08 - [TEST_STEP][PASSED] - utils.clickSendButton(): null

16-10-2024T15:09:09 - [TEST_STEP][PASSED] - delay(3): Delayed 3 second(s)

16-10-2024T15:09:12 - [MESSAGE][PASSED] - Delayed 3 second(s)

16-10-2024T15:09:12 - [TEST_STEP][PASSED] - response = utils.getResponse(): null

16-10-2024T15:09:12 - [TEST_STEP][PASSED] - println(response): null

16-10-2024T15:09:12 - [TEST_STEP][PASSED] - validation1 = testdata["ContainsValidation"][i]: null

16-10-2024T15:09:12 - [TEST_STEP][PASSED] - println(validation1): null

16-10-2024T15:09:12 - [TEST_STEP][PASSED] - validation2 = testdata["NotContainsValidation"][i]: null

16-10-2024T15:09:12 - [TEST_STEP][PASSED] - println(validation2): null

16-10-2024T15:09:12 - [TEST_STEP][PASSED] - println(testdata["TCNumber"][i]): null

16-10-2024T15:09:12 - [TEST_STEP][PASSED] - assert response.contains(validation1): null

16-10-2024T15:09:12 - [TEST_STEP][PASSED] - assert response.contains(validation2) == false: null

16-10-2024T15:09:12 - [TEST_STEP][PASSED] - sendRequestTextBox.clear(): null

16-10-2024T15:09:12 - [TEST_STEP][PASSED] - encryptedCard = testdata["encryptedCard"][i]: null

16-10-2024T15:09:12 - [TEST_STEP][PASSED] - CNumber = encryptedCard.replaceAll("\.0$", ""): null

16-10-2024T15:09:12 - [TEST_STEP][PASSED] - expirationMonth = testdata["expirationMonth"][i]: null

16-10-2024T15:09:12 - [TEST_STEP][PASSED] - xMonth = expirationMonth.replaceAll("\.0$", ""): null

16-10-2024T15:09:12 - [TEST_STEP][PASSED] - expirationYear = testdata["expirationYear"][i]: null

16-10-2024T15:09:12 - [TEST_STEP][PASSED] - xYear = expirationYear.replaceAll("\.0$", ""): null

16-10-2024T15:09:12 - [TEST_STEP][PASSED] - request = {
			"cardNumber": "$encryptedCard",
			"expirationMonth": "$expirationMonth",
			"expirationYear": "$expirationYear"
			}: null

16-10-2024T15:09:12 - [TEST_STEP][PASSED] - restRequest = JsonSlurper().parseText(request): null

16-10-2024T15:09:12 - [TEST_STEP][PASSED] - prettyJson = JsonBuilder(restRequest).toPrettyString(): null

16-10-2024T15:09:12 - [TEST_STEP][PASSED] - println(prettyJson): null

16-10-2024T15:09:12 - [TEST_STEP][PASSED] - sendRequestTextBox.sendKeys(prettyJson): null

16-10-2024T15:09:12 - [TEST_STEP][PASSED] - utils.clickSendButton(): null

16-10-2024T15:09:13 - [TEST_STEP][PASSED] - delay(3): Delayed 3 second(s)

16-10-2024T15:09:16 - [MESSAGE][PASSED] - Delayed 3 second(s)

16-10-2024T15:09:16 - [TEST_STEP][PASSED] - response = utils.getResponse(): null

16-10-2024T15:09:16 - [TEST_STEP][PASSED] - println(response): null

16-10-2024T15:09:16 - [TEST_STEP][PASSED] - validation1 = testdata["ContainsValidation"][i]: null

16-10-2024T15:09:16 - [TEST_STEP][PASSED] - println(validation1): null

16-10-2024T15:09:16 - [TEST_STEP][PASSED] - validation2 = testdata["NotContainsValidation"][i]: null

16-10-2024T15:09:16 - [TEST_STEP][PASSED] - println(validation2): null

16-10-2024T15:09:16 - [TEST_STEP][PASSED] - println(testdata["TCNumber"][i]): null

16-10-2024T15:09:16 - [TEST_STEP][PASSED] - assert response.contains(validation1): null

16-10-2024T15:09:16 - [TEST_STEP][PASSED] - assert response.contains(validation2) == false: null

16-10-2024T15:09:16 - [TEST_STEP][PASSED] - Finally: Browser is closed

16-10-2024T15:09:16 - [TEST_STEP][PASSED] - utils.closeBrowser(): Browser is closed

16-10-2024T15:09:18 - [MESSAGE][PASSED] - Delayed 2 second(s)

16-10-2024T15:09:19 - [MESSAGE][PASSED] - Browser is closed

16-10-2024T15:09:21 - [TEST_STEP][PASSED] - Video: Video recording for test case 'Test Cases/Web_Utilities_TestCases/cardTokenization/TC2_CardTokenization_GenerateToken' .

16-10-2024T15:09:21 - [MESSAGE][INFO] - Video recording for test case 'Test Cases/Web_Utilities_TestCases/cardTokenization/TC2_CardTokenization_GenerateToken' .]]></system-out>
         <system-err><![CDATA[]]></system-err>
      </testcase>
      <testcase name="Test Cases/Web_Utilities_TestCases/cardTokenization/TC1_CardTokenization_EncryptedCard" time="46.987" classname="Test Cases/Web_Utilities_TestCases/cardTokenization/TC1_CardTokenization_EncryptedCard" status="PASSED">
         <system-out><![CDATA[16-10-2024T15:09:21 - [TEST_CASE][PASSED] - Test Cases/Web_Utilities_TestCases/cardTokenization/TC1_CardTokenization_EncryptedCard: Test Cases/Web_Utilities_TestCases/cardTokenization/TC1_CardTokenization_EncryptedCard

16-10-2024T15:09:22 - [TEST_STEP][PASSED] - try: null

16-10-2024T15:09:22 - [TEST_STEP][PASSED] - utils.openBrowserAndNavigateToPMT(): Navigate to 'https://dev1.payment.rccl.com/payment/utilities' successfully

16-10-2024T15:09:22 - [MESSAGE][INFO] - Starting 'Chrome' driver

16-10-2024T15:09:22 - [MESSAGE][INFO] - Action delay is set to 0 milliseconds

16-10-2024T15:09:26 - [MESSAGE][PASSED] - Browser is opened with url: ''

16-10-2024T15:09:26 - [MESSAGE][PASSED] - Current window maximized

16-10-2024T15:09:36 - [MESSAGE][PASSED] - Navigate to 'https://dev1.payment.rccl.com/payment/utilities' successfully

16-10-2024T15:09:36 - [TEST_STEP][PASSED] - EXCEL_PATH = "./Data Files/TestData.xlsx": null

16-10-2024T15:09:36 - [TEST_STEP][PASSED] - TAB = "cardTokenization_Encrypt": null

16-10-2024T15:09:36 - [TEST_STEP][PASSED] - driver = getWebDriver(): null

16-10-2024T15:09:36 - [TEST_STEP][PASSED] - utils.goToCardTokenization(): null

16-10-2024T15:09:42 - [TEST_STEP][PASSED] - utils.selectEnvironment(ENV): null

16-10-2024T15:09:44 - [TEST_STEP][PASSED] - sendRequestTextBox = driver.findElement(By.xpath("//textarea[@name='req']")): null

16-10-2024T15:09:45 - [TEST_STEP][PASSED] - testdata = getdata.fromExcel(EXCEL_PATH, TAB): null

16-10-2024T15:09:45 - [TEST_STEP][PASSED] - for ([i = 0, i < testdata.size(), (i++)]): null

16-10-2024T15:09:45 - [TEST_STEP][PASSED] - delay(5): Delayed 5 second(s)

16-10-2024T15:09:50 - [MESSAGE][PASSED] - Delayed 5 second(s)

16-10-2024T15:09:50 - [TEST_STEP][PASSED] - sendRequestTextBox.clear(): null

16-10-2024T15:09:50 - [TEST_STEP][PASSED] - encryptedCard = testdata["encryptedCard"][i]: null

16-10-2024T15:09:50 - [TEST_STEP][PASSED] - CNumber = encryptedCard.replaceAll("\.0$", ""): null

16-10-2024T15:09:50 - [TEST_STEP][PASSED] - request = $encryptedCard: null

16-10-2024T15:09:50 - [TEST_STEP][PASSED] - println(request): null

16-10-2024T15:09:50 - [TEST_STEP][PASSED] - sendRequestTextBox.sendKeys(request): null

16-10-2024T15:09:50 - [TEST_STEP][PASSED] - utils.clickSendButton(): null

16-10-2024T15:09:51 - [TEST_STEP][PASSED] - delay(3): Delayed 3 second(s)

16-10-2024T15:09:54 - [MESSAGE][PASSED] - Delayed 3 second(s)

16-10-2024T15:09:54 - [TEST_STEP][PASSED] - response = utils.getResponse(): null

16-10-2024T15:09:55 - [TEST_STEP][PASSED] - println(response): null

16-10-2024T15:09:55 - [TEST_STEP][PASSED] - validation1 = testdata["ContainsValidation"][i]: null

16-10-2024T15:09:55 - [TEST_STEP][PASSED] - println(validation1): null

16-10-2024T15:09:55 - [TEST_STEP][PASSED] - validation2 = testdata["NotContainsValidation"][i]: null

16-10-2024T15:09:55 - [TEST_STEP][PASSED] - println(validation2): null

16-10-2024T15:09:55 - [TEST_STEP][PASSED] - println(testdata["TCNumber"][i]): null

16-10-2024T15:09:55 - [TEST_STEP][PASSED] - assert response.contains(validation1): null

16-10-2024T15:09:55 - [TEST_STEP][PASSED] - assert response.contains(validation2) == false: null

16-10-2024T15:09:55 - [TEST_STEP][PASSED] - delay(5): Delayed 5 second(s)

16-10-2024T15:10:00 - [MESSAGE][PASSED] - Delayed 5 second(s)

16-10-2024T15:10:00 - [TEST_STEP][PASSED] - sendRequestTextBox.clear(): null

16-10-2024T15:10:00 - [TEST_STEP][PASSED] - encryptedCard = testdata["encryptedCard"][i]: null

16-10-2024T15:10:00 - [TEST_STEP][PASSED] - CNumber = encryptedCard.replaceAll("\.0$", ""): null

16-10-2024T15:10:00 - [TEST_STEP][PASSED] - request = $encryptedCard: null

16-10-2024T15:10:00 - [TEST_STEP][PASSED] - println(request): null

16-10-2024T15:10:00 - [TEST_STEP][PASSED] - sendRequestTextBox.sendKeys(request): null

16-10-2024T15:10:00 - [TEST_STEP][PASSED] - utils.clickSendButton(): null

16-10-2024T15:10:00 - [TEST_STEP][PASSED] - delay(3): Delayed 3 second(s)

16-10-2024T15:10:03 - [MESSAGE][PASSED] - Delayed 3 second(s)

16-10-2024T15:10:03 - [TEST_STEP][PASSED] - response = utils.getResponse(): null

16-10-2024T15:10:03 - [TEST_STEP][PASSED] - println(response): null

16-10-2024T15:10:04 - [TEST_STEP][PASSED] - validation1 = testdata["ContainsValidation"][i]: null

16-10-2024T15:10:04 - [TEST_STEP][PASSED] - println(validation1): null

16-10-2024T15:10:04 - [TEST_STEP][PASSED] - validation2 = testdata["NotContainsValidation"][i]: null

16-10-2024T15:10:04 - [TEST_STEP][PASSED] - println(validation2): null

16-10-2024T15:10:04 - [TEST_STEP][PASSED] - println(testdata["TCNumber"][i]): null

16-10-2024T15:10:04 - [TEST_STEP][PASSED] - assert response.contains(validation1): null

16-10-2024T15:10:04 - [TEST_STEP][PASSED] - assert response.contains(validation2) == false: null

16-10-2024T15:10:04 - [TEST_STEP][PASSED] - Finally: Browser is closed

16-10-2024T15:10:04 - [TEST_STEP][PASSED] - utils.closeBrowser(): Browser is closed

16-10-2024T15:10:06 - [MESSAGE][PASSED] - Delayed 2 second(s)

16-10-2024T15:10:06 - [MESSAGE][PASSED] - Browser is closed

16-10-2024T15:10:08 - [TEST_STEP][PASSED] - Video: Video recording for test case 'Test Cases/Web_Utilities_TestCases/cardTokenization/TC1_CardTokenization_EncryptedCard' .

16-10-2024T15:10:08 - [MESSAGE][INFO] - Video recording for test case 'Test Cases/Web_Utilities_TestCases/cardTokenization/TC1_CardTokenization_EncryptedCard' .]]></system-out>
         <system-err><![CDATA[]]></system-err>
      </testcase>
      <system-out><![CDATA[16-10-2024T15:08:26 - [TEST_SUITE][PASSED] - cardTokenization: Test Cases/Web_Utilities_TestCases/cardTokenization/TC1_CardTokenization_EncryptedCard]]></system-out>
      <system-err><![CDATA[]]></system-err>
   </testsuite>
</testsuites>
