<?xml version="1.0" encoding="UTF-8"?>
<testsuites name="cardTokenization" time="94.927" tests="2" failures="0" errors="0">
   <testsuite name="cardTokenization" tests="2" failures="0" errors="0" time="94.927" skipped="0" timestamp="04-10-2024T11:07:55" hostname="manilacel - localhost" id="Test Suites/PMT_Libraries/cardTokenization">
      <properties>
         <property name="deviceName" value=""/>
         <property name="devicePlatform"/>
         <property name="logFolder" value="/Users/manilacel/Library/CloudStorage/OneDrive-RoyalCaribbeanGroup/PMT/Git/RestructuredScript/TestingFolder/Reports/20241004_110733/PMT_Libraries/cardTokenization/20241004_110744"/>
         <property name="logFiles" value="/Users/manilacel/Library/CloudStorage/OneDrive-RoyalCaribbeanGroup/PMT/Git/RestructuredScript/TestingFolder/Reports/20241004_110733/PMT_Libraries/cardTokenization/20241004_110744/execution0.log"/>
         <property name="attachments" value=""/>
         <property name="hostName" value="manilacel - localhost"/>
         <property name="os" value="Mac OS X 64bit"/>
         <property name="katalonVersion" value="9.5.0.217"/>
         <property name="browser" value="Chrome 129.0.0.0"/>
         <property name="hostAddress" value="127.0.0.1"/>
         <property name="sessionId" value="1b12bdc154414534d672bdb534d28fad"/>
         <property name="seleniumVersion" value="3.141.59"/>
         <property name="proxyInformation" value="ProxyInformation { proxyOption=NO_PROXY, proxyServerType=HTTP, username=, password=********, proxyServerAddress=, proxyServerPort=0, executionList=&quot;&quot;, isApplyToDesiredCapabilities=true }"/>
         <property name="platform" value="Mac OS X"/>
      </properties>
      <testcase name="Test Cases/Web_Utilities_TestCases/cardTokenization/TC2_CardTokenization_GenerateToken" time="48.896" classname="Test Cases/Web_Utilities_TestCases/cardTokenization/TC2_CardTokenization_GenerateToken" status="PASSED">
         <system-out><![CDATA[04-10-2024T11:07:55 - [TEST_CASE][PASSED] - Test Cases/Web_Utilities_TestCases/cardTokenization/TC2_CardTokenization_GenerateToken: Test Cases/Web_Utilities_TestCases/cardTokenization/TC2_CardTokenization_GenerateToken

04-10-2024T11:08:02 - [TEST_STEP][PASSED] - try: null

04-10-2024T11:08:02 - [TEST_STEP][PASSED] - utils.openBrowserAndNavigateToPMT(): Navigate to 'https://dev1.payment.rccl.com/payment/utilities' successfully

04-10-2024T11:08:03 - [MESSAGE][INFO] - Starting 'Chrome' driver

04-10-2024T11:08:03 - [MESSAGE][INFO] - Action delay is set to 0 milliseconds

04-10-2024T11:08:10 - [MESSAGE][PASSED] - Browser is opened with url: ''

04-10-2024T11:08:10 - [MESSAGE][PASSED] - Current window maximized

04-10-2024T11:08:16 - [MESSAGE][PASSED] - Navigate to 'https://dev1.payment.rccl.com/payment/utilities' successfully

04-10-2024T11:08:16 - [TEST_STEP][PASSED] - EXCEL_PATH = "./Data Files/TestData.xlsx": null

04-10-2024T11:08:16 - [TEST_STEP][PASSED] - TAB = "cardTokenization_Generate": null

04-10-2024T11:08:16 - [TEST_STEP][PASSED] - driver = getWebDriver(): null

04-10-2024T11:08:16 - [TEST_STEP][PASSED] - utils.goToCardTokenization(): null

04-10-2024T11:08:18 - [TEST_STEP][PASSED] - clickGenerateToken = xpath("//a[normalize-space()='Generate Token']")).click(): null

04-10-2024T11:08:18 - [TEST_STEP][PASSED] - utils.selectEnvironment(ENV): null

04-10-2024T11:08:20 - [TEST_STEP][PASSED] - sendRequestTextBox = driver.findElement(By.xpath("//textarea[@name='req']")): null

04-10-2024T11:08:20 - [TEST_STEP][PASSED] - testdata = getdata.fromExcel(EXCEL_PATH, TAB): null

04-10-2024T11:08:22 - [TEST_STEP][PASSED] - for ([i = 0, i < testdata.size(), (i++)]): null

04-10-2024T11:08:22 - [TEST_STEP][PASSED] - sendRequestTextBox.clear(): null

04-10-2024T11:08:22 - [TEST_STEP][PASSED] - encryptedCard = testdata["encryptedCard"][i]: null

04-10-2024T11:08:22 - [TEST_STEP][PASSED] - CNumber = encryptedCard.replaceAll("\.0$", ""): null

04-10-2024T11:08:22 - [TEST_STEP][PASSED] - expirationMonth = testdata["expirationMonth"][i]: null

04-10-2024T11:08:22 - [TEST_STEP][PASSED] - xMonth = expirationMonth.replaceAll("\.0$", ""): null

04-10-2024T11:08:22 - [TEST_STEP][PASSED] - expirationYear = testdata["expirationYear"][i]: null

04-10-2024T11:08:22 - [TEST_STEP][PASSED] - xYear = expirationYear.replaceAll("\.0$", ""): null

04-10-2024T11:08:22 - [TEST_STEP][PASSED] - request = {
			"cardNumber": "$encryptedCard",
			"expirationMonth": "$expirationMonth",
			"expirationYear": "$expirationYear"
			}: null

04-10-2024T11:08:22 - [TEST_STEP][PASSED] - restRequest = JsonSlurper().parseText(request): null

04-10-2024T11:08:22 - [TEST_STEP][PASSED] - prettyJson = JsonBuilder(restRequest).toPrettyString(): null

04-10-2024T11:08:22 - [TEST_STEP][PASSED] - println(prettyJson): null

04-10-2024T11:08:22 - [TEST_STEP][PASSED] - sendRequestTextBox.sendKeys(prettyJson): null

04-10-2024T11:08:23 - [TEST_STEP][PASSED] - utils.clickSendButton(): null

04-10-2024T11:08:23 - [TEST_STEP][PASSED] - delay(3): Delayed 3 second(s)

04-10-2024T11:08:26 - [MESSAGE][PASSED] - Delayed 3 second(s)

04-10-2024T11:08:26 - [TEST_STEP][PASSED] - response = utils.getResponse(): null

04-10-2024T11:08:27 - [TEST_STEP][PASSED] - println(response): null

04-10-2024T11:08:27 - [TEST_STEP][PASSED] - validation1 = testdata["ContainsValidation"][i]: null

04-10-2024T11:08:27 - [TEST_STEP][PASSED] - println(validation1): null

04-10-2024T11:08:27 - [TEST_STEP][PASSED] - validation2 = testdata["NotContainsValidation"][i]: null

04-10-2024T11:08:27 - [TEST_STEP][PASSED] - println(validation2): null

04-10-2024T11:08:27 - [TEST_STEP][PASSED] - println(testdata["TCNumber"][i]): null

04-10-2024T11:08:27 - [TEST_STEP][PASSED] - assert response.contains(validation1): null

04-10-2024T11:08:27 - [TEST_STEP][PASSED] - assert response.contains(validation2) == false: null

04-10-2024T11:08:27 - [TEST_STEP][PASSED] - sendRequestTextBox.clear(): null

04-10-2024T11:08:27 - [TEST_STEP][PASSED] - encryptedCard = testdata["encryptedCard"][i]: null

04-10-2024T11:08:27 - [TEST_STEP][PASSED] - CNumber = encryptedCard.replaceAll("\.0$", ""): null

04-10-2024T11:08:27 - [TEST_STEP][PASSED] - expirationMonth = testdata["expirationMonth"][i]: null

04-10-2024T11:08:27 - [TEST_STEP][PASSED] - xMonth = expirationMonth.replaceAll("\.0$", ""): null

04-10-2024T11:08:27 - [TEST_STEP][PASSED] - expirationYear = testdata["expirationYear"][i]: null

04-10-2024T11:08:27 - [TEST_STEP][PASSED] - xYear = expirationYear.replaceAll("\.0$", ""): null

04-10-2024T11:08:27 - [TEST_STEP][PASSED] - request = {
			"cardNumber": "$encryptedCard",
			"expirationMonth": "$expirationMonth",
			"expirationYear": "$expirationYear"
			}: null

04-10-2024T11:08:27 - [TEST_STEP][PASSED] - restRequest = JsonSlurper().parseText(request): null

04-10-2024T11:08:27 - [TEST_STEP][PASSED] - prettyJson = JsonBuilder(restRequest).toPrettyString(): null

04-10-2024T11:08:27 - [TEST_STEP][PASSED] - println(prettyJson): null

04-10-2024T11:08:27 - [TEST_STEP][PASSED] - sendRequestTextBox.sendKeys(prettyJson): null

04-10-2024T11:08:27 - [TEST_STEP][PASSED] - utils.clickSendButton(): null

04-10-2024T11:08:28 - [TEST_STEP][PASSED] - delay(3): Delayed 3 second(s)

04-10-2024T11:08:31 - [MESSAGE][PASSED] - Delayed 3 second(s)

04-10-2024T11:08:31 - [TEST_STEP][PASSED] - response = utils.getResponse(): null

04-10-2024T11:08:31 - [TEST_STEP][PASSED] - println(response): null

04-10-2024T11:08:31 - [TEST_STEP][PASSED] - validation1 = testdata["ContainsValidation"][i]: null

04-10-2024T11:08:31 - [TEST_STEP][PASSED] - println(validation1): null

04-10-2024T11:08:31 - [TEST_STEP][PASSED] - validation2 = testdata["NotContainsValidation"][i]: null

04-10-2024T11:08:31 - [TEST_STEP][PASSED] - println(validation2): null

04-10-2024T11:08:31 - [TEST_STEP][PASSED] - println(testdata["TCNumber"][i]): null

04-10-2024T11:08:31 - [TEST_STEP][PASSED] - assert response.contains(validation1): null

04-10-2024T11:08:31 - [TEST_STEP][PASSED] - assert response.contains(validation2) == false: null

04-10-2024T11:08:31 - [TEST_STEP][PASSED] - sendRequestTextBox.clear(): null

04-10-2024T11:08:31 - [TEST_STEP][PASSED] - encryptedCard = testdata["encryptedCard"][i]: null

04-10-2024T11:08:31 - [TEST_STEP][PASSED] - CNumber = encryptedCard.replaceAll("\.0$", ""): null

04-10-2024T11:08:31 - [TEST_STEP][PASSED] - expirationMonth = testdata["expirationMonth"][i]: null

04-10-2024T11:08:31 - [TEST_STEP][PASSED] - xMonth = expirationMonth.replaceAll("\.0$", ""): null

04-10-2024T11:08:31 - [TEST_STEP][PASSED] - expirationYear = testdata["expirationYear"][i]: null

04-10-2024T11:08:31 - [TEST_STEP][PASSED] - xYear = expirationYear.replaceAll("\.0$", ""): null

04-10-2024T11:08:31 - [TEST_STEP][PASSED] - request = {
			"cardNumber": "$encryptedCard",
			"expirationMonth": "$expirationMonth",
			"expirationYear": "$expirationYear"
			}: null

04-10-2024T11:08:31 - [TEST_STEP][PASSED] - restRequest = JsonSlurper().parseText(request): null

04-10-2024T11:08:31 - [TEST_STEP][PASSED] - prettyJson = JsonBuilder(restRequest).toPrettyString(): null

04-10-2024T11:08:31 - [TEST_STEP][PASSED] - println(prettyJson): null

04-10-2024T11:08:31 - [TEST_STEP][PASSED] - sendRequestTextBox.sendKeys(prettyJson): null

04-10-2024T11:08:31 - [TEST_STEP][PASSED] - utils.clickSendButton(): null

04-10-2024T11:08:32 - [TEST_STEP][PASSED] - delay(3): Delayed 3 second(s)

04-10-2024T11:08:35 - [MESSAGE][PASSED] - Delayed 3 second(s)

04-10-2024T11:08:35 - [TEST_STEP][PASSED] - response = utils.getResponse(): null

04-10-2024T11:08:35 - [TEST_STEP][PASSED] - println(response): null

04-10-2024T11:08:35 - [TEST_STEP][PASSED] - validation1 = testdata["ContainsValidation"][i]: null

04-10-2024T11:08:35 - [TEST_STEP][PASSED] - println(validation1): null

04-10-2024T11:08:35 - [TEST_STEP][PASSED] - validation2 = testdata["NotContainsValidation"][i]: null

04-10-2024T11:08:35 - [TEST_STEP][PASSED] - println(validation2): null

04-10-2024T11:08:35 - [TEST_STEP][PASSED] - println(testdata["TCNumber"][i]): null

04-10-2024T11:08:35 - [TEST_STEP][PASSED] - assert response.contains(validation1): null

04-10-2024T11:08:35 - [TEST_STEP][PASSED] - assert response.contains(validation2) == false: null

04-10-2024T11:08:35 - [TEST_STEP][PASSED] - sendRequestTextBox.clear(): null

04-10-2024T11:08:35 - [TEST_STEP][PASSED] - encryptedCard = testdata["encryptedCard"][i]: null

04-10-2024T11:08:35 - [TEST_STEP][PASSED] - CNumber = encryptedCard.replaceAll("\.0$", ""): null

04-10-2024T11:08:35 - [TEST_STEP][PASSED] - expirationMonth = testdata["expirationMonth"][i]: null

04-10-2024T11:08:35 - [TEST_STEP][PASSED] - xMonth = expirationMonth.replaceAll("\.0$", ""): null

04-10-2024T11:08:35 - [TEST_STEP][PASSED] - expirationYear = testdata["expirationYear"][i]: null

04-10-2024T11:08:35 - [TEST_STEP][PASSED] - xYear = expirationYear.replaceAll("\.0$", ""): null

04-10-2024T11:08:35 - [TEST_STEP][PASSED] - request = {
			"cardNumber": "$encryptedCard",
			"expirationMonth": "$expirationMonth",
			"expirationYear": "$expirationYear"
			}: null

04-10-2024T11:08:35 - [TEST_STEP][PASSED] - restRequest = JsonSlurper().parseText(request): null

04-10-2024T11:08:35 - [TEST_STEP][PASSED] - prettyJson = JsonBuilder(restRequest).toPrettyString(): null

04-10-2024T11:08:35 - [TEST_STEP][PASSED] - println(prettyJson): null

04-10-2024T11:08:35 - [TEST_STEP][PASSED] - sendRequestTextBox.sendKeys(prettyJson): null

04-10-2024T11:08:35 - [TEST_STEP][PASSED] - utils.clickSendButton(): null

04-10-2024T11:08:36 - [TEST_STEP][PASSED] - delay(3): Delayed 3 second(s)

04-10-2024T11:08:39 - [MESSAGE][PASSED] - Delayed 3 second(s)

04-10-2024T11:08:39 - [TEST_STEP][PASSED] - response = utils.getResponse(): null

04-10-2024T11:08:39 - [TEST_STEP][PASSED] - println(response): null

04-10-2024T11:08:39 - [TEST_STEP][PASSED] - validation1 = testdata["ContainsValidation"][i]: null

04-10-2024T11:08:39 - [TEST_STEP][PASSED] - println(validation1): null

04-10-2024T11:08:39 - [TEST_STEP][PASSED] - validation2 = testdata["NotContainsValidation"][i]: null

04-10-2024T11:08:39 - [TEST_STEP][PASSED] - println(validation2): null

04-10-2024T11:08:39 - [TEST_STEP][PASSED] - println(testdata["TCNumber"][i]): null

04-10-2024T11:08:39 - [TEST_STEP][PASSED] - assert response.contains(validation1): null

04-10-2024T11:08:39 - [TEST_STEP][PASSED] - assert response.contains(validation2) == false: null

04-10-2024T11:08:39 - [TEST_STEP][PASSED] - Finally: Browser is closed

04-10-2024T11:08:39 - [TEST_STEP][PASSED] - utils.closeBrowser(): Browser is closed

04-10-2024T11:08:41 - [MESSAGE][PASSED] - Delayed 2 second(s)

04-10-2024T11:08:41 - [MESSAGE][PASSED] - Browser is closed

04-10-2024T11:08:44 - [TEST_STEP][PASSED] - Video: Video recording for test case 'Test Cases/Web_Utilities_TestCases/cardTokenization/TC2_CardTokenization_GenerateToken' .

04-10-2024T11:08:44 - [MESSAGE][INFO] - Video recording for test case 'Test Cases/Web_Utilities_TestCases/cardTokenization/TC2_CardTokenization_GenerateToken' .]]></system-out>
         <system-err><![CDATA[]]></system-err>
      </testcase>
      <testcase name="Test Cases/Web_Utilities_TestCases/cardTokenization/TC1_CardTokenization_EncryptedCard" time="45.675" classname="Test Cases/Web_Utilities_TestCases/cardTokenization/TC1_CardTokenization_EncryptedCard" status="PASSED">
         <system-out><![CDATA[04-10-2024T11:08:44 - [TEST_CASE][PASSED] - Test Cases/Web_Utilities_TestCases/cardTokenization/TC1_CardTokenization_EncryptedCard: Test Cases/Web_Utilities_TestCases/cardTokenization/TC1_CardTokenization_EncryptedCard

04-10-2024T11:08:44 - [TEST_STEP][PASSED] - try: null

04-10-2024T11:08:44 - [TEST_STEP][PASSED] - utils.openBrowserAndNavigateToPMT(): Navigate to 'https://dev1.payment.rccl.com/payment/utilities' successfully

04-10-2024T11:08:44 - [MESSAGE][INFO] - Starting 'Chrome' driver

04-10-2024T11:08:44 - [MESSAGE][INFO] - Action delay is set to 0 milliseconds

04-10-2024T11:08:48 - [MESSAGE][PASSED] - Browser is opened with url: ''

04-10-2024T11:08:48 - [MESSAGE][PASSED] - Current window maximized

04-10-2024T11:08:56 - [MESSAGE][PASSED] - Navigate to 'https://dev1.payment.rccl.com/payment/utilities' successfully

04-10-2024T11:08:56 - [TEST_STEP][PASSED] - EXCEL_PATH = "./Data Files/TestData.xlsx": null

04-10-2024T11:08:56 - [TEST_STEP][PASSED] - TAB = "cardTokenization_Encrypt": null

04-10-2024T11:08:56 - [TEST_STEP][PASSED] - driver = getWebDriver(): null

04-10-2024T11:08:56 - [TEST_STEP][PASSED] - utils.goToCardTokenization(): null

04-10-2024T11:09:05 - [TEST_STEP][PASSED] - utils.selectEnvironment(ENV): null

04-10-2024T11:09:07 - [TEST_STEP][PASSED] - sendRequestTextBox = driver.findElement(By.xpath("//textarea[@name='req']")): null

04-10-2024T11:09:07 - [TEST_STEP][PASSED] - testdata = getdata.fromExcel(EXCEL_PATH, TAB): null

04-10-2024T11:09:07 - [TEST_STEP][PASSED] - for ([i = 0, i < testdata.size(), (i++)]): null

04-10-2024T11:09:07 - [TEST_STEP][PASSED] - delay(5): Delayed 5 second(s)

04-10-2024T11:09:12 - [MESSAGE][PASSED] - Delayed 5 second(s)

04-10-2024T11:09:12 - [TEST_STEP][PASSED] - sendRequestTextBox.clear(): null

04-10-2024T11:09:12 - [TEST_STEP][PASSED] - encryptedCard = testdata["encryptedCard"][i]: null

04-10-2024T11:09:12 - [TEST_STEP][PASSED] - CNumber = encryptedCard.replaceAll("\.0$", ""): null

04-10-2024T11:09:12 - [TEST_STEP][PASSED] - request = $encryptedCard: null

04-10-2024T11:09:12 - [TEST_STEP][PASSED] - println(request): null

04-10-2024T11:09:12 - [TEST_STEP][PASSED] - sendRequestTextBox.sendKeys(request): null

04-10-2024T11:09:12 - [TEST_STEP][PASSED] - utils.clickSendButton(): null

04-10-2024T11:09:13 - [TEST_STEP][PASSED] - delay(3): Delayed 3 second(s)

04-10-2024T11:09:16 - [MESSAGE][PASSED] - Delayed 3 second(s)

04-10-2024T11:09:16 - [TEST_STEP][PASSED] - response = utils.getResponse(): null

04-10-2024T11:09:16 - [TEST_STEP][PASSED] - println(response): null

04-10-2024T11:09:16 - [TEST_STEP][PASSED] - validation1 = testdata["ContainsValidation"][i]: null

04-10-2024T11:09:16 - [TEST_STEP][PASSED] - println(validation1): null

04-10-2024T11:09:16 - [TEST_STEP][PASSED] - validation2 = testdata["NotContainsValidation"][i]: null

04-10-2024T11:09:16 - [TEST_STEP][PASSED] - println(validation2): null

04-10-2024T11:09:16 - [TEST_STEP][PASSED] - println(testdata["TCNumber"][i]): null

04-10-2024T11:09:16 - [TEST_STEP][PASSED] - assert response.contains(validation1): null

04-10-2024T11:09:16 - [TEST_STEP][PASSED] - assert response.contains(validation2) == false: null

04-10-2024T11:09:16 - [TEST_STEP][PASSED] - delay(5): Delayed 5 second(s)

04-10-2024T11:09:21 - [MESSAGE][PASSED] - Delayed 5 second(s)

04-10-2024T11:09:21 - [TEST_STEP][PASSED] - sendRequestTextBox.clear(): null

04-10-2024T11:09:21 - [TEST_STEP][PASSED] - encryptedCard = testdata["encryptedCard"][i]: null

04-10-2024T11:09:21 - [TEST_STEP][PASSED] - CNumber = encryptedCard.replaceAll("\.0$", ""): null

04-10-2024T11:09:21 - [TEST_STEP][PASSED] - request = $encryptedCard: null

04-10-2024T11:09:21 - [TEST_STEP][PASSED] - println(request): null

04-10-2024T11:09:21 - [TEST_STEP][PASSED] - sendRequestTextBox.sendKeys(request): null

04-10-2024T11:09:21 - [TEST_STEP][PASSED] - utils.clickSendButton(): null

04-10-2024T11:09:22 - [TEST_STEP][PASSED] - delay(3): Delayed 3 second(s)

04-10-2024T11:09:25 - [MESSAGE][PASSED] - Delayed 3 second(s)

04-10-2024T11:09:25 - [TEST_STEP][PASSED] - response = utils.getResponse(): null

04-10-2024T11:09:25 - [TEST_STEP][PASSED] - println(response): null

04-10-2024T11:09:25 - [TEST_STEP][PASSED] - validation1 = testdata["ContainsValidation"][i]: null

04-10-2024T11:09:25 - [TEST_STEP][PASSED] - println(validation1): null

04-10-2024T11:09:25 - [TEST_STEP][PASSED] - validation2 = testdata["NotContainsValidation"][i]: null

04-10-2024T11:09:25 - [TEST_STEP][PASSED] - println(validation2): null

04-10-2024T11:09:25 - [TEST_STEP][PASSED] - println(testdata["TCNumber"][i]): null

04-10-2024T11:09:25 - [TEST_STEP][PASSED] - assert response.contains(validation1): null

04-10-2024T11:09:25 - [TEST_STEP][PASSED] - assert response.contains(validation2) == false: null

04-10-2024T11:09:25 - [TEST_STEP][PASSED] - Finally: Browser is closed

04-10-2024T11:09:25 - [TEST_STEP][PASSED] - utils.closeBrowser(): Browser is closed

04-10-2024T11:09:27 - [MESSAGE][PASSED] - Delayed 2 second(s)

04-10-2024T11:09:27 - [MESSAGE][PASSED] - Browser is closed

04-10-2024T11:09:29 - [TEST_STEP][PASSED] - Video: Video recording for test case 'Test Cases/Web_Utilities_TestCases/cardTokenization/TC1_CardTokenization_EncryptedCard' .

04-10-2024T11:09:29 - [MESSAGE][INFO] - Video recording for test case 'Test Cases/Web_Utilities_TestCases/cardTokenization/TC1_CardTokenization_EncryptedCard' .]]></system-out>
         <system-err><![CDATA[]]></system-err>
      </testcase>
      <system-out><![CDATA[04-10-2024T11:07:55 - [TEST_SUITE][PASSED] - cardTokenization: Test Cases/Web_Utilities_TestCases/cardTokenization/TC1_CardTokenization_EncryptedCard]]></system-out>
      <system-err><![CDATA[]]></system-err>
   </testsuite>
</testsuites>
