<?xml version="1.0" encoding="UTF-8"?>
<testsuites name="GiftCard" time="104.579" tests="1" failures="0" errors="0">
   <testsuite name="GiftCard" tests="1" failures="0" errors="0" time="104.579" skipped="0" timestamp="04-10-2024T08:22:18" hostname="manilacel - localhost" id="Test Suites/PMT_Libraries/GiftCard">
      <properties>
         <property name="deviceName" value=""/>
         <property name="devicePlatform"/>
         <property name="logFolder" value="/Users/manilacel/Library/CloudStorage/OneDrive-RoyalCaribbeanGroup/PMT/Git/RestructuredScript/TestingFolder/Reports/20241004_082201/PMT_Libraries/GiftCard/20241004_082206"/>
         <property name="logFiles" value="/Users/manilacel/Library/CloudStorage/OneDrive-RoyalCaribbeanGroup/PMT/Git/RestructuredScript/TestingFolder/Reports/20241004_082201/PMT_Libraries/GiftCard/20241004_082206/execution0.log"/>
         <property name="attachments" value="keyes/keyes-Sample Visual Screenshot.png, keyes/keyes-Sample Visual Screenshot.png, keyes/keyes-Sample Visual Screenshot.png, keyes/keyes-Sample Visual Screenshot.png, keyes/keyes-Sample Visual Screenshot.png"/>
         <property name="hostName" value="manilacel - localhost"/>
         <property name="os" value="Mac OS X 64bit"/>
         <property name="katalonVersion" value="9.5.0.217"/>
         <property name="browser" value="Chrome 129.0.0.0"/>
         <property name="hostAddress" value="127.0.0.1"/>
         <property name="sessionId" value="55f3220ea6e05fcd9143fb1517a4b614"/>
         <property name="seleniumVersion" value="3.141.59"/>
         <property name="proxyInformation" value="ProxyInformation { proxyOption=NO_PROXY, proxyServerType=HTTP, username=, password=********, proxyServerAddress=, proxyServerPort=0, executionList=&quot;&quot;, isApplyToDesiredCapabilities=true }"/>
         <property name="platform" value="Mac OS X"/>
      </properties>
      <testcase name="Test Cases/Web_Utilities_TestCases/GiftCard/TC1_GiftCard_GetBalance" time="104.284" classname="Test Cases/Web_Utilities_TestCases/GiftCard/TC1_GiftCard_GetBalance" status="PASSED">
         <system-out><![CDATA[04-10-2024T08:22:19 - [TEST_CASE][PASSED] - Test Cases/Web_Utilities_TestCases/GiftCard/TC1_GiftCard_GetBalance: Test Cases/Web_Utilities_TestCases/GiftCard/TC1_GiftCard_GetBalance

04-10-2024T08:22:26 - [TEST_STEP][PASSED] - try: null

04-10-2024T08:22:26 - [TEST_STEP][PASSED] - utils.openBrowserAndNavigateToPMT(): Navigate to 'https://dev1.payment.rccl.com/payment/utilities' successfully

04-10-2024T08:22:26 - [MESSAGE][INFO] - Starting 'Chrome' driver

04-10-2024T08:22:26 - [MESSAGE][INFO] - Action delay is set to 0 milliseconds

04-10-2024T08:22:37 - [MESSAGE][PASSED] - Browser is opened with url: ''

04-10-2024T08:22:37 - [MESSAGE][PASSED] - Current window maximized

04-10-2024T08:22:41 - [MESSAGE][PASSED] - Navigate to 'https://dev1.payment.rccl.com/payment/utilities' successfully

04-10-2024T08:22:41 - [TEST_STEP][PASSED] - EXCEL_PATH = "./Data Files/TestData.xlsx": null

04-10-2024T08:22:41 - [TEST_STEP][PASSED] - TAB = "GiftCards": null

04-10-2024T08:22:41 - [TEST_STEP][PASSED] - driver = getWebDriver(): null

04-10-2024T08:22:41 - [TEST_STEP][PASSED] - utils.goToGiftCards(): null

04-10-2024T08:22:43 - [TEST_STEP][PASSED] - utils.selectEnvironment(ENV): null

04-10-2024T08:22:44 - [TEST_STEP][PASSED] - sendRequestTextBox = driver.findElement(By.xpath("//textarea[@name='req']")): null

04-10-2024T08:22:44 - [TEST_STEP][PASSED] - testdata = getdata.fromExcel(EXCEL_PATH, "GiftCards"): null

04-10-2024T08:22:46 - [TEST_STEP][PASSED] - for ([i = 0, i < testdata.size(), (i++)]): null

04-10-2024T08:22:46 - [TEST_STEP][PASSED] - delay(5): Delayed 5 second(s)

04-10-2024T08:22:51 - [MESSAGE][PASSED] - Delayed 5 second(s)

04-10-2024T08:22:51 - [TEST_STEP][PASSED] - sendRequestTextBox.clear(): null

04-10-2024T08:22:51 - [TEST_STEP][PASSED] - cardNumber = testdata["cardNumber"][i]: null

04-10-2024T08:22:51 - [TEST_STEP][PASSED] - CNumber = cardNumber.replaceAll("\.0$", ""): null

04-10-2024T08:22:51 - [TEST_STEP][PASSED] - expirationMonth = testdata["expirationMonth"][i]: null

04-10-2024T08:22:51 - [TEST_STEP][PASSED] - xMonth = expirationMonth.replaceAll("\.0$", ""): null

04-10-2024T08:22:51 - [TEST_STEP][PASSED] - expirationYear = testdata["expirationYear"][i]: null

04-10-2024T08:22:51 - [TEST_STEP][PASSED] - xYear = expirationYear.replaceAll("\.0$", ""): null

04-10-2024T08:22:51 - [TEST_STEP][PASSED] - securityCode = testdata["securityCode"][i]: null

04-10-2024T08:22:51 - [TEST_STEP][PASSED] - SC = securityCode.replaceAll("\.0$", ""): null

04-10-2024T08:22:51 - [TEST_STEP][PASSED] - request = {
			"cardNumber": "$cardNumber",
			"expirationMonth": "$expirationMonth",
			"expirationYear": "$expirationYear",
			"securityCode": "$securityCode"
			}: null

04-10-2024T08:22:51 - [TEST_STEP][PASSED] - restRequest = JsonSlurper().parseText(request): null

04-10-2024T08:22:51 - [TEST_STEP][PASSED] - prettyJson = JsonBuilder(restRequest).toPrettyString(): null

04-10-2024T08:22:51 - [TEST_STEP][PASSED] - println(prettyJson): null

04-10-2024T08:22:51 - [TEST_STEP][PASSED] - sendRequestTextBox.sendKeys(prettyJson): null

04-10-2024T08:22:51 - [TEST_STEP][PASSED] - utils.clickSendButton(): null

04-10-2024T08:22:52 - [TEST_STEP][PASSED] - takeFullPageScreenshotAsCheckpoint("Sample Visual Screenshot"): Taking screenshot successfully

04-10-2024T08:22:56 - [MESSAGE][INFO] - 0 hidden object(s)

04-10-2024T08:22:57 - [MESSAGE][PASSED] - Taking screenshot successfully
[[ATTACHMENT|keyes/keyes-Sample Visual Screenshot.png]]

04-10-2024T08:22:57 - [TEST_STEP][PASSED] - delay(3): Delayed 3 second(s)

04-10-2024T08:23:00 - [MESSAGE][PASSED] - Delayed 3 second(s)

04-10-2024T08:23:00 - [TEST_STEP][PASSED] - response = utils.getResponse(): null

04-10-2024T08:23:00 - [TEST_STEP][PASSED] - println(response): null

04-10-2024T08:23:00 - [TEST_STEP][PASSED] - validation1 = testdata["ContainsValidation"][i]: null

04-10-2024T08:23:00 - [TEST_STEP][PASSED] - println(validation1): null

04-10-2024T08:23:00 - [TEST_STEP][PASSED] - validation2 = testdata["NotContainsValidation"][i]: null

04-10-2024T08:23:00 - [TEST_STEP][PASSED] - println(validation2): null

04-10-2024T08:23:00 - [TEST_STEP][PASSED] - println(testdata["TCNumber"][i]): null

04-10-2024T08:23:00 - [TEST_STEP][PASSED] - assert response.contains(validation1): null

04-10-2024T08:23:00 - [TEST_STEP][PASSED] - assert response.contains(validation2) == false: null

04-10-2024T08:23:00 - [TEST_STEP][PASSED] - delay(5): Delayed 5 second(s)

04-10-2024T08:23:05 - [MESSAGE][PASSED] - Delayed 5 second(s)

04-10-2024T08:23:05 - [TEST_STEP][PASSED] - sendRequestTextBox.clear(): null

04-10-2024T08:23:05 - [TEST_STEP][PASSED] - cardNumber = testdata["cardNumber"][i]: null

04-10-2024T08:23:05 - [TEST_STEP][PASSED] - CNumber = cardNumber.replaceAll("\.0$", ""): null

04-10-2024T08:23:05 - [TEST_STEP][PASSED] - expirationMonth = testdata["expirationMonth"][i]: null

04-10-2024T08:23:06 - [TEST_STEP][PASSED] - xMonth = expirationMonth.replaceAll("\.0$", ""): null

04-10-2024T08:23:06 - [TEST_STEP][PASSED] - expirationYear = testdata["expirationYear"][i]: null

04-10-2024T08:23:06 - [TEST_STEP][PASSED] - xYear = expirationYear.replaceAll("\.0$", ""): null

04-10-2024T08:23:06 - [TEST_STEP][PASSED] - securityCode = testdata["securityCode"][i]: null

04-10-2024T08:23:06 - [TEST_STEP][PASSED] - SC = securityCode.replaceAll("\.0$", ""): null

04-10-2024T08:23:06 - [TEST_STEP][PASSED] - request = {
			"cardNumber": "$cardNumber",
			"expirationMonth": "$expirationMonth",
			"expirationYear": "$expirationYear",
			"securityCode": "$securityCode"
			}: null

04-10-2024T08:23:06 - [TEST_STEP][PASSED] - restRequest = JsonSlurper().parseText(request): null

04-10-2024T08:23:06 - [TEST_STEP][PASSED] - prettyJson = JsonBuilder(restRequest).toPrettyString(): null

04-10-2024T08:23:06 - [TEST_STEP][PASSED] - println(prettyJson): null

04-10-2024T08:23:06 - [TEST_STEP][PASSED] - sendRequestTextBox.sendKeys(prettyJson): null

04-10-2024T08:23:06 - [TEST_STEP][PASSED] - utils.clickSendButton(): null

04-10-2024T08:23:06 - [TEST_STEP][PASSED] - takeFullPageScreenshotAsCheckpoint("Sample Visual Screenshot"): Taking screenshot successfully

04-10-2024T08:23:13 - [MESSAGE][INFO] - 0 hidden object(s)

04-10-2024T08:23:13 - [MESSAGE][PASSED] - Taking screenshot successfully
[[ATTACHMENT|keyes/keyes-Sample Visual Screenshot.png]]

04-10-2024T08:23:13 - [TEST_STEP][PASSED] - delay(3): Delayed 3 second(s)

04-10-2024T08:23:16 - [MESSAGE][PASSED] - Delayed 3 second(s)

04-10-2024T08:23:16 - [TEST_STEP][PASSED] - response = utils.getResponse(): null

04-10-2024T08:23:17 - [TEST_STEP][PASSED] - println(response): null

04-10-2024T08:23:17 - [TEST_STEP][PASSED] - validation1 = testdata["ContainsValidation"][i]: null

04-10-2024T08:23:17 - [TEST_STEP][PASSED] - println(validation1): null

04-10-2024T08:23:17 - [TEST_STEP][PASSED] - validation2 = testdata["NotContainsValidation"][i]: null

04-10-2024T08:23:17 - [TEST_STEP][PASSED] - println(validation2): null

04-10-2024T08:23:17 - [TEST_STEP][PASSED] - println(testdata["TCNumber"][i]): null

04-10-2024T08:23:17 - [TEST_STEP][PASSED] - assert response.contains(validation1): null

04-10-2024T08:23:17 - [TEST_STEP][PASSED] - assert response.contains(validation2) == false: null

04-10-2024T08:23:17 - [TEST_STEP][PASSED] - delay(5): Delayed 5 second(s)

04-10-2024T08:23:22 - [MESSAGE][PASSED] - Delayed 5 second(s)

04-10-2024T08:23:22 - [TEST_STEP][PASSED] - sendRequestTextBox.clear(): null

04-10-2024T08:23:22 - [TEST_STEP][PASSED] - cardNumber = testdata["cardNumber"][i]: null

04-10-2024T08:23:22 - [TEST_STEP][PASSED] - CNumber = cardNumber.replaceAll("\.0$", ""): null

04-10-2024T08:23:22 - [TEST_STEP][PASSED] - expirationMonth = testdata["expirationMonth"][i]: null

04-10-2024T08:23:22 - [TEST_STEP][PASSED] - xMonth = expirationMonth.replaceAll("\.0$", ""): null

04-10-2024T08:23:22 - [TEST_STEP][PASSED] - expirationYear = testdata["expirationYear"][i]: null

04-10-2024T08:23:22 - [TEST_STEP][PASSED] - xYear = expirationYear.replaceAll("\.0$", ""): null

04-10-2024T08:23:22 - [TEST_STEP][PASSED] - securityCode = testdata["securityCode"][i]: null

04-10-2024T08:23:22 - [TEST_STEP][PASSED] - SC = securityCode.replaceAll("\.0$", ""): null

04-10-2024T08:23:22 - [TEST_STEP][PASSED] - request = {
			"cardNumber": "$cardNumber",
			"expirationMonth": "$expirationMonth",
			"expirationYear": "$expirationYear",
			"securityCode": "$securityCode"
			}: null

04-10-2024T08:23:22 - [TEST_STEP][PASSED] - restRequest = JsonSlurper().parseText(request): null

04-10-2024T08:23:22 - [TEST_STEP][PASSED] - prettyJson = JsonBuilder(restRequest).toPrettyString(): null

04-10-2024T08:23:22 - [TEST_STEP][PASSED] - println(prettyJson): null

04-10-2024T08:23:22 - [TEST_STEP][PASSED] - sendRequestTextBox.sendKeys(prettyJson): null

04-10-2024T08:23:22 - [TEST_STEP][PASSED] - utils.clickSendButton(): null

04-10-2024T08:23:23 - [TEST_STEP][PASSED] - takeFullPageScreenshotAsCheckpoint("Sample Visual Screenshot"): Taking screenshot successfully

04-10-2024T08:23:26 - [MESSAGE][INFO] - 0 hidden object(s)

04-10-2024T08:23:26 - [MESSAGE][PASSED] - Taking screenshot successfully
[[ATTACHMENT|keyes/keyes-Sample Visual Screenshot.png]]

04-10-2024T08:23:26 - [TEST_STEP][PASSED] - delay(3): Delayed 3 second(s)

04-10-2024T08:23:29 - [MESSAGE][PASSED] - Delayed 3 second(s)

04-10-2024T08:23:29 - [TEST_STEP][PASSED] - response = utils.getResponse(): null

04-10-2024T08:23:30 - [TEST_STEP][PASSED] - println(response): null

04-10-2024T08:23:30 - [TEST_STEP][PASSED] - validation1 = testdata["ContainsValidation"][i]: null

04-10-2024T08:23:30 - [TEST_STEP][PASSED] - println(validation1): null

04-10-2024T08:23:30 - [TEST_STEP][PASSED] - validation2 = testdata["NotContainsValidation"][i]: null

04-10-2024T08:23:30 - [TEST_STEP][PASSED] - println(validation2): null

04-10-2024T08:23:30 - [TEST_STEP][PASSED] - println(testdata["TCNumber"][i]): null

04-10-2024T08:23:30 - [TEST_STEP][PASSED] - assert response.contains(validation1): null

04-10-2024T08:23:30 - [TEST_STEP][PASSED] - assert response.contains(validation2) == false: null

04-10-2024T08:23:30 - [TEST_STEP][PASSED] - delay(5): Delayed 5 second(s)

04-10-2024T08:23:35 - [MESSAGE][PASSED] - Delayed 5 second(s)

04-10-2024T08:23:35 - [TEST_STEP][PASSED] - sendRequestTextBox.clear(): null

04-10-2024T08:23:35 - [TEST_STEP][PASSED] - cardNumber = testdata["cardNumber"][i]: null

04-10-2024T08:23:35 - [TEST_STEP][PASSED] - CNumber = cardNumber.replaceAll("\.0$", ""): null

04-10-2024T08:23:35 - [TEST_STEP][PASSED] - expirationMonth = testdata["expirationMonth"][i]: null

04-10-2024T08:23:35 - [TEST_STEP][PASSED] - xMonth = expirationMonth.replaceAll("\.0$", ""): null

04-10-2024T08:23:35 - [TEST_STEP][PASSED] - expirationYear = testdata["expirationYear"][i]: null

04-10-2024T08:23:35 - [TEST_STEP][PASSED] - xYear = expirationYear.replaceAll("\.0$", ""): null

04-10-2024T08:23:35 - [TEST_STEP][PASSED] - securityCode = testdata["securityCode"][i]: null

04-10-2024T08:23:35 - [TEST_STEP][PASSED] - SC = securityCode.replaceAll("\.0$", ""): null

04-10-2024T08:23:35 - [TEST_STEP][PASSED] - request = {
			"cardNumber": "$cardNumber",
			"expirationMonth": "$expirationMonth",
			"expirationYear": "$expirationYear",
			"securityCode": "$securityCode"
			}: null

04-10-2024T08:23:35 - [TEST_STEP][PASSED] - restRequest = JsonSlurper().parseText(request): null

04-10-2024T08:23:35 - [TEST_STEP][PASSED] - prettyJson = JsonBuilder(restRequest).toPrettyString(): null

04-10-2024T08:23:35 - [TEST_STEP][PASSED] - println(prettyJson): null

04-10-2024T08:23:35 - [TEST_STEP][PASSED] - sendRequestTextBox.sendKeys(prettyJson): null

04-10-2024T08:23:35 - [TEST_STEP][PASSED] - utils.clickSendButton(): null

04-10-2024T08:23:36 - [TEST_STEP][PASSED] - takeFullPageScreenshotAsCheckpoint("Sample Visual Screenshot"): Taking screenshot successfully

04-10-2024T08:23:39 - [MESSAGE][INFO] - 0 hidden object(s)

04-10-2024T08:23:40 - [MESSAGE][PASSED] - Taking screenshot successfully
[[ATTACHMENT|keyes/keyes-Sample Visual Screenshot.png]]

04-10-2024T08:23:40 - [TEST_STEP][PASSED] - delay(3): Delayed 3 second(s)

04-10-2024T08:23:43 - [MESSAGE][PASSED] - Delayed 3 second(s)

04-10-2024T08:23:43 - [TEST_STEP][PASSED] - response = utils.getResponse(): null

04-10-2024T08:23:44 - [TEST_STEP][PASSED] - println(response): null

04-10-2024T08:23:44 - [TEST_STEP][PASSED] - validation1 = testdata["ContainsValidation"][i]: null

04-10-2024T08:23:44 - [TEST_STEP][PASSED] - println(validation1): null

04-10-2024T08:23:44 - [TEST_STEP][PASSED] - validation2 = testdata["NotContainsValidation"][i]: null

04-10-2024T08:23:44 - [TEST_STEP][PASSED] - println(validation2): null

04-10-2024T08:23:44 - [TEST_STEP][PASSED] - println(testdata["TCNumber"][i]): null

04-10-2024T08:23:44 - [TEST_STEP][PASSED] - assert response.contains(validation1): null

04-10-2024T08:23:44 - [TEST_STEP][PASSED] - assert response.contains(validation2) == false: null

04-10-2024T08:23:44 - [TEST_STEP][PASSED] - delay(5): Delayed 5 second(s)

04-10-2024T08:23:49 - [MESSAGE][PASSED] - Delayed 5 second(s)

04-10-2024T08:23:49 - [TEST_STEP][PASSED] - sendRequestTextBox.clear(): null

04-10-2024T08:23:49 - [TEST_STEP][PASSED] - cardNumber = testdata["cardNumber"][i]: null

04-10-2024T08:23:49 - [TEST_STEP][PASSED] - CNumber = cardNumber.replaceAll("\.0$", ""): null

04-10-2024T08:23:49 - [TEST_STEP][PASSED] - expirationMonth = testdata["expirationMonth"][i]: null

04-10-2024T08:23:49 - [TEST_STEP][PASSED] - xMonth = expirationMonth.replaceAll("\.0$", ""): null

04-10-2024T08:23:49 - [TEST_STEP][PASSED] - expirationYear = testdata["expirationYear"][i]: null

04-10-2024T08:23:49 - [TEST_STEP][PASSED] - xYear = expirationYear.replaceAll("\.0$", ""): null

04-10-2024T08:23:49 - [TEST_STEP][PASSED] - securityCode = testdata["securityCode"][i]: null

04-10-2024T08:23:49 - [TEST_STEP][PASSED] - SC = securityCode.replaceAll("\.0$", ""): null

04-10-2024T08:23:49 - [TEST_STEP][PASSED] - request = {
			"cardNumber": "$cardNumber",
			"expirationMonth": "$expirationMonth",
			"expirationYear": "$expirationYear",
			"securityCode": "$securityCode"
			}: null

04-10-2024T08:23:49 - [TEST_STEP][PASSED] - restRequest = JsonSlurper().parseText(request): null

04-10-2024T08:23:49 - [TEST_STEP][PASSED] - prettyJson = JsonBuilder(restRequest).toPrettyString(): null

04-10-2024T08:23:49 - [TEST_STEP][PASSED] - println(prettyJson): null

04-10-2024T08:23:49 - [TEST_STEP][PASSED] - sendRequestTextBox.sendKeys(prettyJson): null

04-10-2024T08:23:49 - [TEST_STEP][PASSED] - utils.clickSendButton(): null

04-10-2024T08:23:50 - [TEST_STEP][PASSED] - takeFullPageScreenshotAsCheckpoint("Sample Visual Screenshot"): Taking screenshot successfully

04-10-2024T08:23:54 - [MESSAGE][INFO] - 0 hidden object(s)

04-10-2024T08:23:55 - [MESSAGE][PASSED] - Taking screenshot successfully
[[ATTACHMENT|keyes/keyes-Sample Visual Screenshot.png]]

04-10-2024T08:23:55 - [TEST_STEP][PASSED] - delay(3): Delayed 3 second(s)

04-10-2024T08:23:58 - [MESSAGE][PASSED] - Delayed 3 second(s)

04-10-2024T08:23:58 - [TEST_STEP][PASSED] - response = utils.getResponse(): null

04-10-2024T08:23:58 - [TEST_STEP][PASSED] - println(response): null

04-10-2024T08:23:58 - [TEST_STEP][PASSED] - validation1 = testdata["ContainsValidation"][i]: null

04-10-2024T08:23:58 - [TEST_STEP][PASSED] - println(validation1): null

04-10-2024T08:23:58 - [TEST_STEP][PASSED] - validation2 = testdata["NotContainsValidation"][i]: null

04-10-2024T08:23:58 - [TEST_STEP][PASSED] - println(validation2): null

04-10-2024T08:23:58 - [TEST_STEP][PASSED] - println(testdata["TCNumber"][i]): null

04-10-2024T08:23:58 - [TEST_STEP][PASSED] - assert response.contains(validation1): null

04-10-2024T08:23:58 - [TEST_STEP][PASSED] - assert response.contains(validation2) == false: null

04-10-2024T08:23:58 - [TEST_STEP][PASSED] - Finally: Browser is closed

04-10-2024T08:23:58 - [TEST_STEP][PASSED] - utils.closeBrowser(): Browser is closed

04-10-2024T08:24:00 - [MESSAGE][PASSED] - Delayed 2 second(s)

04-10-2024T08:24:01 - [MESSAGE][PASSED] - Browser is closed

04-10-2024T08:24:03 - [TEST_STEP][PASSED] - Video: Video recording for test case 'Test Cases/Web_Utilities_TestCases/GiftCard/TC1_GiftCard_GetBalance' .

04-10-2024T08:24:03 - [MESSAGE][INFO] - Video recording for test case 'Test Cases/Web_Utilities_TestCases/GiftCard/TC1_GiftCard_GetBalance' .]]></system-out>
         <system-err><![CDATA[]]></system-err>
      </testcase>
      <system-out><![CDATA[04-10-2024T08:22:18 - [TEST_SUITE][PASSED] - GiftCard: Test Cases/Web_Utilities_TestCases/GiftCard/TC1_GiftCard_GetBalance]]></system-out>
      <system-err><![CDATA[]]></system-err>
   </testsuite>
</testsuites>
