<?xml version="1.0" encoding="UTF-8"?>
<testsuites name="Wallets" time="106.805" tests="4" failures="0" errors="0">
   <testsuite name="Wallets" tests="4" failures="0" errors="0" time="106.805" skipped="0" timestamp="26-05-2025T09:42:50" hostname="manilacel - localhost" id="Test Suites/PMT_Libraries/Wallets">
      <properties>
         <property name="deviceName" value=""/>
         <property name="devicePlatform"/>
         <property name="logFolder" value="/Users/manilacel/Library/CloudStorage/OneDrive-RoyalCaribbeanGroup/PMT/Git/payment.web-utility-automation/payment.web-utility-automation/Reports/20250526_093110/PMT_Libraries/Wallets/20250526_093119"/>
         <property name="logFiles" value="/Users/manilacel/Library/CloudStorage/OneDrive-RoyalCaribbeanGroup/PMT/Git/payment.web-utility-automation/payment.web-utility-automation/Reports/20250526_093110/PMT_Libraries/Wallets/20250526_093119/execution0.log"/>
         <property name="attachments" value=""/>
         <property name="hostName" value="manilacel - localhost"/>
         <property name="os" value="Mac OS X 64bit"/>
         <property name="katalonVersion" value="9.5.0.217"/>
         <property name="browser" value="Chrome 136.0.0.0"/>
         <property name="hostAddress" value="127.0.0.1"/>
         <property name="sessionId" value="2cbca857e199ed0095a61342c93a4d50"/>
         <property name="seleniumVersion" value="3.141.59"/>
         <property name="proxyInformation" value="ProxyInformation { proxyOption=NO_PROXY, proxyServerType=HTTP, username=, password=********, proxyServerAddress=, proxyServerPort=0, executionList=&quot;&quot;, isApplyToDesiredCapabilities=true }"/>
         <property name="platform" value="Mac OS X"/>
      </properties>
      <testcase name="Test Cases/Web_Utilities_TestCases/Wallets/TC3_Wallet_Update" time="20.519" classname="Test Cases/Web_Utilities_TestCases/Wallets/TC3_Wallet_Update" status="PASSED">
         <system-out><![CDATA[26-05-2025T09:42:50 - [TEST_CASE][PASSED] - Test Cases/Web_Utilities_TestCases/Wallets/TC3_Wallet_Update: Test Cases/Web_Utilities_TestCases/Wallets/TC3_Wallet_Update

26-05-2025T09:42:52 - [TEST_STEP][PASSED] - try: null

26-05-2025T09:42:52 - [TEST_STEP][PASSED] - utils.openBrowserAndNavigateToPMT(): Navigate to 'https://dev1.payment.rccl.com/payment/utilities' successfully

26-05-2025T09:42:52 - [MESSAGE][INFO] - Starting 'Chrome' driver

26-05-2025T09:42:52 - [MESSAGE][INFO] - Action delay is set to 0 milliseconds

26-05-2025T09:42:54 - [MESSAGE][PASSED] - Browser is opened with url: ''

26-05-2025T09:42:54 - [MESSAGE][PASSED] - Current window maximized

26-05-2025T09:42:58 - [MESSAGE][PASSED] - Navigate to 'https://dev1.payment.rccl.com/payment/utilities' successfully

26-05-2025T09:42:58 - [TEST_STEP][PASSED] - EXCEL_PATH = "./Data Files/TestData.xlsx": null

26-05-2025T09:42:58 - [TEST_STEP][PASSED] - TAB = "Wallet_Update": null

26-05-2025T09:42:58 - [TEST_STEP][PASSED] - utils.goToWallets(): null

26-05-2025T09:43:01 - [TEST_STEP][PASSED] - fetchGuestAccount = sendRequest(findTestObject("GuestAccount")): Send request successfully

26-05-2025T09:43:03 - [MESSAGE][INFO] - HAR: /Users/manilacel/Library/CloudStorage/OneDrive-RoyalCaribbeanGroup/PMT/Git/payment.web-utility-automation/payment.web-utility-automation/Reports/20250526_093110/PMT_Libraries/Wallets/20250526_093119/requests/main/0.har

26-05-2025T09:43:03 - [MESSAGE][PASSED] - Send request successfully

26-05-2025T09:43:03 - [TEST_STEP][PASSED] - accountId = getElementPropertyValue(fetchGuestAccount, "payload.accountId"): null

26-05-2025T09:43:03 - [TEST_STEP][PASSED] - accessToken = getElementPropertyValue(fetchGuestAccount, "payload.accessToken"): null

26-05-2025T09:43:03 - [TEST_STEP][PASSED] - accountId = accountId: null

26-05-2025T09:43:03 - [TEST_STEP][PASSED] - accessToken = accessToken: null

26-05-2025T09:43:03 - [TEST_STEP][PASSED] - testdata = getdata.fromExcel(EXCEL_PATH, TAB): null

26-05-2025T09:43:04 - [TEST_STEP][PASSED] - for ([i = 0, i < testdata.size(), (i++)]): null

26-05-2025T09:43:04 - [TEST_STEP][PASSED] - driver = getWebDriver(): null

26-05-2025T09:43:04 - [TEST_STEP][PASSED] - clickAuthorizePayment = xpath("//a[normalize-space()='Update']")).click(): null

26-05-2025T09:43:04 - [TEST_STEP][PASSED] - utils.selectEnvironment(ENV): null

26-05-2025T09:43:06 - [TEST_STEP][PASSED] - sendRequestTextBox = driver.findElement(By.xpath("//textarea[@name='req']")): null

26-05-2025T09:43:06 - [TEST_STEP][PASSED] - sendRequestTextBox.clear(): null

26-05-2025T09:43:06 - [TEST_STEP][PASSED] - paymentMethod = testdata["paymentMethod"][i]: null

26-05-2025T09:43:06 - [TEST_STEP][PASSED] - cardNumber = testdata["cardNumber"][i]: null

26-05-2025T09:43:06 - [TEST_STEP][PASSED] - expirationMonth = testdata["expirationMonth"][i]: null

26-05-2025T09:43:06 - [TEST_STEP][PASSED] - expirationYear = testdata["expirationYear"][i]: null

26-05-2025T09:43:06 - [TEST_STEP][PASSED] - cardholderName = testdata["cardholderName"][i]: null

26-05-2025T09:43:06 - [TEST_STEP][PASSED] - nickName = testdata["nickName"][i]: null

26-05-2025T09:43:06 - [TEST_STEP][PASSED] - defaultPaymentMethod = testdata["defaultPaymentMethod"][i]: null

26-05-2025T09:43:06 - [TEST_STEP][PASSED] - request = {
			    "type": "$paymentMethod",
			    "cardNumber": "$cardNumber",
			    "cardholder": "$cardholderName",
			    "nickname": "$nickName",
			    "expirationMonth": "$expirationMonth",
			    "expirationYear": "$expirationYear",
			    "defaultPaymentMethod": "$defaultPaymentMethod"
			    "accountId": "$accountId",
			    "accessToken": "$accessToken"
			}: null

26-05-2025T09:43:06 - [TEST_STEP][PASSED] - restRequest = JsonSlurper().parseText(request): null

26-05-2025T09:43:06 - [TEST_STEP][PASSED] - catch (Exception e): null

26-05-2025T09:43:06 - [TEST_STEP][PASSED] - println(An unexpected error occurred: $e.message): null

26-05-2025T09:43:06 - [TEST_STEP][PASSED] - e.printStackTrace(): null

26-05-2025T09:43:06 - [TEST_STEP][PASSED] - Finally: Browser is closed

26-05-2025T09:43:06 - [TEST_STEP][PASSED] - utils.closeBrowser(): Browser is closed

26-05-2025T09:43:08 - [MESSAGE][PASSED] - Delayed 2 second(s)

26-05-2025T09:43:08 - [MESSAGE][PASSED] - Browser is closed

26-05-2025T09:43:11 - [TEST_STEP][PASSED] - Video: Video recording for test case 'Test Cases/Web_Utilities_TestCases/Wallets/TC3_Wallet_Update' .

26-05-2025T09:43:11 - [MESSAGE][INFO] - Video recording for test case 'Test Cases/Web_Utilities_TestCases/Wallets/TC3_Wallet_Update' .]]></system-out>
         <system-err><![CDATA[]]></system-err>
      </testcase>
      <testcase name="Test Cases/Web_Utilities_TestCases/Wallets/Wallet_Get" time="12.845" classname="Test Cases/Web_Utilities_TestCases/Wallets/Wallet_Get" status="PASSED">
         <system-out><![CDATA[26-05-2025T09:43:11 - [TEST_CASE][PASSED] - Test Cases/Web_Utilities_TestCases/Wallets/Wallet_Get: Test Cases/Web_Utilities_TestCases/Wallets/Wallet_Get

26-05-2025T09:43:11 - [TEST_STEP][PASSED] - try: null

26-05-2025T09:43:11 - [TEST_STEP][PASSED] - utils.openBrowserAndNavigateToPMT(): Navigate to 'https://dev1.payment.rccl.com/payment/utilities' successfully

26-05-2025T09:43:11 - [MESSAGE][INFO] - Starting 'Chrome' driver

26-05-2025T09:43:11 - [MESSAGE][INFO] - Action delay is set to 0 milliseconds

26-05-2025T09:43:12 - [MESSAGE][PASSED] - Browser is opened with url: ''

26-05-2025T09:43:12 - [MESSAGE][PASSED] - Current window maximized

26-05-2025T09:43:15 - [MESSAGE][PASSED] - Navigate to 'https://dev1.payment.rccl.com/payment/utilities' successfully

26-05-2025T09:43:15 - [TEST_STEP][PASSED] - driver = getWebDriver(): null

26-05-2025T09:43:15 - [TEST_STEP][PASSED] - utils.goToWallets(): null

26-05-2025T09:43:18 - [TEST_STEP][PASSED] - clickAuthorizePayment = xpath("//a[normalize-space()='Get']")).click(): null

26-05-2025T09:43:18 - [TEST_STEP][PASSED] - utils.selectEnvironment(ENV): null

26-05-2025T09:43:19 - [TEST_STEP][PASSED] - Finally: Browser is closed

26-05-2025T09:43:19 - [TEST_STEP][PASSED] - utils.closeBrowser(): Browser is closed

26-05-2025T09:43:21 - [MESSAGE][PASSED] - Delayed 2 second(s)

26-05-2025T09:43:21 - [MESSAGE][PASSED] - Browser is closed

26-05-2025T09:43:23 - [TEST_STEP][PASSED] - Video: Video recording for test case 'Test Cases/Web_Utilities_TestCases/Wallets/Wallet_Get' .

26-05-2025T09:43:23 - [MESSAGE][INFO] - Video recording for test case 'Test Cases/Web_Utilities_TestCases/Wallets/Wallet_Get' .]]></system-out>
         <system-err><![CDATA[]]></system-err>
      </testcase>
      <testcase name="Test Cases/Web_Utilities_TestCases/Wallets/TC2__Replace" time="19.886" classname="Test Cases/Web_Utilities_TestCases/Wallets/TC2__Replace" status="PASSED">
         <system-out><![CDATA[26-05-2025T09:43:23 - [TEST_CASE][PASSED] - Test Cases/Web_Utilities_TestCases/Wallets/TC2__Replace: Test Cases/Web_Utilities_TestCases/Wallets/TC2__Replace

26-05-2025T09:43:24 - [TEST_STEP][PASSED] - try: null

26-05-2025T09:43:24 - [TEST_STEP][PASSED] - utils.openBrowserAndNavigateToPMT(): Navigate to 'https://dev1.payment.rccl.com/payment/utilities' successfully

26-05-2025T09:43:24 - [MESSAGE][INFO] - Starting 'Chrome' driver

26-05-2025T09:43:24 - [MESSAGE][INFO] - Action delay is set to 0 milliseconds

26-05-2025T09:43:25 - [MESSAGE][PASSED] - Browser is opened with url: ''

26-05-2025T09:43:25 - [MESSAGE][PASSED] - Current window maximized

26-05-2025T09:43:28 - [MESSAGE][PASSED] - Navigate to 'https://dev1.payment.rccl.com/payment/utilities' successfully

26-05-2025T09:43:28 - [TEST_STEP][PASSED] - EXCEL_PATH = "./Data Files/TestData.xlsx": null

26-05-2025T09:43:28 - [TEST_STEP][PASSED] - TAB = "Wallet_Replace": null

26-05-2025T09:43:28 - [TEST_STEP][PASSED] - utils.goToWallets(): null

26-05-2025T09:43:31 - [TEST_STEP][PASSED] - fetchGuestAccount = sendRequest(findTestObject("GuestAccount")): Send request successfully

26-05-2025T09:43:31 - [MESSAGE][INFO] - HAR: /Users/manilacel/Library/CloudStorage/OneDrive-RoyalCaribbeanGroup/PMT/Git/payment.web-utility-automation/payment.web-utility-automation/Reports/20250526_093110/PMT_Libraries/Wallets/20250526_093119/requests/main/1.har

26-05-2025T09:43:31 - [MESSAGE][PASSED] - Send request successfully

26-05-2025T09:43:31 - [TEST_STEP][PASSED] - accountId = getElementPropertyValue(fetchGuestAccount, "payload.accountId"): null

26-05-2025T09:43:31 - [TEST_STEP][PASSED] - accessToken = getElementPropertyValue(fetchGuestAccount, "payload.accessToken"): null

26-05-2025T09:43:32 - [TEST_STEP][PASSED] - accountId = accountId: null

26-05-2025T09:43:32 - [TEST_STEP][PASSED] - accessToken = accessToken: null

26-05-2025T09:43:32 - [TEST_STEP][PASSED] - testdata = getdata.fromExcel(EXCEL_PATH, TAB): null

26-05-2025T09:43:32 - [TEST_STEP][PASSED] - for ([i = 0, i < testdata.size(), (i++)]): null

26-05-2025T09:43:32 - [TEST_STEP][PASSED] - driver = getWebDriver(): null

26-05-2025T09:43:32 - [TEST_STEP][PASSED] - clickAuthorizePayment = xpath("//a[normalize-space()='Replace']")).click(): null

26-05-2025T09:43:32 - [TEST_STEP][PASSED] - utils.selectEnvironment(ENV): null

26-05-2025T09:43:33 - [TEST_STEP][PASSED] - sendRequestTextBox = driver.findElement(By.xpath("//textarea[@name='req']")): null

26-05-2025T09:43:33 - [TEST_STEP][PASSED] - sendRequestTextBox.clear(): null

26-05-2025T09:43:33 - [TEST_STEP][PASSED] - idToBeReplaced = testdata["idToBeReplaced"][i]: null

26-05-2025T09:43:33 - [TEST_STEP][PASSED] - paymentMethod = testdata["paymentMethod"][i]: null

26-05-2025T09:43:33 - [TEST_STEP][PASSED] - cardNumber = testdata["cardNumber"][i]: null

26-05-2025T09:43:33 - [TEST_STEP][PASSED] - expirationMonth = testdata["expirationMonth"][i]: null

26-05-2025T09:43:33 - [TEST_STEP][PASSED] - expirationYear = testdata["expirationYear"][i]: null

26-05-2025T09:43:33 - [TEST_STEP][PASSED] - cardholderName = testdata["cardholderName"][i]: null

26-05-2025T09:43:33 - [TEST_STEP][PASSED] - nickName = testdata["nickName"][i]: null

26-05-2025T09:43:33 - [TEST_STEP][PASSED] - defaultPaymentMethod = testdata["defaultPaymentMethod"][i]: null

26-05-2025T09:43:33 - [TEST_STEP][PASSED] - request = {
			    "idToBeReplaced": "$idToBeReplaced",
			    "paymentMethod": {
			        "type": "$paymentMethod",
			        "cardNumber": "$cardNumber",
			        "expirationMonth": "$expirationMonth",
			        "expirationYear": "$expirationYear",
			        "cardholder": "$cardholderName",
			        "nickname": "$nickName"
			    },
			    "accountId": "$accountId",
			    "accessToken": "$accessToken"
			}: null

26-05-2025T09:43:33 - [TEST_STEP][PASSED] - restRequest = JsonSlurper().parseText(request): null

26-05-2025T09:43:33 - [TEST_STEP][PASSED] - prettyJson = JsonBuilder(restRequest).toPrettyString(): null

26-05-2025T09:43:33 - [TEST_STEP][PASSED] - println(prettyJson): null

26-05-2025T09:43:33 - [TEST_STEP][PASSED] - sendRequestTextBox.sendKeys(prettyJson): null

26-05-2025T09:43:34 - [TEST_STEP][PASSED] - utils.clickSendButton(): null

26-05-2025T09:43:35 - [TEST_STEP][PASSED] - delay(3): Delayed 3 second(s)

26-05-2025T09:43:38 - [MESSAGE][PASSED] - Delayed 3 second(s)

26-05-2025T09:43:38 - [TEST_STEP][PASSED] - response = utils.getResponse(): null

26-05-2025T09:43:39 - [TEST_STEP][PASSED] - println(response): null

26-05-2025T09:43:39 - [TEST_STEP][PASSED] - validation1 = testdata["ContainsValidation"][i]: null

26-05-2025T09:43:39 - [TEST_STEP][PASSED] - println(validation1): null

26-05-2025T09:43:39 - [TEST_STEP][PASSED] - validation2 = testdata["NotContainsValidation"][i]: null

26-05-2025T09:43:39 - [TEST_STEP][PASSED] - println(validation2): null

26-05-2025T09:43:39 - [TEST_STEP][PASSED] - println(testdata["TCNumber"][i]): null

26-05-2025T09:43:39 - [TEST_STEP][PASSED] - assert response.contains(validation1): null

26-05-2025T09:43:39 - [TEST_STEP][PASSED] - assert response.contains(validation2) == false: null

26-05-2025T09:43:39 - [TEST_STEP][PASSED] - if (response.contains(validation1) == false || response.contains(validation2) == true): null

26-05-2025T09:43:39 - [TEST_STEP][PASSED] - Finally: Browser is closed

26-05-2025T09:43:39 - [TEST_STEP][PASSED] - utils.closeBrowser(): Browser is closed

26-05-2025T09:43:41 - [MESSAGE][PASSED] - Delayed 2 second(s)

26-05-2025T09:43:41 - [MESSAGE][PASSED] - Browser is closed

26-05-2025T09:43:43 - [TEST_STEP][PASSED] - Video: Video recording for test case 'Test Cases/Web_Utilities_TestCases/Wallets/TC2__Replace' .

26-05-2025T09:43:43 - [MESSAGE][INFO] - Video recording for test case 'Test Cases/Web_Utilities_TestCases/Wallets/TC2__Replace' .]]></system-out>
         <system-err><![CDATA[]]></system-err>
      </testcase>
      <testcase name="Test Cases/Web_Utilities_TestCases/Wallets/TC1_Wallet_Add" time="53.415" classname="Test Cases/Web_Utilities_TestCases/Wallets/TC1_Wallet_Add" status="PASSED">
         <system-out><![CDATA[26-05-2025T09:43:43 - [TEST_CASE][PASSED] - Test Cases/Web_Utilities_TestCases/Wallets/TC1_Wallet_Add: Test Cases/Web_Utilities_TestCases/Wallets/TC1_Wallet_Add

26-05-2025T09:43:43 - [TEST_STEP][PASSED] - try: null

26-05-2025T09:43:43 - [TEST_STEP][PASSED] - utils.openBrowserAndNavigateToPMT(): Navigate to 'https://dev1.payment.rccl.com/payment/utilities' successfully

26-05-2025T09:43:43 - [MESSAGE][INFO] - Starting 'Chrome' driver

26-05-2025T09:43:43 - [MESSAGE][INFO] - Action delay is set to 0 milliseconds

26-05-2025T09:43:45 - [MESSAGE][PASSED] - Browser is opened with url: ''

26-05-2025T09:43:45 - [MESSAGE][PASSED] - Current window maximized

26-05-2025T09:43:47 - [MESSAGE][PASSED] - Navigate to 'https://dev1.payment.rccl.com/payment/utilities' successfully

26-05-2025T09:43:47 - [TEST_STEP][PASSED] - EXCEL_PATH = "./Data Files/TestData.xlsx": null

26-05-2025T09:43:47 - [TEST_STEP][PASSED] - TAB = "Wallet_Add": null

26-05-2025T09:43:47 - [TEST_STEP][PASSED] - utils.goToWallets(): null

26-05-2025T09:43:49 - [TEST_STEP][PASSED] - fetchGuestAccount = sendRequest(findTestObject("GuestAccount")): Send request successfully

26-05-2025T09:43:49 - [MESSAGE][INFO] - HAR: /Users/manilacel/Library/CloudStorage/OneDrive-RoyalCaribbeanGroup/PMT/Git/payment.web-utility-automation/payment.web-utility-automation/Reports/20250526_093110/PMT_Libraries/Wallets/20250526_093119/requests/main/2.har

26-05-2025T09:43:49 - [MESSAGE][PASSED] - Send request successfully

26-05-2025T09:43:49 - [TEST_STEP][PASSED] - accountId = getElementPropertyValue(fetchGuestAccount, "payload.accountId"): null

26-05-2025T09:43:49 - [TEST_STEP][PASSED] - accessToken = getElementPropertyValue(fetchGuestAccount, "payload.accessToken"): null

26-05-2025T09:43:49 - [TEST_STEP][PASSED] - accountId = accountId: null

26-05-2025T09:43:49 - [TEST_STEP][PASSED] - accessToken = accessToken: null

26-05-2025T09:43:49 - [TEST_STEP][PASSED] - testdata = getdata.fromExcel(EXCEL_PATH, TAB): null

26-05-2025T09:43:49 - [TEST_STEP][PASSED] - for ([i = 0, i < testdata.size(), (i++)]): null

26-05-2025T09:43:49 - [TEST_STEP][PASSED] - driver = getWebDriver(): null

26-05-2025T09:43:49 - [TEST_STEP][PASSED] - xpath("//a[normalize-space()='Add']")).click(): null

26-05-2025T09:43:49 - [TEST_STEP][PASSED] - utils.selectEnvironment(ENV): null

26-05-2025T09:43:50 - [TEST_STEP][PASSED] - sendRequestTextBox = driver.findElement(By.xpath("//textarea[@name='req']")): null

26-05-2025T09:43:50 - [TEST_STEP][PASSED] - sendRequestTextBox.clear(): null

26-05-2025T09:43:50 - [TEST_STEP][PASSED] - paymentMethod = testdata["paymentMethod"][i]: null

26-05-2025T09:43:50 - [TEST_STEP][PASSED] - cardNumber = testdata["cardNumber"][i]: null

26-05-2025T09:43:50 - [TEST_STEP][PASSED] - expirationMonth = testdata["expirationMonth"][i]: null

26-05-2025T09:43:50 - [TEST_STEP][PASSED] - expirationYear = testdata["expirationYear"][i]: null

26-05-2025T09:43:50 - [TEST_STEP][PASSED] - cardholderName = testdata["cardholderName"][i]: null

26-05-2025T09:43:50 - [TEST_STEP][PASSED] - nickName = testdata["nickName"][i]: null

26-05-2025T09:43:50 - [TEST_STEP][PASSED] - defaultPaymentMethod = testdata["defaultPaymentMethod"][i]: null

26-05-2025T09:43:50 - [TEST_STEP][PASSED] - request = {
                "paymentMethod": {
                    "type": "$paymentMethod",
                    "cardNumber": "$cardNumber",
                    "expirationMonth": "$expirationMonth",
                    "expirationYear": "$expirationYear",
                    "cardholder": "$cardholderName",
                    "nickname": "$nickName",
                    "defaultPaymentMethod": "$defaultPaymentMethod"
                },
                "accountId": "$accountId",
                "accessToken": "$accessToken"
            }: null

26-05-2025T09:43:50 - [TEST_STEP][PASSED] - restRequest = JsonSlurper().parseText(request): null

26-05-2025T09:43:50 - [TEST_STEP][PASSED] - prettyJson = JsonBuilder(restRequest).toPrettyString(): null

26-05-2025T09:43:50 - [TEST_STEP][PASSED] - println(prettyJson): null

26-05-2025T09:43:50 - [TEST_STEP][PASSED] - Wallet_cardNumber = cardNumber: null

26-05-2025T09:43:50 - [TEST_STEP][PASSED] - Wallet_expirationMonth = expirationMonth: null

26-05-2025T09:43:50 - [TEST_STEP][PASSED] - Wallet_expirationYear = expirationYear: null

26-05-2025T09:43:50 - [TEST_STEP][PASSED] - sendRequestTextBox.sendKeys(prettyJson): null

26-05-2025T09:43:51 - [TEST_STEP][PASSED] - utils.clickSendButton(): null

26-05-2025T09:43:52 - [TEST_STEP][PASSED] - delay(3): Delayed 3 second(s)

26-05-2025T09:43:55 - [MESSAGE][PASSED] - Delayed 3 second(s)

26-05-2025T09:43:55 - [TEST_STEP][PASSED] - response = utils.getResponse(): null

26-05-2025T09:43:56 - [TEST_STEP][PASSED] - println(response): null

26-05-2025T09:43:56 - [TEST_STEP][PASSED] - if (response.contains("PY-0402") == false): null

26-05-2025T09:43:56 - [TEST_STEP][PASSED] - else: null

26-05-2025T09:43:56 - [TEST_STEP][PASSED] - println("Existing card detected. Deleting..."): null

26-05-2025T09:43:56 - [TEST_STEP][PASSED] - callTestCase(findTestCase("Re-Usable Script/Wallet_Delete"), [:], CONTINUE_ON_FAILURE): Call Test Case 'Test Cases/Re-Usable Script/Wallet_Delete' successfully

26-05-2025T09:43:56 - [TEST_CASE][PASSED] - Test Cases/Re-Usable Script/Wallet_Delete: Test Cases/Re-Usable Script/Wallet_Delete

26-05-2025T09:43:57 - [TEST_STEP][PASSED] - driver = getWebDriver(): null

26-05-2025T09:43:57 - [TEST_STEP][PASSED] - clickDelete = xpath("//a[normalize-space()='Delete']")).click(): null

26-05-2025T09:43:57 - [TEST_STEP][PASSED] - utils.selectEnvironment(ENV): null

26-05-2025T09:43:57 - [TEST_STEP][PASSED] - sendRequestTextBox = driver.findElement(By.xpath("//textarea[@name='req']")): null

26-05-2025T09:43:57 - [TEST_STEP][PASSED] - fetchGuestAccount = sendRequest(findTestObject("GuestAccount")): Send request successfully

26-05-2025T09:43:58 - [MESSAGE][INFO] - HAR: /Users/manilacel/Library/CloudStorage/OneDrive-RoyalCaribbeanGroup/PMT/Git/payment.web-utility-automation/payment.web-utility-automation/Reports/20250526_093110/PMT_Libraries/Wallets/20250526_093119/requests/main/3.har

26-05-2025T09:43:58 - [MESSAGE][PASSED] - Send request successfully

26-05-2025T09:43:58 - [TEST_STEP][PASSED] - accountId = getElementPropertyValue(fetchGuestAccount, "payload.accountId"): null

26-05-2025T09:43:58 - [TEST_STEP][PASSED] - accessToken = getElementPropertyValue(fetchGuestAccount, "payload.accessToken"): null

26-05-2025T09:43:58 - [TEST_STEP][PASSED] - accountId = accountId: null

26-05-2025T09:43:58 - [TEST_STEP][PASSED] - accessToken = accessToken: null

26-05-2025T09:43:58 - [TEST_STEP][PASSED] - sendRequestTextBox.clear(): null

26-05-2025T09:43:58 - [TEST_STEP][PASSED] - request = {
		"cardNumber": "$GlobalVariable.Wallet_cardNumber",
		"expirationMonth": "$GlobalVariable.Wallet_expirationMonth",
		"expirationYear": "$GlobalVariable.Wallet_expirationYear",
		"accessToken": "$accessToken}",
		"accountId": "$accountId"
		}: null

26-05-2025T09:43:58 - [TEST_STEP][PASSED] - restRequest = JsonSlurper().parseText(request): null

26-05-2025T09:43:58 - [TEST_STEP][PASSED] - prettyJson = JsonBuilder(restRequest).toPrettyString(): null

26-05-2025T09:43:58 - [TEST_STEP][PASSED] - println(prettyJson): null

26-05-2025T09:43:58 - [TEST_STEP][PASSED] - sendRequestTextBox.sendKeys(prettyJson): null

26-05-2025T09:43:59 - [TEST_STEP][PASSED] - utils.clickSendButton(): null

26-05-2025T09:43:59 - [TEST_STEP][PASSED] - delay(3): Delayed 3 second(s)

26-05-2025T09:44:02 - [MESSAGE][PASSED] - Delayed 3 second(s)

26-05-2025T09:44:02 - [MESSAGE][PASSED] - Call Test Case 'Test Cases/Re-Usable Script/Wallet_Delete' successfully

26-05-2025T09:44:02 - [TEST_STEP][PASSED] - refresh(): Refresh successfully

26-05-2025T09:44:04 - [MESSAGE][PASSED] - Refresh successfully

26-05-2025T09:44:04 - [TEST_STEP][PASSED] - delay(2): Delayed 2 second(s)

26-05-2025T09:44:06 - [MESSAGE][PASSED] - Delayed 2 second(s)

26-05-2025T09:44:06 - [TEST_STEP][PASSED] - if (i == testdata.size() - 1): null

26-05-2025T09:44:06 - [TEST_STEP][PASSED] - (i--): null

26-05-2025T09:44:06 - [TEST_STEP][PASSED] - driver = getWebDriver(): null

26-05-2025T09:44:06 - [TEST_STEP][PASSED] - xpath("//a[normalize-space()='Add']")).click(): null

26-05-2025T09:44:06 - [TEST_STEP][PASSED] - utils.selectEnvironment(ENV): null

26-05-2025T09:44:06 - [TEST_STEP][PASSED] - sendRequestTextBox = driver.findElement(By.xpath("//textarea[@name='req']")): null

26-05-2025T09:44:07 - [TEST_STEP][PASSED] - sendRequestTextBox.clear(): null

26-05-2025T09:44:07 - [TEST_STEP][PASSED] - paymentMethod = testdata["paymentMethod"][i]: null

26-05-2025T09:44:07 - [TEST_STEP][PASSED] - cardNumber = testdata["cardNumber"][i]: null

26-05-2025T09:44:07 - [TEST_STEP][PASSED] - expirationMonth = testdata["expirationMonth"][i]: null

26-05-2025T09:44:07 - [TEST_STEP][PASSED] - expirationYear = testdata["expirationYear"][i]: null

26-05-2025T09:44:07 - [TEST_STEP][PASSED] - cardholderName = testdata["cardholderName"][i]: null

26-05-2025T09:44:07 - [TEST_STEP][PASSED] - nickName = testdata["nickName"][i]: null

26-05-2025T09:44:07 - [TEST_STEP][PASSED] - defaultPaymentMethod = testdata["defaultPaymentMethod"][i]: null

26-05-2025T09:44:07 - [TEST_STEP][PASSED] - request = {
                "paymentMethod": {
                    "type": "$paymentMethod",
                    "cardNumber": "$cardNumber",
                    "expirationMonth": "$expirationMonth",
                    "expirationYear": "$expirationYear",
                    "cardholder": "$cardholderName",
                    "nickname": "$nickName",
                    "defaultPaymentMethod": "$defaultPaymentMethod"
                },
                "accountId": "$accountId",
                "accessToken": "$accessToken"
            }: null

26-05-2025T09:44:07 - [TEST_STEP][PASSED] - restRequest = JsonSlurper().parseText(request): null

26-05-2025T09:44:07 - [TEST_STEP][PASSED] - prettyJson = JsonBuilder(restRequest).toPrettyString(): null

26-05-2025T09:44:07 - [TEST_STEP][PASSED] - println(prettyJson): null

26-05-2025T09:44:07 - [TEST_STEP][PASSED] - Wallet_cardNumber = cardNumber: null

26-05-2025T09:44:07 - [TEST_STEP][PASSED] - Wallet_expirationMonth = expirationMonth: null

26-05-2025T09:44:07 - [TEST_STEP][PASSED] - Wallet_expirationYear = expirationYear: null

26-05-2025T09:44:07 - [TEST_STEP][PASSED] - sendRequestTextBox.sendKeys(prettyJson): null

26-05-2025T09:44:08 - [TEST_STEP][PASSED] - utils.clickSendButton(): null

26-05-2025T09:44:08 - [TEST_STEP][PASSED] - delay(3): Delayed 3 second(s)

26-05-2025T09:44:11 - [MESSAGE][PASSED] - Delayed 3 second(s)

26-05-2025T09:44:11 - [TEST_STEP][PASSED] - response = utils.getResponse(): null

26-05-2025T09:44:11 - [TEST_STEP][PASSED] - println(response): null

26-05-2025T09:44:11 - [TEST_STEP][PASSED] - if (response.contains("PY-0402") == false): null

26-05-2025T09:44:11 - [TEST_STEP][PASSED] - validation1 = testdata["ContainsValidation"][i]: null

26-05-2025T09:44:11 - [TEST_STEP][PASSED] - println(validation1): null

26-05-2025T09:44:11 - [TEST_STEP][PASSED] - validation2 = testdata["NotContainsValidation"][i]: null

26-05-2025T09:44:11 - [TEST_STEP][PASSED] - println(validation2): null

26-05-2025T09:44:11 - [TEST_STEP][PASSED] - println(testdata["TCNumber"][i]): null

26-05-2025T09:44:11 - [TEST_STEP][PASSED] - assert response.contains(validation1) == true: null

26-05-2025T09:44:11 - [TEST_STEP][PASSED] - assert response.contains(validation2) == false: null

26-05-2025T09:44:11 - [TEST_STEP][PASSED] - if (response.contains(validation1) == false || response.contains(validation2) == true): null

26-05-2025T09:44:11 - [TEST_STEP][PASSED] - driver = getWebDriver(): null

26-05-2025T09:44:11 - [TEST_STEP][PASSED] - xpath("//a[normalize-space()='Add']")).click(): null

26-05-2025T09:44:12 - [TEST_STEP][PASSED] - utils.selectEnvironment(ENV): null

26-05-2025T09:44:12 - [TEST_STEP][PASSED] - sendRequestTextBox = driver.findElement(By.xpath("//textarea[@name='req']")): null

26-05-2025T09:44:13 - [TEST_STEP][PASSED] - sendRequestTextBox.clear(): null

26-05-2025T09:44:13 - [TEST_STEP][PASSED] - paymentMethod = testdata["paymentMethod"][i]: null

26-05-2025T09:44:13 - [TEST_STEP][PASSED] - cardNumber = testdata["cardNumber"][i]: null

26-05-2025T09:44:13 - [TEST_STEP][PASSED] - expirationMonth = testdata["expirationMonth"][i]: null

26-05-2025T09:44:13 - [TEST_STEP][PASSED] - expirationYear = testdata["expirationYear"][i]: null

26-05-2025T09:44:13 - [TEST_STEP][PASSED] - cardholderName = testdata["cardholderName"][i]: null

26-05-2025T09:44:13 - [TEST_STEP][PASSED] - nickName = testdata["nickName"][i]: null

26-05-2025T09:44:13 - [TEST_STEP][PASSED] - defaultPaymentMethod = testdata["defaultPaymentMethod"][i]: null

26-05-2025T09:44:13 - [TEST_STEP][PASSED] - request = {
                "paymentMethod": {
                    "type": "$paymentMethod",
                    "cardNumber": "$cardNumber",
                    "expirationMonth": "$expirationMonth",
                    "expirationYear": "$expirationYear",
                    "cardholder": "$cardholderName",
                    "nickname": "$nickName",
                    "defaultPaymentMethod": "$defaultPaymentMethod"
                },
                "accountId": "$accountId",
                "accessToken": "$accessToken"
            }: null

26-05-2025T09:44:13 - [TEST_STEP][PASSED] - restRequest = JsonSlurper().parseText(request): null

26-05-2025T09:44:13 - [TEST_STEP][PASSED] - prettyJson = JsonBuilder(restRequest).toPrettyString(): null

26-05-2025T09:44:13 - [TEST_STEP][PASSED] - println(prettyJson): null

26-05-2025T09:44:13 - [TEST_STEP][PASSED] - Wallet_cardNumber = cardNumber: null

26-05-2025T09:44:13 - [TEST_STEP][PASSED] - Wallet_expirationMonth = expirationMonth: null

26-05-2025T09:44:13 - [TEST_STEP][PASSED] - Wallet_expirationYear = expirationYear: null

26-05-2025T09:44:13 - [TEST_STEP][PASSED] - sendRequestTextBox.sendKeys(prettyJson): null

26-05-2025T09:44:14 - [TEST_STEP][PASSED] - utils.clickSendButton(): null

26-05-2025T09:44:14 - [TEST_STEP][PASSED] - delay(3): Delayed 3 second(s)

26-05-2025T09:44:17 - [MESSAGE][PASSED] - Delayed 3 second(s)

26-05-2025T09:44:17 - [TEST_STEP][PASSED] - response = utils.getResponse(): null

26-05-2025T09:44:17 - [TEST_STEP][PASSED] - println(response): null

26-05-2025T09:44:17 - [TEST_STEP][PASSED] - if (response.contains("PY-0402") == false): null

26-05-2025T09:44:17 - [TEST_STEP][PASSED] - validation1 = testdata["ContainsValidation"][i]: null

26-05-2025T09:44:17 - [TEST_STEP][PASSED] - println(validation1): null

26-05-2025T09:44:17 - [TEST_STEP][PASSED] - validation2 = testdata["NotContainsValidation"][i]: null

26-05-2025T09:44:17 - [TEST_STEP][PASSED] - println(validation2): null

26-05-2025T09:44:17 - [TEST_STEP][PASSED] - println(testdata["TCNumber"][i]): null

26-05-2025T09:44:17 - [TEST_STEP][PASSED] - assert response.contains(validation1) == true: null

26-05-2025T09:44:17 - [TEST_STEP][PASSED] - assert response.contains(validation2) == false: null

26-05-2025T09:44:17 - [TEST_STEP][PASSED] - if (response.contains(validation1) == false || response.contains(validation2) == true): null

26-05-2025T09:44:17 - [TEST_STEP][PASSED] - driver = getWebDriver(): null

26-05-2025T09:44:17 - [TEST_STEP][PASSED] - xpath("//a[normalize-space()='Add']")).click(): null

26-05-2025T09:44:18 - [TEST_STEP][PASSED] - utils.selectEnvironment(ENV): null

26-05-2025T09:44:18 - [TEST_STEP][PASSED] - sendRequestTextBox = driver.findElement(By.xpath("//textarea[@name='req']")): null

26-05-2025T09:44:18 - [TEST_STEP][PASSED] - sendRequestTextBox.clear(): null

26-05-2025T09:44:18 - [TEST_STEP][PASSED] - paymentMethod = testdata["paymentMethod"][i]: null

26-05-2025T09:44:18 - [TEST_STEP][PASSED] - cardNumber = testdata["cardNumber"][i]: null

26-05-2025T09:44:18 - [TEST_STEP][PASSED] - expirationMonth = testdata["expirationMonth"][i]: null

26-05-2025T09:44:18 - [TEST_STEP][PASSED] - expirationYear = testdata["expirationYear"][i]: null

26-05-2025T09:44:18 - [TEST_STEP][PASSED] - cardholderName = testdata["cardholderName"][i]: null

26-05-2025T09:44:18 - [TEST_STEP][PASSED] - nickName = testdata["nickName"][i]: null

26-05-2025T09:44:18 - [TEST_STEP][PASSED] - defaultPaymentMethod = testdata["defaultPaymentMethod"][i]: null

26-05-2025T09:44:18 - [TEST_STEP][PASSED] - request = {
                "paymentMethod": {
                    "type": "$paymentMethod",
                    "cardNumber": "$cardNumber",
                    "expirationMonth": "$expirationMonth",
                    "expirationYear": "$expirationYear",
                    "cardholder": "$cardholderName",
                    "nickname": "$nickName",
                    "defaultPaymentMethod": "$defaultPaymentMethod"
                },
                "accountId": "$accountId",
                "accessToken": "$accessToken"
            }: null

26-05-2025T09:44:18 - [TEST_STEP][PASSED] - restRequest = JsonSlurper().parseText(request): null

26-05-2025T09:44:18 - [TEST_STEP][PASSED] - prettyJson = JsonBuilder(restRequest).toPrettyString(): null

26-05-2025T09:44:18 - [TEST_STEP][PASSED] - println(prettyJson): null

26-05-2025T09:44:18 - [TEST_STEP][PASSED] - Wallet_cardNumber = cardNumber: null

26-05-2025T09:44:18 - [TEST_STEP][PASSED] - Wallet_expirationMonth = expirationMonth: null

26-05-2025T09:44:18 - [TEST_STEP][PASSED] - Wallet_expirationYear = expirationYear: null

26-05-2025T09:44:18 - [TEST_STEP][PASSED] - sendRequestTextBox.sendKeys(prettyJson): null

26-05-2025T09:44:20 - [TEST_STEP][PASSED] - utils.clickSendButton(): null

26-05-2025T09:44:20 - [TEST_STEP][PASSED] - delay(3): Delayed 3 second(s)

26-05-2025T09:44:23 - [MESSAGE][PASSED] - Delayed 3 second(s)

26-05-2025T09:44:23 - [TEST_STEP][PASSED] - response = utils.getResponse(): null

26-05-2025T09:44:23 - [TEST_STEP][PASSED] - println(response): null

26-05-2025T09:44:23 - [TEST_STEP][PASSED] - if (response.contains("PY-0402") == false): null

26-05-2025T09:44:23 - [TEST_STEP][PASSED] - else: null

26-05-2025T09:44:23 - [TEST_STEP][PASSED] - println("Existing card detected. Deleting..."): null

26-05-2025T09:44:23 - [TEST_STEP][PASSED] - callTestCase(findTestCase("Re-Usable Script/Wallet_Delete"), [:], CONTINUE_ON_FAILURE): Call Test Case 'Test Cases/Re-Usable Script/Wallet_Delete' successfully

26-05-2025T09:44:23 - [TEST_CASE][PASSED] - Test Cases/Re-Usable Script/Wallet_Delete: Test Cases/Re-Usable Script/Wallet_Delete

26-05-2025T09:44:23 - [TEST_STEP][PASSED] - driver = getWebDriver(): null

26-05-2025T09:44:23 - [TEST_STEP][PASSED] - clickDelete = xpath("//a[normalize-space()='Delete']")).click(): null

26-05-2025T09:44:24 - [TEST_STEP][PASSED] - utils.selectEnvironment(ENV): null

26-05-2025T09:44:24 - [TEST_STEP][PASSED] - sendRequestTextBox = driver.findElement(By.xpath("//textarea[@name='req']")): null

26-05-2025T09:44:24 - [TEST_STEP][PASSED] - fetchGuestAccount = sendRequest(findTestObject("GuestAccount")): Send request successfully

26-05-2025T09:44:25 - [MESSAGE][INFO] - HAR: /Users/manilacel/Library/CloudStorage/OneDrive-RoyalCaribbeanGroup/PMT/Git/payment.web-utility-automation/payment.web-utility-automation/Reports/20250526_093110/PMT_Libraries/Wallets/20250526_093119/requests/main/4.har

26-05-2025T09:44:25 - [MESSAGE][PASSED] - Send request successfully

26-05-2025T09:44:25 - [TEST_STEP][PASSED] - accountId = getElementPropertyValue(fetchGuestAccount, "payload.accountId"): null

26-05-2025T09:44:25 - [TEST_STEP][PASSED] - accessToken = getElementPropertyValue(fetchGuestAccount, "payload.accessToken"): null

26-05-2025T09:44:25 - [TEST_STEP][PASSED] - accountId = accountId: null

26-05-2025T09:44:25 - [TEST_STEP][PASSED] - accessToken = accessToken: null

26-05-2025T09:44:25 - [TEST_STEP][PASSED] - sendRequestTextBox.clear(): null

26-05-2025T09:44:25 - [TEST_STEP][PASSED] - request = {
		"cardNumber": "$GlobalVariable.Wallet_cardNumber",
		"expirationMonth": "$GlobalVariable.Wallet_expirationMonth",
		"expirationYear": "$GlobalVariable.Wallet_expirationYear",
		"accessToken": "$accessToken}",
		"accountId": "$accountId"
		}: null

26-05-2025T09:44:25 - [TEST_STEP][PASSED] - restRequest = JsonSlurper().parseText(request): null

26-05-2025T09:44:25 - [TEST_STEP][PASSED] - prettyJson = JsonBuilder(restRequest).toPrettyString(): null

26-05-2025T09:44:25 - [TEST_STEP][PASSED] - println(prettyJson): null

26-05-2025T09:44:25 - [TEST_STEP][PASSED] - sendRequestTextBox.sendKeys(prettyJson): null

26-05-2025T09:44:26 - [TEST_STEP][PASSED] - utils.clickSendButton(): null

26-05-2025T09:44:26 - [TEST_STEP][PASSED] - delay(3): Delayed 3 second(s)

26-05-2025T09:44:29 - [MESSAGE][PASSED] - Delayed 3 second(s)

26-05-2025T09:44:29 - [MESSAGE][PASSED] - Call Test Case 'Test Cases/Re-Usable Script/Wallet_Delete' successfully

26-05-2025T09:44:29 - [TEST_STEP][PASSED] - refresh(): Refresh successfully

26-05-2025T09:44:30 - [MESSAGE][PASSED] - Refresh successfully

26-05-2025T09:44:30 - [TEST_STEP][PASSED] - delay(2): Delayed 2 second(s)

26-05-2025T09:44:32 - [MESSAGE][PASSED] - Delayed 2 second(s)

26-05-2025T09:44:32 - [TEST_STEP][PASSED] - if (i == testdata.size() - 1): null

26-05-2025T09:44:32 - [TEST_STEP][PASSED] - break: null

26-05-2025T09:44:32 - [TEST_STEP][PASSED] - Finally: Browser is closed

26-05-2025T09:44:32 - [TEST_STEP][PASSED] - utils.closeBrowser(): Browser is closed

26-05-2025T09:44:34 - [MESSAGE][PASSED] - Delayed 2 second(s)

26-05-2025T09:44:35 - [MESSAGE][PASSED] - Browser is closed

26-05-2025T09:44:37 - [TEST_STEP][PASSED] - Video: Video recording for test case 'Test Cases/Web_Utilities_TestCases/Wallets/TC1_Wallet_Add' .

26-05-2025T09:44:37 - [MESSAGE][INFO] - Video recording for test case 'Test Cases/Web_Utilities_TestCases/Wallets/TC1_Wallet_Add' .]]></system-out>
         <system-err><![CDATA[]]></system-err>
      </testcase>
      <system-out><![CDATA[26-05-2025T09:42:50 - [TEST_SUITE][PASSED] - Wallets: Test Cases/Web_Utilities_TestCases/Wallets/TC1_Wallet_Add]]></system-out>
      <system-err><![CDATA[]]></system-err>
   </testsuite>
</testsuites>
