<?xml version="1.0" encoding="UTF-8"?>
<testsuites name="cardTokenization" time="64.1" tests="2" failures="0" errors="0">
   <testsuite name="cardTokenization" tests="2" failures="0" errors="0" time="64.1" skipped="0" timestamp="15-01-2025T10:44:55" hostname="manilacel - localhost" id="Test Suites/PMT_Libraries/cardTokenization">
      <properties>
         <property name="deviceName" value=""/>
         <property name="devicePlatform"/>
         <property name="logFolder" value="/Users/manilacel/Library/CloudStorage/OneDrive-RoyalCaribbeanGroup/PMT/Git/payment.web-utility-automation/payment.web-utility-automation/Reports/20250115_103617/PMT_Libraries/cardTokenization/20250115_103628"/>
         <property name="logFiles" value="/Users/manilacel/Library/CloudStorage/OneDrive-RoyalCaribbeanGroup/PMT/Git/payment.web-utility-automation/payment.web-utility-automation/Reports/20250115_103617/PMT_Libraries/cardTokenization/20250115_103628/execution0.log"/>
         <property name="attachments" value=""/>
         <property name="hostName" value="manilacel - localhost"/>
         <property name="os" value="Mac OS X 64bit"/>
         <property name="katalonVersion" value="9.5.0.217"/>
         <property name="browser" value="Chrome 131.0.0.0"/>
         <property name="hostAddress" value="127.0.0.1"/>
         <property name="sessionId" value="af9d9cb3f30ac0d4e85d8c61276847af"/>
         <property name="seleniumVersion" value="3.141.59"/>
         <property name="proxyInformation" value="ProxyInformation { proxyOption=NO_PROXY, proxyServerType=HTTP, username=, password=********, proxyServerAddress=, proxyServerPort=0, executionList=&quot;&quot;, isApplyToDesiredCapabilities=true }"/>
         <property name="platform" value="Mac OS X"/>
      </properties>
      <testcase name="Test Cases/Web_Utilities_TestCases/cardTokenization/TC2_CardTokenization_GenerateToken" time="35.004" classname="Test Cases/Web_Utilities_TestCases/cardTokenization/TC2_CardTokenization_GenerateToken" status="PASSED">
         <system-out><![CDATA[15-01-2025T10:44:55 - [TEST_CASE][PASSED] - Test Cases/Web_Utilities_TestCases/cardTokenization/TC2_CardTokenization_GenerateToken: Test Cases/Web_Utilities_TestCases/cardTokenization/TC2_CardTokenization_GenerateToken

15-01-2025T10:44:57 - [TEST_STEP][PASSED] - try: null

15-01-2025T10:44:57 - [TEST_STEP][PASSED] - utils.openBrowserAndNavigateToPMT(): Navigate to 'https://dev1.payment.rccl.com/payment/utilities' successfully

15-01-2025T10:44:57 - [MESSAGE][INFO] - Starting 'Chrome' driver

15-01-2025T10:44:57 - [MESSAGE][INFO] - Action delay is set to 0 milliseconds

15-01-2025T10:44:59 - [MESSAGE][PASSED] - Browser is opened with url: ''

15-01-2025T10:45:00 - [MESSAGE][PASSED] - Current window maximized

15-01-2025T10:45:03 - [MESSAGE][PASSED] - Navigate to 'https://dev1.payment.rccl.com/payment/utilities' successfully

15-01-2025T10:45:03 - [TEST_STEP][PASSED] - EXCEL_PATH = "./Data Files/TestData.xlsx": null

15-01-2025T10:45:03 - [TEST_STEP][PASSED] - TAB = "cardTokenization_Generate": null

15-01-2025T10:45:03 - [TEST_STEP][PASSED] - driver = getWebDriver(): null

15-01-2025T10:45:03 - [TEST_STEP][PASSED] - utils.goToCardTokenization(): null

15-01-2025T10:45:07 - [TEST_STEP][PASSED] - clickGenerateToken = xpath("//a[normalize-space()='Generate Token']")).click(): null

15-01-2025T10:45:07 - [TEST_STEP][PASSED] - utils.selectEnvironment(ENV): null

15-01-2025T10:45:09 - [TEST_STEP][PASSED] - sendRequestTextBox = driver.findElement(By.xpath("//textarea[@name='req']")): null

15-01-2025T10:45:09 - [TEST_STEP][PASSED] - testdata = getdata.fromExcel(EXCEL_PATH, TAB): null

15-01-2025T10:45:10 - [TEST_STEP][PASSED] - for ([i = 0, i < testdata.size(), (i++)]): null

15-01-2025T10:45:10 - [TEST_STEP][PASSED] - sendRequestTextBox.clear(): null

15-01-2025T10:45:10 - [TEST_STEP][PASSED] - encryptedCard = testdata["encryptedCard"][i]: null

15-01-2025T10:45:10 - [TEST_STEP][PASSED] - CNumber = encryptedCard.replaceAll("\.0$", ""): null

15-01-2025T10:45:10 - [TEST_STEP][PASSED] - expirationMonth = testdata["expirationMonth"][i]: null

15-01-2025T10:45:10 - [TEST_STEP][PASSED] - xMonth = expirationMonth.replaceAll("\.0$", ""): null

15-01-2025T10:45:10 - [TEST_STEP][PASSED] - expirationYear = testdata["expirationYear"][i]: null

15-01-2025T10:45:10 - [TEST_STEP][PASSED] - xYear = expirationYear.replaceAll("\.0$", ""): null

15-01-2025T10:45:10 - [TEST_STEP][PASSED] - request = {
			"cardNumber": "$encryptedCard",
			"expirationMonth": "$expirationMonth",
			"expirationYear": "$expirationYear"
			}: null

15-01-2025T10:45:10 - [TEST_STEP][PASSED] - restRequest = JsonSlurper().parseText(request): null

15-01-2025T10:45:10 - [TEST_STEP][PASSED] - prettyJson = JsonBuilder(restRequest).toPrettyString(): null

15-01-2025T10:45:10 - [TEST_STEP][PASSED] - println(prettyJson): null

15-01-2025T10:45:10 - [TEST_STEP][PASSED] - sendRequestTextBox.sendKeys(prettyJson): null

15-01-2025T10:45:10 - [TEST_STEP][PASSED] - utils.clickSendButton(): null

15-01-2025T10:45:11 - [TEST_STEP][PASSED] - delay(3): Delayed 3 second(s)

15-01-2025T10:45:14 - [MESSAGE][PASSED] - Delayed 3 second(s)

15-01-2025T10:45:14 - [TEST_STEP][PASSED] - response = utils.getResponse(): null

15-01-2025T10:45:15 - [TEST_STEP][PASSED] - println(response): null

15-01-2025T10:45:15 - [TEST_STEP][PASSED] - validation1 = testdata["ContainsValidation"][i]: null

15-01-2025T10:45:15 - [TEST_STEP][PASSED] - println(validation1): null

15-01-2025T10:45:15 - [TEST_STEP][PASSED] - validation2 = testdata["NotContainsValidation"][i]: null

15-01-2025T10:45:15 - [TEST_STEP][PASSED] - println(validation2): null

15-01-2025T10:45:15 - [TEST_STEP][PASSED] - println(testdata["TCNumber"][i]): null

15-01-2025T10:45:15 - [TEST_STEP][PASSED] - assert response.contains(validation1): null

15-01-2025T10:45:15 - [TEST_STEP][PASSED] - assert response.contains(validation2) == false: null

15-01-2025T10:45:15 - [TEST_STEP][PASSED] - sendRequestTextBox.clear(): null

15-01-2025T10:45:15 - [TEST_STEP][PASSED] - encryptedCard = testdata["encryptedCard"][i]: null

15-01-2025T10:45:15 - [TEST_STEP][PASSED] - CNumber = encryptedCard.replaceAll("\.0$", ""): null

15-01-2025T10:45:15 - [TEST_STEP][PASSED] - expirationMonth = testdata["expirationMonth"][i]: null

15-01-2025T10:45:15 - [TEST_STEP][PASSED] - xMonth = expirationMonth.replaceAll("\.0$", ""): null

15-01-2025T10:45:15 - [TEST_STEP][PASSED] - expirationYear = testdata["expirationYear"][i]: null

15-01-2025T10:45:15 - [TEST_STEP][PASSED] - xYear = expirationYear.replaceAll("\.0$", ""): null

15-01-2025T10:45:15 - [TEST_STEP][PASSED] - request = {
			"cardNumber": "$encryptedCard",
			"expirationMonth": "$expirationMonth",
			"expirationYear": "$expirationYear"
			}: null

15-01-2025T10:45:15 - [TEST_STEP][PASSED] - restRequest = JsonSlurper().parseText(request): null

15-01-2025T10:45:15 - [TEST_STEP][PASSED] - prettyJson = JsonBuilder(restRequest).toPrettyString(): null

15-01-2025T10:45:15 - [TEST_STEP][PASSED] - println(prettyJson): null

15-01-2025T10:45:15 - [TEST_STEP][PASSED] - sendRequestTextBox.sendKeys(prettyJson): null

15-01-2025T10:45:15 - [TEST_STEP][PASSED] - utils.clickSendButton(): null

15-01-2025T10:45:15 - [TEST_STEP][PASSED] - delay(3): Delayed 3 second(s)

15-01-2025T10:45:18 - [MESSAGE][PASSED] - Delayed 3 second(s)

15-01-2025T10:45:18 - [TEST_STEP][PASSED] - response = utils.getResponse(): null

15-01-2025T10:45:18 - [TEST_STEP][PASSED] - println(response): null

15-01-2025T10:45:18 - [TEST_STEP][PASSED] - validation1 = testdata["ContainsValidation"][i]: null

15-01-2025T10:45:18 - [TEST_STEP][PASSED] - println(validation1): null

15-01-2025T10:45:18 - [TEST_STEP][PASSED] - validation2 = testdata["NotContainsValidation"][i]: null

15-01-2025T10:45:18 - [TEST_STEP][PASSED] - println(validation2): null

15-01-2025T10:45:18 - [TEST_STEP][PASSED] - println(testdata["TCNumber"][i]): null

15-01-2025T10:45:18 - [TEST_STEP][PASSED] - assert response.contains(validation1): null

15-01-2025T10:45:18 - [TEST_STEP][PASSED] - assert response.contains(validation2) == false: null

15-01-2025T10:45:18 - [TEST_STEP][PASSED] - sendRequestTextBox.clear(): null

15-01-2025T10:45:18 - [TEST_STEP][PASSED] - encryptedCard = testdata["encryptedCard"][i]: null

15-01-2025T10:45:18 - [TEST_STEP][PASSED] - CNumber = encryptedCard.replaceAll("\.0$", ""): null

15-01-2025T10:45:18 - [TEST_STEP][PASSED] - expirationMonth = testdata["expirationMonth"][i]: null

15-01-2025T10:45:18 - [TEST_STEP][PASSED] - xMonth = expirationMonth.replaceAll("\.0$", ""): null

15-01-2025T10:45:18 - [TEST_STEP][PASSED] - expirationYear = testdata["expirationYear"][i]: null

15-01-2025T10:45:18 - [TEST_STEP][PASSED] - xYear = expirationYear.replaceAll("\.0$", ""): null

15-01-2025T10:45:18 - [TEST_STEP][PASSED] - request = {
			"cardNumber": "$encryptedCard",
			"expirationMonth": "$expirationMonth",
			"expirationYear": "$expirationYear"
			}: null

15-01-2025T10:45:18 - [TEST_STEP][PASSED] - restRequest = JsonSlurper().parseText(request): null

15-01-2025T10:45:18 - [TEST_STEP][PASSED] - prettyJson = JsonBuilder(restRequest).toPrettyString(): null

15-01-2025T10:45:18 - [TEST_STEP][PASSED] - println(prettyJson): null

15-01-2025T10:45:18 - [TEST_STEP][PASSED] - sendRequestTextBox.sendKeys(prettyJson): null

15-01-2025T10:45:19 - [TEST_STEP][PASSED] - utils.clickSendButton(): null

15-01-2025T10:45:19 - [TEST_STEP][PASSED] - delay(3): Delayed 3 second(s)

15-01-2025T10:45:22 - [MESSAGE][PASSED] - Delayed 3 second(s)

15-01-2025T10:45:22 - [TEST_STEP][PASSED] - response = utils.getResponse(): null

15-01-2025T10:45:22 - [TEST_STEP][PASSED] - println(response): null

15-01-2025T10:45:22 - [TEST_STEP][PASSED] - validation1 = testdata["ContainsValidation"][i]: null

15-01-2025T10:45:22 - [TEST_STEP][PASSED] - println(validation1): null

15-01-2025T10:45:22 - [TEST_STEP][PASSED] - validation2 = testdata["NotContainsValidation"][i]: null

15-01-2025T10:45:22 - [TEST_STEP][PASSED] - println(validation2): null

15-01-2025T10:45:22 - [TEST_STEP][PASSED] - println(testdata["TCNumber"][i]): null

15-01-2025T10:45:22 - [TEST_STEP][PASSED] - assert response.contains(validation1): null

15-01-2025T10:45:22 - [TEST_STEP][PASSED] - assert response.contains(validation2) == false: null

15-01-2025T10:45:22 - [TEST_STEP][PASSED] - sendRequestTextBox.clear(): null

15-01-2025T10:45:22 - [TEST_STEP][PASSED] - encryptedCard = testdata["encryptedCard"][i]: null

15-01-2025T10:45:22 - [TEST_STEP][PASSED] - CNumber = encryptedCard.replaceAll("\.0$", ""): null

15-01-2025T10:45:22 - [TEST_STEP][PASSED] - expirationMonth = testdata["expirationMonth"][i]: null

15-01-2025T10:45:22 - [TEST_STEP][PASSED] - xMonth = expirationMonth.replaceAll("\.0$", ""): null

15-01-2025T10:45:22 - [TEST_STEP][PASSED] - expirationYear = testdata["expirationYear"][i]: null

15-01-2025T10:45:22 - [TEST_STEP][PASSED] - xYear = expirationYear.replaceAll("\.0$", ""): null

15-01-2025T10:45:22 - [TEST_STEP][PASSED] - request = {
			"cardNumber": "$encryptedCard",
			"expirationMonth": "$expirationMonth",
			"expirationYear": "$expirationYear"
			}: null

15-01-2025T10:45:22 - [TEST_STEP][PASSED] - restRequest = JsonSlurper().parseText(request): null

15-01-2025T10:45:22 - [TEST_STEP][PASSED] - prettyJson = JsonBuilder(restRequest).toPrettyString(): null

15-01-2025T10:45:22 - [TEST_STEP][PASSED] - println(prettyJson): null

15-01-2025T10:45:22 - [TEST_STEP][PASSED] - sendRequestTextBox.sendKeys(prettyJson): null

15-01-2025T10:45:22 - [TEST_STEP][PASSED] - utils.clickSendButton(): null

15-01-2025T10:45:22 - [TEST_STEP][PASSED] - delay(3): Delayed 3 second(s)

15-01-2025T10:45:25 - [MESSAGE][PASSED] - Delayed 3 second(s)

15-01-2025T10:45:25 - [TEST_STEP][PASSED] - response = utils.getResponse(): null

15-01-2025T10:45:26 - [TEST_STEP][PASSED] - println(response): null

15-01-2025T10:45:26 - [TEST_STEP][PASSED] - validation1 = testdata["ContainsValidation"][i]: null

15-01-2025T10:45:26 - [TEST_STEP][PASSED] - println(validation1): null

15-01-2025T10:45:26 - [TEST_STEP][PASSED] - validation2 = testdata["NotContainsValidation"][i]: null

15-01-2025T10:45:26 - [TEST_STEP][PASSED] - println(validation2): null

15-01-2025T10:45:26 - [TEST_STEP][PASSED] - println(testdata["TCNumber"][i]): null

15-01-2025T10:45:26 - [TEST_STEP][PASSED] - assert response.contains(validation1): null

15-01-2025T10:45:26 - [TEST_STEP][PASSED] - assert response.contains(validation2) == false: null

15-01-2025T10:45:26 - [TEST_STEP][PASSED] - Finally: Browser is closed

15-01-2025T10:45:26 - [TEST_STEP][PASSED] - utils.closeBrowser(): Browser is closed

15-01-2025T10:45:28 - [MESSAGE][PASSED] - Delayed 2 second(s)

15-01-2025T10:45:28 - [MESSAGE][PASSED] - Browser is closed

15-01-2025T10:45:30 - [TEST_STEP][PASSED] - Video: Video recording for test case 'Test Cases/Web_Utilities_TestCases/cardTokenization/TC2_CardTokenization_GenerateToken' .

15-01-2025T10:45:30 - [MESSAGE][INFO] - Video recording for test case 'Test Cases/Web_Utilities_TestCases/cardTokenization/TC2_CardTokenization_GenerateToken' .]]></system-out>
         <system-err><![CDATA[]]></system-err>
      </testcase>
      <testcase name="Test Cases/Web_Utilities_TestCases/cardTokenization/TC1_CardTokenization_EncryptedCard" time="28.97" classname="Test Cases/Web_Utilities_TestCases/cardTokenization/TC1_CardTokenization_EncryptedCard" status="PASSED">
         <system-out><![CDATA[15-01-2025T10:45:30 - [TEST_CASE][PASSED] - Test Cases/Web_Utilities_TestCases/cardTokenization/TC1_CardTokenization_EncryptedCard: Test Cases/Web_Utilities_TestCases/cardTokenization/TC1_CardTokenization_EncryptedCard

15-01-2025T10:45:30 - [TEST_STEP][PASSED] - try: null

15-01-2025T10:45:30 - [TEST_STEP][PASSED] - utils.openBrowserAndNavigateToPMT(): Navigate to 'https://dev1.payment.rccl.com/payment/utilities' successfully

15-01-2025T10:45:30 - [MESSAGE][INFO] - Starting 'Chrome' driver

15-01-2025T10:45:30 - [MESSAGE][INFO] - Action delay is set to 0 milliseconds

15-01-2025T10:45:31 - [MESSAGE][PASSED] - Browser is opened with url: ''

15-01-2025T10:45:32 - [MESSAGE][PASSED] - Current window maximized

15-01-2025T10:45:35 - [MESSAGE][PASSED] - Navigate to 'https://dev1.payment.rccl.com/payment/utilities' successfully

15-01-2025T10:45:35 - [TEST_STEP][PASSED] - EXCEL_PATH = "./Data Files/TestData.xlsx": null

15-01-2025T10:45:35 - [TEST_STEP][PASSED] - TAB = "cardTokenization_Encrypt": null

15-01-2025T10:45:35 - [TEST_STEP][PASSED] - driver = getWebDriver(): null

15-01-2025T10:45:35 - [TEST_STEP][PASSED] - utils.goToCardTokenization(): null

15-01-2025T10:45:36 - [TEST_STEP][PASSED] - utils.selectEnvironment(ENV): null

15-01-2025T10:45:37 - [TEST_STEP][PASSED] - sendRequestTextBox = driver.findElement(By.xpath("//textarea[@name='req']")): null

15-01-2025T10:45:37 - [TEST_STEP][PASSED] - testdata = getdata.fromExcel(EXCEL_PATH, TAB): null

15-01-2025T10:45:37 - [TEST_STEP][PASSED] - for ([i = 0, i < testdata.size(), (i++)]): null

15-01-2025T10:45:37 - [TEST_STEP][PASSED] - delay(5): Delayed 5 second(s)

15-01-2025T10:45:42 - [MESSAGE][PASSED] - Delayed 5 second(s)

15-01-2025T10:45:42 - [TEST_STEP][PASSED] - sendRequestTextBox.clear(): null

15-01-2025T10:45:42 - [TEST_STEP][PASSED] - encryptedCard = testdata["encryptedCard"][i]: null

15-01-2025T10:45:42 - [TEST_STEP][PASSED] - CNumber = encryptedCard.replaceAll("\.0$", ""): null

15-01-2025T10:45:42 - [TEST_STEP][PASSED] - request = $encryptedCard: null

15-01-2025T10:45:42 - [TEST_STEP][PASSED] - println(request): null

15-01-2025T10:45:42 - [TEST_STEP][PASSED] - sendRequestTextBox.sendKeys(request): null

15-01-2025T10:45:42 - [TEST_STEP][PASSED] - utils.clickSendButton(): null

15-01-2025T10:45:43 - [TEST_STEP][PASSED] - delay(3): Delayed 3 second(s)

15-01-2025T10:45:46 - [MESSAGE][PASSED] - Delayed 3 second(s)

15-01-2025T10:45:46 - [TEST_STEP][PASSED] - response = utils.getResponse(): null

15-01-2025T10:45:46 - [TEST_STEP][PASSED] - println(response): null

15-01-2025T10:45:46 - [TEST_STEP][PASSED] - validation1 = testdata["ContainsValidation"][i]: null

15-01-2025T10:45:46 - [TEST_STEP][PASSED] - println(validation1): null

15-01-2025T10:45:46 - [TEST_STEP][PASSED] - validation2 = testdata["NotContainsValidation"][i]: null

15-01-2025T10:45:46 - [TEST_STEP][PASSED] - println(validation2): null

15-01-2025T10:45:46 - [TEST_STEP][PASSED] - println(testdata["TCNumber"][i]): null

15-01-2025T10:45:46 - [TEST_STEP][PASSED] - assert response.contains(validation1): null

15-01-2025T10:45:46 - [TEST_STEP][PASSED] - assert response.contains(validation2) == false: null

15-01-2025T10:45:46 - [TEST_STEP][PASSED] - delay(5): Delayed 5 second(s)

15-01-2025T10:45:51 - [MESSAGE][PASSED] - Delayed 5 second(s)

15-01-2025T10:45:51 - [TEST_STEP][PASSED] - sendRequestTextBox.clear(): null

15-01-2025T10:45:51 - [TEST_STEP][PASSED] - encryptedCard = testdata["encryptedCard"][i]: null

15-01-2025T10:45:51 - [TEST_STEP][PASSED] - CNumber = encryptedCard.replaceAll("\.0$", ""): null

15-01-2025T10:45:51 - [TEST_STEP][PASSED] - request = $encryptedCard: null

15-01-2025T10:45:51 - [TEST_STEP][PASSED] - println(request): null

15-01-2025T10:45:51 - [TEST_STEP][PASSED] - sendRequestTextBox.sendKeys(request): null

15-01-2025T10:45:51 - [TEST_STEP][PASSED] - utils.clickSendButton(): null

15-01-2025T10:45:51 - [TEST_STEP][PASSED] - delay(3): Delayed 3 second(s)

15-01-2025T10:45:54 - [MESSAGE][PASSED] - Delayed 3 second(s)

15-01-2025T10:45:54 - [TEST_STEP][PASSED] - response = utils.getResponse(): null

15-01-2025T10:45:55 - [TEST_STEP][PASSED] - println(response): null

15-01-2025T10:45:55 - [TEST_STEP][PASSED] - validation1 = testdata["ContainsValidation"][i]: null

15-01-2025T10:45:55 - [TEST_STEP][PASSED] - println(validation1): null

15-01-2025T10:45:55 - [TEST_STEP][PASSED] - validation2 = testdata["NotContainsValidation"][i]: null

15-01-2025T10:45:55 - [TEST_STEP][PASSED] - println(validation2): null

15-01-2025T10:45:55 - [TEST_STEP][PASSED] - println(testdata["TCNumber"][i]): null

15-01-2025T10:45:55 - [TEST_STEP][PASSED] - assert response.contains(validation1): null

15-01-2025T10:45:55 - [TEST_STEP][PASSED] - assert response.contains(validation2) == false: null

15-01-2025T10:45:55 - [TEST_STEP][PASSED] - Finally: Browser is closed

15-01-2025T10:45:55 - [TEST_STEP][PASSED] - utils.closeBrowser(): Browser is closed

15-01-2025T10:45:57 - [MESSAGE][PASSED] - Delayed 2 second(s)

15-01-2025T10:45:57 - [MESSAGE][PASSED] - Browser is closed

15-01-2025T10:45:59 - [TEST_STEP][PASSED] - Video: Video recording for test case 'Test Cases/Web_Utilities_TestCases/cardTokenization/TC1_CardTokenization_EncryptedCard' .

15-01-2025T10:45:59 - [MESSAGE][INFO] - Video recording for test case 'Test Cases/Web_Utilities_TestCases/cardTokenization/TC1_CardTokenization_EncryptedCard' .]]></system-out>
         <system-err><![CDATA[]]></system-err>
      </testcase>
      <system-out><![CDATA[15-01-2025T10:44:55 - [TEST_SUITE][PASSED] - cardTokenization: Test Cases/Web_Utilities_TestCases/cardTokenization/TC1_CardTokenization_EncryptedCard]]></system-out>
      <system-err><![CDATA[]]></system-err>
   </testsuite>
</testsuites>
