<?xml version="1.0" encoding="UTF-8"?>
<testsuites name="Validations" time="69.01" tests="2" failures="0" errors="0">
   <testsuite name="Validations" tests="2" failures="0" errors="0" time="69.01" skipped="0" timestamp="21-01-2025T09:48:54" hostname="manilacel - localhost" id="Test Suites/PMT_Libraries/Validations">
      <properties>
         <property name="deviceName" value=""/>
         <property name="devicePlatform"/>
         <property name="logFolder" value="/Users/manilacel/Library/CloudStorage/OneDrive-RoyalCaribbeanGroup/PMT/Git/payment.web-utility-automation/payment.web-utility-automation/Reports/20250121_094654/PMT_Libraries/Validations/20250121_094657"/>
         <property name="logFiles" value="/Users/manilacel/Library/CloudStorage/OneDrive-RoyalCaribbeanGroup/PMT/Git/payment.web-utility-automation/payment.web-utility-automation/Reports/20250121_094654/PMT_Libraries/Validations/20250121_094657/execution0.log"/>
         <property name="attachments" value=""/>
         <property name="hostName" value="manilacel - localhost"/>
         <property name="os" value="Mac OS X 64bit"/>
         <property name="katalonVersion" value="9.5.0.217"/>
         <property name="browser" value="Chrome 131.0.0.0"/>
         <property name="hostAddress" value="127.0.0.1"/>
         <property name="sessionId" value="b123734e094715d73631742e8aafd7b5"/>
         <property name="seleniumVersion" value="3.141.59"/>
         <property name="proxyInformation" value="ProxyInformation { proxyOption=NO_PROXY, proxyServerType=HTTP, username=, password=********, proxyServerAddress=, proxyServerPort=0, executionList=&quot;&quot;, isApplyToDesiredCapabilities=true }"/>
         <property name="platform" value="Mac OS X"/>
      </properties>
      <testcase name="Test Cases/Web_Utilities_TestCases/Validations/TC1_PrevalidationsAndConf" time="32.603" classname="Test Cases/Web_Utilities_TestCases/Validations/TC1_PrevalidationsAndConf" status="PASSED">
         <system-out><![CDATA[21-01-2025T09:48:54 - [TEST_CASE][PASSED] - Test Cases/Web_Utilities_TestCases/Validations/TC1_PrevalidationsAndConf: Test Cases/Web_Utilities_TestCases/Validations/TC1_PrevalidationsAndConf

21-01-2025T09:48:56 - [TEST_STEP][PASSED] - try: Send request successfully

21-01-2025T09:48:56 - [TEST_STEP][PASSED] - utils.openBrowserAndNavigateToPMT(): Navigate to 'https://dev1.payment.rccl.com/payment/utilities' successfully

21-01-2025T09:48:56 - [MESSAGE][INFO] - Starting 'Chrome' driver

21-01-2025T09:48:56 - [MESSAGE][INFO] - Action delay is set to 0 milliseconds

21-01-2025T09:48:58 - [MESSAGE][PASSED] - Browser is opened with url: ''

21-01-2025T09:48:59 - [MESSAGE][PASSED] - Current window maximized

21-01-2025T09:49:03 - [MESSAGE][PASSED] - Navigate to 'https://dev1.payment.rccl.com/payment/utilities' successfully

21-01-2025T09:49:03 - [TEST_STEP][PASSED] - driver = getWebDriver(): null

21-01-2025T09:49:03 - [TEST_STEP][PASSED] - EXCEL_PATH = "./Data Files/TestData.xlsx": null

21-01-2025T09:49:03 - [TEST_STEP][PASSED] - TAB = "Validations_Prevalidations&Conf": null

21-01-2025T09:49:03 - [TEST_STEP][PASSED] - utils.goToValidations(): null

21-01-2025T09:49:05 - [TEST_STEP][PASSED] - utils.selectEnvironment(ENV): null

21-01-2025T09:49:06 - [TEST_STEP][PASSED] - testdataFromExcel = getdata.fromExcel(EXCEL_PATH, TAB): null

21-01-2025T09:49:07 - [TEST_STEP][PASSED] - clickAuthorizePayment = xpath("//a[normalize-space()='Prevalidations and Conf']")).click(): null

21-01-2025T09:49:07 - [TEST_STEP][PASSED] - for ([TestScenarioNumber = 0, TestScenarioNumber < testdataFromExcel.size(), (TestScenarioNumber++)]): Send request successfully

21-01-2025T09:49:07 - [TEST_STEP][PASSED] - TestScenarioRequiresCreateBooking = testdataFromExcel["ExecuteBookingCreationFlag"][TestScenarioNumber]: null

21-01-2025T09:49:07 - [TEST_STEP][PASSED] - if (TestScenarioRequiresCreateBooking == "Yes"): Send request successfully

21-01-2025T09:49:07 - [TEST_STEP][PASSED] - sendRequestTextBox = driver.findElement(By.xpath("//input[@id='1']")): null

21-01-2025T09:49:08 - [TEST_STEP][PASSED] - responseTextBox = driver.findElement(By.xpath("/html[1]/body[1]/div[1]/main[1]/div[1]/section[1]/div[2]/div[1]/div[1]/div[2]/div[1]/div[1]/div[1]/form[1]/div[1]/div[1]/textarea[1]")): null

21-01-2025T09:49:08 - [TEST_STEP][PASSED] - sendRequestTextBox.clear(): null

21-01-2025T09:49:08 - [TEST_STEP][PASSED] - delay(5): Delayed 5 second(s)

21-01-2025T09:49:13 - [MESSAGE][PASSED] - Delayed 5 second(s)

21-01-2025T09:49:13 - [TEST_STEP][PASSED] - getBookingData = CreateAndRetrieveBooking.Data(EXCEL_PATH, TAB, TestScenarioNumber): Send request successfully

21-01-2025T09:49:22 - [MESSAGE][INFO] - HAR: /Users/manilacel/Library/CloudStorage/OneDrive-RoyalCaribbeanGroup/PMT/Git/payment.web-utility-automation/payment.web-utility-automation/Reports/20250121_094654/PMT_Libraries/Validations/20250121_094657/requests/main/0.har

21-01-2025T09:49:22 - [MESSAGE][PASSED] - Send request successfully

21-01-2025T09:49:22 - [TEST_STEP][PASSED] - catch (Exception e): null

21-01-2025T09:49:22 - [TEST_STEP][PASSED] - println(An unexpected error occurred: $e.message): null

21-01-2025T09:49:22 - [TEST_STEP][PASSED] - e.printStackTrace(): null

21-01-2025T09:49:22 - [TEST_STEP][PASSED] - Finally: Browser is closed

21-01-2025T09:49:22 - [TEST_STEP][PASSED] - utils.closeBrowser(): Browser is closed

21-01-2025T09:49:24 - [MESSAGE][PASSED] - Delayed 2 second(s)

21-01-2025T09:49:24 - [MESSAGE][PASSED] - Browser is closed

21-01-2025T09:49:26 - [TEST_STEP][PASSED] - Video: Video recording for test case 'Test Cases/Web_Utilities_TestCases/Validations/TC1_PrevalidationsAndConf' .

21-01-2025T09:49:26 - [MESSAGE][INFO] - Video recording for test case 'Test Cases/Web_Utilities_TestCases/Validations/TC1_PrevalidationsAndConf' .]]></system-out>
         <system-err><![CDATA[]]></system-err>
      </testcase>
      <testcase name="Test Cases/Web_Utilities_TestCases/Validations/TC2_PrevalidationsByCtryOrCurr" time="36.275" classname="Test Cases/Web_Utilities_TestCases/Validations/TC2_PrevalidationsByCtryOrCurr" status="PASSED">
         <system-out><![CDATA[21-01-2025T09:49:26 - [TEST_CASE][PASSED] - Test Cases/Web_Utilities_TestCases/Validations/TC2_PrevalidationsByCtryOrCurr: Test Cases/Web_Utilities_TestCases/Validations/TC2_PrevalidationsByCtryOrCurr

21-01-2025T09:49:27 - [TEST_STEP][PASSED] - try: null

21-01-2025T09:49:27 - [TEST_STEP][PASSED] - utils.openBrowserAndNavigateToPMT(): Navigate to 'https://dev1.payment.rccl.com/payment/utilities' successfully

21-01-2025T09:49:27 - [MESSAGE][INFO] - Starting 'Chrome' driver

21-01-2025T09:49:27 - [MESSAGE][INFO] - Action delay is set to 0 milliseconds

21-01-2025T09:49:28 - [MESSAGE][PASSED] - Browser is opened with url: ''

21-01-2025T09:49:28 - [MESSAGE][PASSED] - Current window maximized

21-01-2025T09:49:32 - [MESSAGE][PASSED] - Navigate to 'https://dev1.payment.rccl.com/payment/utilities' successfully

21-01-2025T09:49:32 - [TEST_STEP][PASSED] - driver = getWebDriver(): null

21-01-2025T09:49:32 - [TEST_STEP][PASSED] - EXCEL_PATH = "./Data Files/TestData.xlsx": null

21-01-2025T09:49:32 - [TEST_STEP][PASSED] - TAB = "Validations_ByCtryOrCurr": null

21-01-2025T09:49:32 - [TEST_STEP][PASSED] - testdataFromExcel = getdata.fromExcel(EXCEL_PATH, TAB): null

21-01-2025T09:49:32 - [TEST_STEP][PASSED] - utils.goToValidations(): null

21-01-2025T09:49:35 - [TEST_STEP][PASSED] - utils.selectEnvironment(ENV): null

21-01-2025T09:49:36 - [TEST_STEP][PASSED] - clickAuthorizePayment = xpath("//a[normalize-space()='Prevalidations by Ctry/Curr']")).click(): null

21-01-2025T09:49:36 - [TEST_STEP][PASSED] - countryInput = driver.findElement(By.xpath("//input[@id='country']")): null

21-01-2025T09:49:37 - [TEST_STEP][PASSED] - currencyInput = driver.findElement(By.xpath("//input[@id='currency']")): null

21-01-2025T09:49:37 - [TEST_STEP][PASSED] - responseTextBox = driver.findElement(By.xpath("/html[1]/body[1]/div[1]/main[1]/div[1]/section[1]/div[2]/div[1]/div[1]/div[2]/div[1]/div[1]/div[1]/form[1]/div[1]/div[1]/textarea[1]")): null

21-01-2025T09:49:37 - [TEST_STEP][PASSED] - for ([TestScenarioNumber = 0, TestScenarioNumber < testdataFromExcel.size() - 1, (TestScenarioNumber++)]): null

21-01-2025T09:49:37 - [TEST_STEP][PASSED] - delay(5): Delayed 5 second(s)

21-01-2025T09:49:43 - [MESSAGE][PASSED] - Delayed 5 second(s)

21-01-2025T09:49:43 - [TEST_STEP][PASSED] - countryInput.clear(): null

21-01-2025T09:49:43 - [TEST_STEP][PASSED] - currencyInput.clear(): null

21-01-2025T09:49:43 - [TEST_STEP][PASSED] - countryData = testdataFromExcel["Country"][TestScenarioNumber]: null

21-01-2025T09:49:43 - [TEST_STEP][PASSED] - currencyData = testdataFromExcel["Currency"][TestScenarioNumber]: null

21-01-2025T09:49:43 - [TEST_STEP][PASSED] - println(countryData): null

21-01-2025T09:49:43 - [TEST_STEP][PASSED] - println(currencyData): null

21-01-2025T09:49:43 - [TEST_STEP][PASSED] - countryInput.sendKeys(countryData): null

21-01-2025T09:49:43 - [TEST_STEP][PASSED] - currencyInput.sendKeys(currencyData): null

21-01-2025T09:49:43 - [TEST_STEP][PASSED] - utils.clickSendButton(): null

21-01-2025T09:49:43 - [TEST_STEP][PASSED] - delay(5): Delayed 5 second(s)

21-01-2025T09:49:48 - [MESSAGE][PASSED] - Delayed 5 second(s)

21-01-2025T09:49:48 - [TEST_STEP][PASSED] - response = responseTextBox.getText(): null

21-01-2025T09:49:48 - [TEST_STEP][PASSED] - println(response): null

21-01-2025T09:49:48 - [TEST_STEP][PASSED] - validationString = testdataFromExcel["Validation"][TestScenarioNumber]: null

21-01-2025T09:49:48 - [TEST_STEP][PASSED] - assert response.contains(validationString): null

21-01-2025T09:49:48 - [TEST_STEP][PASSED] - println("Test Scenario Number: " + TestScenarioNumber + 1): null

21-01-2025T09:49:48 - [TEST_STEP][PASSED] - delay(5): Delayed 5 second(s)

21-01-2025T09:49:53 - [MESSAGE][PASSED] - Delayed 5 second(s)

21-01-2025T09:49:53 - [TEST_STEP][PASSED] - countryInput.clear(): null

21-01-2025T09:49:53 - [TEST_STEP][PASSED] - currencyInput.clear(): null

21-01-2025T09:49:53 - [TEST_STEP][PASSED] - countryData = testdataFromExcel["Country"][TestScenarioNumber]: null

21-01-2025T09:49:53 - [TEST_STEP][PASSED] - currencyData = testdataFromExcel["Currency"][TestScenarioNumber]: null

21-01-2025T09:49:53 - [TEST_STEP][PASSED] - println(countryData): null

21-01-2025T09:49:53 - [TEST_STEP][PASSED] - println(currencyData): null

21-01-2025T09:49:53 - [TEST_STEP][PASSED] - countryInput.sendKeys(countryData): null

21-01-2025T09:49:53 - [TEST_STEP][PASSED] - currencyInput.sendKeys(currencyData): null

21-01-2025T09:49:53 - [TEST_STEP][PASSED] - utils.clickSendButton(): null

21-01-2025T09:49:53 - [TEST_STEP][PASSED] - delay(5): Delayed 5 second(s)

21-01-2025T09:49:58 - [MESSAGE][PASSED] - Delayed 5 second(s)

21-01-2025T09:49:58 - [TEST_STEP][PASSED] - response = responseTextBox.getText(): null

21-01-2025T09:49:58 - [TEST_STEP][PASSED] - println(response): null

21-01-2025T09:49:58 - [TEST_STEP][PASSED] - validationString = testdataFromExcel["Validation"][TestScenarioNumber]: null

21-01-2025T09:49:58 - [TEST_STEP][PASSED] - assert response.contains(validationString): null

21-01-2025T09:49:58 - [TEST_STEP][PASSED] - println("Test Scenario Number: " + TestScenarioNumber + 1): null

21-01-2025T09:49:58 - [TEST_STEP][PASSED] - Finally: Browser is closed

21-01-2025T09:49:58 - [TEST_STEP][PASSED] - utils.closeBrowser(): Browser is closed

21-01-2025T09:50:00 - [MESSAGE][PASSED] - Delayed 2 second(s)

21-01-2025T09:50:01 - [MESSAGE][PASSED] - Browser is closed

21-01-2025T09:50:03 - [TEST_STEP][PASSED] - Video: Video recording for test case 'Test Cases/Web_Utilities_TestCases/Validations/TC2_PrevalidationsByCtryOrCurr' .

21-01-2025T09:50:03 - [MESSAGE][INFO] - Video recording for test case 'Test Cases/Web_Utilities_TestCases/Validations/TC2_PrevalidationsByCtryOrCurr' .]]></system-out>
         <system-err><![CDATA[]]></system-err>
      </testcase>
      <system-out><![CDATA[21-01-2025T09:48:54 - [TEST_SUITE][PASSED] - Validations: Test Cases/Web_Utilities_TestCases/Validations/TC2_PrevalidationsByCtryOrCurr]]></system-out>
      <system-err><![CDATA[]]></system-err>
   </testsuite>
</testsuites>
