<?xml version="1.0" encoding="UTF-8"?>
<testsuites name="cardTokenization" time="66.341" tests="2" failures="0" errors="0">
   <testsuite name="cardTokenization" tests="2" failures="0" errors="0" time="66.341" skipped="0" timestamp="21-01-2025T14:09:59" hostname="manilacel - localhost" id="Test Suites/PMT_Libraries/cardTokenization">
      <properties>
         <property name="deviceName" value=""/>
         <property name="devicePlatform"/>
         <property name="logFolder" value="/Users/manilacel/Library/CloudStorage/OneDrive-RoyalCaribbeanGroup/PMT/Git/payment.web-utility-automation/payment.web-utility-automation/Reports/20250121_140048/PMT_Libraries/cardTokenization/20250121_140059"/>
         <property name="logFiles" value="/Users/manilacel/Library/CloudStorage/OneDrive-RoyalCaribbeanGroup/PMT/Git/payment.web-utility-automation/payment.web-utility-automation/Reports/20250121_140048/PMT_Libraries/cardTokenization/20250121_140059/execution0.log"/>
         <property name="attachments" value=""/>
         <property name="hostName" value="manilacel - localhost"/>
         <property name="os" value="Mac OS X 64bit"/>
         <property name="katalonVersion" value="9.5.0.217"/>
         <property name="browser" value="Chrome 131.0.0.0"/>
         <property name="hostAddress" value="127.0.0.1"/>
         <property name="sessionId" value="8ad9927b3d05abca6db7567a0538026e"/>
         <property name="seleniumVersion" value="3.141.59"/>
         <property name="proxyInformation" value="ProxyInformation { proxyOption=NO_PROXY, proxyServerType=HTTP, username=, password=********, proxyServerAddress=, proxyServerPort=0, executionList=&quot;&quot;, isApplyToDesiredCapabilities=true }"/>
         <property name="platform" value="Mac OS X"/>
      </properties>
      <testcase name="Test Cases/Web_Utilities_TestCases/cardTokenization/TC2_CardTokenization_GenerateToken" time="34.538" classname="Test Cases/Web_Utilities_TestCases/cardTokenization/TC2_CardTokenization_GenerateToken" status="PASSED">
         <system-out><![CDATA[21-01-2025T14:09:59 - [TEST_CASE][PASSED] - Test Cases/Web_Utilities_TestCases/cardTokenization/TC2_CardTokenization_GenerateToken: Test Cases/Web_Utilities_TestCases/cardTokenization/TC2_CardTokenization_GenerateToken

21-01-2025T14:10:01 - [TEST_STEP][PASSED] - try: null

21-01-2025T14:10:01 - [TEST_STEP][PASSED] - utils.openBrowserAndNavigateToPMT(): Navigate to 'https://dev1.payment.rccl.com/payment/utilities' successfully

21-01-2025T14:10:01 - [MESSAGE][INFO] - Starting 'Chrome' driver

21-01-2025T14:10:01 - [MESSAGE][INFO] - Action delay is set to 0 milliseconds

21-01-2025T14:10:03 - [MESSAGE][PASSED] - Browser is opened with url: ''

21-01-2025T14:10:03 - [MESSAGE][PASSED] - Current window maximized

21-01-2025T14:10:07 - [MESSAGE][PASSED] - Navigate to 'https://dev1.payment.rccl.com/payment/utilities' successfully

21-01-2025T14:10:07 - [TEST_STEP][PASSED] - EXCEL_PATH = "./Data Files/TestData.xlsx": null

21-01-2025T14:10:07 - [TEST_STEP][PASSED] - TAB = "cardTokenization_Generate": null

21-01-2025T14:10:07 - [TEST_STEP][PASSED] - driver = getWebDriver(): null

21-01-2025T14:10:07 - [TEST_STEP][PASSED] - utils.goToCardTokenization(): null

21-01-2025T14:10:10 - [TEST_STEP][PASSED] - clickGenerateToken = xpath("//a[normalize-space()='Generate Token']")).click(): null

21-01-2025T14:10:11 - [TEST_STEP][PASSED] - utils.selectEnvironment(ENV): null

21-01-2025T14:10:12 - [TEST_STEP][PASSED] - sendRequestTextBox = driver.findElement(By.xpath("//textarea[@name='req']")): null

21-01-2025T14:10:12 - [TEST_STEP][PASSED] - testdata = getdata.fromExcel(EXCEL_PATH, TAB): null

21-01-2025T14:10:12 - [TEST_STEP][PASSED] - for ([i = 0, i < testdata.size(), (i++)]): null

21-01-2025T14:10:12 - [TEST_STEP][PASSED] - sendRequestTextBox.clear(): null

21-01-2025T14:10:12 - [TEST_STEP][PASSED] - encryptedCard = testdata["encryptedCard"][i]: null

21-01-2025T14:10:12 - [TEST_STEP][PASSED] - CNumber = encryptedCard.replaceAll("\.0$", ""): null

21-01-2025T14:10:12 - [TEST_STEP][PASSED] - expirationMonth = testdata["expirationMonth"][i]: null

21-01-2025T14:10:12 - [TEST_STEP][PASSED] - xMonth = expirationMonth.replaceAll("\.0$", ""): null

21-01-2025T14:10:12 - [TEST_STEP][PASSED] - expirationYear = testdata["expirationYear"][i]: null

21-01-2025T14:10:13 - [TEST_STEP][PASSED] - xYear = expirationYear.replaceAll("\.0$", ""): null

21-01-2025T14:10:13 - [TEST_STEP][PASSED] - request = {
			"cardNumber": "$encryptedCard",
			"expirationMonth": "$expirationMonth",
			"expirationYear": "$expirationYear"
			}: null

21-01-2025T14:10:13 - [TEST_STEP][PASSED] - restRequest = JsonSlurper().parseText(request): null

21-01-2025T14:10:13 - [TEST_STEP][PASSED] - prettyJson = JsonBuilder(restRequest).toPrettyString(): null

21-01-2025T14:10:13 - [TEST_STEP][PASSED] - println(prettyJson): null

21-01-2025T14:10:13 - [TEST_STEP][PASSED] - sendRequestTextBox.sendKeys(prettyJson): null

21-01-2025T14:10:13 - [TEST_STEP][PASSED] - utils.clickSendButton(): null

21-01-2025T14:10:14 - [TEST_STEP][PASSED] - delay(3): Delayed 3 second(s)

21-01-2025T14:10:17 - [MESSAGE][PASSED] - Delayed 3 second(s)

21-01-2025T14:10:17 - [TEST_STEP][PASSED] - response = utils.getResponse(): null

21-01-2025T14:10:18 - [TEST_STEP][PASSED] - println(response): null

21-01-2025T14:10:18 - [TEST_STEP][PASSED] - validation1 = testdata["ContainsValidation"][i]: null

21-01-2025T14:10:18 - [TEST_STEP][PASSED] - println(validation1): null

21-01-2025T14:10:18 - [TEST_STEP][PASSED] - validation2 = testdata["NotContainsValidation"][i]: null

21-01-2025T14:10:18 - [TEST_STEP][PASSED] - println(validation2): null

21-01-2025T14:10:18 - [TEST_STEP][PASSED] - println(testdata["TCNumber"][i]): null

21-01-2025T14:10:18 - [TEST_STEP][PASSED] - assert response.contains(validation1): null

21-01-2025T14:10:18 - [TEST_STEP][PASSED] - assert response.contains(validation2) == false: null

21-01-2025T14:10:18 - [TEST_STEP][PASSED] - sendRequestTextBox.clear(): null

21-01-2025T14:10:18 - [TEST_STEP][PASSED] - encryptedCard = testdata["encryptedCard"][i]: null

21-01-2025T14:10:18 - [TEST_STEP][PASSED] - CNumber = encryptedCard.replaceAll("\.0$", ""): null

21-01-2025T14:10:18 - [TEST_STEP][PASSED] - expirationMonth = testdata["expirationMonth"][i]: null

21-01-2025T14:10:18 - [TEST_STEP][PASSED] - xMonth = expirationMonth.replaceAll("\.0$", ""): null

21-01-2025T14:10:18 - [TEST_STEP][PASSED] - expirationYear = testdata["expirationYear"][i]: null

21-01-2025T14:10:18 - [TEST_STEP][PASSED] - xYear = expirationYear.replaceAll("\.0$", ""): null

21-01-2025T14:10:18 - [TEST_STEP][PASSED] - request = {
			"cardNumber": "$encryptedCard",
			"expirationMonth": "$expirationMonth",
			"expirationYear": "$expirationYear"
			}: null

21-01-2025T14:10:18 - [TEST_STEP][PASSED] - restRequest = JsonSlurper().parseText(request): null

21-01-2025T14:10:18 - [TEST_STEP][PASSED] - prettyJson = JsonBuilder(restRequest).toPrettyString(): null

21-01-2025T14:10:18 - [TEST_STEP][PASSED] - println(prettyJson): null

21-01-2025T14:10:18 - [TEST_STEP][PASSED] - sendRequestTextBox.sendKeys(prettyJson): null

21-01-2025T14:10:18 - [TEST_STEP][PASSED] - utils.clickSendButton(): null

21-01-2025T14:10:19 - [TEST_STEP][PASSED] - delay(3): Delayed 3 second(s)

21-01-2025T14:10:22 - [MESSAGE][PASSED] - Delayed 3 second(s)

21-01-2025T14:10:22 - [TEST_STEP][PASSED] - response = utils.getResponse(): null

21-01-2025T14:10:22 - [TEST_STEP][PASSED] - println(response): null

21-01-2025T14:10:22 - [TEST_STEP][PASSED] - validation1 = testdata["ContainsValidation"][i]: null

21-01-2025T14:10:22 - [TEST_STEP][PASSED] - println(validation1): null

21-01-2025T14:10:22 - [TEST_STEP][PASSED] - validation2 = testdata["NotContainsValidation"][i]: null

21-01-2025T14:10:22 - [TEST_STEP][PASSED] - println(validation2): null

21-01-2025T14:10:22 - [TEST_STEP][PASSED] - println(testdata["TCNumber"][i]): null

21-01-2025T14:10:22 - [TEST_STEP][PASSED] - assert response.contains(validation1): null

21-01-2025T14:10:22 - [TEST_STEP][PASSED] - assert response.contains(validation2) == false: null

21-01-2025T14:10:22 - [TEST_STEP][PASSED] - sendRequestTextBox.clear(): null

21-01-2025T14:10:22 - [TEST_STEP][PASSED] - encryptedCard = testdata["encryptedCard"][i]: null

21-01-2025T14:10:22 - [TEST_STEP][PASSED] - CNumber = encryptedCard.replaceAll("\.0$", ""): null

21-01-2025T14:10:22 - [TEST_STEP][PASSED] - expirationMonth = testdata["expirationMonth"][i]: null

21-01-2025T14:10:22 - [TEST_STEP][PASSED] - xMonth = expirationMonth.replaceAll("\.0$", ""): null

21-01-2025T14:10:22 - [TEST_STEP][PASSED] - expirationYear = testdata["expirationYear"][i]: null

21-01-2025T14:10:22 - [TEST_STEP][PASSED] - xYear = expirationYear.replaceAll("\.0$", ""): null

21-01-2025T14:10:22 - [TEST_STEP][PASSED] - request = {
			"cardNumber": "$encryptedCard",
			"expirationMonth": "$expirationMonth",
			"expirationYear": "$expirationYear"
			}: null

21-01-2025T14:10:22 - [TEST_STEP][PASSED] - restRequest = JsonSlurper().parseText(request): null

21-01-2025T14:10:22 - [TEST_STEP][PASSED] - prettyJson = JsonBuilder(restRequest).toPrettyString(): null

21-01-2025T14:10:22 - [TEST_STEP][PASSED] - println(prettyJson): null

21-01-2025T14:10:22 - [TEST_STEP][PASSED] - sendRequestTextBox.sendKeys(prettyJson): null

21-01-2025T14:10:22 - [TEST_STEP][PASSED] - utils.clickSendButton(): null

21-01-2025T14:10:22 - [TEST_STEP][PASSED] - delay(3): Delayed 3 second(s)

21-01-2025T14:10:25 - [MESSAGE][PASSED] - Delayed 3 second(s)

21-01-2025T14:10:25 - [TEST_STEP][PASSED] - response = utils.getResponse(): null

21-01-2025T14:10:25 - [TEST_STEP][PASSED] - println(response): null

21-01-2025T14:10:25 - [TEST_STEP][PASSED] - validation1 = testdata["ContainsValidation"][i]: null

21-01-2025T14:10:25 - [TEST_STEP][PASSED] - println(validation1): null

21-01-2025T14:10:25 - [TEST_STEP][PASSED] - validation2 = testdata["NotContainsValidation"][i]: null

21-01-2025T14:10:25 - [TEST_STEP][PASSED] - println(validation2): null

21-01-2025T14:10:25 - [TEST_STEP][PASSED] - println(testdata["TCNumber"][i]): null

21-01-2025T14:10:25 - [TEST_STEP][PASSED] - assert response.contains(validation1): null

21-01-2025T14:10:25 - [TEST_STEP][PASSED] - assert response.contains(validation2) == false: null

21-01-2025T14:10:25 - [TEST_STEP][PASSED] - sendRequestTextBox.clear(): null

21-01-2025T14:10:26 - [TEST_STEP][PASSED] - encryptedCard = testdata["encryptedCard"][i]: null

21-01-2025T14:10:26 - [TEST_STEP][PASSED] - CNumber = encryptedCard.replaceAll("\.0$", ""): null

21-01-2025T14:10:26 - [TEST_STEP][PASSED] - expirationMonth = testdata["expirationMonth"][i]: null

21-01-2025T14:10:26 - [TEST_STEP][PASSED] - xMonth = expirationMonth.replaceAll("\.0$", ""): null

21-01-2025T14:10:26 - [TEST_STEP][PASSED] - expirationYear = testdata["expirationYear"][i]: null

21-01-2025T14:10:26 - [TEST_STEP][PASSED] - xYear = expirationYear.replaceAll("\.0$", ""): null

21-01-2025T14:10:26 - [TEST_STEP][PASSED] - request = {
			"cardNumber": "$encryptedCard",
			"expirationMonth": "$expirationMonth",
			"expirationYear": "$expirationYear"
			}: null

21-01-2025T14:10:26 - [TEST_STEP][PASSED] - restRequest = JsonSlurper().parseText(request): null

21-01-2025T14:10:26 - [TEST_STEP][PASSED] - prettyJson = JsonBuilder(restRequest).toPrettyString(): null

21-01-2025T14:10:26 - [TEST_STEP][PASSED] - println(prettyJson): null

21-01-2025T14:10:26 - [TEST_STEP][PASSED] - sendRequestTextBox.sendKeys(prettyJson): null

21-01-2025T14:10:26 - [TEST_STEP][PASSED] - utils.clickSendButton(): null

21-01-2025T14:10:26 - [TEST_STEP][PASSED] - delay(3): Delayed 3 second(s)

21-01-2025T14:10:29 - [MESSAGE][PASSED] - Delayed 3 second(s)

21-01-2025T14:10:29 - [TEST_STEP][PASSED] - response = utils.getResponse(): null

21-01-2025T14:10:29 - [TEST_STEP][PASSED] - println(response): null

21-01-2025T14:10:29 - [TEST_STEP][PASSED] - validation1 = testdata["ContainsValidation"][i]: null

21-01-2025T14:10:29 - [TEST_STEP][PASSED] - println(validation1): null

21-01-2025T14:10:29 - [TEST_STEP][PASSED] - validation2 = testdata["NotContainsValidation"][i]: null

21-01-2025T14:10:29 - [TEST_STEP][PASSED] - println(validation2): null

21-01-2025T14:10:29 - [TEST_STEP][PASSED] - println(testdata["TCNumber"][i]): null

21-01-2025T14:10:29 - [TEST_STEP][PASSED] - assert response.contains(validation1): null

21-01-2025T14:10:29 - [TEST_STEP][PASSED] - assert response.contains(validation2) == false: null

21-01-2025T14:10:29 - [TEST_STEP][PASSED] - Finally: Browser is closed

21-01-2025T14:10:29 - [TEST_STEP][PASSED] - utils.closeBrowser(): Browser is closed

21-01-2025T14:10:31 - [MESSAGE][PASSED] - Delayed 2 second(s)

21-01-2025T14:10:31 - [MESSAGE][PASSED] - Browser is closed

21-01-2025T14:10:33 - [TEST_STEP][PASSED] - Video: Video recording for test case 'Test Cases/Web_Utilities_TestCases/cardTokenization/TC2_CardTokenization_GenerateToken' .

21-01-2025T14:10:33 - [MESSAGE][INFO] - Video recording for test case 'Test Cases/Web_Utilities_TestCases/cardTokenization/TC2_CardTokenization_GenerateToken' .]]></system-out>
         <system-err><![CDATA[]]></system-err>
      </testcase>
      <testcase name="Test Cases/Web_Utilities_TestCases/cardTokenization/TC1_CardTokenization_EncryptedCard" time="31.67" classname="Test Cases/Web_Utilities_TestCases/cardTokenization/TC1_CardTokenization_EncryptedCard" status="PASSED">
         <system-out><![CDATA[21-01-2025T14:10:33 - [TEST_CASE][PASSED] - Test Cases/Web_Utilities_TestCases/cardTokenization/TC1_CardTokenization_EncryptedCard: Test Cases/Web_Utilities_TestCases/cardTokenization/TC1_CardTokenization_EncryptedCard

21-01-2025T14:10:34 - [TEST_STEP][PASSED] - try: null

21-01-2025T14:10:34 - [TEST_STEP][PASSED] - utils.openBrowserAndNavigateToPMT(): Navigate to 'https://dev1.payment.rccl.com/payment/utilities' successfully

21-01-2025T14:10:34 - [MESSAGE][INFO] - Starting 'Chrome' driver

21-01-2025T14:10:34 - [MESSAGE][INFO] - Action delay is set to 0 milliseconds

21-01-2025T14:10:35 - [MESSAGE][PASSED] - Browser is opened with url: ''

21-01-2025T14:10:35 - [MESSAGE][PASSED] - Current window maximized

21-01-2025T14:10:39 - [MESSAGE][PASSED] - Navigate to 'https://dev1.payment.rccl.com/payment/utilities' successfully

21-01-2025T14:10:40 - [TEST_STEP][PASSED] - EXCEL_PATH = "./Data Files/TestData.xlsx": null

21-01-2025T14:10:40 - [TEST_STEP][PASSED] - TAB = "cardTokenization_Encrypt": null

21-01-2025T14:10:40 - [TEST_STEP][PASSED] - driver = getWebDriver(): null

21-01-2025T14:10:40 - [TEST_STEP][PASSED] - utils.goToCardTokenization(): null

21-01-2025T14:10:42 - [TEST_STEP][PASSED] - utils.selectEnvironment(ENV): null

21-01-2025T14:10:43 - [TEST_STEP][PASSED] - sendRequestTextBox = driver.findElement(By.xpath("//textarea[@name='req']")): null

21-01-2025T14:10:43 - [TEST_STEP][PASSED] - testdata = getdata.fromExcel(EXCEL_PATH, TAB): null

21-01-2025T14:10:43 - [TEST_STEP][PASSED] - for ([i = 0, i < testdata.size(), (i++)]): null

21-01-2025T14:10:43 - [TEST_STEP][PASSED] - delay(5): Delayed 5 second(s)

21-01-2025T14:10:48 - [MESSAGE][PASSED] - Delayed 5 second(s)

21-01-2025T14:10:48 - [TEST_STEP][PASSED] - sendRequestTextBox.clear(): null

21-01-2025T14:10:49 - [TEST_STEP][PASSED] - encryptedCard = testdata["encryptedCard"][i]: null

21-01-2025T14:10:49 - [TEST_STEP][PASSED] - CNumber = encryptedCard.replaceAll("\.0$", ""): null

21-01-2025T14:10:49 - [TEST_STEP][PASSED] - request = $encryptedCard: null

21-01-2025T14:10:49 - [TEST_STEP][PASSED] - println(request): null

21-01-2025T14:10:49 - [TEST_STEP][PASSED] - sendRequestTextBox.sendKeys(request): null

21-01-2025T14:10:49 - [TEST_STEP][PASSED] - utils.clickSendButton(): null

21-01-2025T14:10:49 - [TEST_STEP][PASSED] - delay(3): Delayed 3 second(s)

21-01-2025T14:10:52 - [MESSAGE][PASSED] - Delayed 3 second(s)

21-01-2025T14:10:52 - [TEST_STEP][PASSED] - response = utils.getResponse(): null

21-01-2025T14:10:52 - [TEST_STEP][PASSED] - println(response): null

21-01-2025T14:10:52 - [TEST_STEP][PASSED] - validation1 = testdata["ContainsValidation"][i]: null

21-01-2025T14:10:52 - [TEST_STEP][PASSED] - println(validation1): null

21-01-2025T14:10:52 - [TEST_STEP][PASSED] - validation2 = testdata["NotContainsValidation"][i]: null

21-01-2025T14:10:52 - [TEST_STEP][PASSED] - println(validation2): null

21-01-2025T14:10:52 - [TEST_STEP][PASSED] - println(testdata["TCNumber"][i]): null

21-01-2025T14:10:52 - [TEST_STEP][PASSED] - assert response.contains(validation1): null

21-01-2025T14:10:52 - [TEST_STEP][PASSED] - assert response.contains(validation2) == false: null

21-01-2025T14:10:52 - [TEST_STEP][PASSED] - delay(5): Delayed 5 second(s)

21-01-2025T14:10:57 - [MESSAGE][PASSED] - Delayed 5 second(s)

21-01-2025T14:10:57 - [TEST_STEP][PASSED] - sendRequestTextBox.clear(): null

21-01-2025T14:10:57 - [TEST_STEP][PASSED] - encryptedCard = testdata["encryptedCard"][i]: null

21-01-2025T14:10:57 - [TEST_STEP][PASSED] - CNumber = encryptedCard.replaceAll("\.0$", ""): null

21-01-2025T14:10:57 - [TEST_STEP][PASSED] - request = $encryptedCard: null

21-01-2025T14:10:57 - [TEST_STEP][PASSED] - println(request): null

21-01-2025T14:10:57 - [TEST_STEP][PASSED] - sendRequestTextBox.sendKeys(request): null

21-01-2025T14:10:57 - [TEST_STEP][PASSED] - utils.clickSendButton(): null

21-01-2025T14:10:58 - [TEST_STEP][PASSED] - delay(3): Delayed 3 second(s)

21-01-2025T14:11:01 - [MESSAGE][PASSED] - Delayed 3 second(s)

21-01-2025T14:11:01 - [TEST_STEP][PASSED] - response = utils.getResponse(): null

21-01-2025T14:11:01 - [TEST_STEP][PASSED] - println(response): null

21-01-2025T14:11:01 - [TEST_STEP][PASSED] - validation1 = testdata["ContainsValidation"][i]: null

21-01-2025T14:11:01 - [TEST_STEP][PASSED] - println(validation1): null

21-01-2025T14:11:01 - [TEST_STEP][PASSED] - validation2 = testdata["NotContainsValidation"][i]: null

21-01-2025T14:11:01 - [TEST_STEP][PASSED] - println(validation2): null

21-01-2025T14:11:01 - [TEST_STEP][PASSED] - println(testdata["TCNumber"][i]): null

21-01-2025T14:11:01 - [TEST_STEP][PASSED] - assert response.contains(validation1): null

21-01-2025T14:11:01 - [TEST_STEP][PASSED] - assert response.contains(validation2) == false: null

21-01-2025T14:11:01 - [TEST_STEP][PASSED] - Finally: Browser is closed

21-01-2025T14:11:01 - [TEST_STEP][PASSED] - utils.closeBrowser(): Browser is closed

21-01-2025T14:11:03 - [MESSAGE][PASSED] - Delayed 2 second(s)

21-01-2025T14:11:03 - [MESSAGE][PASSED] - Browser is closed

21-01-2025T14:11:05 - [TEST_STEP][PASSED] - Video: Video recording for test case 'Test Cases/Web_Utilities_TestCases/cardTokenization/TC1_CardTokenization_EncryptedCard' .

21-01-2025T14:11:05 - [MESSAGE][INFO] - Video recording for test case 'Test Cases/Web_Utilities_TestCases/cardTokenization/TC1_CardTokenization_EncryptedCard' .]]></system-out>
         <system-err><![CDATA[]]></system-err>
      </testcase>
      <system-out><![CDATA[21-01-2025T14:09:59 - [TEST_SUITE][PASSED] - cardTokenization: Test Cases/Web_Utilities_TestCases/cardTokenization/TC1_CardTokenization_EncryptedCard]]></system-out>
      <system-err><![CDATA[]]></system-err>
   </testsuite>
</testsuites>
