<?xml version="1.0" encoding="UTF-8"?>
<testsuites name="GiftCard" time="74.127" tests="1" failures="0" errors="0">
   <testsuite name="GiftCard" tests="1" failures="0" errors="0" time="74.127" skipped="0" timestamp="21-01-2025T09:51:52" hostname="manilacel - localhost" id="Test Suites/PMT_Libraries/GiftCard">
      <properties>
         <property name="deviceName" value=""/>
         <property name="devicePlatform"/>
         <property name="logFolder" value="/Users/manilacel/Library/CloudStorage/OneDrive-RoyalCaribbeanGroup/PMT/Git/payment.web-utility-automation/payment.web-utility-automation/Reports/20250121_094654/PMT_Libraries/GiftCard/20250121_094701"/>
         <property name="logFiles" value="/Users/manilacel/Library/CloudStorage/OneDrive-RoyalCaribbeanGroup/PMT/Git/payment.web-utility-automation/payment.web-utility-automation/Reports/20250121_094654/PMT_Libraries/GiftCard/20250121_094701/execution0.log"/>
         <property name="attachments" value="keyes/keyes-Sample Visual Screenshot.png, keyes/keyes-Sample Visual Screenshot.png, keyes/keyes-Sample Visual Screenshot.png, keyes/keyes-Sample Visual Screenshot.png, keyes/keyes-Sample Visual Screenshot.png"/>
         <property name="hostName" value="manilacel - localhost"/>
         <property name="os" value="Mac OS X 64bit"/>
         <property name="katalonVersion" value="9.5.0.217"/>
         <property name="browser" value="Chrome 131.0.0.0"/>
         <property name="hostAddress" value="127.0.0.1"/>
         <property name="sessionId" value="273a5500a06d589b9fa99f032e9e3947"/>
         <property name="seleniumVersion" value="3.141.59"/>
         <property name="proxyInformation" value="ProxyInformation { proxyOption=NO_PROXY, proxyServerType=HTTP, username=, password=********, proxyServerAddress=, proxyServerPort=0, executionList=&quot;&quot;, isApplyToDesiredCapabilities=true }"/>
         <property name="platform" value="Mac OS X"/>
      </properties>
      <testcase name="Test Cases/Web_Utilities_TestCases/GiftCard/TC1_GiftCard_GetBalance" time="73.978" classname="Test Cases/Web_Utilities_TestCases/GiftCard/TC1_GiftCard_GetBalance" status="PASSED">
         <system-out><![CDATA[21-01-2025T09:51:52 - [TEST_CASE][PASSED] - Test Cases/Web_Utilities_TestCases/GiftCard/TC1_GiftCard_GetBalance: Test Cases/Web_Utilities_TestCases/GiftCard/TC1_GiftCard_GetBalance

21-01-2025T09:51:54 - [TEST_STEP][PASSED] - try: null

21-01-2025T09:51:54 - [TEST_STEP][PASSED] - utils.openBrowserAndNavigateToPMT(): Navigate to 'https://dev1.payment.rccl.com/payment/utilities' successfully

21-01-2025T09:51:54 - [MESSAGE][INFO] - Starting 'Chrome' driver

21-01-2025T09:51:54 - [MESSAGE][INFO] - Action delay is set to 0 milliseconds

21-01-2025T09:51:56 - [MESSAGE][PASSED] - Browser is opened with url: ''

21-01-2025T09:51:56 - [MESSAGE][PASSED] - Current window maximized

21-01-2025T09:52:00 - [MESSAGE][PASSED] - Navigate to 'https://dev1.payment.rccl.com/payment/utilities' successfully

21-01-2025T09:52:00 - [TEST_STEP][PASSED] - EXCEL_PATH = "./Data Files/TestData.xlsx": null

21-01-2025T09:52:00 - [TEST_STEP][PASSED] - TAB = "GiftCards": null

21-01-2025T09:52:00 - [TEST_STEP][PASSED] - driver = getWebDriver(): null

21-01-2025T09:52:00 - [TEST_STEP][PASSED] - utils.goToGiftCards(): null

21-01-2025T09:52:03 - [TEST_STEP][PASSED] - utils.selectEnvironment(ENV): null

21-01-2025T09:52:04 - [TEST_STEP][PASSED] - sendRequestTextBox = driver.findElement(By.xpath("//textarea[@name='req']")): null

21-01-2025T09:52:04 - [TEST_STEP][PASSED] - testdata = getdata.fromExcel(EXCEL_PATH, "GiftCards"): null

21-01-2025T09:52:04 - [TEST_STEP][PASSED] - for ([i = 0, i < testdata.size(), (i++)]): null

21-01-2025T09:52:04 - [TEST_STEP][PASSED] - delay(5): Delayed 5 second(s)

21-01-2025T09:52:09 - [MESSAGE][PASSED] - Delayed 5 second(s)

21-01-2025T09:52:09 - [TEST_STEP][PASSED] - sendRequestTextBox.clear(): null

21-01-2025T09:52:09 - [TEST_STEP][PASSED] - cardNumber = testdata["cardNumber"][i]: null

21-01-2025T09:52:09 - [TEST_STEP][PASSED] - CNumber = cardNumber.replaceAll("\.0$", ""): null

21-01-2025T09:52:09 - [TEST_STEP][PASSED] - expirationMonth = testdata["expirationMonth"][i]: null

21-01-2025T09:52:09 - [TEST_STEP][PASSED] - xMonth = expirationMonth.replaceAll("\.0$", ""): null

21-01-2025T09:52:09 - [TEST_STEP][PASSED] - expirationYear = testdata["expirationYear"][i]: null

21-01-2025T09:52:09 - [TEST_STEP][PASSED] - xYear = expirationYear.replaceAll("\.0$", ""): null

21-01-2025T09:52:09 - [TEST_STEP][PASSED] - securityCode = testdata["securityCode"][i]: null

21-01-2025T09:52:09 - [TEST_STEP][PASSED] - SC = securityCode.replaceAll("\.0$", ""): null

21-01-2025T09:52:09 - [TEST_STEP][PASSED] - request = {
			"cardNumber": "$cardNumber",
			"expirationMonth": "$expirationMonth",
			"expirationYear": "$expirationYear",
			"securityCode": "$securityCode"
			}: null

21-01-2025T09:52:09 - [TEST_STEP][PASSED] - restRequest = JsonSlurper().parseText(request): null

21-01-2025T09:52:09 - [TEST_STEP][PASSED] - prettyJson = JsonBuilder(restRequest).toPrettyString(): null

21-01-2025T09:52:10 - [TEST_STEP][PASSED] - println(prettyJson): null

21-01-2025T09:52:10 - [TEST_STEP][PASSED] - sendRequestTextBox.sendKeys(prettyJson): null

21-01-2025T09:52:10 - [TEST_STEP][PASSED] - utils.clickSendButton(): null

21-01-2025T09:52:11 - [TEST_STEP][PASSED] - takeFullPageScreenshotAsCheckpoint("Sample Visual Screenshot"): Taking screenshot successfully

21-01-2025T09:52:12 - [MESSAGE][INFO] - 0 hidden object(s)

21-01-2025T09:52:12 - [MESSAGE][PASSED] - Taking screenshot successfully
[[ATTACHMENT|keyes/keyes-Sample Visual Screenshot.png]]

21-01-2025T09:52:12 - [TEST_STEP][PASSED] - delay(3): Delayed 3 second(s)

21-01-2025T09:52:15 - [MESSAGE][PASSED] - Delayed 3 second(s)

21-01-2025T09:52:15 - [TEST_STEP][PASSED] - response = utils.getResponse(): null

21-01-2025T09:52:22 - [TEST_STEP][PASSED] - println(response): null

21-01-2025T09:52:22 - [TEST_STEP][PASSED] - validation1 = testdata["ContainsValidation"][i]: null

21-01-2025T09:52:22 - [TEST_STEP][PASSED] - println(validation1): null

21-01-2025T09:52:22 - [TEST_STEP][PASSED] - validation2 = testdata["NotContainsValidation"][i]: null

21-01-2025T09:52:22 - [TEST_STEP][PASSED] - println(validation2): null

21-01-2025T09:52:22 - [TEST_STEP][PASSED] - println(testdata["TCNumber"][i]): null

21-01-2025T09:52:22 - [TEST_STEP][PASSED] - assert response.contains(validation1): null

21-01-2025T09:52:22 - [TEST_STEP][PASSED] - assert response.contains(validation2) == false: null

21-01-2025T09:52:22 - [TEST_STEP][PASSED] - delay(5): Delayed 5 second(s)

21-01-2025T09:52:27 - [MESSAGE][PASSED] - Delayed 5 second(s)

21-01-2025T09:52:27 - [TEST_STEP][PASSED] - sendRequestTextBox.clear(): null

21-01-2025T09:52:27 - [TEST_STEP][PASSED] - cardNumber = testdata["cardNumber"][i]: null

21-01-2025T09:52:27 - [TEST_STEP][PASSED] - CNumber = cardNumber.replaceAll("\.0$", ""): null

21-01-2025T09:52:27 - [TEST_STEP][PASSED] - expirationMonth = testdata["expirationMonth"][i]: null

21-01-2025T09:52:27 - [TEST_STEP][PASSED] - xMonth = expirationMonth.replaceAll("\.0$", ""): null

21-01-2025T09:52:27 - [TEST_STEP][PASSED] - expirationYear = testdata["expirationYear"][i]: null

21-01-2025T09:52:27 - [TEST_STEP][PASSED] - xYear = expirationYear.replaceAll("\.0$", ""): null

21-01-2025T09:52:27 - [TEST_STEP][PASSED] - securityCode = testdata["securityCode"][i]: null

21-01-2025T09:52:27 - [TEST_STEP][PASSED] - SC = securityCode.replaceAll("\.0$", ""): null

21-01-2025T09:52:27 - [TEST_STEP][PASSED] - request = {
			"cardNumber": "$cardNumber",
			"expirationMonth": "$expirationMonth",
			"expirationYear": "$expirationYear",
			"securityCode": "$securityCode"
			}: null

21-01-2025T09:52:27 - [TEST_STEP][PASSED] - restRequest = JsonSlurper().parseText(request): null

21-01-2025T09:52:27 - [TEST_STEP][PASSED] - prettyJson = JsonBuilder(restRequest).toPrettyString(): null

21-01-2025T09:52:27 - [TEST_STEP][PASSED] - println(prettyJson): null

21-01-2025T09:52:27 - [TEST_STEP][PASSED] - sendRequestTextBox.sendKeys(prettyJson): null

21-01-2025T09:52:27 - [TEST_STEP][PASSED] - utils.clickSendButton(): null

21-01-2025T09:52:27 - [TEST_STEP][PASSED] - takeFullPageScreenshotAsCheckpoint("Sample Visual Screenshot"): Taking screenshot successfully

21-01-2025T09:52:28 - [MESSAGE][INFO] - 0 hidden object(s)

21-01-2025T09:52:28 - [MESSAGE][PASSED] - Taking screenshot successfully
[[ATTACHMENT|keyes/keyes-Sample Visual Screenshot.png]]

21-01-2025T09:52:28 - [TEST_STEP][PASSED] - delay(3): Delayed 3 second(s)

21-01-2025T09:52:31 - [MESSAGE][PASSED] - Delayed 3 second(s)

21-01-2025T09:52:31 - [TEST_STEP][PASSED] - response = utils.getResponse(): null

21-01-2025T09:52:32 - [TEST_STEP][PASSED] - println(response): null

21-01-2025T09:52:32 - [TEST_STEP][PASSED] - validation1 = testdata["ContainsValidation"][i]: null

21-01-2025T09:52:32 - [TEST_STEP][PASSED] - println(validation1): null

21-01-2025T09:52:32 - [TEST_STEP][PASSED] - validation2 = testdata["NotContainsValidation"][i]: null

21-01-2025T09:52:32 - [TEST_STEP][PASSED] - println(validation2): null

21-01-2025T09:52:32 - [TEST_STEP][PASSED] - println(testdata["TCNumber"][i]): null

21-01-2025T09:52:32 - [TEST_STEP][PASSED] - assert response.contains(validation1): null

21-01-2025T09:52:32 - [TEST_STEP][PASSED] - assert response.contains(validation2) == false: null

21-01-2025T09:52:32 - [TEST_STEP][PASSED] - delay(5): Delayed 5 second(s)

21-01-2025T09:52:37 - [MESSAGE][PASSED] - Delayed 5 second(s)

21-01-2025T09:52:37 - [TEST_STEP][PASSED] - sendRequestTextBox.clear(): null

21-01-2025T09:52:37 - [TEST_STEP][PASSED] - cardNumber = testdata["cardNumber"][i]: null

21-01-2025T09:52:37 - [TEST_STEP][PASSED] - CNumber = cardNumber.replaceAll("\.0$", ""): null

21-01-2025T09:52:37 - [TEST_STEP][PASSED] - expirationMonth = testdata["expirationMonth"][i]: null

21-01-2025T09:52:37 - [TEST_STEP][PASSED] - xMonth = expirationMonth.replaceAll("\.0$", ""): null

21-01-2025T09:52:37 - [TEST_STEP][PASSED] - expirationYear = testdata["expirationYear"][i]: null

21-01-2025T09:52:37 - [TEST_STEP][PASSED] - xYear = expirationYear.replaceAll("\.0$", ""): null

21-01-2025T09:52:37 - [TEST_STEP][PASSED] - securityCode = testdata["securityCode"][i]: null

21-01-2025T09:52:37 - [TEST_STEP][PASSED] - SC = securityCode.replaceAll("\.0$", ""): null

21-01-2025T09:52:37 - [TEST_STEP][PASSED] - request = {
			"cardNumber": "$cardNumber",
			"expirationMonth": "$expirationMonth",
			"expirationYear": "$expirationYear",
			"securityCode": "$securityCode"
			}: null

21-01-2025T09:52:37 - [TEST_STEP][PASSED] - restRequest = JsonSlurper().parseText(request): null

21-01-2025T09:52:37 - [TEST_STEP][PASSED] - prettyJson = JsonBuilder(restRequest).toPrettyString(): null

21-01-2025T09:52:37 - [TEST_STEP][PASSED] - println(prettyJson): null

21-01-2025T09:52:37 - [TEST_STEP][PASSED] - sendRequestTextBox.sendKeys(prettyJson): null

21-01-2025T09:52:37 - [TEST_STEP][PASSED] - utils.clickSendButton(): null

21-01-2025T09:52:37 - [TEST_STEP][PASSED] - takeFullPageScreenshotAsCheckpoint("Sample Visual Screenshot"): Taking screenshot successfully

21-01-2025T09:52:38 - [MESSAGE][INFO] - 0 hidden object(s)

21-01-2025T09:52:39 - [MESSAGE][PASSED] - Taking screenshot successfully
[[ATTACHMENT|keyes/keyes-Sample Visual Screenshot.png]]

21-01-2025T09:52:39 - [TEST_STEP][PASSED] - delay(3): Delayed 3 second(s)

21-01-2025T09:52:42 - [MESSAGE][PASSED] - Delayed 3 second(s)

21-01-2025T09:52:42 - [TEST_STEP][PASSED] - response = utils.getResponse(): null

21-01-2025T09:52:42 - [TEST_STEP][PASSED] - println(response): null

21-01-2025T09:52:42 - [TEST_STEP][PASSED] - validation1 = testdata["ContainsValidation"][i]: null

21-01-2025T09:52:42 - [TEST_STEP][PASSED] - println(validation1): null

21-01-2025T09:52:42 - [TEST_STEP][PASSED] - validation2 = testdata["NotContainsValidation"][i]: null

21-01-2025T09:52:42 - [TEST_STEP][PASSED] - println(validation2): null

21-01-2025T09:52:42 - [TEST_STEP][PASSED] - println(testdata["TCNumber"][i]): null

21-01-2025T09:52:42 - [TEST_STEP][PASSED] - assert response.contains(validation1): null

21-01-2025T09:52:42 - [TEST_STEP][PASSED] - assert response.contains(validation2) == false: null

21-01-2025T09:52:42 - [TEST_STEP][PASSED] - delay(5): Delayed 5 second(s)

21-01-2025T09:52:47 - [MESSAGE][PASSED] - Delayed 5 second(s)

21-01-2025T09:52:47 - [TEST_STEP][PASSED] - sendRequestTextBox.clear(): null

21-01-2025T09:52:47 - [TEST_STEP][PASSED] - cardNumber = testdata["cardNumber"][i]: null

21-01-2025T09:52:47 - [TEST_STEP][PASSED] - CNumber = cardNumber.replaceAll("\.0$", ""): null

21-01-2025T09:52:47 - [TEST_STEP][PASSED] - expirationMonth = testdata["expirationMonth"][i]: null

21-01-2025T09:52:47 - [TEST_STEP][PASSED] - xMonth = expirationMonth.replaceAll("\.0$", ""): null

21-01-2025T09:52:47 - [TEST_STEP][PASSED] - expirationYear = testdata["expirationYear"][i]: null

21-01-2025T09:52:47 - [TEST_STEP][PASSED] - xYear = expirationYear.replaceAll("\.0$", ""): null

21-01-2025T09:52:47 - [TEST_STEP][PASSED] - securityCode = testdata["securityCode"][i]: null

21-01-2025T09:52:47 - [TEST_STEP][PASSED] - SC = securityCode.replaceAll("\.0$", ""): null

21-01-2025T09:52:47 - [TEST_STEP][PASSED] - request = {
			"cardNumber": "$cardNumber",
			"expirationMonth": "$expirationMonth",
			"expirationYear": "$expirationYear",
			"securityCode": "$securityCode"
			}: null

21-01-2025T09:52:47 - [TEST_STEP][PASSED] - restRequest = JsonSlurper().parseText(request): null

21-01-2025T09:52:47 - [TEST_STEP][PASSED] - prettyJson = JsonBuilder(restRequest).toPrettyString(): null

21-01-2025T09:52:47 - [TEST_STEP][PASSED] - println(prettyJson): null

21-01-2025T09:52:47 - [TEST_STEP][PASSED] - sendRequestTextBox.sendKeys(prettyJson): null

21-01-2025T09:52:47 - [TEST_STEP][PASSED] - utils.clickSendButton(): null

21-01-2025T09:52:47 - [TEST_STEP][PASSED] - takeFullPageScreenshotAsCheckpoint("Sample Visual Screenshot"): Taking screenshot successfully

21-01-2025T09:52:48 - [MESSAGE][INFO] - 0 hidden object(s)

21-01-2025T09:52:49 - [MESSAGE][PASSED] - Taking screenshot successfully
[[ATTACHMENT|keyes/keyes-Sample Visual Screenshot.png]]

21-01-2025T09:52:49 - [TEST_STEP][PASSED] - delay(3): Delayed 3 second(s)

21-01-2025T09:52:52 - [MESSAGE][PASSED] - Delayed 3 second(s)

21-01-2025T09:52:52 - [TEST_STEP][PASSED] - response = utils.getResponse(): null

21-01-2025T09:52:52 - [TEST_STEP][PASSED] - println(response): null

21-01-2025T09:52:52 - [TEST_STEP][PASSED] - validation1 = testdata["ContainsValidation"][i]: null

21-01-2025T09:52:52 - [TEST_STEP][PASSED] - println(validation1): null

21-01-2025T09:52:52 - [TEST_STEP][PASSED] - validation2 = testdata["NotContainsValidation"][i]: null

21-01-2025T09:52:52 - [TEST_STEP][PASSED] - println(validation2): null

21-01-2025T09:52:52 - [TEST_STEP][PASSED] - println(testdata["TCNumber"][i]): null

21-01-2025T09:52:52 - [TEST_STEP][PASSED] - assert response.contains(validation1): null

21-01-2025T09:52:52 - [TEST_STEP][PASSED] - assert response.contains(validation2) == false: null

21-01-2025T09:52:52 - [TEST_STEP][PASSED] - delay(5): Delayed 5 second(s)

21-01-2025T09:52:57 - [MESSAGE][PASSED] - Delayed 5 second(s)

21-01-2025T09:52:57 - [TEST_STEP][PASSED] - sendRequestTextBox.clear(): null

21-01-2025T09:52:57 - [TEST_STEP][PASSED] - cardNumber = testdata["cardNumber"][i]: null

21-01-2025T09:52:57 - [TEST_STEP][PASSED] - CNumber = cardNumber.replaceAll("\.0$", ""): null

21-01-2025T09:52:57 - [TEST_STEP][PASSED] - expirationMonth = testdata["expirationMonth"][i]: null

21-01-2025T09:52:57 - [TEST_STEP][PASSED] - xMonth = expirationMonth.replaceAll("\.0$", ""): null

21-01-2025T09:52:57 - [TEST_STEP][PASSED] - expirationYear = testdata["expirationYear"][i]: null

21-01-2025T09:52:57 - [TEST_STEP][PASSED] - xYear = expirationYear.replaceAll("\.0$", ""): null

21-01-2025T09:52:57 - [TEST_STEP][PASSED] - securityCode = testdata["securityCode"][i]: null

21-01-2025T09:52:57 - [TEST_STEP][PASSED] - SC = securityCode.replaceAll("\.0$", ""): null

21-01-2025T09:52:57 - [TEST_STEP][PASSED] - request = {
			"cardNumber": "$cardNumber",
			"expirationMonth": "$expirationMonth",
			"expirationYear": "$expirationYear",
			"securityCode": "$securityCode"
			}: null

21-01-2025T09:52:57 - [TEST_STEP][PASSED] - restRequest = JsonSlurper().parseText(request): null

21-01-2025T09:52:57 - [TEST_STEP][PASSED] - prettyJson = JsonBuilder(restRequest).toPrettyString(): null

21-01-2025T09:52:57 - [TEST_STEP][PASSED] - println(prettyJson): null

21-01-2025T09:52:57 - [TEST_STEP][PASSED] - sendRequestTextBox.sendKeys(prettyJson): null

21-01-2025T09:52:57 - [TEST_STEP][PASSED] - utils.clickSendButton(): null

21-01-2025T09:52:57 - [TEST_STEP][PASSED] - takeFullPageScreenshotAsCheckpoint("Sample Visual Screenshot"): Taking screenshot successfully

21-01-2025T09:52:58 - [MESSAGE][INFO] - 0 hidden object(s)

21-01-2025T09:52:59 - [MESSAGE][PASSED] - Taking screenshot successfully
[[ATTACHMENT|keyes/keyes-Sample Visual Screenshot.png]]

21-01-2025T09:52:59 - [TEST_STEP][PASSED] - delay(3): Delayed 3 second(s)

21-01-2025T09:53:02 - [MESSAGE][PASSED] - Delayed 3 second(s)

21-01-2025T09:53:02 - [TEST_STEP][PASSED] - response = utils.getResponse(): null

21-01-2025T09:53:02 - [TEST_STEP][PASSED] - println(response): null

21-01-2025T09:53:02 - [TEST_STEP][PASSED] - validation1 = testdata["ContainsValidation"][i]: null

21-01-2025T09:53:02 - [TEST_STEP][PASSED] - println(validation1): null

21-01-2025T09:53:02 - [TEST_STEP][PASSED] - validation2 = testdata["NotContainsValidation"][i]: null

21-01-2025T09:53:02 - [TEST_STEP][PASSED] - println(validation2): null

21-01-2025T09:53:02 - [TEST_STEP][PASSED] - println(testdata["TCNumber"][i]): null

21-01-2025T09:53:02 - [TEST_STEP][PASSED] - assert response.contains(validation1): null

21-01-2025T09:53:02 - [TEST_STEP][PASSED] - assert response.contains(validation2) == false: null

21-01-2025T09:53:02 - [TEST_STEP][PASSED] - Finally: Browser is closed

21-01-2025T09:53:02 - [TEST_STEP][PASSED] - utils.closeBrowser(): Browser is closed

21-01-2025T09:53:04 - [MESSAGE][PASSED] - Delayed 2 second(s)

21-01-2025T09:53:04 - [MESSAGE][PASSED] - Browser is closed

21-01-2025T09:53:06 - [TEST_STEP][PASSED] - Video: Video recording for test case 'Test Cases/Web_Utilities_TestCases/GiftCard/TC1_GiftCard_GetBalance' .

21-01-2025T09:53:06 - [MESSAGE][INFO] - Video recording for test case 'Test Cases/Web_Utilities_TestCases/GiftCard/TC1_GiftCard_GetBalance' .]]></system-out>
         <system-err><![CDATA[]]></system-err>
      </testcase>
      <system-out><![CDATA[21-01-2025T09:51:52 - [TEST_SUITE][PASSED] - GiftCard: Test Cases/Web_Utilities_TestCases/GiftCard/TC1_GiftCard_GetBalance]]></system-out>
      <system-err><![CDATA[]]></system-err>
   </testsuite>
</testsuites>
