<?xml version="1.0" encoding="UTF-8"?>
<testsuites name="cardTokenization" time="77.566" tests="2" failures="0" errors="0">
   <testsuite name="cardTokenization" tests="2" failures="0" errors="0" time="77.566" skipped="0" timestamp="19-09-2024T11:17:47" hostname="manilacel - localhost" id="Test Suites/PMT_Libraries/cardTokenization">
      <properties>
         <property name="deviceName" value=""/>
         <property name="devicePlatform"/>
         <property name="logFolder" value="/Users/manilacel/Library/CloudStorage/OneDrive-RoyalCaribbeanGroup/PMT/Git/RestructuredScript/TestingFolder/Reports/20240919_111733/PMT_Libraries/cardTokenization/20240919_111740"/>
         <property name="logFiles" value="/Users/manilacel/Library/CloudStorage/OneDrive-RoyalCaribbeanGroup/PMT/Git/RestructuredScript/TestingFolder/Reports/20240919_111733/PMT_Libraries/cardTokenization/20240919_111740/execution0.log"/>
         <property name="attachments" value=""/>
         <property name="hostName" value="manilacel - localhost"/>
         <property name="os" value="Mac OS X 64bit"/>
         <property name="katalonVersion" value="9.5.0.217"/>
         <property name="browser" value="Chrome 128.0.0.0"/>
         <property name="hostAddress" value="127.0.0.1"/>
         <property name="sessionId" value="a6074d9d7b2cb4000596ef1ea1651174"/>
         <property name="seleniumVersion" value="3.141.59"/>
         <property name="proxyInformation" value="ProxyInformation { proxyOption=NO_PROXY, proxyServerType=HTTP, username=, password=********, proxyServerAddress=, proxyServerPort=0, executionList=&quot;&quot;, isApplyToDesiredCapabilities=true }"/>
         <property name="platform" value="Mac OS X"/>
      </properties>
      <testcase name="Test Cases/Web_Utilities_TestCases/cardTokenization/TC2_CardTokenization_GenerateToken" time="40.725" classname="Test Cases/Web_Utilities_TestCases/cardTokenization/TC2_CardTokenization_GenerateToken" status="PASSED">
         <system-out><![CDATA[19-09-2024T11:17:48 - [TEST_CASE][PASSED] - Test Cases/Web_Utilities_TestCases/cardTokenization/TC2_CardTokenization_GenerateToken: Test Cases/Web_Utilities_TestCases/cardTokenization/TC2_CardTokenization_GenerateToken

19-09-2024T11:17:49 - [TEST_STEP][PASSED] - try: null

19-09-2024T11:17:49 - [TEST_STEP][PASSED] - utils.openBrowserAndNavigateToPMT(): Navigate to 'https://dev1.payment.rccl.com/payment/utilities' successfully

19-09-2024T11:17:49 - [MESSAGE][INFO] - Starting 'Chrome' driver

19-09-2024T11:17:50 - [MESSAGE][INFO] - Action delay is set to 0 milliseconds

19-09-2024T11:17:54 - [MESSAGE][PASSED] - Browser is opened with url: ''

19-09-2024T11:17:55 - [MESSAGE][PASSED] - Current window maximized

19-09-2024T11:18:01 - [MESSAGE][PASSED] - Navigate to 'https://dev1.payment.rccl.com/payment/utilities' successfully

19-09-2024T11:18:01 - [TEST_STEP][PASSED] - EXCEL_PATH = "./Data Files/TestData.xlsx": null

19-09-2024T11:18:01 - [TEST_STEP][PASSED] - TAB = "cardTokenization_Generate": null

19-09-2024T11:18:01 - [TEST_STEP][PASSED] - driver = getWebDriver(): null

19-09-2024T11:18:01 - [TEST_STEP][PASSED] - utils.goToCardTokenization(): null

19-09-2024T11:18:04 - [TEST_STEP][PASSED] - clickGenerateToken = xpath("//a[normalize-space()='Generate Token']")).click(): null

19-09-2024T11:18:05 - [TEST_STEP][PASSED] - utils.selectEnvironment(ENV): null

19-09-2024T11:18:06 - [TEST_STEP][PASSED] - sendRequestTextBox = driver.findElement(By.xpath("//textarea[@name='req']")): null

19-09-2024T11:18:06 - [TEST_STEP][PASSED] - testdata = getdata.fromExcel(EXCEL_PATH, TAB): null

19-09-2024T11:18:07 - [TEST_STEP][PASSED] - for ([i = 0, i < testdata.size(), (i++)]): null

19-09-2024T11:18:07 - [TEST_STEP][PASSED] - sendRequestTextBox.clear(): null

19-09-2024T11:18:08 - [TEST_STEP][PASSED] - encryptedCard = testdata["encryptedCard"][i]: null

19-09-2024T11:18:08 - [TEST_STEP][PASSED] - CNumber = encryptedCard.replaceAll("\.0$", ""): null

19-09-2024T11:18:08 - [TEST_STEP][PASSED] - expirationMonth = testdata["expirationMonth"][i]: null

19-09-2024T11:18:08 - [TEST_STEP][PASSED] - xMonth = expirationMonth.replaceAll("\.0$", ""): null

19-09-2024T11:18:08 - [TEST_STEP][PASSED] - expirationYear = testdata["expirationYear"][i]: null

19-09-2024T11:18:08 - [TEST_STEP][PASSED] - xYear = expirationYear.replaceAll("\.0$", ""): null

19-09-2024T11:18:08 - [TEST_STEP][PASSED] - request = {
			"cardNumber": "$encryptedCard",
			"expirationMonth": "$expirationMonth",
			"expirationYear": "$expirationYear"
			}: null

19-09-2024T11:18:08 - [TEST_STEP][PASSED] - restRequest = JsonSlurper().parseText(request): null

19-09-2024T11:18:08 - [TEST_STEP][PASSED] - prettyJson = JsonBuilder(restRequest).toPrettyString(): null

19-09-2024T11:18:08 - [TEST_STEP][PASSED] - println(prettyJson): null

19-09-2024T11:18:08 - [TEST_STEP][PASSED] - sendRequestTextBox.sendKeys(prettyJson): null

19-09-2024T11:18:08 - [TEST_STEP][PASSED] - utils.clickSendButton(): null

19-09-2024T11:18:09 - [TEST_STEP][PASSED] - delay(3): Delayed 3 second(s)

19-09-2024T11:18:12 - [MESSAGE][PASSED] - Delayed 3 second(s)

19-09-2024T11:18:12 - [TEST_STEP][PASSED] - response = utils.getResponse(): null

19-09-2024T11:18:13 - [TEST_STEP][PASSED] - println(response): null

19-09-2024T11:18:13 - [TEST_STEP][PASSED] - validation1 = testdata["ContainsValidation"][i]: null

19-09-2024T11:18:13 - [TEST_STEP][PASSED] - println(validation1): null

19-09-2024T11:18:13 - [TEST_STEP][PASSED] - validation2 = testdata["NotContainsValidation"][i]: null

19-09-2024T11:18:13 - [TEST_STEP][PASSED] - println(validation2): null

19-09-2024T11:18:13 - [TEST_STEP][PASSED] - println(testdata["TCNumber"][i]): null

19-09-2024T11:18:13 - [TEST_STEP][PASSED] - assert response.contains(validation1): null

19-09-2024T11:18:13 - [TEST_STEP][PASSED] - assert response.contains(validation2) == false: null

19-09-2024T11:18:13 - [TEST_STEP][PASSED] - sendRequestTextBox.clear(): null

19-09-2024T11:18:13 - [TEST_STEP][PASSED] - encryptedCard = testdata["encryptedCard"][i]: null

19-09-2024T11:18:13 - [TEST_STEP][PASSED] - CNumber = encryptedCard.replaceAll("\.0$", ""): null

19-09-2024T11:18:13 - [TEST_STEP][PASSED] - expirationMonth = testdata["expirationMonth"][i]: null

19-09-2024T11:18:13 - [TEST_STEP][PASSED] - xMonth = expirationMonth.replaceAll("\.0$", ""): null

19-09-2024T11:18:13 - [TEST_STEP][PASSED] - expirationYear = testdata["expirationYear"][i]: null

19-09-2024T11:18:13 - [TEST_STEP][PASSED] - xYear = expirationYear.replaceAll("\.0$", ""): null

19-09-2024T11:18:13 - [TEST_STEP][PASSED] - request = {
			"cardNumber": "$encryptedCard",
			"expirationMonth": "$expirationMonth",
			"expirationYear": "$expirationYear"
			}: null

19-09-2024T11:18:13 - [TEST_STEP][PASSED] - restRequest = JsonSlurper().parseText(request): null

19-09-2024T11:18:13 - [TEST_STEP][PASSED] - prettyJson = JsonBuilder(restRequest).toPrettyString(): null

19-09-2024T11:18:13 - [TEST_STEP][PASSED] - println(prettyJson): null

19-09-2024T11:18:13 - [TEST_STEP][PASSED] - sendRequestTextBox.sendKeys(prettyJson): null

19-09-2024T11:18:13 - [TEST_STEP][PASSED] - utils.clickSendButton(): null

19-09-2024T11:18:14 - [TEST_STEP][PASSED] - delay(3): Delayed 3 second(s)

19-09-2024T11:18:17 - [MESSAGE][PASSED] - Delayed 3 second(s)

19-09-2024T11:18:17 - [TEST_STEP][PASSED] - response = utils.getResponse(): null

19-09-2024T11:18:17 - [TEST_STEP][PASSED] - println(response): null

19-09-2024T11:18:17 - [TEST_STEP][PASSED] - validation1 = testdata["ContainsValidation"][i]: null

19-09-2024T11:18:17 - [TEST_STEP][PASSED] - println(validation1): null

19-09-2024T11:18:17 - [TEST_STEP][PASSED] - validation2 = testdata["NotContainsValidation"][i]: null

19-09-2024T11:18:17 - [TEST_STEP][PASSED] - println(validation2): null

19-09-2024T11:18:17 - [TEST_STEP][PASSED] - println(testdata["TCNumber"][i]): null

19-09-2024T11:18:17 - [TEST_STEP][PASSED] - assert response.contains(validation1): null

19-09-2024T11:18:17 - [TEST_STEP][PASSED] - assert response.contains(validation2) == false: null

19-09-2024T11:18:17 - [TEST_STEP][PASSED] - sendRequestTextBox.clear(): null

19-09-2024T11:18:17 - [TEST_STEP][PASSED] - encryptedCard = testdata["encryptedCard"][i]: null

19-09-2024T11:18:17 - [TEST_STEP][PASSED] - CNumber = encryptedCard.replaceAll("\.0$", ""): null

19-09-2024T11:18:17 - [TEST_STEP][PASSED] - expirationMonth = testdata["expirationMonth"][i]: null

19-09-2024T11:18:17 - [TEST_STEP][PASSED] - xMonth = expirationMonth.replaceAll("\.0$", ""): null

19-09-2024T11:18:17 - [TEST_STEP][PASSED] - expirationYear = testdata["expirationYear"][i]: null

19-09-2024T11:18:17 - [TEST_STEP][PASSED] - xYear = expirationYear.replaceAll("\.0$", ""): null

19-09-2024T11:18:17 - [TEST_STEP][PASSED] - request = {
			"cardNumber": "$encryptedCard",
			"expirationMonth": "$expirationMonth",
			"expirationYear": "$expirationYear"
			}: null

19-09-2024T11:18:17 - [TEST_STEP][PASSED] - restRequest = JsonSlurper().parseText(request): null

19-09-2024T11:18:17 - [TEST_STEP][PASSED] - prettyJson = JsonBuilder(restRequest).toPrettyString(): null

19-09-2024T11:18:17 - [TEST_STEP][PASSED] - println(prettyJson): null

19-09-2024T11:18:17 - [TEST_STEP][PASSED] - sendRequestTextBox.sendKeys(prettyJson): null

19-09-2024T11:18:17 - [TEST_STEP][PASSED] - utils.clickSendButton(): null

19-09-2024T11:18:18 - [TEST_STEP][PASSED] - delay(3): Delayed 3 second(s)

19-09-2024T11:18:21 - [MESSAGE][PASSED] - Delayed 3 second(s)

19-09-2024T11:18:21 - [TEST_STEP][PASSED] - response = utils.getResponse(): null

19-09-2024T11:18:21 - [TEST_STEP][PASSED] - println(response): null

19-09-2024T11:18:21 - [TEST_STEP][PASSED] - validation1 = testdata["ContainsValidation"][i]: null

19-09-2024T11:18:21 - [TEST_STEP][PASSED] - println(validation1): null

19-09-2024T11:18:21 - [TEST_STEP][PASSED] - validation2 = testdata["NotContainsValidation"][i]: null

19-09-2024T11:18:21 - [TEST_STEP][PASSED] - println(validation2): null

19-09-2024T11:18:21 - [TEST_STEP][PASSED] - println(testdata["TCNumber"][i]): null

19-09-2024T11:18:21 - [TEST_STEP][PASSED] - assert response.contains(validation1): null

19-09-2024T11:18:22 - [TEST_STEP][PASSED] - assert response.contains(validation2) == false: null

19-09-2024T11:18:22 - [TEST_STEP][PASSED] - sendRequestTextBox.clear(): null

19-09-2024T11:18:22 - [TEST_STEP][PASSED] - encryptedCard = testdata["encryptedCard"][i]: null

19-09-2024T11:18:22 - [TEST_STEP][PASSED] - CNumber = encryptedCard.replaceAll("\.0$", ""): null

19-09-2024T11:18:22 - [TEST_STEP][PASSED] - expirationMonth = testdata["expirationMonth"][i]: null

19-09-2024T11:18:22 - [TEST_STEP][PASSED] - xMonth = expirationMonth.replaceAll("\.0$", ""): null

19-09-2024T11:18:22 - [TEST_STEP][PASSED] - expirationYear = testdata["expirationYear"][i]: null

19-09-2024T11:18:22 - [TEST_STEP][PASSED] - xYear = expirationYear.replaceAll("\.0$", ""): null

19-09-2024T11:18:22 - [TEST_STEP][PASSED] - request = {
			"cardNumber": "$encryptedCard",
			"expirationMonth": "$expirationMonth",
			"expirationYear": "$expirationYear"
			}: null

19-09-2024T11:18:22 - [TEST_STEP][PASSED] - restRequest = JsonSlurper().parseText(request): null

19-09-2024T11:18:22 - [TEST_STEP][PASSED] - prettyJson = JsonBuilder(restRequest).toPrettyString(): null

19-09-2024T11:18:22 - [TEST_STEP][PASSED] - println(prettyJson): null

19-09-2024T11:18:22 - [TEST_STEP][PASSED] - sendRequestTextBox.sendKeys(prettyJson): null

19-09-2024T11:18:22 - [TEST_STEP][PASSED] - utils.clickSendButton(): null

19-09-2024T11:18:22 - [TEST_STEP][PASSED] - delay(3): Delayed 3 second(s)

19-09-2024T11:18:25 - [MESSAGE][PASSED] - Delayed 3 second(s)

19-09-2024T11:18:25 - [TEST_STEP][PASSED] - response = utils.getResponse(): null

19-09-2024T11:18:26 - [TEST_STEP][PASSED] - println(response): null

19-09-2024T11:18:26 - [TEST_STEP][PASSED] - validation1 = testdata["ContainsValidation"][i]: null

19-09-2024T11:18:26 - [TEST_STEP][PASSED] - println(validation1): null

19-09-2024T11:18:26 - [TEST_STEP][PASSED] - validation2 = testdata["NotContainsValidation"][i]: null

19-09-2024T11:18:26 - [TEST_STEP][PASSED] - println(validation2): null

19-09-2024T11:18:26 - [TEST_STEP][PASSED] - println(testdata["TCNumber"][i]): null

19-09-2024T11:18:26 - [TEST_STEP][PASSED] - assert response.contains(validation1): null

19-09-2024T11:18:26 - [TEST_STEP][PASSED] - assert response.contains(validation2) == false: null

19-09-2024T11:18:26 - [TEST_STEP][PASSED] - Finally: Browser is closed

19-09-2024T11:18:26 - [TEST_STEP][PASSED] - utils.closeBrowser(): Browser is closed

19-09-2024T11:18:28 - [MESSAGE][PASSED] - Delayed 2 second(s)

19-09-2024T11:18:28 - [MESSAGE][PASSED] - Browser is closed]]></system-out>
         <system-err><![CDATA[]]></system-err>
      </testcase>
      <testcase name="Test Cases/Web_Utilities_TestCases/cardTokenization/TC1_CardTokenization_EncryptedCard" time="36.614" classname="Test Cases/Web_Utilities_TestCases/cardTokenization/TC1_CardTokenization_EncryptedCard" status="PASSED">
         <system-out><![CDATA[19-09-2024T11:18:28 - [TEST_CASE][PASSED] - Test Cases/Web_Utilities_TestCases/cardTokenization/TC1_CardTokenization_EncryptedCard: Test Cases/Web_Utilities_TestCases/cardTokenization/TC1_CardTokenization_EncryptedCard

19-09-2024T11:18:29 - [TEST_STEP][PASSED] - try: null

19-09-2024T11:18:29 - [TEST_STEP][PASSED] - utils.openBrowserAndNavigateToPMT(): Navigate to 'https://dev1.payment.rccl.com/payment/utilities' successfully

19-09-2024T11:18:29 - [MESSAGE][INFO] - Starting 'Chrome' driver

19-09-2024T11:18:29 - [MESSAGE][INFO] - Action delay is set to 0 milliseconds

19-09-2024T11:18:32 - [MESSAGE][PASSED] - Browser is opened with url: ''

19-09-2024T11:18:32 - [MESSAGE][PASSED] - Current window maximized

19-09-2024T11:18:37 - [MESSAGE][PASSED] - Navigate to 'https://dev1.payment.rccl.com/payment/utilities' successfully

19-09-2024T11:18:37 - [TEST_STEP][PASSED] - EXCEL_PATH = "./Data Files/TestData.xlsx": null

19-09-2024T11:18:37 - [TEST_STEP][PASSED] - TAB = "cardTokenization_Encrypt": null

19-09-2024T11:18:37 - [TEST_STEP][PASSED] - driver = getWebDriver(): null

19-09-2024T11:18:37 - [TEST_STEP][PASSED] - utils.goToCardTokenization(): null

19-09-2024T11:18:41 - [TEST_STEP][PASSED] - utils.selectEnvironment(ENV): null

19-09-2024T11:18:43 - [TEST_STEP][PASSED] - sendRequestTextBox = driver.findElement(By.xpath("//textarea[@name='req']")): null

19-09-2024T11:18:43 - [TEST_STEP][PASSED] - testdata = getdata.fromExcel(EXCEL_PATH, TAB): null

19-09-2024T11:18:43 - [TEST_STEP][PASSED] - for ([i = 0, i < testdata.size(), (i++)]): null

19-09-2024T11:18:43 - [TEST_STEP][PASSED] - delay(5): Delayed 5 second(s)

19-09-2024T11:18:48 - [MESSAGE][PASSED] - Delayed 5 second(s)

19-09-2024T11:18:48 - [TEST_STEP][PASSED] - sendRequestTextBox.clear(): null

19-09-2024T11:18:48 - [TEST_STEP][PASSED] - encryptedCard = testdata["encryptedCard"][i]: null

19-09-2024T11:18:48 - [TEST_STEP][PASSED] - CNumber = encryptedCard.replaceAll("\.0$", ""): null

19-09-2024T11:18:48 - [TEST_STEP][PASSED] - request = $encryptedCard: null

19-09-2024T11:18:48 - [TEST_STEP][PASSED] - println(request): null

19-09-2024T11:18:48 - [TEST_STEP][PASSED] - sendRequestTextBox.sendKeys(request): null

19-09-2024T11:18:49 - [TEST_STEP][PASSED] - utils.clickSendButton(): null

19-09-2024T11:18:49 - [TEST_STEP][PASSED] - delay(3): Delayed 3 second(s)

19-09-2024T11:18:52 - [MESSAGE][PASSED] - Delayed 3 second(s)

19-09-2024T11:18:52 - [TEST_STEP][PASSED] - response = utils.getResponse(): null

19-09-2024T11:18:53 - [TEST_STEP][PASSED] - println(response): null

19-09-2024T11:18:53 - [TEST_STEP][PASSED] - validation1 = testdata["ContainsValidation"][i]: null

19-09-2024T11:18:53 - [TEST_STEP][PASSED] - println(validation1): null

19-09-2024T11:18:53 - [TEST_STEP][PASSED] - validation2 = testdata["NotContainsValidation"][i]: null

19-09-2024T11:18:53 - [TEST_STEP][PASSED] - println(validation2): null

19-09-2024T11:18:53 - [TEST_STEP][PASSED] - println(testdata["TCNumber"][i]): null

19-09-2024T11:18:53 - [TEST_STEP][PASSED] - assert response.contains(validation1): null

19-09-2024T11:18:53 - [TEST_STEP][PASSED] - assert response.contains(validation2) == false: null

19-09-2024T11:18:53 - [TEST_STEP][PASSED] - delay(5): Delayed 5 second(s)

19-09-2024T11:18:58 - [MESSAGE][PASSED] - Delayed 5 second(s)

19-09-2024T11:18:58 - [TEST_STEP][PASSED] - sendRequestTextBox.clear(): null

19-09-2024T11:18:58 - [TEST_STEP][PASSED] - encryptedCard = testdata["encryptedCard"][i]: null

19-09-2024T11:18:58 - [TEST_STEP][PASSED] - CNumber = encryptedCard.replaceAll("\.0$", ""): null

19-09-2024T11:18:58 - [TEST_STEP][PASSED] - request = $encryptedCard: null

19-09-2024T11:18:58 - [TEST_STEP][PASSED] - println(request): null

19-09-2024T11:18:58 - [TEST_STEP][PASSED] - sendRequestTextBox.sendKeys(request): null

19-09-2024T11:18:58 - [TEST_STEP][PASSED] - utils.clickSendButton(): null

19-09-2024T11:18:59 - [TEST_STEP][PASSED] - delay(3): Delayed 3 second(s)

19-09-2024T11:19:02 - [MESSAGE][PASSED] - Delayed 3 second(s)

19-09-2024T11:19:02 - [TEST_STEP][PASSED] - response = utils.getResponse(): null

19-09-2024T11:19:03 - [TEST_STEP][PASSED] - println(response): null

19-09-2024T11:19:03 - [TEST_STEP][PASSED] - validation1 = testdata["ContainsValidation"][i]: null

19-09-2024T11:19:03 - [TEST_STEP][PASSED] - println(validation1): null

19-09-2024T11:19:03 - [TEST_STEP][PASSED] - validation2 = testdata["NotContainsValidation"][i]: null

19-09-2024T11:19:03 - [TEST_STEP][PASSED] - println(validation2): null

19-09-2024T11:19:03 - [TEST_STEP][PASSED] - println(testdata["TCNumber"][i]): null

19-09-2024T11:19:03 - [TEST_STEP][PASSED] - assert response.contains(validation1): null

19-09-2024T11:19:03 - [TEST_STEP][PASSED] - assert response.contains(validation2) == false: null

19-09-2024T11:19:03 - [TEST_STEP][PASSED] - Finally: Browser is closed

19-09-2024T11:19:03 - [TEST_STEP][PASSED] - utils.closeBrowser(): Browser is closed

19-09-2024T11:19:05 - [MESSAGE][PASSED] - Delayed 2 second(s)

19-09-2024T11:19:05 - [MESSAGE][PASSED] - Browser is closed]]></system-out>
         <system-err><![CDATA[]]></system-err>
      </testcase>
      <system-out><![CDATA[19-09-2024T11:17:47 - [TEST_SUITE][PASSED] - cardTokenization: Test Cases/Web_Utilities_TestCases/cardTokenization/TC1_CardTokenization_EncryptedCard]]></system-out>
      <system-err><![CDATA[]]></system-err>
   </testsuite>
</testsuites>
