<?xml version="1.0" encoding="UTF-8"?>
<testsuites name="Validations" time="99.144" tests="2" failures="0" errors="0">
   <testsuite name="Validations" tests="2" failures="0" errors="0" time="99.144" skipped="0" timestamp="15-01-2025T10:38:19" hostname="manilacel - localhost" id="Test Suites/PMT_Libraries/Validations">
      <properties>
         <property name="deviceName" value=""/>
         <property name="devicePlatform"/>
         <property name="logFolder" value="/Users/manilacel/Library/CloudStorage/OneDrive-RoyalCaribbeanGroup/PMT/Git/payment.web-utility-automation/payment.web-utility-automation/Reports/20250115_103617/PMT_Libraries/Validations/20250115_103620"/>
         <property name="logFiles" value="/Users/manilacel/Library/CloudStorage/OneDrive-RoyalCaribbeanGroup/PMT/Git/payment.web-utility-automation/payment.web-utility-automation/Reports/20250115_103617/PMT_Libraries/Validations/20250115_103620/execution0.log"/>
         <property name="attachments" value="keyes/keyes-Sample Visual Screenshot.png"/>
         <property name="hostName" value="manilacel - localhost"/>
         <property name="os" value="Mac OS X 64bit"/>
         <property name="katalonVersion" value="9.5.0.217"/>
         <property name="browser" value="Chrome 131.0.0.0"/>
         <property name="hostAddress" value="127.0.0.1"/>
         <property name="sessionId" value="821daa8fbac26956c0d8158f1c439d42"/>
         <property name="seleniumVersion" value="3.141.59"/>
         <property name="proxyInformation" value="ProxyInformation { proxyOption=NO_PROXY, proxyServerType=HTTP, username=, password=********, proxyServerAddress=, proxyServerPort=0, executionList=&quot;&quot;, isApplyToDesiredCapabilities=true }"/>
         <property name="platform" value="Mac OS X"/>
      </properties>
      <testcase name="Test Cases/Web_Utilities_TestCases/Validations/TC1_PrevalidationsAndConf" time="64.543" classname="Test Cases/Web_Utilities_TestCases/Validations/TC1_PrevalidationsAndConf" status="PASSED">
         <system-out><![CDATA[15-01-2025T10:38:19 - [TEST_CASE][PASSED] - Test Cases/Web_Utilities_TestCases/Validations/TC1_PrevalidationsAndConf: Test Cases/Web_Utilities_TestCases/Validations/TC1_PrevalidationsAndConf

15-01-2025T10:38:21 - [TEST_STEP][PASSED] - try: Send request successfully

15-01-2025T10:38:21 - [TEST_STEP][PASSED] - utils.openBrowserAndNavigateToPMT(): Navigate to 'https://dev1.payment.rccl.com/payment/utilities' successfully

15-01-2025T10:38:21 - [MESSAGE][INFO] - Starting 'Chrome' driver

15-01-2025T10:38:21 - [MESSAGE][INFO] - Action delay is set to 0 milliseconds

15-01-2025T10:38:23 - [MESSAGE][PASSED] - Browser is opened with url: ''

15-01-2025T10:38:23 - [MESSAGE][PASSED] - Current window maximized

15-01-2025T10:38:27 - [MESSAGE][PASSED] - Navigate to 'https://dev1.payment.rccl.com/payment/utilities' successfully

15-01-2025T10:38:27 - [TEST_STEP][PASSED] - driver = getWebDriver(): null

15-01-2025T10:38:27 - [TEST_STEP][PASSED] - EXCEL_PATH = "./Data Files/TestData.xlsx": null

15-01-2025T10:38:27 - [TEST_STEP][PASSED] - TAB = "Validations_Prevalidations&Conf": null

15-01-2025T10:38:27 - [TEST_STEP][PASSED] - utils.goToValidations(): null

15-01-2025T10:38:28 - [TEST_STEP][PASSED] - utils.selectEnvironment(ENV): null

15-01-2025T10:38:29 - [TEST_STEP][PASSED] - testdataFromExcel = getdata.fromExcel(EXCEL_PATH, TAB): null

15-01-2025T10:38:29 - [TEST_STEP][PASSED] - clickAuthorizePayment = xpath("//a[normalize-space()='Prevalidations and Conf']")).click(): null

15-01-2025T10:38:30 - [TEST_STEP][PASSED] - for ([TestScenarioNumber = 0, TestScenarioNumber < testdataFromExcel.size(), (TestScenarioNumber++)]): Send request successfully

15-01-2025T10:38:30 - [TEST_STEP][PASSED] - TestScenarioRequiresCreateBooking = testdataFromExcel["ExecuteBookingCreationFlag"][TestScenarioNumber]: null

15-01-2025T10:38:30 - [TEST_STEP][PASSED] - if (TestScenarioRequiresCreateBooking == "Yes"): Taking screenshot successfully

15-01-2025T10:38:30 - [TEST_STEP][PASSED] - sendRequestTextBox = driver.findElement(By.xpath("//input[@id='1']")): null

15-01-2025T10:38:30 - [TEST_STEP][PASSED] - responseTextBox = driver.findElement(By.xpath("/html[1]/body[1]/div[1]/main[1]/div[1]/section[1]/div[2]/div[1]/div[1]/div[2]/div[1]/div[1]/div[1]/form[1]/div[1]/div[1]/textarea[1]")): null

15-01-2025T10:38:30 - [TEST_STEP][PASSED] - sendRequestTextBox.clear(): null

15-01-2025T10:38:30 - [TEST_STEP][PASSED] - delay(5): Delayed 5 second(s)

15-01-2025T10:38:35 - [MESSAGE][PASSED] - Delayed 5 second(s)

15-01-2025T10:38:35 - [TEST_STEP][PASSED] - getBookingData = CreateAndRetrieveBooking.Data(EXCEL_PATH, TAB, TestScenarioNumber): Delayed 5 second(s)

15-01-2025T10:38:44 - [MESSAGE][INFO] - HAR: /Users/manilacel/Library/CloudStorage/OneDrive-RoyalCaribbeanGroup/PMT/Git/payment.web-utility-automation/payment.web-utility-automation/Reports/20250115_103617/PMT_Libraries/Validations/20250115_103620/requests/main/0.har

15-01-2025T10:38:45 - [MESSAGE][PASSED] - Send request successfully

15-01-2025T10:38:55 - [MESSAGE][PASSED] - Delayed 10 second(s)

15-01-2025T10:38:56 - [MESSAGE][INFO] - HAR: /Users/manilacel/Library/CloudStorage/OneDrive-RoyalCaribbeanGroup/PMT/Git/payment.web-utility-automation/payment.web-utility-automation/Reports/20250115_103617/PMT_Libraries/Validations/20250115_103620/requests/main/1.har

15-01-2025T10:38:56 - [MESSAGE][PASSED] - Send request successfully

15-01-2025T10:39:01 - [MESSAGE][PASSED] - Delayed 5 second(s)

15-01-2025T10:39:01 - [TEST_STEP][PASSED] - println(getBookingData["BookingId"]): null

15-01-2025T10:39:01 - [TEST_STEP][PASSED] - println(getBookingData["BookingAccessToken"]): null

15-01-2025T10:39:01 - [TEST_STEP][PASSED] - BookingId = getBookingData["BookingId"]: null

15-01-2025T10:39:01 - [TEST_STEP][PASSED] - BookingIdToBePassedRaw = testdataFromExcel["BookingId"][TestScenarioNumber]: null

15-01-2025T10:39:01 - [TEST_STEP][PASSED] - BookingIdToBePassed = BookingIdToBePassedRaw.replace("BookingId", BookingId): null

15-01-2025T10:39:01 - [TEST_STEP][PASSED] - sendRequestTextBox.sendKeys(BookingIdToBePassed): null

15-01-2025T10:39:01 - [TEST_STEP][PASSED] - println(BookingIdToBePassed): null

15-01-2025T10:39:01 - [TEST_STEP][PASSED] - utils.clickSendButton(): null

15-01-2025T10:39:01 - [TEST_STEP][PASSED] - delay(5): Delayed 5 second(s)

15-01-2025T10:39:06 - [MESSAGE][PASSED] - Delayed 5 second(s)

15-01-2025T10:39:06 - [TEST_STEP][PASSED] - cancelBookingRequest = findTestObject("CancelBooking"): null

15-01-2025T10:39:06 - [TEST_STEP][PASSED] - cancelBookingResponse = sendRequest(cancelBookingRequest): Send request successfully

15-01-2025T10:39:07 - [MESSAGE][INFO] - HAR: /Users/manilacel/Library/CloudStorage/OneDrive-RoyalCaribbeanGroup/PMT/Git/payment.web-utility-automation/payment.web-utility-automation/Reports/20250115_103617/PMT_Libraries/Validations/20250115_103620/requests/main/2.har

15-01-2025T10:39:07 - [MESSAGE][PASSED] - Send request successfully

15-01-2025T10:39:07 - [TEST_STEP][PASSED] - cancelBookingJsonResponse = JsonSlurper().parseText(cancelBookingResponse.getResponseText()): null

15-01-2025T10:39:07 - [TEST_STEP][PASSED] - println(cancelBookingJsonResponse): null

15-01-2025T10:39:07 - [TEST_STEP][PASSED] - response = responseTextBox.getText(): null

15-01-2025T10:39:07 - [TEST_STEP][PASSED] - validationString = testdataFromExcel["Validation"][TestScenarioNumber]: null

15-01-2025T10:39:07 - [TEST_STEP][PASSED] - assert response.contains(validationString): null

15-01-2025T10:39:07 - [TEST_STEP][PASSED] - println("Test Scenario Number: " + TestScenarioNumber + 1): null

15-01-2025T10:39:07 - [TEST_STEP][PASSED] - takeFullPageScreenshotAsCheckpoint("Sample Visual Screenshot"): Taking screenshot successfully

15-01-2025T10:39:08 - [MESSAGE][INFO] - 0 hidden object(s)

15-01-2025T10:39:09 - [MESSAGE][PASSED] - Taking screenshot successfully
[[ATTACHMENT|keyes/keyes-Sample Visual Screenshot.png]]

15-01-2025T10:39:09 - [TEST_STEP][PASSED] - TestScenarioRequiresCreateBooking = testdataFromExcel["ExecuteBookingCreationFlag"][TestScenarioNumber]: null

15-01-2025T10:39:09 - [TEST_STEP][PASSED] - if (TestScenarioRequiresCreateBooking == "Yes"): Send request successfully

15-01-2025T10:39:09 - [TEST_STEP][PASSED] - sendRequestTextBox = driver.findElement(By.xpath("//input[@id='1']")): null

15-01-2025T10:39:09 - [TEST_STEP][PASSED] - responseTextBox = driver.findElement(By.xpath("/html[1]/body[1]/div[1]/main[1]/div[1]/section[1]/div[2]/div[1]/div[1]/div[2]/div[1]/div[1]/div[1]/form[1]/div[1]/div[1]/textarea[1]")): null

15-01-2025T10:39:09 - [TEST_STEP][PASSED] - sendRequestTextBox.clear(): null

15-01-2025T10:39:09 - [TEST_STEP][PASSED] - delay(5): Delayed 5 second(s)

15-01-2025T10:39:14 - [MESSAGE][PASSED] - Delayed 5 second(s)

15-01-2025T10:39:14 - [TEST_STEP][PASSED] - getBookingData = CreateAndRetrieveBooking.Data(EXCEL_PATH, TAB, TestScenarioNumber): Send request successfully

15-01-2025T10:39:19 - [MESSAGE][INFO] - HAR: /Users/manilacel/Library/CloudStorage/OneDrive-RoyalCaribbeanGroup/PMT/Git/payment.web-utility-automation/payment.web-utility-automation/Reports/20250115_103617/PMT_Libraries/Validations/20250115_103620/requests/main/3.har

15-01-2025T10:39:19 - [MESSAGE][PASSED] - Send request successfully

15-01-2025T10:39:19 - [TEST_STEP][PASSED] - catch (Exception e): null

15-01-2025T10:39:19 - [TEST_STEP][PASSED] - println(An unexpected error occurred: $e.message): null

15-01-2025T10:39:19 - [TEST_STEP][PASSED] - e.printStackTrace(): null

15-01-2025T10:39:19 - [TEST_STEP][PASSED] - Finally: Browser is closed

15-01-2025T10:39:19 - [TEST_STEP][PASSED] - utils.closeBrowser(): Browser is closed

15-01-2025T10:39:21 - [MESSAGE][PASSED] - Delayed 2 second(s)

15-01-2025T10:39:21 - [MESSAGE][PASSED] - Browser is closed

15-01-2025T10:39:23 - [TEST_STEP][PASSED] - Video: Video recording for test case 'Test Cases/Web_Utilities_TestCases/Validations/TC1_PrevalidationsAndConf' .

15-01-2025T10:39:23 - [MESSAGE][INFO] - Video recording for test case 'Test Cases/Web_Utilities_TestCases/Validations/TC1_PrevalidationsAndConf' .]]></system-out>
         <system-err><![CDATA[]]></system-err>
      </testcase>
      <testcase name="Test Cases/Web_Utilities_TestCases/Validations/TC2_PrevalidationsByCtryOrCurr" time="34.478" classname="Test Cases/Web_Utilities_TestCases/Validations/TC2_PrevalidationsByCtryOrCurr" status="PASSED">
         <system-out><![CDATA[15-01-2025T10:39:23 - [TEST_CASE][PASSED] - Test Cases/Web_Utilities_TestCases/Validations/TC2_PrevalidationsByCtryOrCurr: Test Cases/Web_Utilities_TestCases/Validations/TC2_PrevalidationsByCtryOrCurr

15-01-2025T10:39:24 - [TEST_STEP][PASSED] - try: null

15-01-2025T10:39:24 - [TEST_STEP][PASSED] - utils.openBrowserAndNavigateToPMT(): Navigate to 'https://dev1.payment.rccl.com/payment/utilities' successfully

15-01-2025T10:39:24 - [MESSAGE][INFO] - Starting 'Chrome' driver

15-01-2025T10:39:24 - [MESSAGE][INFO] - Action delay is set to 0 milliseconds

15-01-2025T10:39:25 - [MESSAGE][PASSED] - Browser is opened with url: ''

15-01-2025T10:39:25 - [MESSAGE][PASSED] - Current window maximized

15-01-2025T10:39:29 - [MESSAGE][PASSED] - Navigate to 'https://dev1.payment.rccl.com/payment/utilities' successfully

15-01-2025T10:39:29 - [TEST_STEP][PASSED] - driver = getWebDriver(): null

15-01-2025T10:39:29 - [TEST_STEP][PASSED] - EXCEL_PATH = "./Data Files/TestData.xlsx": null

15-01-2025T10:39:29 - [TEST_STEP][PASSED] - TAB = "Validations_ByCtryOrCurr": null

15-01-2025T10:39:29 - [TEST_STEP][PASSED] - testdataFromExcel = getdata.fromExcel(EXCEL_PATH, TAB): null

15-01-2025T10:39:29 - [TEST_STEP][PASSED] - utils.goToValidations(): null

15-01-2025T10:39:31 - [TEST_STEP][PASSED] - utils.selectEnvironment(ENV): null

15-01-2025T10:39:31 - [TEST_STEP][PASSED] - clickAuthorizePayment = xpath("//a[normalize-space()='Prevalidations by Ctry/Curr']")).click(): null

15-01-2025T10:39:32 - [TEST_STEP][PASSED] - countryInput = driver.findElement(By.xpath("//input[@id='country']")): null

15-01-2025T10:39:32 - [TEST_STEP][PASSED] - currencyInput = driver.findElement(By.xpath("//input[@id='currency']")): null

15-01-2025T10:39:32 - [TEST_STEP][PASSED] - responseTextBox = driver.findElement(By.xpath("/html[1]/body[1]/div[1]/main[1]/div[1]/section[1]/div[2]/div[1]/div[1]/div[2]/div[1]/div[1]/div[1]/form[1]/div[1]/div[1]/textarea[1]")): null

15-01-2025T10:39:33 - [TEST_STEP][PASSED] - for ([TestScenarioNumber = 0, TestScenarioNumber < testdataFromExcel.size() - 1, (TestScenarioNumber++)]): null

15-01-2025T10:39:33 - [TEST_STEP][PASSED] - delay(5): Delayed 5 second(s)

15-01-2025T10:39:38 - [MESSAGE][PASSED] - Delayed 5 second(s)

15-01-2025T10:39:38 - [TEST_STEP][PASSED] - countryInput.clear(): null

15-01-2025T10:39:38 - [TEST_STEP][PASSED] - currencyInput.clear(): null

15-01-2025T10:39:38 - [TEST_STEP][PASSED] - countryData = testdataFromExcel["Country"][TestScenarioNumber]: null

15-01-2025T10:39:38 - [TEST_STEP][PASSED] - currencyData = testdataFromExcel["Currency"][TestScenarioNumber]: null

15-01-2025T10:39:38 - [TEST_STEP][PASSED] - println(countryData): null

15-01-2025T10:39:38 - [TEST_STEP][PASSED] - println(currencyData): null

15-01-2025T10:39:38 - [TEST_STEP][PASSED] - countryInput.sendKeys(countryData): null

15-01-2025T10:39:38 - [TEST_STEP][PASSED] - currencyInput.sendKeys(currencyData): null

15-01-2025T10:39:38 - [TEST_STEP][PASSED] - utils.clickSendButton(): null

15-01-2025T10:39:38 - [TEST_STEP][PASSED] - delay(5): Delayed 5 second(s)

15-01-2025T10:39:43 - [MESSAGE][PASSED] - Delayed 5 second(s)

15-01-2025T10:39:43 - [TEST_STEP][PASSED] - response = responseTextBox.getText(): null

15-01-2025T10:39:43 - [TEST_STEP][PASSED] - println(response): null

15-01-2025T10:39:43 - [TEST_STEP][PASSED] - validationString = testdataFromExcel["Validation"][TestScenarioNumber]: null

15-01-2025T10:39:43 - [TEST_STEP][PASSED] - assert response.contains(validationString): null

15-01-2025T10:39:43 - [TEST_STEP][PASSED] - println("Test Scenario Number: " + TestScenarioNumber + 1): null

15-01-2025T10:39:43 - [TEST_STEP][PASSED] - delay(5): Delayed 5 second(s)

15-01-2025T10:39:48 - [MESSAGE][PASSED] - Delayed 5 second(s)

15-01-2025T10:39:48 - [TEST_STEP][PASSED] - countryInput.clear(): null

15-01-2025T10:39:48 - [TEST_STEP][PASSED] - currencyInput.clear(): null

15-01-2025T10:39:48 - [TEST_STEP][PASSED] - countryData = testdataFromExcel["Country"][TestScenarioNumber]: null

15-01-2025T10:39:48 - [TEST_STEP][PASSED] - currencyData = testdataFromExcel["Currency"][TestScenarioNumber]: null

15-01-2025T10:39:48 - [TEST_STEP][PASSED] - println(countryData): null

15-01-2025T10:39:48 - [TEST_STEP][PASSED] - println(currencyData): null

15-01-2025T10:39:48 - [TEST_STEP][PASSED] - countryInput.sendKeys(countryData): null

15-01-2025T10:39:48 - [TEST_STEP][PASSED] - currencyInput.sendKeys(currencyData): null

15-01-2025T10:39:48 - [TEST_STEP][PASSED] - utils.clickSendButton(): null

15-01-2025T10:39:49 - [TEST_STEP][PASSED] - delay(5): Delayed 5 second(s)

15-01-2025T10:39:54 - [MESSAGE][PASSED] - Delayed 5 second(s)

15-01-2025T10:39:54 - [TEST_STEP][PASSED] - response = responseTextBox.getText(): null

15-01-2025T10:39:54 - [TEST_STEP][PASSED] - println(response): null

15-01-2025T10:39:54 - [TEST_STEP][PASSED] - validationString = testdataFromExcel["Validation"][TestScenarioNumber]: null

15-01-2025T10:39:54 - [TEST_STEP][PASSED] - assert response.contains(validationString): null

15-01-2025T10:39:54 - [TEST_STEP][PASSED] - println("Test Scenario Number: " + TestScenarioNumber + 1): null

15-01-2025T10:39:54 - [TEST_STEP][PASSED] - Finally: Browser is closed

15-01-2025T10:39:54 - [TEST_STEP][PASSED] - utils.closeBrowser(): Browser is closed

15-01-2025T10:39:56 - [MESSAGE][PASSED] - Delayed 2 second(s)

15-01-2025T10:39:56 - [MESSAGE][PASSED] - Browser is closed

15-01-2025T10:39:58 - [TEST_STEP][PASSED] - Video: Video recording for test case 'Test Cases/Web_Utilities_TestCases/Validations/TC2_PrevalidationsByCtryOrCurr' .

15-01-2025T10:39:58 - [MESSAGE][INFO] - Video recording for test case 'Test Cases/Web_Utilities_TestCases/Validations/TC2_PrevalidationsByCtryOrCurr' .]]></system-out>
         <system-err><![CDATA[]]></system-err>
      </testcase>
      <system-out><![CDATA[15-01-2025T10:38:19 - [TEST_SUITE][PASSED] - Validations: Test Cases/Web_Utilities_TestCases/Validations/TC2_PrevalidationsByCtryOrCurr]]></system-out>
      <system-err><![CDATA[]]></system-err>
   </testsuite>
</testsuites>
