<?xml version="1.0" encoding="UTF-8"?>
<testsuites name="GiftCard" time="134.52" tests="1" failures="0" errors="0">
   <testsuite name="GiftCard" tests="1" failures="0" errors="0" time="134.52" skipped="0" timestamp="04-10-2024T10:14:18" hostname="manilacel - localhost" id="Test Suites/PMT_Libraries/GiftCard">
      <properties>
         <property name="deviceName" value=""/>
         <property name="devicePlatform"/>
         <property name="logFolder" value="/Users/manilacel/Library/CloudStorage/OneDrive-RoyalCaribbeanGroup/PMT/Git/RestructuredScript/TestingFolder/Reports/20241004_101357/PMT_Libraries/GiftCard/20241004_101404"/>
         <property name="logFiles" value="/Users/manilacel/Library/CloudStorage/OneDrive-RoyalCaribbeanGroup/PMT/Git/RestructuredScript/TestingFolder/Reports/20241004_101357/PMT_Libraries/GiftCard/20241004_101404/execution0.log"/>
         <property name="attachments" value="keyes/keyes-Sample Visual Screenshot.png, keyes/keyes-Sample Visual Screenshot.png, keyes/keyes-Sample Visual Screenshot.png, keyes/keyes-Sample Visual Screenshot.png, keyes/keyes-Sample Visual Screenshot.png"/>
         <property name="hostName" value="manilacel - localhost"/>
         <property name="os" value="Mac OS X 64bit"/>
         <property name="katalonVersion" value="9.5.0.217"/>
         <property name="browser" value="Chrome 129.0.0.0"/>
         <property name="hostAddress" value="127.0.0.1"/>
         <property name="sessionId" value="adbe769c2f5257557b1aef52d24eccea"/>
         <property name="seleniumVersion" value="3.141.59"/>
         <property name="proxyInformation" value="ProxyInformation { proxyOption=NO_PROXY, proxyServerType=HTTP, username=, password=********, proxyServerAddress=, proxyServerPort=0, executionList=&quot;&quot;, isApplyToDesiredCapabilities=true }"/>
         <property name="platform" value="Mac OS X"/>
      </properties>
      <testcase name="Test Cases/Web_Utilities_TestCases/GiftCard/TC1_GiftCard_GetBalance" time="134.189" classname="Test Cases/Web_Utilities_TestCases/GiftCard/TC1_GiftCard_GetBalance" status="PASSED">
         <system-out><![CDATA[04-10-2024T10:14:19 - [TEST_CASE][PASSED] - Test Cases/Web_Utilities_TestCases/GiftCard/TC1_GiftCard_GetBalance: Test Cases/Web_Utilities_TestCases/GiftCard/TC1_GiftCard_GetBalance

04-10-2024T10:14:26 - [TEST_STEP][PASSED] - try: null

04-10-2024T10:14:26 - [TEST_STEP][PASSED] - utils.openBrowserAndNavigateToPMT(): Navigate to 'https://dev1.payment.rccl.com/payment/utilities' successfully

04-10-2024T10:14:27 - [MESSAGE][INFO] - Starting 'Chrome' driver

04-10-2024T10:14:27 - [MESSAGE][INFO] - Action delay is set to 0 milliseconds

04-10-2024T10:14:38 - [MESSAGE][PASSED] - Browser is opened with url: ''

04-10-2024T10:14:38 - [MESSAGE][PASSED] - Current window maximized

04-10-2024T10:14:44 - [MESSAGE][PASSED] - Navigate to 'https://dev1.payment.rccl.com/payment/utilities' successfully

04-10-2024T10:14:44 - [TEST_STEP][PASSED] - EXCEL_PATH = "./Data Files/TestData.xlsx": null

04-10-2024T10:14:44 - [TEST_STEP][PASSED] - TAB = "GiftCards": null

04-10-2024T10:14:44 - [TEST_STEP][PASSED] - driver = getWebDriver(): null

04-10-2024T10:14:44 - [TEST_STEP][PASSED] - utils.goToGiftCards(): null

04-10-2024T10:14:45 - [TEST_STEP][PASSED] - utils.selectEnvironment(ENV): null

04-10-2024T10:14:48 - [TEST_STEP][PASSED] - sendRequestTextBox = driver.findElement(By.xpath("//textarea[@name='req']")): null

04-10-2024T10:14:48 - [TEST_STEP][PASSED] - testdata = getdata.fromExcel(EXCEL_PATH, "GiftCards"): null

04-10-2024T10:14:51 - [TEST_STEP][PASSED] - for ([i = 0, i < testdata.size(), (i++)]): null

04-10-2024T10:14:51 - [TEST_STEP][PASSED] - delay(5): Delayed 5 second(s)

04-10-2024T10:14:56 - [MESSAGE][PASSED] - Delayed 5 second(s)

04-10-2024T10:14:56 - [TEST_STEP][PASSED] - sendRequestTextBox.clear(): null

04-10-2024T10:14:56 - [TEST_STEP][PASSED] - cardNumber = testdata["cardNumber"][i]: null

04-10-2024T10:14:56 - [TEST_STEP][PASSED] - CNumber = cardNumber.replaceAll("\.0$", ""): null

04-10-2024T10:14:56 - [TEST_STEP][PASSED] - expirationMonth = testdata["expirationMonth"][i]: null

04-10-2024T10:14:56 - [TEST_STEP][PASSED] - xMonth = expirationMonth.replaceAll("\.0$", ""): null

04-10-2024T10:14:56 - [TEST_STEP][PASSED] - expirationYear = testdata["expirationYear"][i]: null

04-10-2024T10:14:56 - [TEST_STEP][PASSED] - xYear = expirationYear.replaceAll("\.0$", ""): null

04-10-2024T10:14:56 - [TEST_STEP][PASSED] - securityCode = testdata["securityCode"][i]: null

04-10-2024T10:14:56 - [TEST_STEP][PASSED] - SC = securityCode.replaceAll("\.0$", ""): null

04-10-2024T10:14:56 - [TEST_STEP][PASSED] - request = {
			"cardNumber": "$cardNumber",
			"expirationMonth": "$expirationMonth",
			"expirationYear": "$expirationYear",
			"securityCode": "$securityCode"
			}: null

04-10-2024T10:14:56 - [TEST_STEP][PASSED] - restRequest = JsonSlurper().parseText(request): null

04-10-2024T10:14:57 - [TEST_STEP][PASSED] - prettyJson = JsonBuilder(restRequest).toPrettyString(): null

04-10-2024T10:14:57 - [TEST_STEP][PASSED] - println(prettyJson): null

04-10-2024T10:14:57 - [TEST_STEP][PASSED] - sendRequestTextBox.sendKeys(prettyJson): null

04-10-2024T10:14:58 - [TEST_STEP][PASSED] - utils.clickSendButton(): null

04-10-2024T10:14:58 - [TEST_STEP][PASSED] - takeFullPageScreenshotAsCheckpoint("Sample Visual Screenshot"): Taking screenshot successfully

04-10-2024T10:15:19 - [MESSAGE][INFO] - 0 hidden object(s)

04-10-2024T10:15:22 - [MESSAGE][PASSED] - Taking screenshot successfully
[[ATTACHMENT|keyes/keyes-Sample Visual Screenshot.png]]

04-10-2024T10:15:22 - [TEST_STEP][PASSED] - delay(3): Delayed 3 second(s)

04-10-2024T10:15:25 - [MESSAGE][PASSED] - Delayed 3 second(s)

04-10-2024T10:15:25 - [TEST_STEP][PASSED] - response = utils.getResponse(): null

04-10-2024T10:15:26 - [TEST_STEP][PASSED] - println(response): null

04-10-2024T10:15:26 - [TEST_STEP][PASSED] - validation1 = testdata["ContainsValidation"][i]: null

04-10-2024T10:15:26 - [TEST_STEP][PASSED] - println(validation1): null

04-10-2024T10:15:26 - [TEST_STEP][PASSED] - validation2 = testdata["NotContainsValidation"][i]: null

04-10-2024T10:15:26 - [TEST_STEP][PASSED] - println(validation2): null

04-10-2024T10:15:26 - [TEST_STEP][PASSED] - println(testdata["TCNumber"][i]): null

04-10-2024T10:15:26 - [TEST_STEP][PASSED] - assert response.contains(validation1): null

04-10-2024T10:15:26 - [TEST_STEP][PASSED] - assert response.contains(validation2) == false: null

04-10-2024T10:15:26 - [TEST_STEP][PASSED] - delay(5): Delayed 5 second(s)

04-10-2024T10:15:31 - [MESSAGE][PASSED] - Delayed 5 second(s)

04-10-2024T10:15:31 - [TEST_STEP][PASSED] - sendRequestTextBox.clear(): null

04-10-2024T10:15:31 - [TEST_STEP][PASSED] - cardNumber = testdata["cardNumber"][i]: null

04-10-2024T10:15:31 - [TEST_STEP][PASSED] - CNumber = cardNumber.replaceAll("\.0$", ""): null

04-10-2024T10:15:31 - [TEST_STEP][PASSED] - expirationMonth = testdata["expirationMonth"][i]: null

04-10-2024T10:15:31 - [TEST_STEP][PASSED] - xMonth = expirationMonth.replaceAll("\.0$", ""): null

04-10-2024T10:15:31 - [TEST_STEP][PASSED] - expirationYear = testdata["expirationYear"][i]: null

04-10-2024T10:15:31 - [TEST_STEP][PASSED] - xYear = expirationYear.replaceAll("\.0$", ""): null

04-10-2024T10:15:31 - [TEST_STEP][PASSED] - securityCode = testdata["securityCode"][i]: null

04-10-2024T10:15:31 - [TEST_STEP][PASSED] - SC = securityCode.replaceAll("\.0$", ""): null

04-10-2024T10:15:31 - [TEST_STEP][PASSED] - request = {
			"cardNumber": "$cardNumber",
			"expirationMonth": "$expirationMonth",
			"expirationYear": "$expirationYear",
			"securityCode": "$securityCode"
			}: null

04-10-2024T10:15:31 - [TEST_STEP][PASSED] - restRequest = JsonSlurper().parseText(request): null

04-10-2024T10:15:31 - [TEST_STEP][PASSED] - prettyJson = JsonBuilder(restRequest).toPrettyString(): null

04-10-2024T10:15:31 - [TEST_STEP][PASSED] - println(prettyJson): null

04-10-2024T10:15:31 - [TEST_STEP][PASSED] - sendRequestTextBox.sendKeys(prettyJson): null

04-10-2024T10:15:32 - [TEST_STEP][PASSED] - utils.clickSendButton(): null

04-10-2024T10:15:33 - [TEST_STEP][PASSED] - takeFullPageScreenshotAsCheckpoint("Sample Visual Screenshot"): Taking screenshot successfully

04-10-2024T10:15:38 - [MESSAGE][INFO] - 0 hidden object(s)

04-10-2024T10:15:39 - [MESSAGE][PASSED] - Taking screenshot successfully
[[ATTACHMENT|keyes/keyes-Sample Visual Screenshot.png]]

04-10-2024T10:15:39 - [TEST_STEP][PASSED] - delay(3): Delayed 3 second(s)

04-10-2024T10:15:42 - [MESSAGE][PASSED] - Delayed 3 second(s)

04-10-2024T10:15:42 - [TEST_STEP][PASSED] - response = utils.getResponse(): null

04-10-2024T10:15:42 - [TEST_STEP][PASSED] - println(response): null

04-10-2024T10:15:42 - [TEST_STEP][PASSED] - validation1 = testdata["ContainsValidation"][i]: null

04-10-2024T10:15:42 - [TEST_STEP][PASSED] - println(validation1): null

04-10-2024T10:15:42 - [TEST_STEP][PASSED] - validation2 = testdata["NotContainsValidation"][i]: null

04-10-2024T10:15:42 - [TEST_STEP][PASSED] - println(validation2): null

04-10-2024T10:15:42 - [TEST_STEP][PASSED] - println(testdata["TCNumber"][i]): null

04-10-2024T10:15:42 - [TEST_STEP][PASSED] - assert response.contains(validation1): null

04-10-2024T10:15:42 - [TEST_STEP][PASSED] - assert response.contains(validation2) == false: null

04-10-2024T10:15:42 - [TEST_STEP][PASSED] - delay(5): Delayed 5 second(s)

04-10-2024T10:15:47 - [MESSAGE][PASSED] - Delayed 5 second(s)

04-10-2024T10:15:47 - [TEST_STEP][PASSED] - sendRequestTextBox.clear(): null

04-10-2024T10:15:47 - [TEST_STEP][PASSED] - cardNumber = testdata["cardNumber"][i]: null

04-10-2024T10:15:47 - [TEST_STEP][PASSED] - CNumber = cardNumber.replaceAll("\.0$", ""): null

04-10-2024T10:15:47 - [TEST_STEP][PASSED] - expirationMonth = testdata["expirationMonth"][i]: null

04-10-2024T10:15:47 - [TEST_STEP][PASSED] - xMonth = expirationMonth.replaceAll("\.0$", ""): null

04-10-2024T10:15:47 - [TEST_STEP][PASSED] - expirationYear = testdata["expirationYear"][i]: null

04-10-2024T10:15:47 - [TEST_STEP][PASSED] - xYear = expirationYear.replaceAll("\.0$", ""): null

04-10-2024T10:15:47 - [TEST_STEP][PASSED] - securityCode = testdata["securityCode"][i]: null

04-10-2024T10:15:47 - [TEST_STEP][PASSED] - SC = securityCode.replaceAll("\.0$", ""): null

04-10-2024T10:15:47 - [TEST_STEP][PASSED] - request = {
			"cardNumber": "$cardNumber",
			"expirationMonth": "$expirationMonth",
			"expirationYear": "$expirationYear",
			"securityCode": "$securityCode"
			}: null

04-10-2024T10:15:47 - [TEST_STEP][PASSED] - restRequest = JsonSlurper().parseText(request): null

04-10-2024T10:15:47 - [TEST_STEP][PASSED] - prettyJson = JsonBuilder(restRequest).toPrettyString(): null

04-10-2024T10:15:47 - [TEST_STEP][PASSED] - println(prettyJson): null

04-10-2024T10:15:47 - [TEST_STEP][PASSED] - sendRequestTextBox.sendKeys(prettyJson): null

04-10-2024T10:15:48 - [TEST_STEP][PASSED] - utils.clickSendButton(): null

04-10-2024T10:15:48 - [TEST_STEP][PASSED] - takeFullPageScreenshotAsCheckpoint("Sample Visual Screenshot"): Taking screenshot successfully

04-10-2024T10:15:52 - [MESSAGE][INFO] - 0 hidden object(s)

04-10-2024T10:15:54 - [MESSAGE][PASSED] - Taking screenshot successfully
[[ATTACHMENT|keyes/keyes-Sample Visual Screenshot.png]]

04-10-2024T10:15:54 - [TEST_STEP][PASSED] - delay(3): Delayed 3 second(s)

04-10-2024T10:15:57 - [MESSAGE][PASSED] - Delayed 3 second(s)

04-10-2024T10:15:57 - [TEST_STEP][PASSED] - response = utils.getResponse(): null

04-10-2024T10:15:57 - [TEST_STEP][PASSED] - println(response): null

04-10-2024T10:15:57 - [TEST_STEP][PASSED] - validation1 = testdata["ContainsValidation"][i]: null

04-10-2024T10:15:57 - [TEST_STEP][PASSED] - println(validation1): null

04-10-2024T10:15:57 - [TEST_STEP][PASSED] - validation2 = testdata["NotContainsValidation"][i]: null

04-10-2024T10:15:57 - [TEST_STEP][PASSED] - println(validation2): null

04-10-2024T10:15:57 - [TEST_STEP][PASSED] - println(testdata["TCNumber"][i]): null

04-10-2024T10:15:57 - [TEST_STEP][PASSED] - assert response.contains(validation1): null

04-10-2024T10:15:57 - [TEST_STEP][PASSED] - assert response.contains(validation2) == false: null

04-10-2024T10:15:57 - [TEST_STEP][PASSED] - delay(5): Delayed 5 second(s)

04-10-2024T10:16:02 - [MESSAGE][PASSED] - Delayed 5 second(s)

04-10-2024T10:16:02 - [TEST_STEP][PASSED] - sendRequestTextBox.clear(): null

04-10-2024T10:16:02 - [TEST_STEP][PASSED] - cardNumber = testdata["cardNumber"][i]: null

04-10-2024T10:16:03 - [TEST_STEP][PASSED] - CNumber = cardNumber.replaceAll("\.0$", ""): null

04-10-2024T10:16:03 - [TEST_STEP][PASSED] - expirationMonth = testdata["expirationMonth"][i]: null

04-10-2024T10:16:03 - [TEST_STEP][PASSED] - xMonth = expirationMonth.replaceAll("\.0$", ""): null

04-10-2024T10:16:03 - [TEST_STEP][PASSED] - expirationYear = testdata["expirationYear"][i]: null

04-10-2024T10:16:03 - [TEST_STEP][PASSED] - xYear = expirationYear.replaceAll("\.0$", ""): null

04-10-2024T10:16:03 - [TEST_STEP][PASSED] - securityCode = testdata["securityCode"][i]: null

04-10-2024T10:16:03 - [TEST_STEP][PASSED] - SC = securityCode.replaceAll("\.0$", ""): null

04-10-2024T10:16:03 - [TEST_STEP][PASSED] - request = {
			"cardNumber": "$cardNumber",
			"expirationMonth": "$expirationMonth",
			"expirationYear": "$expirationYear",
			"securityCode": "$securityCode"
			}: null

04-10-2024T10:16:03 - [TEST_STEP][PASSED] - restRequest = JsonSlurper().parseText(request): null

04-10-2024T10:16:03 - [TEST_STEP][PASSED] - prettyJson = JsonBuilder(restRequest).toPrettyString(): null

04-10-2024T10:16:03 - [TEST_STEP][PASSED] - println(prettyJson): null

04-10-2024T10:16:03 - [TEST_STEP][PASSED] - sendRequestTextBox.sendKeys(prettyJson): null

04-10-2024T10:16:03 - [TEST_STEP][PASSED] - utils.clickSendButton(): null

04-10-2024T10:16:03 - [TEST_STEP][PASSED] - takeFullPageScreenshotAsCheckpoint("Sample Visual Screenshot"): Taking screenshot successfully

04-10-2024T10:16:07 - [MESSAGE][INFO] - 0 hidden object(s)

04-10-2024T10:16:08 - [MESSAGE][PASSED] - Taking screenshot successfully
[[ATTACHMENT|keyes/keyes-Sample Visual Screenshot.png]]

04-10-2024T10:16:08 - [TEST_STEP][PASSED] - delay(3): Delayed 3 second(s)

04-10-2024T10:16:11 - [MESSAGE][PASSED] - Delayed 3 second(s)

04-10-2024T10:16:11 - [TEST_STEP][PASSED] - response = utils.getResponse(): null

04-10-2024T10:16:11 - [TEST_STEP][PASSED] - println(response): null

04-10-2024T10:16:12 - [TEST_STEP][PASSED] - validation1 = testdata["ContainsValidation"][i]: null

04-10-2024T10:16:12 - [TEST_STEP][PASSED] - println(validation1): null

04-10-2024T10:16:12 - [TEST_STEP][PASSED] - validation2 = testdata["NotContainsValidation"][i]: null

04-10-2024T10:16:12 - [TEST_STEP][PASSED] - println(validation2): null

04-10-2024T10:16:12 - [TEST_STEP][PASSED] - println(testdata["TCNumber"][i]): null

04-10-2024T10:16:12 - [TEST_STEP][PASSED] - assert response.contains(validation1): null

04-10-2024T10:16:12 - [TEST_STEP][PASSED] - assert response.contains(validation2) == false: null

04-10-2024T10:16:12 - [TEST_STEP][PASSED] - delay(5): Delayed 5 second(s)

04-10-2024T10:16:17 - [MESSAGE][PASSED] - Delayed 5 second(s)

04-10-2024T10:16:17 - [TEST_STEP][PASSED] - sendRequestTextBox.clear(): null

04-10-2024T10:16:17 - [TEST_STEP][PASSED] - cardNumber = testdata["cardNumber"][i]: null

04-10-2024T10:16:17 - [TEST_STEP][PASSED] - CNumber = cardNumber.replaceAll("\.0$", ""): null

04-10-2024T10:16:17 - [TEST_STEP][PASSED] - expirationMonth = testdata["expirationMonth"][i]: null

04-10-2024T10:16:17 - [TEST_STEP][PASSED] - xMonth = expirationMonth.replaceAll("\.0$", ""): null

04-10-2024T10:16:17 - [TEST_STEP][PASSED] - expirationYear = testdata["expirationYear"][i]: null

04-10-2024T10:16:17 - [TEST_STEP][PASSED] - xYear = expirationYear.replaceAll("\.0$", ""): null

04-10-2024T10:16:17 - [TEST_STEP][PASSED] - securityCode = testdata["securityCode"][i]: null

04-10-2024T10:16:17 - [TEST_STEP][PASSED] - SC = securityCode.replaceAll("\.0$", ""): null

04-10-2024T10:16:17 - [TEST_STEP][PASSED] - request = {
			"cardNumber": "$cardNumber",
			"expirationMonth": "$expirationMonth",
			"expirationYear": "$expirationYear",
			"securityCode": "$securityCode"
			}: null

04-10-2024T10:16:17 - [TEST_STEP][PASSED] - restRequest = JsonSlurper().parseText(request): null

04-10-2024T10:16:17 - [TEST_STEP][PASSED] - prettyJson = JsonBuilder(restRequest).toPrettyString(): null

04-10-2024T10:16:17 - [TEST_STEP][PASSED] - println(prettyJson): null

04-10-2024T10:16:17 - [TEST_STEP][PASSED] - sendRequestTextBox.sendKeys(prettyJson): null

04-10-2024T10:16:17 - [TEST_STEP][PASSED] - utils.clickSendButton(): null

04-10-2024T10:16:17 - [TEST_STEP][PASSED] - takeFullPageScreenshotAsCheckpoint("Sample Visual Screenshot"): Taking screenshot successfully

04-10-2024T10:16:23 - [MESSAGE][INFO] - 0 hidden object(s)

04-10-2024T10:16:25 - [MESSAGE][PASSED] - Taking screenshot successfully
[[ATTACHMENT|keyes/keyes-Sample Visual Screenshot.png]]

04-10-2024T10:16:25 - [TEST_STEP][PASSED] - delay(3): Delayed 3 second(s)

04-10-2024T10:16:28 - [MESSAGE][PASSED] - Delayed 3 second(s)

04-10-2024T10:16:28 - [TEST_STEP][PASSED] - response = utils.getResponse(): null

04-10-2024T10:16:28 - [TEST_STEP][PASSED] - println(response): null

04-10-2024T10:16:28 - [TEST_STEP][PASSED] - validation1 = testdata["ContainsValidation"][i]: null

04-10-2024T10:16:28 - [TEST_STEP][PASSED] - println(validation1): null

04-10-2024T10:16:28 - [TEST_STEP][PASSED] - validation2 = testdata["NotContainsValidation"][i]: null

04-10-2024T10:16:28 - [TEST_STEP][PASSED] - println(validation2): null

04-10-2024T10:16:28 - [TEST_STEP][PASSED] - println(testdata["TCNumber"][i]): null

04-10-2024T10:16:28 - [TEST_STEP][PASSED] - assert response.contains(validation1): null

04-10-2024T10:16:28 - [TEST_STEP][PASSED] - assert response.contains(validation2) == false: null

04-10-2024T10:16:28 - [TEST_STEP][PASSED] - Finally: Browser is closed

04-10-2024T10:16:28 - [TEST_STEP][PASSED] - utils.closeBrowser(): Browser is closed

04-10-2024T10:16:30 - [MESSAGE][PASSED] - Delayed 2 second(s)

04-10-2024T10:16:31 - [MESSAGE][PASSED] - Browser is closed

04-10-2024T10:16:33 - [TEST_STEP][PASSED] - Video: Video recording for test case 'Test Cases/Web_Utilities_TestCases/GiftCard/TC1_GiftCard_GetBalance' .

04-10-2024T10:16:33 - [MESSAGE][INFO] - Video recording for test case 'Test Cases/Web_Utilities_TestCases/GiftCard/TC1_GiftCard_GetBalance' .]]></system-out>
         <system-err><![CDATA[]]></system-err>
      </testcase>
      <system-out><![CDATA[04-10-2024T10:14:18 - [TEST_SUITE][PASSED] - GiftCard: Test Cases/Web_Utilities_TestCases/GiftCard/TC1_GiftCard_GetBalance]]></system-out>
      <system-err><![CDATA[]]></system-err>
   </testsuite>
</testsuites>
