<?xml version="1.0" encoding="UTF-8"?>
<testsuites name="Validations" time="60.678" tests="2" failures="0" errors="0">
   <testsuite name="Validations" tests="2" failures="0" errors="0" time="60.678" skipped="0" timestamp="19-09-2024T10:01:09" hostname="manilacel - localhost" id="Test Suites/PMT_Libraries/Validations">
      <properties>
         <property name="deviceName" value=""/>
         <property name="devicePlatform"/>
         <property name="logFolder" value="/Users/manilacel/Library/CloudStorage/OneDrive-RoyalCaribbeanGroup/PMT/Git/RestructuredScript/TestingFolder/Reports/20240919_100106/PMT_Libraries/Validations/20240919_100106"/>
         <property name="logFiles" value="/Users/manilacel/Library/CloudStorage/OneDrive-RoyalCaribbeanGroup/PMT/Git/RestructuredScript/TestingFolder/Reports/20240919_100106/PMT_Libraries/Validations/20240919_100106/execution0.log"/>
         <property name="attachments" value=""/>
         <property name="hostName" value="manilacel - localhost"/>
         <property name="os" value="Mac OS X 64bit"/>
         <property name="katalonVersion" value="9.5.0.217"/>
         <property name="browser" value="Chrome 128.0.0.0"/>
         <property name="hostAddress" value="127.0.0.1"/>
         <property name="sessionId" value="42d9ed6b8c1959b389d0f85c26e6df88"/>
         <property name="seleniumVersion" value="3.141.59"/>
         <property name="proxyInformation" value="ProxyInformation { proxyOption=NO_PROXY, proxyServerType=HTTP, username=, password=********, proxyServerAddress=, proxyServerPort=0, executionList=&quot;&quot;, isApplyToDesiredCapabilities=true }"/>
         <property name="platform" value="Mac OS X"/>
      </properties>
      <testcase name="Test Cases/Web_Utilities_TestCases/Validations/TC1_PrevalidationsAndConf" time="26.656" classname="Test Cases/Web_Utilities_TestCases/Validations/TC1_PrevalidationsAndConf" status="PASSED">
         <system-out><![CDATA[19-09-2024T10:01:09 - [TEST_CASE][PASSED] - Test Cases/Web_Utilities_TestCases/Validations/TC1_PrevalidationsAndConf: Test Cases/Web_Utilities_TestCases/Validations/TC1_PrevalidationsAndConf

19-09-2024T10:01:10 - [TEST_STEP][PASSED] - try: Send request successfully

19-09-2024T10:01:10 - [TEST_STEP][PASSED] - utils.openBrowserAndNavigateToPMT(): Navigate to 'https://dev1.payment.rccl.com/payment/utilities' successfully

19-09-2024T10:01:10 - [MESSAGE][INFO] - Starting 'Chrome' driver

19-09-2024T10:01:10 - [MESSAGE][INFO] - Action delay is set to 0 milliseconds

19-09-2024T10:01:13 - [MESSAGE][PASSED] - Browser is opened with url: ''

19-09-2024T10:01:13 - [MESSAGE][PASSED] - Current window maximized

19-09-2024T10:01:16 - [MESSAGE][PASSED] - Navigate to 'https://dev1.payment.rccl.com/payment/utilities' successfully

19-09-2024T10:01:16 - [TEST_STEP][PASSED] - driver = getWebDriver(): null

19-09-2024T10:01:16 - [TEST_STEP][PASSED] - EXCEL_PATH = "./Data Files/TestData.xlsx": null

19-09-2024T10:01:16 - [TEST_STEP][PASSED] - TAB = "Validations_Prevalidations&Conf": null

19-09-2024T10:01:16 - [TEST_STEP][PASSED] - utils.goToValidations(): null

19-09-2024T10:01:17 - [TEST_STEP][PASSED] - utils.selectEnvironment(ENV): null

19-09-2024T10:01:18 - [TEST_STEP][PASSED] - testdataFromExcel = getdata.fromExcel(EXCEL_PATH, TAB): null

19-09-2024T10:01:19 - [TEST_STEP][PASSED] - clickAuthorizePayment = xpath("//a[normalize-space()='Prevalidations and Conf']")).click(): null

19-09-2024T10:01:19 - [TEST_STEP][PASSED] - for ([TestScenarioNumber = 0, TestScenarioNumber < testdataFromExcel.size(), (TestScenarioNumber++)]): Send request successfully

19-09-2024T10:01:19 - [TEST_STEP][PASSED] - TestScenarioRequiresCreateBooking = testdataFromExcel["ExecuteBookingCreationFlag"][TestScenarioNumber]: null

19-09-2024T10:01:19 - [TEST_STEP][PASSED] - if (TestScenarioRequiresCreateBooking == "Yes"): Send request successfully

19-09-2024T10:01:19 - [TEST_STEP][PASSED] - sendRequestTextBox = driver.findElement(By.xpath("//input[@id='1']")): null

19-09-2024T10:01:19 - [TEST_STEP][PASSED] - responseTextBox = driver.findElement(By.xpath("/html[1]/body[1]/div[1]/main[1]/div[1]/section[1]/div[2]/div[1]/div[1]/div[2]/div[1]/div[1]/div[1]/form[1]/div[1]/div[1]/textarea[1]")): null

19-09-2024T10:01:20 - [TEST_STEP][PASSED] - sendRequestTextBox.clear(): null

19-09-2024T10:01:20 - [TEST_STEP][PASSED] - delay(5): Delayed 5 second(s)

19-09-2024T10:01:25 - [MESSAGE][PASSED] - Delayed 5 second(s)

19-09-2024T10:01:25 - [TEST_STEP][PASSED] - getBookingData = CreateAndRetrieveBooking.Data(EXCEL_PATH, TAB, TestScenarioNumber): Send request successfully

19-09-2024T10:01:33 - [MESSAGE][INFO] - HAR: /Users/manilacel/Library/CloudStorage/OneDrive-RoyalCaribbeanGroup/PMT/Git/RestructuredScript/TestingFolder/Reports/20240919_100106/PMT_Libraries/Validations/20240919_100106/requests/main/0.har

19-09-2024T10:01:33 - [MESSAGE][PASSED] - Send request successfully

19-09-2024T10:01:33 - [TEST_STEP][PASSED] - catch (Exception e): null

19-09-2024T10:01:33 - [TEST_STEP][PASSED] - println(An unexpected error occurred: $e.message): null

19-09-2024T10:01:33 - [TEST_STEP][PASSED] - e.printStackTrace(): null

19-09-2024T10:01:33 - [TEST_STEP][PASSED] - Finally: Browser is closed

19-09-2024T10:01:33 - [TEST_STEP][PASSED] - utils.closeBrowser(): Browser is closed

19-09-2024T10:01:35 - [MESSAGE][PASSED] - Delayed 2 second(s)

19-09-2024T10:01:36 - [MESSAGE][PASSED] - Browser is closed]]></system-out>
         <system-err><![CDATA[]]></system-err>
      </testcase>
      <testcase name="Test Cases/Web_Utilities_TestCases/Validations/TC2_PrevalidationsByCtryOrCurr" time="33.894" classname="Test Cases/Web_Utilities_TestCases/Validations/TC2_PrevalidationsByCtryOrCurr" status="PASSED">
         <system-out><![CDATA[19-09-2024T10:01:36 - [TEST_CASE][PASSED] - Test Cases/Web_Utilities_TestCases/Validations/TC2_PrevalidationsByCtryOrCurr: Test Cases/Web_Utilities_TestCases/Validations/TC2_PrevalidationsByCtryOrCurr

19-09-2024T10:01:36 - [TEST_STEP][PASSED] - try: null

19-09-2024T10:01:36 - [TEST_STEP][PASSED] - utils.openBrowserAndNavigateToPMT(): Navigate to 'https://dev1.payment.rccl.com/payment/utilities' successfully

19-09-2024T10:01:36 - [MESSAGE][INFO] - Starting 'Chrome' driver

19-09-2024T10:01:36 - [MESSAGE][INFO] - Action delay is set to 0 milliseconds

19-09-2024T10:01:37 - [MESSAGE][PASSED] - Browser is opened with url: ''

19-09-2024T10:01:38 - [MESSAGE][PASSED] - Current window maximized

19-09-2024T10:01:41 - [MESSAGE][PASSED] - Navigate to 'https://dev1.payment.rccl.com/payment/utilities' successfully

19-09-2024T10:01:41 - [TEST_STEP][PASSED] - driver = getWebDriver(): null

19-09-2024T10:01:41 - [TEST_STEP][PASSED] - EXCEL_PATH = "./Data Files/TestData.xlsx": null

19-09-2024T10:01:41 - [TEST_STEP][PASSED] - TAB = "Validations_ByCtryOrCurr": null

19-09-2024T10:01:41 - [TEST_STEP][PASSED] - testdataFromExcel = getdata.fromExcel(EXCEL_PATH, TAB): null

19-09-2024T10:01:41 - [TEST_STEP][PASSED] - utils.goToValidations(): null

19-09-2024T10:01:44 - [TEST_STEP][PASSED] - utils.selectEnvironment(ENV): null

19-09-2024T10:01:45 - [TEST_STEP][PASSED] - clickAuthorizePayment = xpath("//a[normalize-space()='Prevalidations by Ctry/Curr']")).click(): null

19-09-2024T10:01:45 - [TEST_STEP][PASSED] - countryInput = driver.findElement(By.xpath("//input[@id='country']")): null

19-09-2024T10:01:46 - [TEST_STEP][PASSED] - currencyInput = driver.findElement(By.xpath("//input[@id='currency']")): null

19-09-2024T10:01:46 - [TEST_STEP][PASSED] - responseTextBox = driver.findElement(By.xpath("/html[1]/body[1]/div[1]/main[1]/div[1]/section[1]/div[2]/div[1]/div[1]/div[2]/div[1]/div[1]/div[1]/form[1]/div[1]/div[1]/textarea[1]")): null

19-09-2024T10:01:46 - [TEST_STEP][PASSED] - for ([TestScenarioNumber = 0, TestScenarioNumber < testdataFromExcel.size() - 1, (TestScenarioNumber++)]): null

19-09-2024T10:01:46 - [TEST_STEP][PASSED] - delay(5): Delayed 5 second(s)

19-09-2024T10:01:51 - [MESSAGE][PASSED] - Delayed 5 second(s)

19-09-2024T10:01:51 - [TEST_STEP][PASSED] - countryInput.clear(): null

19-09-2024T10:01:51 - [TEST_STEP][PASSED] - currencyInput.clear(): null

19-09-2024T10:01:51 - [TEST_STEP][PASSED] - countryData = testdataFromExcel["Country"][TestScenarioNumber]: null

19-09-2024T10:01:51 - [TEST_STEP][PASSED] - currencyData = testdataFromExcel["Currency"][TestScenarioNumber]: null

19-09-2024T10:01:51 - [TEST_STEP][PASSED] - println(countryData): null

19-09-2024T10:01:51 - [TEST_STEP][PASSED] - println(currencyData): null

19-09-2024T10:01:51 - [TEST_STEP][PASSED] - countryInput.sendKeys(countryData): null

19-09-2024T10:01:51 - [TEST_STEP][PASSED] - currencyInput.sendKeys(currencyData): null

19-09-2024T10:01:51 - [TEST_STEP][PASSED] - utils.clickSendButton(): null

19-09-2024T10:01:52 - [TEST_STEP][PASSED] - delay(5): Delayed 5 second(s)

19-09-2024T10:01:57 - [MESSAGE][PASSED] - Delayed 5 second(s)

19-09-2024T10:01:57 - [TEST_STEP][PASSED] - response = responseTextBox.getText(): null

19-09-2024T10:01:57 - [TEST_STEP][PASSED] - println(response): null

19-09-2024T10:01:57 - [TEST_STEP][PASSED] - validationString = testdataFromExcel["Validation"][TestScenarioNumber]: null

19-09-2024T10:01:57 - [TEST_STEP][PASSED] - assert response.contains(validationString): null

19-09-2024T10:01:57 - [TEST_STEP][PASSED] - println("Test Scenario Number: " + TestScenarioNumber + 1): null

19-09-2024T10:01:57 - [TEST_STEP][PASSED] - delay(5): Delayed 5 second(s)

19-09-2024T10:02:02 - [MESSAGE][PASSED] - Delayed 5 second(s)

19-09-2024T10:02:02 - [TEST_STEP][PASSED] - countryInput.clear(): null

19-09-2024T10:02:02 - [TEST_STEP][PASSED] - currencyInput.clear(): null

19-09-2024T10:02:02 - [TEST_STEP][PASSED] - countryData = testdataFromExcel["Country"][TestScenarioNumber]: null

19-09-2024T10:02:02 - [TEST_STEP][PASSED] - currencyData = testdataFromExcel["Currency"][TestScenarioNumber]: null

19-09-2024T10:02:02 - [TEST_STEP][PASSED] - println(countryData): null

19-09-2024T10:02:02 - [TEST_STEP][PASSED] - println(currencyData): null

19-09-2024T10:02:02 - [TEST_STEP][PASSED] - countryInput.sendKeys(countryData): null

19-09-2024T10:02:02 - [TEST_STEP][PASSED] - currencyInput.sendKeys(currencyData): null

19-09-2024T10:02:02 - [TEST_STEP][PASSED] - utils.clickSendButton(): null

19-09-2024T10:02:02 - [TEST_STEP][PASSED] - delay(5): Delayed 5 second(s)

19-09-2024T10:02:07 - [MESSAGE][PASSED] - Delayed 5 second(s)

19-09-2024T10:02:07 - [TEST_STEP][PASSED] - response = responseTextBox.getText(): null

19-09-2024T10:02:07 - [TEST_STEP][PASSED] - println(response): null

19-09-2024T10:02:07 - [TEST_STEP][PASSED] - validationString = testdataFromExcel["Validation"][TestScenarioNumber]: null

19-09-2024T10:02:07 - [TEST_STEP][PASSED] - assert response.contains(validationString): null

19-09-2024T10:02:07 - [TEST_STEP][PASSED] - println("Test Scenario Number: " + TestScenarioNumber + 1): null

19-09-2024T10:02:07 - [TEST_STEP][PASSED] - Finally: Browser is closed

19-09-2024T10:02:07 - [TEST_STEP][PASSED] - utils.closeBrowser(): Browser is closed

19-09-2024T10:02:09 - [MESSAGE][PASSED] - Delayed 2 second(s)

19-09-2024T10:02:10 - [MESSAGE][PASSED] - Browser is closed]]></system-out>
         <system-err><![CDATA[]]></system-err>
      </testcase>
      <system-out><![CDATA[19-09-2024T10:01:09 - [TEST_SUITE][PASSED] - Validations: Test Cases/Web_Utilities_TestCases/Validations/TC2_PrevalidationsByCtryOrCurr]]></system-out>
      <system-err><![CDATA[]]></system-err>
   </testsuite>
</testsuites>
