<?xml version="1.0" encoding="UTF-8"?>
<testsuites name="GiftCard" time="68.967" tests="1" failures="0" errors="0">
   <testsuite name="GiftCard" tests="1" failures="0" errors="0" time="68.967" skipped="0" timestamp="26-09-2024T08:52:17" hostname="manilacel - localhost" id="Test Suites/PMT_Libraries/GiftCard">
      <properties>
         <property name="deviceName" value=""/>
         <property name="devicePlatform"/>
         <property name="logFolder" value="/Users/manilacel/Library/CloudStorage/OneDrive-RoyalCaribbeanGroup/PMT/Git/RestructuredScript/TestingFolder/Reports/20240926_085214/PMT_Libraries/GiftCard/20240926_085214"/>
         <property name="logFiles" value="/Users/manilacel/Library/CloudStorage/OneDrive-RoyalCaribbeanGroup/PMT/Git/RestructuredScript/TestingFolder/Reports/20240926_085214/PMT_Libraries/GiftCard/20240926_085214/execution0.log"/>
         <property name="attachments" value="keyes/keyes-Sample Visual Screenshot.png, keyes/keyes-Sample Visual Screenshot.png, keyes/keyes-Sample Visual Screenshot.png, keyes/keyes-Sample Visual Screenshot.png, keyes/keyes-Sample Visual Screenshot.png"/>
         <property name="hostName" value="manilacel - localhost"/>
         <property name="os" value="Mac OS X 64bit"/>
         <property name="katalonVersion" value="9.5.0.217"/>
         <property name="browser" value="Chrome 129.0.0.0"/>
         <property name="hostAddress" value="127.0.0.1"/>
         <property name="sessionId" value="e7bb81626499d9f10efac704f775a17f"/>
         <property name="seleniumVersion" value="3.141.59"/>
         <property name="proxyInformation" value="ProxyInformation { proxyOption=NO_PROXY, proxyServerType=HTTP, username=, password=********, proxyServerAddress=, proxyServerPort=0, executionList=&quot;&quot;, isApplyToDesiredCapabilities=true }"/>
         <property name="platform" value="Mac OS X"/>
      </properties>
      <testcase name="Test Cases/Web_Utilities_TestCases/GiftCard/TC1_GiftCard_GetBalance" time="68.831" classname="Test Cases/Web_Utilities_TestCases/GiftCard/TC1_GiftCard_GetBalance" status="PASSED">
         <system-out><![CDATA[26-09-2024T08:52:17 - [TEST_CASE][PASSED] - Test Cases/Web_Utilities_TestCases/GiftCard/TC1_GiftCard_GetBalance: Test Cases/Web_Utilities_TestCases/GiftCard/TC1_GiftCard_GetBalance

26-09-2024T08:52:18 - [TEST_STEP][PASSED] - try: null

26-09-2024T08:52:18 - [TEST_STEP][PASSED] - utils.openBrowserAndNavigateToPMT(): Navigate to 'https://dev1.payment.rccl.com/payment/utilities' successfully

26-09-2024T08:52:18 - [MESSAGE][INFO] - Starting 'Chrome' driver

26-09-2024T08:52:18 - [MESSAGE][INFO] - Action delay is set to 0 milliseconds

26-09-2024T08:52:21 - [MESSAGE][PASSED] - Browser is opened with url: ''

26-09-2024T08:52:21 - [MESSAGE][PASSED] - Current window maximized

26-09-2024T08:52:24 - [MESSAGE][PASSED] - Navigate to 'https://dev1.payment.rccl.com/payment/utilities' successfully

26-09-2024T08:52:24 - [TEST_STEP][PASSED] - EXCEL_PATH = "./Data Files/TestData.xlsx": null

26-09-2024T08:52:24 - [TEST_STEP][PASSED] - TAB = "GiftCards": null

26-09-2024T08:52:24 - [TEST_STEP][PASSED] - driver = getWebDriver(): null

26-09-2024T08:52:24 - [TEST_STEP][PASSED] - utils.goToGiftCards(): null

26-09-2024T08:52:27 - [TEST_STEP][PASSED] - utils.selectEnvironment(ENV): null

26-09-2024T08:52:27 - [TEST_STEP][PASSED] - sendRequestTextBox = driver.findElement(By.xpath("//textarea[@name='req']")): null

26-09-2024T08:52:28 - [TEST_STEP][PASSED] - testdata = getdata.fromExcel(EXCEL_PATH, "GiftCards"): null

26-09-2024T08:52:28 - [TEST_STEP][PASSED] - for ([i = 0, i < testdata.size(), (i++)]): null

26-09-2024T08:52:28 - [TEST_STEP][PASSED] - delay(5): Delayed 5 second(s)

26-09-2024T08:52:33 - [MESSAGE][PASSED] - Delayed 5 second(s)

26-09-2024T08:52:33 - [TEST_STEP][PASSED] - sendRequestTextBox.clear(): null

26-09-2024T08:52:33 - [TEST_STEP][PASSED] - cardNumber = testdata["cardNumber"][i]: null

26-09-2024T08:52:33 - [TEST_STEP][PASSED] - CNumber = cardNumber.replaceAll("\.0$", ""): null

26-09-2024T08:52:33 - [TEST_STEP][PASSED] - expirationMonth = testdata["expirationMonth"][i]: null

26-09-2024T08:52:33 - [TEST_STEP][PASSED] - xMonth = expirationMonth.replaceAll("\.0$", ""): null

26-09-2024T08:52:33 - [TEST_STEP][PASSED] - expirationYear = testdata["expirationYear"][i]: null

26-09-2024T08:52:33 - [TEST_STEP][PASSED] - xYear = expirationYear.replaceAll("\.0$", ""): null

26-09-2024T08:52:33 - [TEST_STEP][PASSED] - securityCode = testdata["securityCode"][i]: null

26-09-2024T08:52:33 - [TEST_STEP][PASSED] - SC = securityCode.replaceAll("\.0$", ""): null

26-09-2024T08:52:33 - [TEST_STEP][PASSED] - request = {
			"cardNumber": "$cardNumber",
			"expirationMonth": "$expirationMonth",
			"expirationYear": "$expirationYear",
			"securityCode": "$securityCode"
			}: null

26-09-2024T08:52:33 - [TEST_STEP][PASSED] - restRequest = JsonSlurper().parseText(request): null

26-09-2024T08:52:33 - [TEST_STEP][PASSED] - prettyJson = JsonBuilder(restRequest).toPrettyString(): null

26-09-2024T08:52:33 - [TEST_STEP][PASSED] - println(prettyJson): null

26-09-2024T08:52:33 - [TEST_STEP][PASSED] - sendRequestTextBox.sendKeys(prettyJson): null

26-09-2024T08:52:34 - [TEST_STEP][PASSED] - utils.clickSendButton(): null

26-09-2024T08:52:34 - [TEST_STEP][PASSED] - takeFullPageScreenshotAsCheckpoint("Sample Visual Screenshot"): Taking screenshot successfully

26-09-2024T08:52:36 - [MESSAGE][INFO] - 0 hidden object(s)

26-09-2024T08:52:37 - [MESSAGE][PASSED] - Taking screenshot successfully
[[ATTACHMENT|keyes/keyes-Sample Visual Screenshot.png]]

26-09-2024T08:52:37 - [TEST_STEP][PASSED] - delay(3): Delayed 3 second(s)

26-09-2024T08:52:40 - [MESSAGE][PASSED] - Delayed 3 second(s)

26-09-2024T08:52:40 - [TEST_STEP][PASSED] - response = utils.getResponse(): null

26-09-2024T08:52:40 - [TEST_STEP][PASSED] - println(response): null

26-09-2024T08:52:40 - [TEST_STEP][PASSED] - validation1 = testdata["ContainsValidation"][i]: null

26-09-2024T08:52:40 - [TEST_STEP][PASSED] - println(validation1): null

26-09-2024T08:52:40 - [TEST_STEP][PASSED] - validation2 = testdata["NotContainsValidation"][i]: null

26-09-2024T08:52:40 - [TEST_STEP][PASSED] - println(validation2): null

26-09-2024T08:52:40 - [TEST_STEP][PASSED] - println(testdata["TCNumber"][i]): null

26-09-2024T08:52:40 - [TEST_STEP][PASSED] - assert response.contains(validation1): null

26-09-2024T08:52:40 - [TEST_STEP][PASSED] - assert response.contains(validation2) == false: null

26-09-2024T08:52:40 - [TEST_STEP][PASSED] - delay(5): Delayed 5 second(s)

26-09-2024T08:52:45 - [MESSAGE][PASSED] - Delayed 5 second(s)

26-09-2024T08:52:45 - [TEST_STEP][PASSED] - sendRequestTextBox.clear(): null

26-09-2024T08:52:45 - [TEST_STEP][PASSED] - cardNumber = testdata["cardNumber"][i]: null

26-09-2024T08:52:45 - [TEST_STEP][PASSED] - CNumber = cardNumber.replaceAll("\.0$", ""): null

26-09-2024T08:52:45 - [TEST_STEP][PASSED] - expirationMonth = testdata["expirationMonth"][i]: null

26-09-2024T08:52:45 - [TEST_STEP][PASSED] - xMonth = expirationMonth.replaceAll("\.0$", ""): null

26-09-2024T08:52:45 - [TEST_STEP][PASSED] - expirationYear = testdata["expirationYear"][i]: null

26-09-2024T08:52:45 - [TEST_STEP][PASSED] - xYear = expirationYear.replaceAll("\.0$", ""): null

26-09-2024T08:52:45 - [TEST_STEP][PASSED] - securityCode = testdata["securityCode"][i]: null

26-09-2024T08:52:45 - [TEST_STEP][PASSED] - SC = securityCode.replaceAll("\.0$", ""): null

26-09-2024T08:52:45 - [TEST_STEP][PASSED] - request = {
			"cardNumber": "$cardNumber",
			"expirationMonth": "$expirationMonth",
			"expirationYear": "$expirationYear",
			"securityCode": "$securityCode"
			}: null

26-09-2024T08:52:45 - [TEST_STEP][PASSED] - restRequest = JsonSlurper().parseText(request): null

26-09-2024T08:52:45 - [TEST_STEP][PASSED] - prettyJson = JsonBuilder(restRequest).toPrettyString(): null

26-09-2024T08:52:45 - [TEST_STEP][PASSED] - println(prettyJson): null

26-09-2024T08:52:45 - [TEST_STEP][PASSED] - sendRequestTextBox.sendKeys(prettyJson): null

26-09-2024T08:52:45 - [TEST_STEP][PASSED] - utils.clickSendButton(): null

26-09-2024T08:52:46 - [TEST_STEP][PASSED] - takeFullPageScreenshotAsCheckpoint("Sample Visual Screenshot"): Taking screenshot successfully

26-09-2024T08:52:47 - [MESSAGE][INFO] - 0 hidden object(s)

26-09-2024T08:52:47 - [MESSAGE][PASSED] - Taking screenshot successfully
[[ATTACHMENT|keyes/keyes-Sample Visual Screenshot.png]]

26-09-2024T08:52:47 - [TEST_STEP][PASSED] - delay(3): Delayed 3 second(s)

26-09-2024T08:52:50 - [MESSAGE][PASSED] - Delayed 3 second(s)

26-09-2024T08:52:50 - [TEST_STEP][PASSED] - response = utils.getResponse(): null

26-09-2024T08:52:51 - [TEST_STEP][PASSED] - println(response): null

26-09-2024T08:52:51 - [TEST_STEP][PASSED] - validation1 = testdata["ContainsValidation"][i]: null

26-09-2024T08:52:51 - [TEST_STEP][PASSED] - println(validation1): null

26-09-2024T08:52:51 - [TEST_STEP][PASSED] - validation2 = testdata["NotContainsValidation"][i]: null

26-09-2024T08:52:51 - [TEST_STEP][PASSED] - println(validation2): null

26-09-2024T08:52:51 - [TEST_STEP][PASSED] - println(testdata["TCNumber"][i]): null

26-09-2024T08:52:51 - [TEST_STEP][PASSED] - assert response.contains(validation1): null

26-09-2024T08:52:51 - [TEST_STEP][PASSED] - assert response.contains(validation2) == false: null

26-09-2024T08:52:51 - [TEST_STEP][PASSED] - delay(5): Delayed 5 second(s)

26-09-2024T08:52:56 - [MESSAGE][PASSED] - Delayed 5 second(s)

26-09-2024T08:52:56 - [TEST_STEP][PASSED] - sendRequestTextBox.clear(): null

26-09-2024T08:52:56 - [TEST_STEP][PASSED] - cardNumber = testdata["cardNumber"][i]: null

26-09-2024T08:52:56 - [TEST_STEP][PASSED] - CNumber = cardNumber.replaceAll("\.0$", ""): null

26-09-2024T08:52:56 - [TEST_STEP][PASSED] - expirationMonth = testdata["expirationMonth"][i]: null

26-09-2024T08:52:56 - [TEST_STEP][PASSED] - xMonth = expirationMonth.replaceAll("\.0$", ""): null

26-09-2024T08:52:56 - [TEST_STEP][PASSED] - expirationYear = testdata["expirationYear"][i]: null

26-09-2024T08:52:56 - [TEST_STEP][PASSED] - xYear = expirationYear.replaceAll("\.0$", ""): null

26-09-2024T08:52:56 - [TEST_STEP][PASSED] - securityCode = testdata["securityCode"][i]: null

26-09-2024T08:52:56 - [TEST_STEP][PASSED] - SC = securityCode.replaceAll("\.0$", ""): null

26-09-2024T08:52:56 - [TEST_STEP][PASSED] - request = {
			"cardNumber": "$cardNumber",
			"expirationMonth": "$expirationMonth",
			"expirationYear": "$expirationYear",
			"securityCode": "$securityCode"
			}: null

26-09-2024T08:52:56 - [TEST_STEP][PASSED] - restRequest = JsonSlurper().parseText(request): null

26-09-2024T08:52:56 - [TEST_STEP][PASSED] - prettyJson = JsonBuilder(restRequest).toPrettyString(): null

26-09-2024T08:52:56 - [TEST_STEP][PASSED] - println(prettyJson): null

26-09-2024T08:52:56 - [TEST_STEP][PASSED] - sendRequestTextBox.sendKeys(prettyJson): null

26-09-2024T08:52:56 - [TEST_STEP][PASSED] - utils.clickSendButton(): null

26-09-2024T08:52:56 - [TEST_STEP][PASSED] - takeFullPageScreenshotAsCheckpoint("Sample Visual Screenshot"): Taking screenshot successfully

26-09-2024T08:52:57 - [MESSAGE][INFO] - 0 hidden object(s)

26-09-2024T08:52:58 - [MESSAGE][PASSED] - Taking screenshot successfully
[[ATTACHMENT|keyes/keyes-Sample Visual Screenshot.png]]

26-09-2024T08:52:58 - [TEST_STEP][PASSED] - delay(3): Delayed 3 second(s)

26-09-2024T08:53:01 - [MESSAGE][PASSED] - Delayed 3 second(s)

26-09-2024T08:53:01 - [TEST_STEP][PASSED] - response = utils.getResponse(): null

26-09-2024T08:53:01 - [TEST_STEP][PASSED] - println(response): null

26-09-2024T08:53:01 - [TEST_STEP][PASSED] - validation1 = testdata["ContainsValidation"][i]: null

26-09-2024T08:53:01 - [TEST_STEP][PASSED] - println(validation1): null

26-09-2024T08:53:01 - [TEST_STEP][PASSED] - validation2 = testdata["NotContainsValidation"][i]: null

26-09-2024T08:53:01 - [TEST_STEP][PASSED] - println(validation2): null

26-09-2024T08:53:01 - [TEST_STEP][PASSED] - println(testdata["TCNumber"][i]): null

26-09-2024T08:53:01 - [TEST_STEP][PASSED] - assert response.contains(validation1): null

26-09-2024T08:53:01 - [TEST_STEP][PASSED] - assert response.contains(validation2) == false: null

26-09-2024T08:53:01 - [TEST_STEP][PASSED] - delay(5): Delayed 5 second(s)

26-09-2024T08:53:06 - [MESSAGE][PASSED] - Delayed 5 second(s)

26-09-2024T08:53:06 - [TEST_STEP][PASSED] - sendRequestTextBox.clear(): null

26-09-2024T08:53:06 - [TEST_STEP][PASSED] - cardNumber = testdata["cardNumber"][i]: null

26-09-2024T08:53:06 - [TEST_STEP][PASSED] - CNumber = cardNumber.replaceAll("\.0$", ""): null

26-09-2024T08:53:06 - [TEST_STEP][PASSED] - expirationMonth = testdata["expirationMonth"][i]: null

26-09-2024T08:53:06 - [TEST_STEP][PASSED] - xMonth = expirationMonth.replaceAll("\.0$", ""): null

26-09-2024T08:53:06 - [TEST_STEP][PASSED] - expirationYear = testdata["expirationYear"][i]: null

26-09-2024T08:53:06 - [TEST_STEP][PASSED] - xYear = expirationYear.replaceAll("\.0$", ""): null

26-09-2024T08:53:06 - [TEST_STEP][PASSED] - securityCode = testdata["securityCode"][i]: null

26-09-2024T08:53:06 - [TEST_STEP][PASSED] - SC = securityCode.replaceAll("\.0$", ""): null

26-09-2024T08:53:06 - [TEST_STEP][PASSED] - request = {
			"cardNumber": "$cardNumber",
			"expirationMonth": "$expirationMonth",
			"expirationYear": "$expirationYear",
			"securityCode": "$securityCode"
			}: null

26-09-2024T08:53:06 - [TEST_STEP][PASSED] - restRequest = JsonSlurper().parseText(request): null

26-09-2024T08:53:06 - [TEST_STEP][PASSED] - prettyJson = JsonBuilder(restRequest).toPrettyString(): null

26-09-2024T08:53:06 - [TEST_STEP][PASSED] - println(prettyJson): null

26-09-2024T08:53:06 - [TEST_STEP][PASSED] - sendRequestTextBox.sendKeys(prettyJson): null

26-09-2024T08:53:06 - [TEST_STEP][PASSED] - utils.clickSendButton(): null

26-09-2024T08:53:06 - [TEST_STEP][PASSED] - takeFullPageScreenshotAsCheckpoint("Sample Visual Screenshot"): Taking screenshot successfully

26-09-2024T08:53:08 - [MESSAGE][INFO] - 0 hidden object(s)

26-09-2024T08:53:08 - [MESSAGE][PASSED] - Taking screenshot successfully
[[ATTACHMENT|keyes/keyes-Sample Visual Screenshot.png]]

26-09-2024T08:53:08 - [TEST_STEP][PASSED] - delay(3): Delayed 3 second(s)

26-09-2024T08:53:11 - [MESSAGE][PASSED] - Delayed 3 second(s)

26-09-2024T08:53:11 - [TEST_STEP][PASSED] - response = utils.getResponse(): null

26-09-2024T08:53:11 - [TEST_STEP][PASSED] - println(response): null

26-09-2024T08:53:11 - [TEST_STEP][PASSED] - validation1 = testdata["ContainsValidation"][i]: null

26-09-2024T08:53:11 - [TEST_STEP][PASSED] - println(validation1): null

26-09-2024T08:53:11 - [TEST_STEP][PASSED] - validation2 = testdata["NotContainsValidation"][i]: null

26-09-2024T08:53:11 - [TEST_STEP][PASSED] - println(validation2): null

26-09-2024T08:53:11 - [TEST_STEP][PASSED] - println(testdata["TCNumber"][i]): null

26-09-2024T08:53:11 - [TEST_STEP][PASSED] - assert response.contains(validation1): null

26-09-2024T08:53:11 - [TEST_STEP][PASSED] - assert response.contains(validation2) == false: null

26-09-2024T08:53:11 - [TEST_STEP][PASSED] - delay(5): Delayed 5 second(s)

26-09-2024T08:53:16 - [MESSAGE][PASSED] - Delayed 5 second(s)

26-09-2024T08:53:16 - [TEST_STEP][PASSED] - sendRequestTextBox.clear(): null

26-09-2024T08:53:16 - [TEST_STEP][PASSED] - cardNumber = testdata["cardNumber"][i]: null

26-09-2024T08:53:16 - [TEST_STEP][PASSED] - CNumber = cardNumber.replaceAll("\.0$", ""): null

26-09-2024T08:53:16 - [TEST_STEP][PASSED] - expirationMonth = testdata["expirationMonth"][i]: null

26-09-2024T08:53:16 - [TEST_STEP][PASSED] - xMonth = expirationMonth.replaceAll("\.0$", ""): null

26-09-2024T08:53:16 - [TEST_STEP][PASSED] - expirationYear = testdata["expirationYear"][i]: null

26-09-2024T08:53:16 - [TEST_STEP][PASSED] - xYear = expirationYear.replaceAll("\.0$", ""): null

26-09-2024T08:53:16 - [TEST_STEP][PASSED] - securityCode = testdata["securityCode"][i]: null

26-09-2024T08:53:16 - [TEST_STEP][PASSED] - SC = securityCode.replaceAll("\.0$", ""): null

26-09-2024T08:53:16 - [TEST_STEP][PASSED] - request = {
			"cardNumber": "$cardNumber",
			"expirationMonth": "$expirationMonth",
			"expirationYear": "$expirationYear",
			"securityCode": "$securityCode"
			}: null

26-09-2024T08:53:16 - [TEST_STEP][PASSED] - restRequest = JsonSlurper().parseText(request): null

26-09-2024T08:53:16 - [TEST_STEP][PASSED] - prettyJson = JsonBuilder(restRequest).toPrettyString(): null

26-09-2024T08:53:16 - [TEST_STEP][PASSED] - println(prettyJson): null

26-09-2024T08:53:16 - [TEST_STEP][PASSED] - sendRequestTextBox.sendKeys(prettyJson): null

26-09-2024T08:53:16 - [TEST_STEP][PASSED] - utils.clickSendButton(): null

26-09-2024T08:53:17 - [TEST_STEP][PASSED] - takeFullPageScreenshotAsCheckpoint("Sample Visual Screenshot"): Taking screenshot successfully

26-09-2024T08:53:18 - [MESSAGE][INFO] - 0 hidden object(s)

26-09-2024T08:53:18 - [MESSAGE][PASSED] - Taking screenshot successfully
[[ATTACHMENT|keyes/keyes-Sample Visual Screenshot.png]]

26-09-2024T08:53:18 - [TEST_STEP][PASSED] - delay(3): Delayed 3 second(s)

26-09-2024T08:53:21 - [MESSAGE][PASSED] - Delayed 3 second(s)

26-09-2024T08:53:21 - [TEST_STEP][PASSED] - response = utils.getResponse(): null

26-09-2024T08:53:21 - [TEST_STEP][PASSED] - println(response): null

26-09-2024T08:53:21 - [TEST_STEP][PASSED] - validation1 = testdata["ContainsValidation"][i]: null

26-09-2024T08:53:21 - [TEST_STEP][PASSED] - println(validation1): null

26-09-2024T08:53:21 - [TEST_STEP][PASSED] - validation2 = testdata["NotContainsValidation"][i]: null

26-09-2024T08:53:21 - [TEST_STEP][PASSED] - println(validation2): null

26-09-2024T08:53:21 - [TEST_STEP][PASSED] - println(testdata["TCNumber"][i]): null

26-09-2024T08:53:21 - [TEST_STEP][PASSED] - assert response.contains(validation1): null

26-09-2024T08:53:21 - [TEST_STEP][PASSED] - assert response.contains(validation2) == false: null

26-09-2024T08:53:21 - [TEST_STEP][PASSED] - Finally: Browser is closed

26-09-2024T08:53:21 - [TEST_STEP][PASSED] - utils.closeBrowser(): Browser is closed

26-09-2024T08:53:23 - [MESSAGE][PASSED] - Delayed 2 second(s)

26-09-2024T08:53:23 - [MESSAGE][PASSED] - Browser is closed

26-09-2024T08:53:26 - [TEST_STEP][PASSED] - Video: Video recording for test case 'Test Cases/Web_Utilities_TestCases/GiftCard/TC1_GiftCard_GetBalance' .

26-09-2024T08:53:26 - [MESSAGE][INFO] - Video recording for test case 'Test Cases/Web_Utilities_TestCases/GiftCard/TC1_GiftCard_GetBalance' .]]></system-out>
         <system-err><![CDATA[]]></system-err>
      </testcase>
      <system-out><![CDATA[26-09-2024T08:52:17 - [TEST_SUITE][PASSED] - GiftCard: Test Cases/Web_Utilities_TestCases/GiftCard/TC1_GiftCard_GetBalance]]></system-out>
      <system-err><![CDATA[]]></system-err>
   </testsuite>
</testsuites>
