<?xml version="1.0" encoding="UTF-8"?>
<testsuites name="Wallets" time="179.818" tests="4" failures="0" errors="0">
   <testsuite name="Wallets" tests="4" failures="0" errors="0" time="179.818" skipped="0" timestamp="04-10-2024T10:14:19" hostname="manilacel - localhost" id="Test Suites/PMT_Libraries/Wallets">
      <properties>
         <property name="deviceName" value=""/>
         <property name="devicePlatform"/>
         <property name="logFolder" value="/Users/manilacel/Library/CloudStorage/OneDrive-RoyalCaribbeanGroup/PMT/Git/RestructuredScript/TestingFolder/Reports/20241004_101357/PMT_Libraries/Wallets/20241004_101406"/>
         <property name="logFiles" value="/Users/manilacel/Library/CloudStorage/OneDrive-RoyalCaribbeanGroup/PMT/Git/RestructuredScript/TestingFolder/Reports/20241004_101357/PMT_Libraries/Wallets/20241004_101406/execution0.log"/>
         <property name="attachments" value="./screenshots/Failed_Wallet_Update.png, ./screenshots/Failed_Wallet_Add.png, ./screenshots/Failed_Wallet_Delete.png"/>
         <property name="hostName" value="manilacel - localhost"/>
         <property name="os" value="Mac OS X 64bit"/>
         <property name="katalonVersion" value="9.5.0.217"/>
         <property name="browser" value="Chrome 129.0.0.0"/>
         <property name="hostAddress" value="127.0.0.1"/>
         <property name="sessionId" value="4d95a714a6ff77c4b59dd5b37c642ab1"/>
         <property name="seleniumVersion" value="3.141.59"/>
         <property name="proxyInformation" value="ProxyInformation { proxyOption=NO_PROXY, proxyServerType=HTTP, username=, password=********, proxyServerAddress=, proxyServerPort=0, executionList=&quot;&quot;, isApplyToDesiredCapabilities=true }"/>
         <property name="platform" value="Mac OS X"/>
      </properties>
      <testcase name="Test Cases/Web_Utilities_TestCases/Wallets/TC3_Wallet_Update" time="66.598" classname="Test Cases/Web_Utilities_TestCases/Wallets/TC3_Wallet_Update" status="PASSED">
         <system-out><![CDATA[04-10-2024T10:14:19 - [TEST_CASE][PASSED] - Test Cases/Web_Utilities_TestCases/Wallets/TC3_Wallet_Update: Test Cases/Web_Utilities_TestCases/Wallets/TC3_Wallet_Update

04-10-2024T10:14:27 - [TEST_STEP][PASSED] - try: null

04-10-2024T10:14:27 - [TEST_STEP][PASSED] - utils.openBrowserAndNavigateToPMT(): Navigate to 'https://dev1.payment.rccl.com/payment/utilities' successfully

04-10-2024T10:14:27 - [MESSAGE][INFO] - Starting 'Chrome' driver

04-10-2024T10:14:27 - [MESSAGE][INFO] - Action delay is set to 0 milliseconds

04-10-2024T10:14:34 - [MESSAGE][PASSED] - Browser is opened with url: ''

04-10-2024T10:14:34 - [MESSAGE][PASSED] - Current window maximized

04-10-2024T10:14:43 - [MESSAGE][PASSED] - Navigate to 'https://dev1.payment.rccl.com/payment/utilities' successfully

04-10-2024T10:14:44 - [TEST_STEP][PASSED] - EXCEL_PATH = "./Data Files/TestData.xlsx": null

04-10-2024T10:14:44 - [TEST_STEP][PASSED] - TAB = "Wallet_Update": null

04-10-2024T10:14:44 - [TEST_STEP][PASSED] - driver = getWebDriver(): null

04-10-2024T10:14:44 - [TEST_STEP][PASSED] - utils.goToWallets(): null

04-10-2024T10:14:45 - [TEST_STEP][PASSED] - clickAuthorizePayment = xpath("//a[normalize-space()='Update']")).click(): null

04-10-2024T10:14:46 - [TEST_STEP][PASSED] - utils.selectEnvironment(ENV): null

04-10-2024T10:14:48 - [TEST_STEP][PASSED] - sendRequestTextBox = driver.findElement(By.xpath("//textarea[@name='req']")): null

04-10-2024T10:14:48 - [TEST_STEP][PASSED] - fetchGuestAccount = sendRequest(findTestObject("GuestAccount")): Send request successfully

04-10-2024T10:14:55 - [MESSAGE][INFO] - HAR: /Users/manilacel/Library/CloudStorage/OneDrive-RoyalCaribbeanGroup/PMT/Git/RestructuredScript/TestingFolder/Reports/20241004_101357/PMT_Libraries/Wallets/20241004_101406/requests/main/0.har

04-10-2024T10:14:55 - [MESSAGE][PASSED] - Send request successfully

04-10-2024T10:14:55 - [TEST_STEP][PASSED] - accountId = getElementPropertyValue(fetchGuestAccount, "payload.accountId"): null

04-10-2024T10:14:56 - [TEST_STEP][PASSED] - accessToken = getElementPropertyValue(fetchGuestAccount, "payload.accessToken"): null

04-10-2024T10:14:56 - [TEST_STEP][PASSED] - accountId = accountId: null

04-10-2024T10:14:56 - [TEST_STEP][PASSED] - accessToken = accessToken: null

04-10-2024T10:14:56 - [TEST_STEP][PASSED] - testdata = getdata.fromExcel(EXCEL_PATH, TAB): null

04-10-2024T10:15:01 - [TEST_STEP][PASSED] - for ([i = 0, i < testdata.size(), (i++)]): null

04-10-2024T10:15:01 - [TEST_STEP][PASSED] - sendRequestTextBox.clear(): null

04-10-2024T10:15:01 - [TEST_STEP][PASSED] - paymentMethod = testdata["paymentMethod"][i]: null

04-10-2024T10:15:01 - [TEST_STEP][PASSED] - cardNumber = testdata["cardNumber"][i]: null

04-10-2024T10:15:01 - [TEST_STEP][PASSED] - CNumber = cardNumber.replaceAll("\.0$", ""): null

04-10-2024T10:15:01 - [TEST_STEP][PASSED] - expirationMonth = testdata["expirationMonth"][i]: null

04-10-2024T10:15:01 - [TEST_STEP][PASSED] - xMonth = expirationMonth.replaceAll("\.0$", ""): null

04-10-2024T10:15:01 - [TEST_STEP][PASSED] - expirationYear = testdata["expirationYear"][i]: null

04-10-2024T10:15:01 - [TEST_STEP][PASSED] - xYear = expirationYear.replaceAll("\.0$", ""): null

04-10-2024T10:15:01 - [TEST_STEP][PASSED] - cardholderName = testdata["cardholderName"][i]: null

04-10-2024T10:15:01 - [TEST_STEP][PASSED] - nickName = testdata["nickName"][i]: null

04-10-2024T10:15:01 - [TEST_STEP][PASSED] - defaultPaymentMethod = testdata["defaultPaymentMethod"][i]: null

04-10-2024T10:15:01 - [TEST_STEP][PASSED] - request = {
    "paymentMethod": {
        "type": "$paymentMethod",
        "cardNumber": "$cardNumber",
        "cardholder": "$cardholderName",
        "nickname": "$nickName",
        "expirationMonth": "$expirationMonth",
        "expirationYear": "$expirationYear",
        "defaultPaymentMethod": "$defaultPaymentMethod"
    },
    "accountId": "$accountId",
    "accessToken": "$accessToken"
}: null

04-10-2024T10:15:01 - [TEST_STEP][PASSED] - restRequest = JsonSlurper().parseText(request): null

04-10-2024T10:15:01 - [TEST_STEP][PASSED] - prettyJson = JsonBuilder(restRequest).toPrettyString(): null

04-10-2024T10:15:01 - [TEST_STEP][PASSED] - println(prettyJson): null

04-10-2024T10:15:01 - [TEST_STEP][PASSED] - sendRequestTextBox.sendKeys(prettyJson): null

04-10-2024T10:15:12 - [TEST_STEP][PASSED] - utils.clickSendButton(): null

04-10-2024T10:15:12 - [TEST_STEP][PASSED] - delay(3): Delayed 3 second(s)

04-10-2024T10:15:15 - [MESSAGE][PASSED] - Delayed 3 second(s)

04-10-2024T10:15:15 - [TEST_STEP][PASSED] - response = utils.getResponse(): null

04-10-2024T10:15:16 - [TEST_STEP][PASSED] - println(response): null

04-10-2024T10:15:16 - [TEST_STEP][PASSED] - validation1 = testdata["ContainsValidation"][i]: null

04-10-2024T10:15:16 - [TEST_STEP][PASSED] - println(validation1): null

04-10-2024T10:15:16 - [TEST_STEP][PASSED] - validation2 = testdata["NotContainsValidation"][i]: null

04-10-2024T10:15:16 - [TEST_STEP][PASSED] - println(validation2): null

04-10-2024T10:15:16 - [TEST_STEP][PASSED] - println(testdata["TCNumber"][i]): null

04-10-2024T10:15:16 - [TEST_STEP][PASSED] - assert response.contains(validation1): null

04-10-2024T10:15:16 - [TEST_STEP][PASSED] - catch (AssertionError e): null

04-10-2024T10:15:16 - [TEST_STEP][PASSED] - takeScreenshot("./screenshots/Failed_Wallet_Update.png"): Taking screenshot successfully

04-10-2024T10:15:20 - [MESSAGE][PASSED] - Taking screenshot successfully
[[ATTACHMENT|./screenshots/Failed_Wallet_Update.png]]

04-10-2024T10:15:20 - [TEST_STEP][PASSED] - println(Assertion failed: $e.message): null

04-10-2024T10:15:20 - [TEST_STEP][PASSED] - e.printStackTrace(): null

04-10-2024T10:15:20 - [TEST_STEP][PASSED] - Finally: Browser is closed

04-10-2024T10:15:20 - [TEST_STEP][PASSED] - utils.closeBrowser(): Browser is closed

04-10-2024T10:15:22 - [MESSAGE][PASSED] - Delayed 2 second(s)

04-10-2024T10:15:24 - [MESSAGE][PASSED] - Browser is closed

04-10-2024T10:15:26 - [TEST_STEP][PASSED] - Video: Video recording for test case 'Test Cases/Web_Utilities_TestCases/Wallets/TC3_Wallet_Update' .

04-10-2024T10:15:26 - [MESSAGE][INFO] - Video recording for test case 'Test Cases/Web_Utilities_TestCases/Wallets/TC3_Wallet_Update' .]]></system-out>
         <system-err><![CDATA[]]></system-err>
      </testcase>
      <testcase name="Test Cases/Web_Utilities_TestCases/Wallets/TC2__Replace" time="44.138" classname="Test Cases/Web_Utilities_TestCases/Wallets/TC2__Replace" status="PASSED">
         <system-out><![CDATA[04-10-2024T10:15:26 - [TEST_CASE][PASSED] - Test Cases/Web_Utilities_TestCases/Wallets/TC2__Replace: Test Cases/Web_Utilities_TestCases/Wallets/TC2__Replace

04-10-2024T10:15:27 - [TEST_STEP][PASSED] - try: null

04-10-2024T10:15:27 - [TEST_STEP][PASSED] - utils.openBrowserAndNavigateToPMT(): Navigate to 'https://dev1.payment.rccl.com/payment/utilities' successfully

04-10-2024T10:15:27 - [MESSAGE][INFO] - Starting 'Chrome' driver

04-10-2024T10:15:27 - [MESSAGE][INFO] - Action delay is set to 0 milliseconds

04-10-2024T10:15:31 - [MESSAGE][PASSED] - Browser is opened with url: ''

04-10-2024T10:15:32 - [MESSAGE][PASSED] - Current window maximized

04-10-2024T10:15:46 - [MESSAGE][PASSED] - Navigate to 'https://dev1.payment.rccl.com/payment/utilities' successfully

04-10-2024T10:15:46 - [TEST_STEP][PASSED] - EXCEL_PATH = "./Data Files/TestData.xlsx": null

04-10-2024T10:15:46 - [TEST_STEP][PASSED] - TAB = "Wallet_Replace": null

04-10-2024T10:15:46 - [TEST_STEP][PASSED] - driver = getWebDriver(): null

04-10-2024T10:15:46 - [TEST_STEP][PASSED] - utils.goToWallets(): null

04-10-2024T10:15:48 - [TEST_STEP][PASSED] - clickAuthorizePayment = xpath("//a[normalize-space()='Replace']")).click(): null

04-10-2024T10:15:48 - [TEST_STEP][PASSED] - utils.selectEnvironment(ENV): null

04-10-2024T10:15:49 - [TEST_STEP][PASSED] - sendRequestTextBox = driver.findElement(By.xpath("//textarea[@name='req']")): null

04-10-2024T10:15:50 - [TEST_STEP][PASSED] - fetchGuestAccount = sendRequest(findTestObject("GuestAccount")): Send request successfully

04-10-2024T10:15:50 - [MESSAGE][INFO] - HAR: /Users/manilacel/Library/CloudStorage/OneDrive-RoyalCaribbeanGroup/PMT/Git/RestructuredScript/TestingFolder/Reports/20241004_101357/PMT_Libraries/Wallets/20241004_101406/requests/main/1.har

04-10-2024T10:15:50 - [MESSAGE][PASSED] - Send request successfully

04-10-2024T10:15:50 - [TEST_STEP][PASSED] - accountId = getElementPropertyValue(fetchGuestAccount, "payload.accountId"): null

04-10-2024T10:15:50 - [TEST_STEP][PASSED] - accessToken = getElementPropertyValue(fetchGuestAccount, "payload.accessToken"): null

04-10-2024T10:15:50 - [TEST_STEP][PASSED] - accountId = accountId: null

04-10-2024T10:15:50 - [TEST_STEP][PASSED] - accessToken = accessToken: null

04-10-2024T10:15:50 - [TEST_STEP][PASSED] - testdata = getdata.fromExcel(EXCEL_PATH, TAB): null

04-10-2024T10:15:51 - [TEST_STEP][PASSED] - for ([i = 0, i < testdata.size(), (i++)]): null

04-10-2024T10:15:51 - [TEST_STEP][PASSED] - sendRequestTextBox.clear(): null

04-10-2024T10:15:51 - [TEST_STEP][PASSED] - idToBeReplaced = testdata["idToBeReplaced"][i]: null

04-10-2024T10:15:51 - [TEST_STEP][PASSED] - paymentMethod = testdata["paymentMethod"][i]: null

04-10-2024T10:15:51 - [TEST_STEP][PASSED] - cardNumber = testdata["cardNumber"][i]: null

04-10-2024T10:15:51 - [TEST_STEP][PASSED] - CNumber = cardNumber.replaceAll("\.0$", ""): null

04-10-2024T10:15:51 - [TEST_STEP][PASSED] - expirationMonth = testdata["expirationMonth"][i]: null

04-10-2024T10:15:51 - [TEST_STEP][PASSED] - xMonth = expirationMonth.replaceAll("\.0$", ""): null

04-10-2024T10:15:51 - [TEST_STEP][PASSED] - expirationYear = testdata["expirationYear"][i]: null

04-10-2024T10:15:51 - [TEST_STEP][PASSED] - xYear = expirationYear.replaceAll("\.0$", ""): null

04-10-2024T10:15:51 - [TEST_STEP][PASSED] - cardholderName = testdata["cardholderName"][i]: null

04-10-2024T10:15:51 - [TEST_STEP][PASSED] - nickName = testdata["nickName"][i]: null

04-10-2024T10:15:51 - [TEST_STEP][PASSED] - defaultPaymentMethod = testdata["defaultPaymentMethod"][i]: null

04-10-2024T10:15:51 - [TEST_STEP][PASSED] - request = {
    "idToBeReplaced": "$idToBeReplaced",
    "paymentMethod": {
        "type": "$paymentMethod",
        "cardNumber": "$cardNumber",
        "expirationMonth": "$expirationMonth",
        "expirationYear": "$expirationYear",
        "cardholder": "$cardholderName",
        "nickname": "$nickName"
    },
    "accountId": "$accountId",
    "accessToken": "$accessToken"
}: null

04-10-2024T10:15:51 - [TEST_STEP][PASSED] - restRequest = JsonSlurper().parseText(request): null

04-10-2024T10:15:51 - [TEST_STEP][PASSED] - prettyJson = JsonBuilder(restRequest).toPrettyString(): null

04-10-2024T10:15:51 - [TEST_STEP][PASSED] - println(prettyJson): null

04-10-2024T10:15:51 - [TEST_STEP][PASSED] - sendRequestTextBox.sendKeys(prettyJson): null

04-10-2024T10:15:59 - [TEST_STEP][PASSED] - utils.clickSendButton(): null

04-10-2024T10:16:00 - [TEST_STEP][PASSED] - delay(3): Delayed 3 second(s)

04-10-2024T10:16:03 - [MESSAGE][PASSED] - Delayed 3 second(s)

04-10-2024T10:16:03 - [TEST_STEP][PASSED] - response = utils.getResponse(): null

04-10-2024T10:16:05 - [TEST_STEP][PASSED] - println(response): null

04-10-2024T10:16:05 - [TEST_STEP][PASSED] - validation1 = testdata["ContainsValidation"][i]: null

04-10-2024T10:16:05 - [TEST_STEP][PASSED] - println(validation1): null

04-10-2024T10:16:05 - [TEST_STEP][PASSED] - validation2 = testdata["NotContainsValidation"][i]: null

04-10-2024T10:16:05 - [TEST_STEP][PASSED] - println(validation2): null

04-10-2024T10:16:05 - [TEST_STEP][PASSED] - println(testdata["TCNumber"][i]): null

04-10-2024T10:16:05 - [TEST_STEP][PASSED] - assert response.contains(validation1): null

04-10-2024T10:16:05 - [TEST_STEP][PASSED] - assert response.contains(validation2) == false: null

04-10-2024T10:16:05 - [TEST_STEP][PASSED] - sendRequestTextBox.clear(): null

04-10-2024T10:16:05 - [TEST_STEP][PASSED] - idToBeReplaced = testdata["idToBeReplaced"][i]: null

04-10-2024T10:16:05 - [TEST_STEP][PASSED] - paymentMethod = testdata["paymentMethod"][i]: null

04-10-2024T10:16:05 - [TEST_STEP][PASSED] - cardNumber = testdata["cardNumber"][i]: null

04-10-2024T10:16:05 - [TEST_STEP][PASSED] - CNumber = cardNumber.replaceAll("\.0$", ""): null

04-10-2024T10:16:05 - [TEST_STEP][PASSED] - expirationMonth = testdata["expirationMonth"][i]: null

04-10-2024T10:16:05 - [TEST_STEP][PASSED] - xMonth = expirationMonth.replaceAll("\.0$", ""): null

04-10-2024T10:16:05 - [TEST_STEP][PASSED] - catch (Exception e): null

04-10-2024T10:16:05 - [TEST_STEP][PASSED] - println(An unexpected error occurred: $e.message): null

04-10-2024T10:16:05 - [TEST_STEP][PASSED] - e.printStackTrace(): null

04-10-2024T10:16:05 - [TEST_STEP][PASSED] - Finally: Browser is closed

04-10-2024T10:16:05 - [TEST_STEP][PASSED] - utils.closeBrowser(): Browser is closed

04-10-2024T10:16:08 - [MESSAGE][PASSED] - Delayed 2 second(s)

04-10-2024T10:16:08 - [MESSAGE][PASSED] - Browser is closed

04-10-2024T10:16:10 - [TEST_STEP][PASSED] - Video: Video recording for test case 'Test Cases/Web_Utilities_TestCases/Wallets/TC2__Replace' .

04-10-2024T10:16:10 - [MESSAGE][INFO] - Video recording for test case 'Test Cases/Web_Utilities_TestCases/Wallets/TC2__Replace' .]]></system-out>
         <system-err><![CDATA[]]></system-err>
      </testcase>
      <testcase name="Test Cases/Web_Utilities_TestCases/Wallets/TC1_Wallet_Add" time="31.291" classname="Test Cases/Web_Utilities_TestCases/Wallets/TC1_Wallet_Add" status="PASSED">
         <system-out><![CDATA[04-10-2024T10:16:10 - [TEST_CASE][PASSED] - Test Cases/Web_Utilities_TestCases/Wallets/TC1_Wallet_Add: Test Cases/Web_Utilities_TestCases/Wallets/TC1_Wallet_Add

04-10-2024T10:16:11 - [TEST_STEP][PASSED] - try: null

04-10-2024T10:16:11 - [TEST_STEP][PASSED] - utils.openBrowserAndNavigateToPMT(): Navigate to 'https://dev1.payment.rccl.com/payment/utilities' successfully

04-10-2024T10:16:11 - [MESSAGE][INFO] - Starting 'Chrome' driver

04-10-2024T10:16:11 - [MESSAGE][INFO] - Action delay is set to 0 milliseconds

04-10-2024T10:16:14 - [MESSAGE][PASSED] - Browser is opened with url: ''

04-10-2024T10:16:14 - [MESSAGE][PASSED] - Current window maximized

04-10-2024T10:16:18 - [MESSAGE][PASSED] - Navigate to 'https://dev1.payment.rccl.com/payment/utilities' successfully

04-10-2024T10:16:18 - [TEST_STEP][PASSED] - EXCEL_PATH = "./Data Files/TestData.xlsx": null

04-10-2024T10:16:18 - [TEST_STEP][PASSED] - TAB = "Wallet_Add": null

04-10-2024T10:16:18 - [TEST_STEP][PASSED] - driver = getWebDriver(): null

04-10-2024T10:16:18 - [TEST_STEP][PASSED] - utils.goToWallets(): null

04-10-2024T10:16:19 - [TEST_STEP][PASSED] - clickAdd = xpath("//a[normalize-space()='Add']")).click(): null

04-10-2024T10:16:20 - [TEST_STEP][PASSED] - utils.selectEnvironment(ENV): null

04-10-2024T10:16:21 - [TEST_STEP][PASSED] - sendRequestTextBox = driver.findElement(By.xpath("//textarea[@name='req']")): null

04-10-2024T10:16:21 - [TEST_STEP][PASSED] - fetchGuestAccount = sendRequest(findTestObject("GuestAccount")): Send request successfully

04-10-2024T10:16:22 - [MESSAGE][INFO] - HAR: /Users/manilacel/Library/CloudStorage/OneDrive-RoyalCaribbeanGroup/PMT/Git/RestructuredScript/TestingFolder/Reports/20241004_101357/PMT_Libraries/Wallets/20241004_101406/requests/main/2.har

04-10-2024T10:16:22 - [MESSAGE][PASSED] - Send request successfully

04-10-2024T10:16:22 - [TEST_STEP][PASSED] - accountId = getElementPropertyValue(fetchGuestAccount, "payload.accountId"): null

04-10-2024T10:16:22 - [TEST_STEP][PASSED] - accessToken = getElementPropertyValue(fetchGuestAccount, "payload.accessToken"): null

04-10-2024T10:16:22 - [TEST_STEP][PASSED] - accountId = accountId: null

04-10-2024T10:16:22 - [TEST_STEP][PASSED] - accessToken = accessToken: null

04-10-2024T10:16:22 - [TEST_STEP][PASSED] - testdata = getdata.fromExcel(EXCEL_PATH, TAB): null

04-10-2024T10:16:22 - [TEST_STEP][PASSED] - for ([i = 0, i < testdata.size(), (i++)]): null

04-10-2024T10:16:22 - [TEST_STEP][PASSED] - sendRequestTextBox.clear(): null

04-10-2024T10:16:22 - [TEST_STEP][PASSED] - paymentMethod = testdata["paymentMethod"][i]: null

04-10-2024T10:16:22 - [TEST_STEP][PASSED] - cardNumber = testdata["cardNumber"][i]: null

04-10-2024T10:16:23 - [TEST_STEP][PASSED] - CNumber = cardNumber.replaceAll("\.0$", ""): null

04-10-2024T10:16:23 - [TEST_STEP][PASSED] - expirationMonth = testdata["expirationMonth"][i]: null

04-10-2024T10:16:23 - [TEST_STEP][PASSED] - xMonth = expirationMonth.replaceAll("\.0$", ""): null

04-10-2024T10:16:23 - [TEST_STEP][PASSED] - expirationYear = testdata["expirationYear"][i]: null

04-10-2024T10:16:23 - [TEST_STEP][PASSED] - xYear = expirationYear.replaceAll("\.0$", ""): null

04-10-2024T10:16:23 - [TEST_STEP][PASSED] - cardholderName = testdata["cardholderName"][i]: null

04-10-2024T10:16:23 - [TEST_STEP][PASSED] - nickName = testdata["nickName"][i]: null

04-10-2024T10:16:23 - [TEST_STEP][PASSED] - defaultPaymentMethod = testdata["defaultPaymentMethod"][i]: null

04-10-2024T10:16:23 - [TEST_STEP][PASSED] - request = {
    "paymentMethod": {
        "type": "$paymentMethod",
        "cardNumber": "$cardNumber",
        "expirationMonth": "$expirationMonth",
        "expirationYear": "$expirationYear",
        "cardholder": "$cardholderName",
        "nickname": "$nickName",
        "defaultPaymentMethod": "$defaultPaymentMethod"
    },
    "accountId": "$accountId",
    "accessToken": "$accessToken"
}: null

04-10-2024T10:16:23 - [TEST_STEP][PASSED] - restRequest = JsonSlurper().parseText(request): null

04-10-2024T10:16:23 - [TEST_STEP][PASSED] - prettyJson = JsonBuilder(restRequest).toPrettyString(): null

04-10-2024T10:16:23 - [TEST_STEP][PASSED] - println(prettyJson): null

04-10-2024T10:16:23 - [TEST_STEP][PASSED] - sendRequestTextBox.sendKeys(prettyJson): null

04-10-2024T10:16:29 - [TEST_STEP][PASSED] - utils.clickSendButton(): null

04-10-2024T10:16:29 - [TEST_STEP][PASSED] - delay(3): Delayed 3 second(s)

04-10-2024T10:16:32 - [MESSAGE][PASSED] - Delayed 3 second(s)

04-10-2024T10:16:32 - [TEST_STEP][PASSED] - response = utils.getResponse(): null

04-10-2024T10:16:34 - [TEST_STEP][PASSED] - println(response): null

04-10-2024T10:16:34 - [TEST_STEP][PASSED] - validation1 = testdata["ContainsValidation"][i]: null

04-10-2024T10:16:34 - [TEST_STEP][PASSED] - println(validation1): null

04-10-2024T10:16:34 - [TEST_STEP][PASSED] - validation2 = testdata["NotContainsValidation"][i]: null

04-10-2024T10:16:34 - [TEST_STEP][PASSED] - println(validation2): null

04-10-2024T10:16:34 - [TEST_STEP][PASSED] - println(testdata["TCNumber"][i]): null

04-10-2024T10:16:34 - [TEST_STEP][PASSED] - assert response.contains(validation1): null

04-10-2024T10:16:34 - [TEST_STEP][PASSED] - catch (AssertionError e): null

04-10-2024T10:16:34 - [TEST_STEP][PASSED] - takeScreenshot("./screenshots/Failed_Wallet_Add.png"): Taking screenshot successfully

04-10-2024T10:16:36 - [MESSAGE][PASSED] - Taking screenshot successfully
[[ATTACHMENT|./screenshots/Failed_Wallet_Add.png]]

04-10-2024T10:16:36 - [TEST_STEP][PASSED] - println(Assertion failed: $e.message): null

04-10-2024T10:16:36 - [TEST_STEP][PASSED] - e.printStackTrace(): null

04-10-2024T10:16:37 - [TEST_STEP][PASSED] - Finally: Browser is closed

04-10-2024T10:16:37 - [TEST_STEP][PASSED] - utils.closeBrowser(): Browser is closed

04-10-2024T10:16:39 - [MESSAGE][PASSED] - Delayed 2 second(s)

04-10-2024T10:16:39 - [MESSAGE][PASSED] - Browser is closed

04-10-2024T10:16:41 - [TEST_STEP][PASSED] - Video: Video recording for test case 'Test Cases/Web_Utilities_TestCases/Wallets/TC1_Wallet_Add' .

04-10-2024T10:16:41 - [MESSAGE][INFO] - Video recording for test case 'Test Cases/Web_Utilities_TestCases/Wallets/TC1_Wallet_Add' .]]></system-out>
         <system-err><![CDATA[]]></system-err>
      </testcase>
      <testcase name="Test Cases/Web_Utilities_TestCases/Wallets/TC4_Wallet_Delete" time="37.42" classname="Test Cases/Web_Utilities_TestCases/Wallets/TC4_Wallet_Delete" status="PASSED">
         <system-out><![CDATA[04-10-2024T10:16:41 - [TEST_CASE][PASSED] - Test Cases/Web_Utilities_TestCases/Wallets/TC4_Wallet_Delete: Test Cases/Web_Utilities_TestCases/Wallets/TC4_Wallet_Delete

04-10-2024T10:16:42 - [TEST_STEP][PASSED] - try: null

04-10-2024T10:16:42 - [TEST_STEP][PASSED] - utils.openBrowserAndNavigateToPMT(): Navigate to 'https://dev1.payment.rccl.com/payment/utilities' successfully

04-10-2024T10:16:42 - [MESSAGE][INFO] - Starting 'Chrome' driver

04-10-2024T10:16:42 - [MESSAGE][INFO] - Action delay is set to 0 milliseconds

04-10-2024T10:16:45 - [MESSAGE][PASSED] - Browser is opened with url: ''

04-10-2024T10:16:45 - [MESSAGE][PASSED] - Current window maximized

04-10-2024T10:16:51 - [MESSAGE][PASSED] - Navigate to 'https://dev1.payment.rccl.com/payment/utilities' successfully

04-10-2024T10:16:51 - [TEST_STEP][PASSED] - EXCEL_PATH = "./Data Files/TestData.xlsx": null

04-10-2024T10:16:51 - [TEST_STEP][PASSED] - TAB = "Wallet_Delete": null

04-10-2024T10:16:51 - [TEST_STEP][PASSED] - driver = getWebDriver(): null

04-10-2024T10:16:51 - [TEST_STEP][PASSED] - utils.goToWallets(): null

04-10-2024T10:16:54 - [TEST_STEP][PASSED] - clickAuthorizePayment = xpath("//a[normalize-space()='Delete']")).click(): null

04-10-2024T10:16:55 - [TEST_STEP][PASSED] - utils.selectEnvironment(ENV): null

04-10-2024T10:16:57 - [TEST_STEP][PASSED] - sendRequestTextBox = driver.findElement(By.xpath("//textarea[@name='req']")): null

04-10-2024T10:16:57 - [TEST_STEP][PASSED] - fetchGuestAccount = sendRequest(findTestObject("GuestAccount")): Send request successfully

04-10-2024T10:16:58 - [MESSAGE][INFO] - HAR: /Users/manilacel/Library/CloudStorage/OneDrive-RoyalCaribbeanGroup/PMT/Git/RestructuredScript/TestingFolder/Reports/20241004_101357/PMT_Libraries/Wallets/20241004_101406/requests/main/3.har

04-10-2024T10:16:58 - [MESSAGE][PASSED] - Send request successfully

04-10-2024T10:16:58 - [TEST_STEP][PASSED] - accountId = getElementPropertyValue(fetchGuestAccount, "payload.accountId"): null

04-10-2024T10:16:58 - [TEST_STEP][PASSED] - accessToken = getElementPropertyValue(fetchGuestAccount, "payload.accessToken"): null

04-10-2024T10:16:58 - [TEST_STEP][PASSED] - accountId = accountId: null

04-10-2024T10:16:58 - [TEST_STEP][PASSED] - accessToken = accessToken: null

04-10-2024T10:16:58 - [TEST_STEP][PASSED] - testdata = getdata.fromExcel(EXCEL_PATH, TAB): null

04-10-2024T10:16:58 - [TEST_STEP][PASSED] - for ([i = 0, i < testdata.size(), (i++)]): null

04-10-2024T10:16:58 - [TEST_STEP][PASSED] - sendRequestTextBox.clear(): null

04-10-2024T10:16:58 - [TEST_STEP][PASSED] - cardNumber = testdata["cardNumber"][i]: null

04-10-2024T10:16:58 - [TEST_STEP][PASSED] - CNumber = cardNumber.replaceAll("\.0$", ""): null

04-10-2024T10:16:58 - [TEST_STEP][PASSED] - expirationMonth = testdata["expirationMonth"][i]: null

04-10-2024T10:16:58 - [TEST_STEP][PASSED] - xMonth = expirationMonth.replaceAll("\.0$", ""): null

04-10-2024T10:16:58 - [TEST_STEP][PASSED] - expirationYear = testdata["expirationYear"][i]: null

04-10-2024T10:16:58 - [TEST_STEP][PASSED] - xYear = expirationYear.replaceAll("\.0$", ""): null

04-10-2024T10:16:58 - [TEST_STEP][PASSED] - request = {
		"cardNumber": "$cardNumber",
		"expirationMonth": "$expirationMonth",
		"expirationYear": "$expirationYear",
		"accessToken": "$accountId",
		"accountId": "$accessToken"
		}: null

04-10-2024T10:16:58 - [TEST_STEP][PASSED] - restRequest = JsonSlurper().parseText(request): null

04-10-2024T10:16:58 - [TEST_STEP][PASSED] - prettyJson = JsonBuilder(restRequest).toPrettyString(): null

04-10-2024T10:16:58 - [TEST_STEP][PASSED] - println(prettyJson): null

04-10-2024T10:16:58 - [TEST_STEP][PASSED] - sendRequestTextBox.sendKeys(prettyJson): null

04-10-2024T10:17:05 - [TEST_STEP][PASSED] - utils.clickSendButton(): null

04-10-2024T10:17:05 - [TEST_STEP][PASSED] - delay(3): Delayed 3 second(s)

04-10-2024T10:17:08 - [MESSAGE][PASSED] - Delayed 3 second(s)

04-10-2024T10:17:08 - [TEST_STEP][PASSED] - response = utils.getResponse(): null

04-10-2024T10:17:10 - [TEST_STEP][PASSED] - println(response): null

04-10-2024T10:17:10 - [TEST_STEP][PASSED] - validation1 = testdata["ContainsValidation"][i]: null

04-10-2024T10:17:10 - [TEST_STEP][PASSED] - println(validation1): null

04-10-2024T10:17:10 - [TEST_STEP][PASSED] - validation2 = testdata["NotContainsValidation"][i]: null

04-10-2024T10:17:10 - [TEST_STEP][PASSED] - println(validation2): null

04-10-2024T10:17:10 - [TEST_STEP][PASSED] - println(testdata["TCNumber"][i]): null

04-10-2024T10:17:10 - [TEST_STEP][PASSED] - assert response.contains(validation1): null

04-10-2024T10:17:10 - [TEST_STEP][PASSED] - catch (AssertionError e): null

04-10-2024T10:17:10 - [TEST_STEP][PASSED] - takeScreenshot("./screenshots/Failed_Wallet_Delete.png"): Taking screenshot successfully

04-10-2024T10:17:14 - [MESSAGE][PASSED] - Taking screenshot successfully
[[ATTACHMENT|./screenshots/Failed_Wallet_Delete.png]]

04-10-2024T10:17:14 - [TEST_STEP][PASSED] - println(Assertion failed: $e.message): null

04-10-2024T10:17:14 - [TEST_STEP][PASSED] - e.printStackTrace(): null

04-10-2024T10:17:14 - [TEST_STEP][PASSED] - Finally: Browser is closed

04-10-2024T10:17:14 - [TEST_STEP][PASSED] - utils.closeBrowser(): Browser is closed

04-10-2024T10:17:16 - [MESSAGE][PASSED] - Delayed 2 second(s)

04-10-2024T10:17:16 - [MESSAGE][PASSED] - Browser is closed

04-10-2024T10:17:19 - [TEST_STEP][PASSED] - Video: Video recording for test case 'Test Cases/Web_Utilities_TestCases/Wallets/TC4_Wallet_Delete' .

04-10-2024T10:17:19 - [MESSAGE][INFO] - Video recording for test case 'Test Cases/Web_Utilities_TestCases/Wallets/TC4_Wallet_Delete' .]]></system-out>
         <system-err><![CDATA[]]></system-err>
      </testcase>
      <system-out><![CDATA[04-10-2024T10:14:19 - [TEST_SUITE][PASSED] - Wallets: Test Cases/Web_Utilities_TestCases/Wallets/TC4_Wallet_Delete]]></system-out>
      <system-err><![CDATA[]]></system-err>
   </testsuite>
</testsuites>
