<?xml version="1.0" encoding="UTF-8"?>
<testsuites name="cardTokenization" time="82.369" tests="2" failures="0" errors="0">
   <testsuite name="cardTokenization" tests="2" failures="0" errors="0" time="82.369" skipped="0" timestamp="24-09-2024T13:24:55" hostname="manilacel - 192.168.100.193" id="Test Suites/PMT_Libraries/cardTokenization">
      <properties>
         <property name="deviceName" value=""/>
         <property name="devicePlatform"/>
         <property name="logFolder" value="/Users/manilacel/Library/CloudStorage/OneDrive-RoyalCaribbeanGroup/PMT/Git/RestructuredScript/TestingFolder/Reports/20240924_132440/PMT_Libraries/cardTokenization/20240924_132447"/>
         <property name="logFiles" value="/Users/manilacel/Library/CloudStorage/OneDrive-RoyalCaribbeanGroup/PMT/Git/RestructuredScript/TestingFolder/Reports/20240924_132440/PMT_Libraries/cardTokenization/20240924_132447/execution0.log"/>
         <property name="attachments" value=""/>
         <property name="hostName" value="manilacel - 192.168.100.193"/>
         <property name="os" value="Mac OS X 64bit"/>
         <property name="katalonVersion" value="9.5.0.217"/>
         <property name="browser" value="Chrome 128.0.0.0"/>
         <property name="hostAddress" value="192.168.100.193"/>
         <property name="sessionId" value="838727390332d99ff3010206dc817579"/>
         <property name="seleniumVersion" value="3.141.59"/>
         <property name="proxyInformation" value="ProxyInformation { proxyOption=NO_PROXY, proxyServerType=HTTP, username=, password=********, proxyServerAddress=, proxyServerPort=0, executionList=&quot;&quot;, isApplyToDesiredCapabilities=true }"/>
         <property name="platform" value="Mac OS X"/>
      </properties>
      <testcase name="Test Cases/Web_Utilities_TestCases/cardTokenization/TC2_CardTokenization_GenerateToken" time="40.921" classname="Test Cases/Web_Utilities_TestCases/cardTokenization/TC2_CardTokenization_GenerateToken" status="PASSED">
         <system-out><![CDATA[24-09-2024T13:24:55 - [TEST_CASE][PASSED] - Test Cases/Web_Utilities_TestCases/cardTokenization/TC2_CardTokenization_GenerateToken: Test Cases/Web_Utilities_TestCases/cardTokenization/TC2_CardTokenization_GenerateToken

24-09-2024T13:24:56 - [TEST_STEP][PASSED] - try: null

24-09-2024T13:24:56 - [TEST_STEP][PASSED] - utils.openBrowserAndNavigateToPMT(): Navigate to 'https://dev1.payment.rccl.com/payment/utilities' successfully

24-09-2024T13:24:57 - [MESSAGE][INFO] - Starting 'Chrome' driver

24-09-2024T13:24:57 - [MESSAGE][INFO] - Action delay is set to 0 milliseconds

24-09-2024T13:25:03 - [MESSAGE][PASSED] - Browser is opened with url: ''

24-09-2024T13:25:04 - [MESSAGE][PASSED] - Current window maximized

24-09-2024T13:25:09 - [MESSAGE][PASSED] - Navigate to 'https://dev1.payment.rccl.com/payment/utilities' successfully

24-09-2024T13:25:09 - [TEST_STEP][PASSED] - EXCEL_PATH = "./Data Files/TestData.xlsx": null

24-09-2024T13:25:09 - [TEST_STEP][PASSED] - TAB = "cardTokenization_Generate": null

24-09-2024T13:25:09 - [TEST_STEP][PASSED] - driver = getWebDriver(): null

24-09-2024T13:25:09 - [TEST_STEP][PASSED] - utils.goToCardTokenization(): null

24-09-2024T13:25:11 - [TEST_STEP][PASSED] - clickGenerateToken = xpath("//a[normalize-space()='Generate Token']")).click(): null

24-09-2024T13:25:11 - [TEST_STEP][PASSED] - utils.selectEnvironment(ENV): null

24-09-2024T13:25:13 - [TEST_STEP][PASSED] - sendRequestTextBox = driver.findElement(By.xpath("//textarea[@name='req']")): null

24-09-2024T13:25:13 - [TEST_STEP][PASSED] - testdata = getdata.fromExcel(EXCEL_PATH, TAB): null

24-09-2024T13:25:15 - [TEST_STEP][PASSED] - for ([i = 0, i < testdata.size(), (i++)]): null

24-09-2024T13:25:15 - [TEST_STEP][PASSED] - sendRequestTextBox.clear(): null

24-09-2024T13:25:15 - [TEST_STEP][PASSED] - encryptedCard = testdata["encryptedCard"][i]: null

24-09-2024T13:25:15 - [TEST_STEP][PASSED] - CNumber = encryptedCard.replaceAll("\.0$", ""): null

24-09-2024T13:25:15 - [TEST_STEP][PASSED] - expirationMonth = testdata["expirationMonth"][i]: null

24-09-2024T13:25:15 - [TEST_STEP][PASSED] - xMonth = expirationMonth.replaceAll("\.0$", ""): null

24-09-2024T13:25:15 - [TEST_STEP][PASSED] - expirationYear = testdata["expirationYear"][i]: null

24-09-2024T13:25:15 - [TEST_STEP][PASSED] - xYear = expirationYear.replaceAll("\.0$", ""): null

24-09-2024T13:25:15 - [TEST_STEP][PASSED] - request = {
			"cardNumber": "$encryptedCard",
			"expirationMonth": "$expirationMonth",
			"expirationYear": "$expirationYear"
			}: null

24-09-2024T13:25:15 - [TEST_STEP][PASSED] - restRequest = JsonSlurper().parseText(request): null

24-09-2024T13:25:15 - [TEST_STEP][PASSED] - prettyJson = JsonBuilder(restRequest).toPrettyString(): null

24-09-2024T13:25:15 - [TEST_STEP][PASSED] - println(prettyJson): null

24-09-2024T13:25:15 - [TEST_STEP][PASSED] - sendRequestTextBox.sendKeys(prettyJson): null

24-09-2024T13:25:16 - [TEST_STEP][PASSED] - utils.clickSendButton(): null

24-09-2024T13:25:16 - [TEST_STEP][PASSED] - delay(3): Delayed 3 second(s)

24-09-2024T13:25:19 - [MESSAGE][PASSED] - Delayed 3 second(s)

24-09-2024T13:25:19 - [TEST_STEP][PASSED] - response = utils.getResponse(): null

24-09-2024T13:25:21 - [TEST_STEP][PASSED] - println(response): null

24-09-2024T13:25:21 - [TEST_STEP][PASSED] - validation1 = testdata["ContainsValidation"][i]: null

24-09-2024T13:25:21 - [TEST_STEP][PASSED] - println(validation1): null

24-09-2024T13:25:21 - [TEST_STEP][PASSED] - validation2 = testdata["NotContainsValidation"][i]: null

24-09-2024T13:25:21 - [TEST_STEP][PASSED] - println(validation2): null

24-09-2024T13:25:21 - [TEST_STEP][PASSED] - println(testdata["TCNumber"][i]): null

24-09-2024T13:25:21 - [TEST_STEP][PASSED] - assert response.contains(validation1): null

24-09-2024T13:25:21 - [TEST_STEP][PASSED] - assert response.contains(validation2) == false: null

24-09-2024T13:25:21 - [TEST_STEP][PASSED] - sendRequestTextBox.clear(): null

24-09-2024T13:25:21 - [TEST_STEP][PASSED] - encryptedCard = testdata["encryptedCard"][i]: null

24-09-2024T13:25:21 - [TEST_STEP][PASSED] - CNumber = encryptedCard.replaceAll("\.0$", ""): null

24-09-2024T13:25:21 - [TEST_STEP][PASSED] - expirationMonth = testdata["expirationMonth"][i]: null

24-09-2024T13:25:21 - [TEST_STEP][PASSED] - xMonth = expirationMonth.replaceAll("\.0$", ""): null

24-09-2024T13:25:21 - [TEST_STEP][PASSED] - expirationYear = testdata["expirationYear"][i]: null

24-09-2024T13:25:21 - [TEST_STEP][PASSED] - xYear = expirationYear.replaceAll("\.0$", ""): null

24-09-2024T13:25:21 - [TEST_STEP][PASSED] - request = {
			"cardNumber": "$encryptedCard",
			"expirationMonth": "$expirationMonth",
			"expirationYear": "$expirationYear"
			}: null

24-09-2024T13:25:21 - [TEST_STEP][PASSED] - restRequest = JsonSlurper().parseText(request): null

24-09-2024T13:25:21 - [TEST_STEP][PASSED] - prettyJson = JsonBuilder(restRequest).toPrettyString(): null

24-09-2024T13:25:21 - [TEST_STEP][PASSED] - println(prettyJson): null

24-09-2024T13:25:21 - [TEST_STEP][PASSED] - sendRequestTextBox.sendKeys(prettyJson): null

24-09-2024T13:25:22 - [TEST_STEP][PASSED] - utils.clickSendButton(): null

24-09-2024T13:25:22 - [TEST_STEP][PASSED] - delay(3): Delayed 3 second(s)

24-09-2024T13:25:25 - [MESSAGE][PASSED] - Delayed 3 second(s)

24-09-2024T13:25:25 - [TEST_STEP][PASSED] - response = utils.getResponse(): null

24-09-2024T13:25:25 - [TEST_STEP][PASSED] - println(response): null

24-09-2024T13:25:25 - [TEST_STEP][PASSED] - validation1 = testdata["ContainsValidation"][i]: null

24-09-2024T13:25:25 - [TEST_STEP][PASSED] - println(validation1): null

24-09-2024T13:25:25 - [TEST_STEP][PASSED] - validation2 = testdata["NotContainsValidation"][i]: null

24-09-2024T13:25:25 - [TEST_STEP][PASSED] - println(validation2): null

24-09-2024T13:25:25 - [TEST_STEP][PASSED] - println(testdata["TCNumber"][i]): null

24-09-2024T13:25:25 - [TEST_STEP][PASSED] - assert response.contains(validation1): null

24-09-2024T13:25:25 - [TEST_STEP][PASSED] - assert response.contains(validation2) == false: null

24-09-2024T13:25:25 - [TEST_STEP][PASSED] - sendRequestTextBox.clear(): null

24-09-2024T13:25:26 - [TEST_STEP][PASSED] - encryptedCard = testdata["encryptedCard"][i]: null

24-09-2024T13:25:26 - [TEST_STEP][PASSED] - CNumber = encryptedCard.replaceAll("\.0$", ""): null

24-09-2024T13:25:26 - [TEST_STEP][PASSED] - expirationMonth = testdata["expirationMonth"][i]: null

24-09-2024T13:25:26 - [TEST_STEP][PASSED] - xMonth = expirationMonth.replaceAll("\.0$", ""): null

24-09-2024T13:25:26 - [TEST_STEP][PASSED] - expirationYear = testdata["expirationYear"][i]: null

24-09-2024T13:25:26 - [TEST_STEP][PASSED] - xYear = expirationYear.replaceAll("\.0$", ""): null

24-09-2024T13:25:26 - [TEST_STEP][PASSED] - request = {
			"cardNumber": "$encryptedCard",
			"expirationMonth": "$expirationMonth",
			"expirationYear": "$expirationYear"
			}: null

24-09-2024T13:25:26 - [TEST_STEP][PASSED] - restRequest = JsonSlurper().parseText(request): null

24-09-2024T13:25:26 - [TEST_STEP][PASSED] - prettyJson = JsonBuilder(restRequest).toPrettyString(): null

24-09-2024T13:25:26 - [TEST_STEP][PASSED] - println(prettyJson): null

24-09-2024T13:25:26 - [TEST_STEP][PASSED] - sendRequestTextBox.sendKeys(prettyJson): null

24-09-2024T13:25:26 - [TEST_STEP][PASSED] - utils.clickSendButton(): null

24-09-2024T13:25:26 - [TEST_STEP][PASSED] - delay(3): Delayed 3 second(s)

24-09-2024T13:25:29 - [MESSAGE][PASSED] - Delayed 3 second(s)

24-09-2024T13:25:29 - [TEST_STEP][PASSED] - response = utils.getResponse(): null

24-09-2024T13:25:30 - [TEST_STEP][PASSED] - println(response): null

24-09-2024T13:25:30 - [TEST_STEP][PASSED] - validation1 = testdata["ContainsValidation"][i]: null

24-09-2024T13:25:30 - [TEST_STEP][PASSED] - println(validation1): null

24-09-2024T13:25:30 - [TEST_STEP][PASSED] - validation2 = testdata["NotContainsValidation"][i]: null

24-09-2024T13:25:30 - [TEST_STEP][PASSED] - println(validation2): null

24-09-2024T13:25:30 - [TEST_STEP][PASSED] - println(testdata["TCNumber"][i]): null

24-09-2024T13:25:30 - [TEST_STEP][PASSED] - assert response.contains(validation1): null

24-09-2024T13:25:30 - [TEST_STEP][PASSED] - assert response.contains(validation2) == false: null

24-09-2024T13:25:30 - [TEST_STEP][PASSED] - sendRequestTextBox.clear(): null

24-09-2024T13:25:30 - [TEST_STEP][PASSED] - encryptedCard = testdata["encryptedCard"][i]: null

24-09-2024T13:25:30 - [TEST_STEP][PASSED] - CNumber = encryptedCard.replaceAll("\.0$", ""): null

24-09-2024T13:25:30 - [TEST_STEP][PASSED] - expirationMonth = testdata["expirationMonth"][i]: null

24-09-2024T13:25:30 - [TEST_STEP][PASSED] - xMonth = expirationMonth.replaceAll("\.0$", ""): null

24-09-2024T13:25:30 - [TEST_STEP][PASSED] - expirationYear = testdata["expirationYear"][i]: null

24-09-2024T13:25:30 - [TEST_STEP][PASSED] - xYear = expirationYear.replaceAll("\.0$", ""): null

24-09-2024T13:25:30 - [TEST_STEP][PASSED] - request = {
			"cardNumber": "$encryptedCard",
			"expirationMonth": "$expirationMonth",
			"expirationYear": "$expirationYear"
			}: null

24-09-2024T13:25:30 - [TEST_STEP][PASSED] - restRequest = JsonSlurper().parseText(request): null

24-09-2024T13:25:30 - [TEST_STEP][PASSED] - prettyJson = JsonBuilder(restRequest).toPrettyString(): null

24-09-2024T13:25:30 - [TEST_STEP][PASSED] - println(prettyJson): null

24-09-2024T13:25:30 - [TEST_STEP][PASSED] - sendRequestTextBox.sendKeys(prettyJson): null

24-09-2024T13:25:30 - [TEST_STEP][PASSED] - utils.clickSendButton(): null

24-09-2024T13:25:30 - [TEST_STEP][PASSED] - delay(3): Delayed 3 second(s)

24-09-2024T13:25:33 - [MESSAGE][PASSED] - Delayed 3 second(s)

24-09-2024T13:25:33 - [TEST_STEP][PASSED] - response = utils.getResponse(): null

24-09-2024T13:25:34 - [TEST_STEP][PASSED] - println(response): null

24-09-2024T13:25:34 - [TEST_STEP][PASSED] - validation1 = testdata["ContainsValidation"][i]: null

24-09-2024T13:25:34 - [TEST_STEP][PASSED] - println(validation1): null

24-09-2024T13:25:34 - [TEST_STEP][PASSED] - validation2 = testdata["NotContainsValidation"][i]: null

24-09-2024T13:25:34 - [TEST_STEP][PASSED] - println(validation2): null

24-09-2024T13:25:34 - [TEST_STEP][PASSED] - println(testdata["TCNumber"][i]): null

24-09-2024T13:25:34 - [TEST_STEP][PASSED] - assert response.contains(validation1): null

24-09-2024T13:25:34 - [TEST_STEP][PASSED] - assert response.contains(validation2) == false: null

24-09-2024T13:25:34 - [TEST_STEP][PASSED] - Finally: Browser is closed

24-09-2024T13:25:34 - [TEST_STEP][PASSED] - utils.closeBrowser(): Browser is closed

24-09-2024T13:25:36 - [MESSAGE][PASSED] - Delayed 2 second(s)

24-09-2024T13:25:36 - [MESSAGE][PASSED] - Browser is closed]]></system-out>
         <system-err><![CDATA[]]></system-err>
      </testcase>
      <testcase name="Test Cases/Web_Utilities_TestCases/cardTokenization/TC1_CardTokenization_EncryptedCard" time="41.213" classname="Test Cases/Web_Utilities_TestCases/cardTokenization/TC1_CardTokenization_EncryptedCard" status="PASSED">
         <system-out><![CDATA[24-09-2024T13:25:36 - [TEST_CASE][PASSED] - Test Cases/Web_Utilities_TestCases/cardTokenization/TC1_CardTokenization_EncryptedCard: Test Cases/Web_Utilities_TestCases/cardTokenization/TC1_CardTokenization_EncryptedCard

24-09-2024T13:25:36 - [TEST_STEP][PASSED] - try: null

24-09-2024T13:25:36 - [TEST_STEP][PASSED] - utils.openBrowserAndNavigateToPMT(): Navigate to 'https://dev1.payment.rccl.com/payment/utilities' successfully

24-09-2024T13:25:36 - [MESSAGE][INFO] - Starting 'Chrome' driver

24-09-2024T13:25:36 - [MESSAGE][INFO] - Action delay is set to 0 milliseconds

24-09-2024T13:25:38 - [MESSAGE][PASSED] - Browser is opened with url: ''

24-09-2024T13:25:39 - [MESSAGE][PASSED] - Current window maximized

24-09-2024T13:25:48 - [MESSAGE][PASSED] - Navigate to 'https://dev1.payment.rccl.com/payment/utilities' successfully

24-09-2024T13:25:48 - [TEST_STEP][PASSED] - EXCEL_PATH = "./Data Files/TestData.xlsx": null

24-09-2024T13:25:48 - [TEST_STEP][PASSED] - TAB = "cardTokenization_Encrypt": null

24-09-2024T13:25:48 - [TEST_STEP][PASSED] - driver = getWebDriver(): null

24-09-2024T13:25:48 - [TEST_STEP][PASSED] - utils.goToCardTokenization(): null

24-09-2024T13:25:52 - [TEST_STEP][PASSED] - utils.selectEnvironment(ENV): null

24-09-2024T13:25:53 - [TEST_STEP][PASSED] - sendRequestTextBox = driver.findElement(By.xpath("//textarea[@name='req']")): null

24-09-2024T13:25:54 - [TEST_STEP][PASSED] - testdata = getdata.fromExcel(EXCEL_PATH, TAB): null

24-09-2024T13:25:54 - [TEST_STEP][PASSED] - for ([i = 0, i < testdata.size(), (i++)]): null

24-09-2024T13:25:54 - [TEST_STEP][PASSED] - delay(5): Delayed 5 second(s)

24-09-2024T13:25:59 - [MESSAGE][PASSED] - Delayed 5 second(s)

24-09-2024T13:25:59 - [TEST_STEP][PASSED] - sendRequestTextBox.clear(): null

24-09-2024T13:25:59 - [TEST_STEP][PASSED] - encryptedCard = testdata["encryptedCard"][i]: null

24-09-2024T13:25:59 - [TEST_STEP][PASSED] - CNumber = encryptedCard.replaceAll("\.0$", ""): null

24-09-2024T13:25:59 - [TEST_STEP][PASSED] - request = $encryptedCard: null

24-09-2024T13:25:59 - [TEST_STEP][PASSED] - println(request): null

24-09-2024T13:25:59 - [TEST_STEP][PASSED] - sendRequestTextBox.sendKeys(request): null

24-09-2024T13:26:00 - [TEST_STEP][PASSED] - utils.clickSendButton(): null

24-09-2024T13:26:00 - [TEST_STEP][PASSED] - delay(3): Delayed 3 second(s)

24-09-2024T13:26:03 - [MESSAGE][PASSED] - Delayed 3 second(s)

24-09-2024T13:26:03 - [TEST_STEP][PASSED] - response = utils.getResponse(): null

24-09-2024T13:26:05 - [TEST_STEP][PASSED] - println(response): null

24-09-2024T13:26:05 - [TEST_STEP][PASSED] - validation1 = testdata["ContainsValidation"][i]: null

24-09-2024T13:26:05 - [TEST_STEP][PASSED] - println(validation1): null

24-09-2024T13:26:05 - [TEST_STEP][PASSED] - validation2 = testdata["NotContainsValidation"][i]: null

24-09-2024T13:26:05 - [TEST_STEP][PASSED] - println(validation2): null

24-09-2024T13:26:05 - [TEST_STEP][PASSED] - println(testdata["TCNumber"][i]): null

24-09-2024T13:26:05 - [TEST_STEP][PASSED] - assert response.contains(validation1): null

24-09-2024T13:26:05 - [TEST_STEP][PASSED] - assert response.contains(validation2) == false: null

24-09-2024T13:26:05 - [TEST_STEP][PASSED] - delay(5): Delayed 5 second(s)

24-09-2024T13:26:10 - [MESSAGE][PASSED] - Delayed 5 second(s)

24-09-2024T13:26:10 - [TEST_STEP][PASSED] - sendRequestTextBox.clear(): null

24-09-2024T13:26:10 - [TEST_STEP][PASSED] - encryptedCard = testdata["encryptedCard"][i]: null

24-09-2024T13:26:10 - [TEST_STEP][PASSED] - CNumber = encryptedCard.replaceAll("\.0$", ""): null

24-09-2024T13:26:10 - [TEST_STEP][PASSED] - request = $encryptedCard: null

24-09-2024T13:26:10 - [TEST_STEP][PASSED] - println(request): null

24-09-2024T13:26:10 - [TEST_STEP][PASSED] - sendRequestTextBox.sendKeys(request): null

24-09-2024T13:26:11 - [TEST_STEP][PASSED] - utils.clickSendButton(): null

24-09-2024T13:26:11 - [TEST_STEP][PASSED] - delay(3): Delayed 3 second(s)

24-09-2024T13:26:14 - [MESSAGE][PASSED] - Delayed 3 second(s)

24-09-2024T13:26:14 - [TEST_STEP][PASSED] - response = utils.getResponse(): null

24-09-2024T13:26:15 - [TEST_STEP][PASSED] - println(response): null

24-09-2024T13:26:15 - [TEST_STEP][PASSED] - validation1 = testdata["ContainsValidation"][i]: null

24-09-2024T13:26:15 - [TEST_STEP][PASSED] - println(validation1): null

24-09-2024T13:26:15 - [TEST_STEP][PASSED] - validation2 = testdata["NotContainsValidation"][i]: null

24-09-2024T13:26:15 - [TEST_STEP][PASSED] - println(validation2): null

24-09-2024T13:26:15 - [TEST_STEP][PASSED] - println(testdata["TCNumber"][i]): null

24-09-2024T13:26:15 - [TEST_STEP][PASSED] - assert response.contains(validation1): null

24-09-2024T13:26:15 - [TEST_STEP][PASSED] - assert response.contains(validation2) == false: null

24-09-2024T13:26:15 - [TEST_STEP][PASSED] - Finally: Browser is closed

24-09-2024T13:26:15 - [TEST_STEP][PASSED] - utils.closeBrowser(): Browser is closed

24-09-2024T13:26:17 - [MESSAGE][PASSED] - Delayed 2 second(s)

24-09-2024T13:26:17 - [MESSAGE][PASSED] - Browser is closed]]></system-out>
         <system-err><![CDATA[]]></system-err>
      </testcase>
      <system-out><![CDATA[24-09-2024T13:24:55 - [TEST_SUITE][PASSED] - cardTokenization: Test Cases/Web_Utilities_TestCases/cardTokenization/TC1_CardTokenization_EncryptedCard]]></system-out>
      <system-err><![CDATA[]]></system-err>
   </testsuite>
</testsuites>
