<?xml version="1.0" encoding="UTF-8"?>
<testsuites name="Validations" time="230.877" tests="2" failures="0" errors="0">
   <testsuite name="Validations" tests="2" failures="0" errors="0" time="230.877" skipped="0" timestamp="04-10-2024T10:14:17" hostname="manilacel - localhost" id="Test Suites/PMT_Libraries/Validations">
      <properties>
         <property name="deviceName" value=""/>
         <property name="devicePlatform"/>
         <property name="logFolder" value="/Users/manilacel/Library/CloudStorage/OneDrive-RoyalCaribbeanGroup/PMT/Git/RestructuredScript/TestingFolder/Reports/20241004_101357/PMT_Libraries/Validations/20241004_101400"/>
         <property name="logFiles" value="/Users/manilacel/Library/CloudStorage/OneDrive-RoyalCaribbeanGroup/PMT/Git/RestructuredScript/TestingFolder/Reports/20241004_101357/PMT_Libraries/Validations/20241004_101400/execution0.log"/>
         <property name="attachments" value="keyes/keyes-Sample Visual Screenshot.png, keyes/keyes-Sample Visual Screenshot.png, keyes/keyes-Sample Visual Screenshot.png, keyes/keyes-Sample Visual Screenshot.png, keyes/keyes-Sample Visual Screenshot.png, keyes/keyes-Sample Visual Screenshot.png, keyes/keyes-Sample Visual Screenshot.png, keyes/keyes-Sample Visual Screenshot.png, keyes/keyes-Sample Visual Screenshot.png"/>
         <property name="hostName" value="manilacel - localhost"/>
         <property name="os" value="Mac OS X 64bit"/>
         <property name="katalonVersion" value="9.5.0.217"/>
         <property name="browser" value="Chrome 129.0.0.0"/>
         <property name="hostAddress" value="127.0.0.1"/>
         <property name="sessionId" value="2592d0307844840076e515e776583be2"/>
         <property name="seleniumVersion" value="3.141.59"/>
         <property name="proxyInformation" value="ProxyInformation { proxyOption=NO_PROXY, proxyServerType=HTTP, username=, password=********, proxyServerAddress=, proxyServerPort=0, executionList=&quot;&quot;, isApplyToDesiredCapabilities=true }"/>
         <property name="platform" value="Mac OS X"/>
      </properties>
      <testcase name="Test Cases/Web_Utilities_TestCases/Validations/TC1_PrevalidationsAndConf" time="189.027" classname="Test Cases/Web_Utilities_TestCases/Validations/TC1_PrevalidationsAndConf" status="PASSED">
         <system-out><![CDATA[04-10-2024T10:14:18 - [TEST_CASE][PASSED] - Test Cases/Web_Utilities_TestCases/Validations/TC1_PrevalidationsAndConf: Test Cases/Web_Utilities_TestCases/Validations/TC1_PrevalidationsAndConf

04-10-2024T10:14:26 - [TEST_STEP][PASSED] - try: Taking screenshot successfully

04-10-2024T10:14:26 - [TEST_STEP][PASSED] - utils.openBrowserAndNavigateToPMT(): Navigate to 'https://dev1.payment.rccl.com/payment/utilities' successfully

04-10-2024T10:14:27 - [MESSAGE][INFO] - Starting 'Chrome' driver

04-10-2024T10:14:27 - [MESSAGE][INFO] - Action delay is set to 0 milliseconds

04-10-2024T10:14:38 - [MESSAGE][PASSED] - Browser is opened with url: ''

04-10-2024T10:14:39 - [MESSAGE][PASSED] - Current window maximized

04-10-2024T10:14:44 - [MESSAGE][PASSED] - Navigate to 'https://dev1.payment.rccl.com/payment/utilities' successfully

04-10-2024T10:14:44 - [TEST_STEP][PASSED] - driver = getWebDriver(): null

04-10-2024T10:14:44 - [TEST_STEP][PASSED] - EXCEL_PATH = "./Data Files/TestData.xlsx": null

04-10-2024T10:14:44 - [TEST_STEP][PASSED] - TAB = "Validations_Prevalidations&Conf": null

04-10-2024T10:14:44 - [TEST_STEP][PASSED] - utils.goToValidations(): null

04-10-2024T10:14:45 - [TEST_STEP][PASSED] - utils.selectEnvironment(ENV): null

04-10-2024T10:14:48 - [TEST_STEP][PASSED] - testdataFromExcel = getdata.fromExcel(EXCEL_PATH, TAB): null

04-10-2024T10:14:51 - [TEST_STEP][PASSED] - clickAuthorizePayment = xpath("//a[normalize-space()='Prevalidations and Conf']")).click(): null

04-10-2024T10:14:51 - [TEST_STEP][PASSED] - for ([TestScenarioNumber = 0, TestScenarioNumber < testdataFromExcel.size(), (TestScenarioNumber++)]): Taking screenshot successfully

04-10-2024T10:14:51 - [TEST_STEP][PASSED] - TestScenarioRequiresCreateBooking = testdataFromExcel["ExecuteBookingCreationFlag"][TestScenarioNumber]: null

04-10-2024T10:14:51 - [TEST_STEP][PASSED] - if (TestScenarioRequiresCreateBooking == "Yes"): Taking screenshot successfully

04-10-2024T10:14:51 - [TEST_STEP][PASSED] - sendRequestTextBox = driver.findElement(By.xpath("//input[@id='1']")): null

04-10-2024T10:14:51 - [TEST_STEP][PASSED] - responseTextBox = driver.findElement(By.xpath("/html[1]/body[1]/div[1]/main[1]/div[1]/section[1]/div[2]/div[1]/div[1]/div[2]/div[1]/div[1]/div[1]/form[1]/div[1]/div[1]/textarea[1]")): null

04-10-2024T10:14:52 - [TEST_STEP][PASSED] - sendRequestTextBox.clear(): null

04-10-2024T10:14:52 - [TEST_STEP][PASSED] - delay(5): Delayed 5 second(s)

04-10-2024T10:14:57 - [MESSAGE][PASSED] - Delayed 5 second(s)

04-10-2024T10:14:57 - [TEST_STEP][PASSED] - getBookingData = CreateAndRetrieveBooking.Data(EXCEL_PATH, TAB, TestScenarioNumber): Delayed 5 second(s)

04-10-2024T10:15:14 - [MESSAGE][INFO] - HAR: /Users/manilacel/Library/CloudStorage/OneDrive-RoyalCaribbeanGroup/PMT/Git/RestructuredScript/TestingFolder/Reports/20241004_101357/PMT_Libraries/Validations/20241004_101400/requests/main/0.har

04-10-2024T10:15:14 - [MESSAGE][PASSED] - Send request successfully

04-10-2024T10:15:24 - [MESSAGE][PASSED] - Delayed 10 second(s)

04-10-2024T10:15:25 - [MESSAGE][INFO] - HAR: /Users/manilacel/Library/CloudStorage/OneDrive-RoyalCaribbeanGroup/PMT/Git/RestructuredScript/TestingFolder/Reports/20241004_101357/PMT_Libraries/Validations/20241004_101400/requests/main/1.har

04-10-2024T10:15:25 - [MESSAGE][PASSED] - Send request successfully

04-10-2024T10:15:30 - [MESSAGE][PASSED] - Delayed 5 second(s)

04-10-2024T10:15:31 - [TEST_STEP][PASSED] - println(getBookingData["BookingId"]): null

04-10-2024T10:15:31 - [TEST_STEP][PASSED] - println(getBookingData["BookingAccessToken"]): null

04-10-2024T10:15:31 - [TEST_STEP][PASSED] - BookingId = getBookingData["BookingId"]: null

04-10-2024T10:15:31 - [TEST_STEP][PASSED] - BookingIdToBePassedRaw = testdataFromExcel["BookingId"][TestScenarioNumber]: null

04-10-2024T10:15:31 - [TEST_STEP][PASSED] - BookingIdToBePassed = BookingIdToBePassedRaw.replace("BookingId", BookingId): null

04-10-2024T10:15:31 - [TEST_STEP][PASSED] - sendRequestTextBox.sendKeys(BookingIdToBePassed): null

04-10-2024T10:15:31 - [TEST_STEP][PASSED] - println(BookingIdToBePassed): null

04-10-2024T10:15:31 - [TEST_STEP][PASSED] - utils.clickSendButton(): null

04-10-2024T10:15:32 - [TEST_STEP][PASSED] - delay(5): Delayed 5 second(s)

04-10-2024T10:15:37 - [MESSAGE][PASSED] - Delayed 5 second(s)

04-10-2024T10:15:37 - [TEST_STEP][PASSED] - cancelBookingRequest = findTestObject("CancelBooking"): null

04-10-2024T10:15:37 - [TEST_STEP][PASSED] - cancelBookingResponse = sendRequest(cancelBookingRequest): Send request successfully

04-10-2024T10:15:38 - [MESSAGE][INFO] - HAR: /Users/manilacel/Library/CloudStorage/OneDrive-RoyalCaribbeanGroup/PMT/Git/RestructuredScript/TestingFolder/Reports/20241004_101357/PMT_Libraries/Validations/20241004_101400/requests/main/2.har

04-10-2024T10:15:38 - [MESSAGE][PASSED] - Send request successfully

04-10-2024T10:15:38 - [TEST_STEP][PASSED] - cancelBookingJsonResponse = JsonSlurper().parseText(cancelBookingResponse.getResponseText()): null

04-10-2024T10:15:38 - [TEST_STEP][PASSED] - println(cancelBookingJsonResponse): null

04-10-2024T10:15:38 - [TEST_STEP][PASSED] - response = responseTextBox.getText(): null

04-10-2024T10:15:38 - [TEST_STEP][PASSED] - validationString = testdataFromExcel["Validation"][TestScenarioNumber]: null

04-10-2024T10:15:38 - [TEST_STEP][PASSED] - assert response.contains(validationString): null

04-10-2024T10:15:38 - [TEST_STEP][PASSED] - println("Test Scenario Number: " + TestScenarioNumber + 1): null

04-10-2024T10:15:38 - [TEST_STEP][PASSED] - takeFullPageScreenshotAsCheckpoint("Sample Visual Screenshot"): Taking screenshot successfully

04-10-2024T10:15:45 - [MESSAGE][INFO] - 0 hidden object(s)

04-10-2024T10:15:46 - [MESSAGE][PASSED] - Taking screenshot successfully
[[ATTACHMENT|keyes/keyes-Sample Visual Screenshot.png]]

04-10-2024T10:15:46 - [TEST_STEP][PASSED] - TestScenarioRequiresCreateBooking = testdataFromExcel["ExecuteBookingCreationFlag"][TestScenarioNumber]: null

04-10-2024T10:15:46 - [TEST_STEP][PASSED] - if (TestScenarioRequiresCreateBooking == "Yes"): Taking screenshot successfully

04-10-2024T10:15:46 - [TEST_STEP][PASSED] - sendRequestTextBox = driver.findElement(By.xpath("//input[@id='1']")): null

04-10-2024T10:15:47 - [TEST_STEP][PASSED] - responseTextBox = driver.findElement(By.xpath("/html[1]/body[1]/div[1]/main[1]/div[1]/section[1]/div[2]/div[1]/div[1]/div[2]/div[1]/div[1]/div[1]/form[1]/div[1]/div[1]/textarea[1]")): null

04-10-2024T10:15:47 - [TEST_STEP][PASSED] - sendRequestTextBox.clear(): null

04-10-2024T10:15:47 - [TEST_STEP][PASSED] - delay(5): Delayed 5 second(s)

04-10-2024T10:15:52 - [MESSAGE][PASSED] - Delayed 5 second(s)

04-10-2024T10:15:52 - [TEST_STEP][PASSED] - getBookingData = CreateAndRetrieveBooking.Data(EXCEL_PATH, TAB, TestScenarioNumber): Delayed 5 second(s)

04-10-2024T10:15:58 - [MESSAGE][INFO] - HAR: /Users/manilacel/Library/CloudStorage/OneDrive-RoyalCaribbeanGroup/PMT/Git/RestructuredScript/TestingFolder/Reports/20241004_101357/PMT_Libraries/Validations/20241004_101400/requests/main/3.har

04-10-2024T10:15:58 - [MESSAGE][PASSED] - Send request successfully

04-10-2024T10:16:08 - [MESSAGE][PASSED] - Delayed 10 second(s)

04-10-2024T10:16:09 - [MESSAGE][INFO] - HAR: /Users/manilacel/Library/CloudStorage/OneDrive-RoyalCaribbeanGroup/PMT/Git/RestructuredScript/TestingFolder/Reports/20241004_101357/PMT_Libraries/Validations/20241004_101400/requests/main/4.har

04-10-2024T10:16:09 - [MESSAGE][PASSED] - Send request successfully

04-10-2024T10:16:14 - [MESSAGE][PASSED] - Delayed 5 second(s)

04-10-2024T10:16:14 - [TEST_STEP][PASSED] - println(getBookingData["BookingId"]): null

04-10-2024T10:16:14 - [TEST_STEP][PASSED] - println(getBookingData["BookingAccessToken"]): null

04-10-2024T10:16:14 - [TEST_STEP][PASSED] - BookingId = getBookingData["BookingId"]: null

04-10-2024T10:16:14 - [TEST_STEP][PASSED] - BookingIdToBePassedRaw = testdataFromExcel["BookingId"][TestScenarioNumber]: null

04-10-2024T10:16:14 - [TEST_STEP][PASSED] - BookingIdToBePassed = BookingIdToBePassedRaw.replace("BookingId", BookingId): null

04-10-2024T10:16:14 - [TEST_STEP][PASSED] - sendRequestTextBox.sendKeys(BookingIdToBePassed): null

04-10-2024T10:16:15 - [TEST_STEP][PASSED] - println(BookingIdToBePassed): null

04-10-2024T10:16:15 - [TEST_STEP][PASSED] - utils.clickSendButton(): null

04-10-2024T10:16:15 - [TEST_STEP][PASSED] - delay(5): Delayed 5 second(s)

04-10-2024T10:16:20 - [MESSAGE][PASSED] - Delayed 5 second(s)

04-10-2024T10:16:20 - [TEST_STEP][PASSED] - cancelBookingRequest = findTestObject("CancelBooking"): null

04-10-2024T10:16:20 - [TEST_STEP][PASSED] - cancelBookingResponse = sendRequest(cancelBookingRequest): Send request successfully

04-10-2024T10:16:21 - [MESSAGE][INFO] - HAR: /Users/manilacel/Library/CloudStorage/OneDrive-RoyalCaribbeanGroup/PMT/Git/RestructuredScript/TestingFolder/Reports/20241004_101357/PMT_Libraries/Validations/20241004_101400/requests/main/5.har

04-10-2024T10:16:21 - [MESSAGE][PASSED] - Send request successfully

04-10-2024T10:16:21 - [TEST_STEP][PASSED] - cancelBookingJsonResponse = JsonSlurper().parseText(cancelBookingResponse.getResponseText()): null

04-10-2024T10:16:21 - [TEST_STEP][PASSED] - println(cancelBookingJsonResponse): null

04-10-2024T10:16:21 - [TEST_STEP][PASSED] - response = responseTextBox.getText(): null

04-10-2024T10:16:21 - [TEST_STEP][PASSED] - validationString = testdataFromExcel["Validation"][TestScenarioNumber]: null

04-10-2024T10:16:21 - [TEST_STEP][PASSED] - assert response.contains(validationString): null

04-10-2024T10:16:21 - [TEST_STEP][PASSED] - println("Test Scenario Number: " + TestScenarioNumber + 1): null

04-10-2024T10:16:21 - [TEST_STEP][PASSED] - takeFullPageScreenshotAsCheckpoint("Sample Visual Screenshot"): Taking screenshot successfully

04-10-2024T10:16:26 - [MESSAGE][INFO] - 0 hidden object(s)

04-10-2024T10:16:27 - [MESSAGE][PASSED] - Taking screenshot successfully
[[ATTACHMENT|keyes/keyes-Sample Visual Screenshot.png]]

04-10-2024T10:16:27 - [TEST_STEP][PASSED] - TestScenarioRequiresCreateBooking = testdataFromExcel["ExecuteBookingCreationFlag"][TestScenarioNumber]: null

04-10-2024T10:16:27 - [TEST_STEP][PASSED] - if (TestScenarioRequiresCreateBooking == "Yes"): null

04-10-2024T10:16:27 - [TEST_STEP][PASSED] - else: Taking screenshot successfully

04-10-2024T10:16:27 - [TEST_STEP][PASSED] - sendRequestTextBox = driver.findElement(By.xpath("//input[@id='1']")): null

04-10-2024T10:16:28 - [TEST_STEP][PASSED] - responseTextBox = driver.findElement(By.xpath("/html[1]/body[1]/div[1]/main[1]/div[1]/section[1]/div[2]/div[1]/div[1]/div[2]/div[1]/div[1]/div[1]/form[1]/div[1]/div[1]/textarea[1]")): null

04-10-2024T10:16:28 - [TEST_STEP][PASSED] - sendRequestTextBox.clear(): null

04-10-2024T10:16:28 - [TEST_STEP][PASSED] - BookingIdToBePassed = testdataFromExcel["BookingId"][TestScenarioNumber]: null

04-10-2024T10:16:28 - [TEST_STEP][PASSED] - sendRequestTextBox.sendKeys(BookingIdToBePassed): null

04-10-2024T10:16:28 - [TEST_STEP][PASSED] - println(BookingIdToBePassed): null

04-10-2024T10:16:28 - [TEST_STEP][PASSED] - utils.clickSendButton(): null

04-10-2024T10:16:29 - [TEST_STEP][PASSED] - delay(2): Delayed 2 second(s)

04-10-2024T10:16:31 - [MESSAGE][PASSED] - Delayed 2 second(s)

04-10-2024T10:16:31 - [TEST_STEP][PASSED] - response = responseTextBox.getText(): null

04-10-2024T10:16:31 - [TEST_STEP][PASSED] - validationString = testdataFromExcel["Validation"][TestScenarioNumber]: null

04-10-2024T10:16:31 - [TEST_STEP][PASSED] - assert response.contains(validationString): null

04-10-2024T10:16:31 - [TEST_STEP][PASSED] - println("Test Scenario Number: " + TestScenarioNumber + 1): null

04-10-2024T10:16:31 - [TEST_STEP][PASSED] - takeFullPageScreenshotAsCheckpoint("Sample Visual Screenshot"): Taking screenshot successfully

04-10-2024T10:16:34 - [MESSAGE][INFO] - 0 hidden object(s)

04-10-2024T10:16:35 - [MESSAGE][PASSED] - Taking screenshot successfully
[[ATTACHMENT|keyes/keyes-Sample Visual Screenshot.png]]

04-10-2024T10:16:35 - [TEST_STEP][PASSED] - TestScenarioRequiresCreateBooking = testdataFromExcel["ExecuteBookingCreationFlag"][TestScenarioNumber]: null

04-10-2024T10:16:35 - [TEST_STEP][PASSED] - if (TestScenarioRequiresCreateBooking == "Yes"): null

04-10-2024T10:16:35 - [TEST_STEP][PASSED] - else: Taking screenshot successfully

04-10-2024T10:16:35 - [TEST_STEP][PASSED] - sendRequestTextBox = driver.findElement(By.xpath("//input[@id='1']")): null

04-10-2024T10:16:35 - [TEST_STEP][PASSED] - responseTextBox = driver.findElement(By.xpath("/html[1]/body[1]/div[1]/main[1]/div[1]/section[1]/div[2]/div[1]/div[1]/div[2]/div[1]/div[1]/div[1]/form[1]/div[1]/div[1]/textarea[1]")): null

04-10-2024T10:16:36 - [TEST_STEP][PASSED] - sendRequestTextBox.clear(): null

04-10-2024T10:16:36 - [TEST_STEP][PASSED] - BookingIdToBePassed = testdataFromExcel["BookingId"][TestScenarioNumber]: null

04-10-2024T10:16:36 - [TEST_STEP][PASSED] - sendRequestTextBox.sendKeys(BookingIdToBePassed): null

04-10-2024T10:16:36 - [TEST_STEP][PASSED] - println(BookingIdToBePassed): null

04-10-2024T10:16:36 - [TEST_STEP][PASSED] - utils.clickSendButton(): null

04-10-2024T10:16:36 - [TEST_STEP][PASSED] - delay(2): Delayed 2 second(s)

04-10-2024T10:16:38 - [MESSAGE][PASSED] - Delayed 2 second(s)

04-10-2024T10:16:38 - [TEST_STEP][PASSED] - response = responseTextBox.getText(): null

04-10-2024T10:16:38 - [TEST_STEP][PASSED] - validationString = testdataFromExcel["Validation"][TestScenarioNumber]: null

04-10-2024T10:16:38 - [TEST_STEP][PASSED] - assert response.contains(validationString): null

04-10-2024T10:16:38 - [TEST_STEP][PASSED] - println("Test Scenario Number: " + TestScenarioNumber + 1): null

04-10-2024T10:16:38 - [TEST_STEP][PASSED] - takeFullPageScreenshotAsCheckpoint("Sample Visual Screenshot"): Taking screenshot successfully

04-10-2024T10:16:42 - [MESSAGE][INFO] - 0 hidden object(s)

04-10-2024T10:16:43 - [MESSAGE][PASSED] - Taking screenshot successfully
[[ATTACHMENT|keyes/keyes-Sample Visual Screenshot.png]]

04-10-2024T10:16:43 - [TEST_STEP][PASSED] - TestScenarioRequiresCreateBooking = testdataFromExcel["ExecuteBookingCreationFlag"][TestScenarioNumber]: null

04-10-2024T10:16:43 - [TEST_STEP][PASSED] - if (TestScenarioRequiresCreateBooking == "Yes"): null

04-10-2024T10:16:43 - [TEST_STEP][PASSED] - else: Taking screenshot successfully

04-10-2024T10:16:43 - [TEST_STEP][PASSED] - sendRequestTextBox = driver.findElement(By.xpath("//input[@id='1']")): null

04-10-2024T10:16:43 - [TEST_STEP][PASSED] - responseTextBox = driver.findElement(By.xpath("/html[1]/body[1]/div[1]/main[1]/div[1]/section[1]/div[2]/div[1]/div[1]/div[2]/div[1]/div[1]/div[1]/form[1]/div[1]/div[1]/textarea[1]")): null

04-10-2024T10:16:44 - [TEST_STEP][PASSED] - sendRequestTextBox.clear(): null

04-10-2024T10:16:44 - [TEST_STEP][PASSED] - BookingIdToBePassed = testdataFromExcel["BookingId"][TestScenarioNumber]: null

04-10-2024T10:16:44 - [TEST_STEP][PASSED] - sendRequestTextBox.sendKeys(BookingIdToBePassed): null

04-10-2024T10:16:44 - [TEST_STEP][PASSED] - println(BookingIdToBePassed): null

04-10-2024T10:16:44 - [TEST_STEP][PASSED] - utils.clickSendButton(): null

04-10-2024T10:16:44 - [TEST_STEP][PASSED] - delay(2): Delayed 2 second(s)

04-10-2024T10:16:46 - [MESSAGE][PASSED] - Delayed 2 second(s)

04-10-2024T10:16:46 - [TEST_STEP][PASSED] - response = responseTextBox.getText(): null

04-10-2024T10:16:46 - [TEST_STEP][PASSED] - validationString = testdataFromExcel["Validation"][TestScenarioNumber]: null

04-10-2024T10:16:46 - [TEST_STEP][PASSED] - assert response.contains(validationString): null

04-10-2024T10:16:46 - [TEST_STEP][PASSED] - println("Test Scenario Number: " + TestScenarioNumber + 1): null

04-10-2024T10:16:46 - [TEST_STEP][PASSED] - takeFullPageScreenshotAsCheckpoint("Sample Visual Screenshot"): Taking screenshot successfully

04-10-2024T10:16:50 - [MESSAGE][INFO] - 0 hidden object(s)

04-10-2024T10:16:51 - [MESSAGE][PASSED] - Taking screenshot successfully
[[ATTACHMENT|keyes/keyes-Sample Visual Screenshot.png]]

04-10-2024T10:16:51 - [TEST_STEP][PASSED] - TestScenarioRequiresCreateBooking = testdataFromExcel["ExecuteBookingCreationFlag"][TestScenarioNumber]: null

04-10-2024T10:16:51 - [TEST_STEP][PASSED] - if (TestScenarioRequiresCreateBooking == "Yes"): null

04-10-2024T10:16:51 - [TEST_STEP][PASSED] - else: Taking screenshot successfully

04-10-2024T10:16:51 - [TEST_STEP][PASSED] - sendRequestTextBox = driver.findElement(By.xpath("//input[@id='1']")): null

04-10-2024T10:16:51 - [TEST_STEP][PASSED] - responseTextBox = driver.findElement(By.xpath("/html[1]/body[1]/div[1]/main[1]/div[1]/section[1]/div[2]/div[1]/div[1]/div[2]/div[1]/div[1]/div[1]/form[1]/div[1]/div[1]/textarea[1]")): null

04-10-2024T10:16:51 - [TEST_STEP][PASSED] - sendRequestTextBox.clear(): null

04-10-2024T10:16:51 - [TEST_STEP][PASSED] - BookingIdToBePassed = testdataFromExcel["BookingId"][TestScenarioNumber]: null

04-10-2024T10:16:51 - [TEST_STEP][PASSED] - sendRequestTextBox.sendKeys(BookingIdToBePassed): null

04-10-2024T10:16:51 - [TEST_STEP][PASSED] - println(BookingIdToBePassed): null

04-10-2024T10:16:51 - [TEST_STEP][PASSED] - utils.clickSendButton(): null

04-10-2024T10:16:52 - [TEST_STEP][PASSED] - delay(2): Delayed 2 second(s)

04-10-2024T10:16:54 - [MESSAGE][PASSED] - Delayed 2 second(s)

04-10-2024T10:16:54 - [TEST_STEP][PASSED] - response = responseTextBox.getText(): null

04-10-2024T10:16:54 - [TEST_STEP][PASSED] - validationString = testdataFromExcel["Validation"][TestScenarioNumber]: null

04-10-2024T10:16:54 - [TEST_STEP][PASSED] - assert response.contains(validationString): null

04-10-2024T10:16:54 - [TEST_STEP][PASSED] - println("Test Scenario Number: " + TestScenarioNumber + 1): null

04-10-2024T10:16:54 - [TEST_STEP][PASSED] - takeFullPageScreenshotAsCheckpoint("Sample Visual Screenshot"): Taking screenshot successfully

04-10-2024T10:16:57 - [MESSAGE][INFO] - 0 hidden object(s)

04-10-2024T10:16:59 - [MESSAGE][PASSED] - Taking screenshot successfully
[[ATTACHMENT|keyes/keyes-Sample Visual Screenshot.png]]

04-10-2024T10:16:59 - [TEST_STEP][PASSED] - TestScenarioRequiresCreateBooking = testdataFromExcel["ExecuteBookingCreationFlag"][TestScenarioNumber]: null

04-10-2024T10:16:59 - [TEST_STEP][PASSED] - if (TestScenarioRequiresCreateBooking == "Yes"): null

04-10-2024T10:16:59 - [TEST_STEP][PASSED] - else: Taking screenshot successfully

04-10-2024T10:16:59 - [TEST_STEP][PASSED] - sendRequestTextBox = driver.findElement(By.xpath("//input[@id='1']")): null

04-10-2024T10:16:59 - [TEST_STEP][PASSED] - responseTextBox = driver.findElement(By.xpath("/html[1]/body[1]/div[1]/main[1]/div[1]/section[1]/div[2]/div[1]/div[1]/div[2]/div[1]/div[1]/div[1]/form[1]/div[1]/div[1]/textarea[1]")): null

04-10-2024T10:16:59 - [TEST_STEP][PASSED] - sendRequestTextBox.clear(): null

04-10-2024T10:16:59 - [TEST_STEP][PASSED] - BookingIdToBePassed = testdataFromExcel["BookingId"][TestScenarioNumber]: null

04-10-2024T10:16:59 - [TEST_STEP][PASSED] - sendRequestTextBox.sendKeys(BookingIdToBePassed): null

04-10-2024T10:17:00 - [TEST_STEP][PASSED] - println(BookingIdToBePassed): null

04-10-2024T10:17:00 - [TEST_STEP][PASSED] - utils.clickSendButton(): null

04-10-2024T10:17:00 - [TEST_STEP][PASSED] - delay(2): Delayed 2 second(s)

04-10-2024T10:17:02 - [MESSAGE][PASSED] - Delayed 2 second(s)

04-10-2024T10:17:02 - [TEST_STEP][PASSED] - response = responseTextBox.getText(): null

04-10-2024T10:17:02 - [TEST_STEP][PASSED] - validationString = testdataFromExcel["Validation"][TestScenarioNumber]: null

04-10-2024T10:17:02 - [TEST_STEP][PASSED] - assert response.contains(validationString): null

04-10-2024T10:17:02 - [TEST_STEP][PASSED] - println("Test Scenario Number: " + TestScenarioNumber + 1): null

04-10-2024T10:17:02 - [TEST_STEP][PASSED] - takeFullPageScreenshotAsCheckpoint("Sample Visual Screenshot"): Taking screenshot successfully

04-10-2024T10:17:06 - [MESSAGE][INFO] - 0 hidden object(s)

04-10-2024T10:17:07 - [MESSAGE][PASSED] - Taking screenshot successfully
[[ATTACHMENT|keyes/keyes-Sample Visual Screenshot.png]]

04-10-2024T10:17:07 - [TEST_STEP][PASSED] - TestScenarioRequiresCreateBooking = testdataFromExcel["ExecuteBookingCreationFlag"][TestScenarioNumber]: null

04-10-2024T10:17:07 - [TEST_STEP][PASSED] - if (TestScenarioRequiresCreateBooking == "Yes"): null

04-10-2024T10:17:07 - [TEST_STEP][PASSED] - else: Taking screenshot successfully

04-10-2024T10:17:07 - [TEST_STEP][PASSED] - sendRequestTextBox = driver.findElement(By.xpath("//input[@id='1']")): null

04-10-2024T10:17:07 - [TEST_STEP][PASSED] - responseTextBox = driver.findElement(By.xpath("/html[1]/body[1]/div[1]/main[1]/div[1]/section[1]/div[2]/div[1]/div[1]/div[2]/div[1]/div[1]/div[1]/form[1]/div[1]/div[1]/textarea[1]")): null

04-10-2024T10:17:07 - [TEST_STEP][PASSED] - sendRequestTextBox.clear(): null

04-10-2024T10:17:08 - [TEST_STEP][PASSED] - BookingIdToBePassed = testdataFromExcel["BookingId"][TestScenarioNumber]: null

04-10-2024T10:17:08 - [TEST_STEP][PASSED] - sendRequestTextBox.sendKeys(BookingIdToBePassed): null

04-10-2024T10:17:08 - [TEST_STEP][PASSED] - println(BookingIdToBePassed): null

04-10-2024T10:17:08 - [TEST_STEP][PASSED] - utils.clickSendButton(): null

04-10-2024T10:17:08 - [TEST_STEP][PASSED] - delay(2): Delayed 2 second(s)

04-10-2024T10:17:10 - [MESSAGE][PASSED] - Delayed 2 second(s)

04-10-2024T10:17:10 - [TEST_STEP][PASSED] - response = responseTextBox.getText(): null

04-10-2024T10:17:10 - [TEST_STEP][PASSED] - validationString = testdataFromExcel["Validation"][TestScenarioNumber]: null

04-10-2024T10:17:10 - [TEST_STEP][PASSED] - assert response.contains(validationString): null

04-10-2024T10:17:10 - [TEST_STEP][PASSED] - println("Test Scenario Number: " + TestScenarioNumber + 1): null

04-10-2024T10:17:10 - [TEST_STEP][PASSED] - takeFullPageScreenshotAsCheckpoint("Sample Visual Screenshot"): Taking screenshot successfully

04-10-2024T10:17:14 - [MESSAGE][INFO] - 0 hidden object(s)

04-10-2024T10:17:15 - [MESSAGE][PASSED] - Taking screenshot successfully
[[ATTACHMENT|keyes/keyes-Sample Visual Screenshot.png]]

04-10-2024T10:17:15 - [TEST_STEP][PASSED] - TestScenarioRequiresCreateBooking = testdataFromExcel["ExecuteBookingCreationFlag"][TestScenarioNumber]: null

04-10-2024T10:17:15 - [TEST_STEP][PASSED] - if (TestScenarioRequiresCreateBooking == "Yes"): null

04-10-2024T10:17:15 - [TEST_STEP][PASSED] - else: Taking screenshot successfully

04-10-2024T10:17:15 - [TEST_STEP][PASSED] - sendRequestTextBox = driver.findElement(By.xpath("//input[@id='1']")): null

04-10-2024T10:17:15 - [TEST_STEP][PASSED] - responseTextBox = driver.findElement(By.xpath("/html[1]/body[1]/div[1]/main[1]/div[1]/section[1]/div[2]/div[1]/div[1]/div[2]/div[1]/div[1]/div[1]/form[1]/div[1]/div[1]/textarea[1]")): null

04-10-2024T10:17:15 - [TEST_STEP][PASSED] - sendRequestTextBox.clear(): null

04-10-2024T10:17:15 - [TEST_STEP][PASSED] - BookingIdToBePassed = testdataFromExcel["BookingId"][TestScenarioNumber]: null

04-10-2024T10:17:15 - [TEST_STEP][PASSED] - sendRequestTextBox.sendKeys(BookingIdToBePassed): null

04-10-2024T10:17:16 - [TEST_STEP][PASSED] - println(BookingIdToBePassed): null

04-10-2024T10:17:16 - [TEST_STEP][PASSED] - utils.clickSendButton(): null

04-10-2024T10:17:16 - [TEST_STEP][PASSED] - delay(2): Delayed 2 second(s)

04-10-2024T10:17:18 - [MESSAGE][PASSED] - Delayed 2 second(s)

04-10-2024T10:17:18 - [TEST_STEP][PASSED] - response = responseTextBox.getText(): null

04-10-2024T10:17:18 - [TEST_STEP][PASSED] - validationString = testdataFromExcel["Validation"][TestScenarioNumber]: null

04-10-2024T10:17:18 - [TEST_STEP][PASSED] - assert response.contains(validationString): null

04-10-2024T10:17:18 - [TEST_STEP][PASSED] - println("Test Scenario Number: " + TestScenarioNumber + 1): null

04-10-2024T10:17:18 - [TEST_STEP][PASSED] - takeFullPageScreenshotAsCheckpoint("Sample Visual Screenshot"): Taking screenshot successfully

04-10-2024T10:17:21 - [MESSAGE][INFO] - 0 hidden object(s)

04-10-2024T10:17:22 - [MESSAGE][PASSED] - Taking screenshot successfully
[[ATTACHMENT|keyes/keyes-Sample Visual Screenshot.png]]

04-10-2024T10:17:22 - [TEST_STEP][PASSED] - Finally: Browser is closed

04-10-2024T10:17:22 - [TEST_STEP][PASSED] - utils.closeBrowser(): Browser is closed

04-10-2024T10:17:24 - [MESSAGE][PASSED] - Delayed 2 second(s)

04-10-2024T10:17:24 - [MESSAGE][PASSED] - Browser is closed

04-10-2024T10:17:27 - [TEST_STEP][PASSED] - Video: Video recording for test case 'Test Cases/Web_Utilities_TestCases/Validations/TC1_PrevalidationsAndConf' .

04-10-2024T10:17:27 - [MESSAGE][INFO] - Video recording for test case 'Test Cases/Web_Utilities_TestCases/Validations/TC1_PrevalidationsAndConf' .]]></system-out>
         <system-err><![CDATA[]]></system-err>
      </testcase>
      <testcase name="Test Cases/Web_Utilities_TestCases/Validations/TC2_PrevalidationsByCtryOrCurr" time="41.478" classname="Test Cases/Web_Utilities_TestCases/Validations/TC2_PrevalidationsByCtryOrCurr" status="PASSED">
         <system-out><![CDATA[04-10-2024T10:17:27 - [TEST_CASE][PASSED] - Test Cases/Web_Utilities_TestCases/Validations/TC2_PrevalidationsByCtryOrCurr: Test Cases/Web_Utilities_TestCases/Validations/TC2_PrevalidationsByCtryOrCurr

04-10-2024T10:17:27 - [TEST_STEP][PASSED] - try: null

04-10-2024T10:17:27 - [TEST_STEP][PASSED] - utils.openBrowserAndNavigateToPMT(): Navigate to 'https://dev1.payment.rccl.com/payment/utilities' successfully

04-10-2024T10:17:27 - [MESSAGE][INFO] - Starting 'Chrome' driver

04-10-2024T10:17:27 - [MESSAGE][INFO] - Action delay is set to 0 milliseconds

04-10-2024T10:17:31 - [MESSAGE][PASSED] - Browser is opened with url: ''

04-10-2024T10:17:31 - [MESSAGE][PASSED] - Current window maximized

04-10-2024T10:17:35 - [MESSAGE][PASSED] - Navigate to 'https://dev1.payment.rccl.com/payment/utilities' successfully

04-10-2024T10:17:36 - [TEST_STEP][PASSED] - driver = getWebDriver(): null

04-10-2024T10:17:36 - [TEST_STEP][PASSED] - EXCEL_PATH = "./Data Files/TestData.xlsx": null

04-10-2024T10:17:36 - [TEST_STEP][PASSED] - TAB = "Validations_ByCtryOrCurr": null

04-10-2024T10:17:36 - [TEST_STEP][PASSED] - testdataFromExcel = getdata.fromExcel(EXCEL_PATH, TAB): null

04-10-2024T10:17:36 - [TEST_STEP][PASSED] - utils.goToValidations(): null

04-10-2024T10:17:39 - [TEST_STEP][PASSED] - utils.selectEnvironment(ENV): null

04-10-2024T10:17:40 - [TEST_STEP][PASSED] - clickAuthorizePayment = xpath("//a[normalize-space()='Prevalidations by Ctry/Curr']")).click(): null

04-10-2024T10:17:40 - [TEST_STEP][PASSED] - countryInput = driver.findElement(By.xpath("//input[@id='country']")): null

04-10-2024T10:17:41 - [TEST_STEP][PASSED] - currencyInput = driver.findElement(By.xpath("//input[@id='currency']")): null

04-10-2024T10:17:41 - [TEST_STEP][PASSED] - responseTextBox = driver.findElement(By.xpath("/html[1]/body[1]/div[1]/main[1]/div[1]/section[1]/div[2]/div[1]/div[1]/div[2]/div[1]/div[1]/div[1]/form[1]/div[1]/div[1]/textarea[1]")): null

04-10-2024T10:17:42 - [TEST_STEP][PASSED] - for ([TestScenarioNumber = 0, TestScenarioNumber < testdataFromExcel.size() - 1, (TestScenarioNumber++)]): null

04-10-2024T10:17:42 - [TEST_STEP][PASSED] - delay(5): Delayed 5 second(s)

04-10-2024T10:17:47 - [MESSAGE][PASSED] - Delayed 5 second(s)

04-10-2024T10:17:47 - [TEST_STEP][PASSED] - countryInput.clear(): null

04-10-2024T10:17:47 - [TEST_STEP][PASSED] - currencyInput.clear(): null

04-10-2024T10:17:47 - [TEST_STEP][PASSED] - countryData = testdataFromExcel["Country"][TestScenarioNumber]: null

04-10-2024T10:17:47 - [TEST_STEP][PASSED] - currencyData = testdataFromExcel["Currency"][TestScenarioNumber]: null

04-10-2024T10:17:47 - [TEST_STEP][PASSED] - println(countryData): null

04-10-2024T10:17:47 - [TEST_STEP][PASSED] - println(currencyData): null

04-10-2024T10:17:47 - [TEST_STEP][PASSED] - countryInput.sendKeys(countryData): null

04-10-2024T10:17:47 - [TEST_STEP][PASSED] - currencyInput.sendKeys(currencyData): null

04-10-2024T10:17:47 - [TEST_STEP][PASSED] - utils.clickSendButton(): null

04-10-2024T10:17:48 - [TEST_STEP][PASSED] - delay(5): Delayed 5 second(s)

04-10-2024T10:17:53 - [MESSAGE][PASSED] - Delayed 5 second(s)

04-10-2024T10:17:53 - [TEST_STEP][PASSED] - response = responseTextBox.getText(): null

04-10-2024T10:17:53 - [TEST_STEP][PASSED] - println(response): null

04-10-2024T10:17:53 - [TEST_STEP][PASSED] - validationString = testdataFromExcel["Validation"][TestScenarioNumber]: null

04-10-2024T10:17:53 - [TEST_STEP][PASSED] - assert response.contains(validationString): null

04-10-2024T10:17:53 - [TEST_STEP][PASSED] - println("Test Scenario Number: " + TestScenarioNumber + 1): null

04-10-2024T10:17:53 - [TEST_STEP][PASSED] - delay(5): Delayed 5 second(s)

04-10-2024T10:17:58 - [MESSAGE][PASSED] - Delayed 5 second(s)

04-10-2024T10:17:58 - [TEST_STEP][PASSED] - countryInput.clear(): null

04-10-2024T10:17:58 - [TEST_STEP][PASSED] - currencyInput.clear(): null

04-10-2024T10:17:58 - [TEST_STEP][PASSED] - countryData = testdataFromExcel["Country"][TestScenarioNumber]: null

04-10-2024T10:17:58 - [TEST_STEP][PASSED] - currencyData = testdataFromExcel["Currency"][TestScenarioNumber]: null

04-10-2024T10:17:58 - [TEST_STEP][PASSED] - println(countryData): null

04-10-2024T10:17:58 - [TEST_STEP][PASSED] - println(currencyData): null

04-10-2024T10:17:58 - [TEST_STEP][PASSED] - countryInput.sendKeys(countryData): null

04-10-2024T10:17:58 - [TEST_STEP][PASSED] - currencyInput.sendKeys(currencyData): null

04-10-2024T10:17:58 - [TEST_STEP][PASSED] - utils.clickSendButton(): null

04-10-2024T10:17:59 - [TEST_STEP][PASSED] - delay(5): Delayed 5 second(s)

04-10-2024T10:18:04 - [MESSAGE][PASSED] - Delayed 5 second(s)

04-10-2024T10:18:04 - [TEST_STEP][PASSED] - response = responseTextBox.getText(): null

04-10-2024T10:18:04 - [TEST_STEP][PASSED] - println(response): null

04-10-2024T10:18:04 - [TEST_STEP][PASSED] - validationString = testdataFromExcel["Validation"][TestScenarioNumber]: null

04-10-2024T10:18:04 - [TEST_STEP][PASSED] - assert response.contains(validationString): null

04-10-2024T10:18:04 - [TEST_STEP][PASSED] - println("Test Scenario Number: " + TestScenarioNumber + 1): null

04-10-2024T10:18:04 - [TEST_STEP][PASSED] - Finally: Browser is closed

04-10-2024T10:18:04 - [TEST_STEP][PASSED] - utils.closeBrowser(): Browser is closed

04-10-2024T10:18:06 - [MESSAGE][PASSED] - Delayed 2 second(s)

04-10-2024T10:18:06 - [MESSAGE][PASSED] - Browser is closed

04-10-2024T10:18:08 - [TEST_STEP][PASSED] - Video: Video recording for test case 'Test Cases/Web_Utilities_TestCases/Validations/TC2_PrevalidationsByCtryOrCurr' .

04-10-2024T10:18:08 - [MESSAGE][INFO] - Video recording for test case 'Test Cases/Web_Utilities_TestCases/Validations/TC2_PrevalidationsByCtryOrCurr' .]]></system-out>
         <system-err><![CDATA[]]></system-err>
      </testcase>
      <system-out><![CDATA[04-10-2024T10:14:17 - [TEST_SUITE][PASSED] - Validations: Test Cases/Web_Utilities_TestCases/Validations/TC2_PrevalidationsByCtryOrCurr]]></system-out>
      <system-err><![CDATA[]]></system-err>
   </testsuite>
</testsuites>
